==== LHAPDF6 USING DEFAULT-TYPE LHAGLUE INTERFACE ====
LHAPDF 6.2.1 loading /cvmfs/cms.cern.ch/slc6_amd64_gcc481/external/lhapdf/6.2.1/share/LHAPDF/NNPDF30_lo_as_0130_nf_4/NNPDF30_lo_as_0130_nf_4_0000.dat
NNPDF30_lo_as_0130_nf_4 PDF set, member #0, version 2; LHAPDF ID = 263400
 Process in group number            1
 A PDF is used, so alpha_s(MZ) is going to be modified
 Old value of alpha_s from param_card:   0.11799999999999999     
 New value of alpha_s from PDF lhapdf :  0.12470044313224841     
 using LHAPDF
 Warning: pt or E min of a jet should in general be >0
 Warning: pt or E min of a jet should in general be >0
 Warning: pt or E min of a jet should in general be >0
 Warning: pt or E min of a jet should in general be >0
 Warning: pt or E min of a jet should in general be >0
 Warning: pt or E min of a jet should in general be >0
 Warning: pt or E min of a jet should in general be >0
 *****************************************************
 *               MadGraph/MadEvent                   *
 *        --------------------------------           *
 *          http://madgraph.hep.uiuc.edu             *
 *          http://madgraph.phys.ucl.ac.be           *
 *          http://madgraph.roma2.infn.it            *
 *        --------------------------------           *
 *                                                   *
 *          PARAMETER AND COUPLING VALUES            *
 *                                                   *
 *****************************************************

  External Params
  ---------------------------------
  
 mdl_LR =    1000.0000000000000     
 mdl_xi =    1.0000000000000000E-008
 mdl_ReFmeio =   -1.8123300000000000     
 mdl_FmeioH =   -1.5442800000000001     
 mdl_ImFmeio =    1.4062200000000000     
 mdl_K =    35.000000000000000     
 aEWM1 =    127.90000000000001     
 mdl_Gf =    1.1663780000000000E-005
 aS =   0.11799999999999999     
 mdl_lamWS =   0.22530000000000000     
 mdl_AWS =   0.80800000000000005     
 mdl_rhoWS =   0.13200000000000001     
 mdl_etaWS =   0.34100000000000003     
 mdl_ymc =    0.0000000000000000     
 mdl_ymb =    4.7999999999999998     
 mdl_ymt =    172.50000000000000     
 mdl_yme =    5.1099999999999995E-004
 mdl_ymm =   0.10566000000000000     
 mdl_ymtau =    1.7769999999999999     
 mdl_MC =    0.0000000000000000     
 mdl_MT =    172.50000000000000     
 mdl_MB =    4.7999999999999998     
 mdl_MZ =    91.187600000000003     
 mdl_MH =    125.00000000000000     
 mdl_MH02 =    3500.0000000000000     
 mdl_Me =    5.1099999999999995E-004
 mdl_MM =   0.10566000000000000     
 mdl_MTA =    1.7769999999999999     
 mdl_MP =    120.00000000000000     
 mdl_WT =    1.4915000000000000     
 mdl_WZ =    2.4952000000000001     
 mdl_WW =    2.0850000000000000     
 mdl_WH =    6.3823389999999999E-003
 mdl_WH02 =    1.0000000000000000E-003
 mdl_WTau =    2.2699999999999998E-012
 mdl_WH1 =    6.3823389999999999E-003
  Internal Params
  ---------------------------------
  
 mdl_lamWS__exp__2 =    5.0760090000000001E-002
 mdl_CKM11 =  ( 0.97461995499999998     ,  0.0000000000000000     )
 mdl_CKM12 =  ( 0.22530000000000000     ,  0.0000000000000000     )
 mdl_complexi =  (  0.0000000000000000     ,  1.0000000000000000     )
 mdl_lamWS__exp__3 =    1.1436248277000001E-002
 mdl_CKM13 =  (  1.2197444962317122E-003, -3.1510066152652563E-003)
 mdl_CKM21 =  (-0.22530000000000000     ,  0.0000000000000000     )
 mdl_CKM22 =  ( 0.97461995499999998     ,  0.0000000000000000     )
 mdl_CKM23 =  (  4.1014152720000002E-002,  0.0000000000000000     )
 mdl_CKM31 =  (  8.0207441115842885E-003, -3.1510066152652563E-003)
 mdl_CKM32 =  ( -4.1014152720000002E-002,  0.0000000000000000     )
 mdl_CKM33 =  (  1.0000000000000000     ,  0.0000000000000000     )
 mdl_MZ__exp__2 =    8315.1783937600012     
 mdl_MZ__exp__4 =    69142191.720053151     
 mdl_sqrt__2 =    1.4142135623730951     
 mdl_MH__exp__6 =    3814697265625.0000     
 mdl_MT__exp__6 =    26347207783447.266     
 mdl_MH__exp__4 =    244140625.00000000     
 mdl_MT__exp__4 =    885434414.06250000     
 mdl_MH__exp__2 =    15625.000000000000     
 mdl_MT__exp__2 =    29756.250000000000     
 mdl_MH02__exp__2 =    12250000.000000000     
 mdl_FmeioMH =  (  1.0470805239420240     ,  0.0000000000000000     )
 mdl_MH02__exp__6 =    1.8382656250000001E+021
 mdl_MH02__exp__4 =    150062500000000.00     
 mdl_FmeioMR =  ( -94881.833128121187     ,  0.0000000000000000     )
 mdl_MH__exp__12 =    1.4551915228366852E+025
 mdl_MH__exp__10 =    9.3132257461547853E+020
 mdl_MH__exp__8 =    59604644775390624.     
 mdl_MH02__exp__12 =    3.3792205080566410E+042
 mdl_MH02__exp__10 =    2.7585473535156252E+035
 mdl_MH02__exp__8 =    2.2518753906250002E+028
 mdl_conjg__CKM11 =  ( 0.97461995499999998     , -0.0000000000000000     )
 mdl_conjg__CKM12 =  ( 0.22530000000000000     , -0.0000000000000000     )
 mdl_conjg__CKM13 =  (  1.2197444962317122E-003,  3.1510066152652563E-003)
 mdl_conjg__CKM21 =  (-0.22530000000000000     , -0.0000000000000000     )
 mdl_conjg__CKM22 =  ( 0.97461995499999998     , -0.0000000000000000     )
 mdl_conjg__CKM23 =  (  4.1014152720000002E-002, -0.0000000000000000     )
 mdl_conjg__CKM31 =  (  8.0207441115842885E-003,  3.1510066152652563E-003)
 mdl_conjg__CKM32 =  ( -4.1014152720000002E-002, -0.0000000000000000     )
 mdl_conjg__CKM33 =  (  1.0000000000000000     , -0.0000000000000000     )
 mdl_aEW =    7.8186082877247844E-003
 mdl_MW =    79.824479864292599     
 mdl_sqrt__aEW =    8.8422894590285753E-002
 mdl_ee =   0.31345100004952897     
 mdl_MW__exp__2 =    6371.9475856048548     
 mdl_sw2 =   0.23369682719175511     
 mdl_cw =   0.87538744154131254     
 mdl_sqrt__sw2 =   0.48342199700857130     
 mdl_sw =   0.48342199700857130     
 mdl_g1 =   0.35807116389244675     
 mdl_gw =   0.64840036653104827     
 mdl_v =    246.21972467830258     
 mdl_v__exp__2 =    60624.152820659125     
 mdl_lam =   0.12886778019168796     
 mdl_yb =    2.7569785922959604E-002
 mdl_yc =    0.0000000000000000     
 mdl_ye =    2.9350334597150747E-006
 mdl_ym =    6.0687991262914842E-004
 mdl_yt =   0.99078918160636087     
 mdl_ytau =    1.0206564496895670E-002
 mdl_muH =    88.388347648318444     
 mdl_Z =    1.0000000018187245     
 mdl_theta =    7.6628352490421455E-011
 mdl_cos__theta =    1.0000000000000000     
 mdl_a =  -0.99999999818127550     
 mdl_sin__theta =    7.6628352490421455E-011
 mdl_b =    7.6628352351055597E-011
 mdl_c =    1.4849811806320228E-008
 mdl_d =    1.0000000000000000     
 mdl_ee__exp__2 =    9.8251529432049817E-002
 mdl_MW__exp__12 =    6.6931902282585363E+022
 mdl_MW__exp__10 =    1.0504151420484712E+019
 mdl_MW__exp__8 =    1648499344880849.5     
 mdl_MW__exp__6 =    258712006452.32019     
 mdl_MW__exp__4 =    40601716.033695541     
 mdl_AH =    3.2896331152571413E-005
 mdl_AR =    2659599862.1444044     
 mdl_gw__exp__2 =   0.42042303531759773     
 mdl_cw__exp__2 =   0.76630317280824489     
 mdl_sw__exp__2 =   0.23369682719175511     
  Internal Params evaluated point by point
  ----------------------------------------
  
 mdl_sqrt__aS =   0.34351128074635334     
 mdl_G__exp__2 =    1.4828317324943823     
 mdl_Gphi =   -6.3554969584608289E-006
 mdl_GR =  (  1.4133715995743603E-004, -1.3204604160005052E-005)
 mdl_GH =  (  5.8894582703556158E-005,  0.0000000000000000     )
  Couplings of heft_radion
  ---------------------------------
  
        GC_55 =  -0.13205E-04  -0.14134E-03
        GC_18 =   0.00000E+00   0.44685E+00
        GC_19 =   0.00000E+00   0.10330E+00
        GC_20 =   0.14447E-02   0.55924E-03
        GC_21 =  -0.00000E+00  -0.10330E+00
        GC_22 =   0.00000E+00   0.44685E+00
        GC_23 =   0.00000E+00   0.18805E-01
        GC_37 =   0.00000E+00   0.51758E+02
        GC_45 =   0.00000E+00   0.44685E+00
        GC_46 =   0.00000E+00   0.10330E+00
        GC_47 =  -0.14447E-02   0.55924E-03
        GC_48 =   0.00000E+00  -0.10330E+00
        GC_49 =   0.00000E+00   0.44685E+00
        GC_50 =   0.00000E+00   0.18805E-01
        GC_58 =   0.31250E+02   0.00000E+00
        GC_59 =   0.10000E-02   0.00000E+00

 Collider parameters:
 --------------------

 Running at P P   machine @    13000.000000000000       GeV
 PDF set = lhapdf 
 alpha_s(Mz)= 0.1247 running at 1 loops.
 alpha_s(Mz)= 0.1247 running at 1 loops.
 Renormalization scale set on event-by-event basis
 Factorization   scale set on event-by-event basis


 getting user params
Enter number of events and max and min iterations: 
 Number of events and iterations         2000           8           3
Enter desired fractional accuracy: 
 Desired fractional accuracy:    1.0000000000000000E-002
Enter 0 for fixed, 2 for adjustable grid: 
Suppress amplitude (0 no, 1 yes)? 
 Using suppressed amplitude.
Exact helicity sum (0 yes, n = number/event)? 
 Explicitly summing over helicities
Enter Configuration Number: 
Running Configuration Number:    1
 Using dconfig=         449
 BW Setting            2           2           1           1           2           1           0           0
 Attempting mappinvarients           1          10
 Completed mapping          10
 about to integrate           22        2000           8           3          22           1
 Using non-zero grid deformation.
 22 dimensions   2000 events 22 invarients  8 iterations  1 config(s),  (0.99)
 Using h-tuple random number sequence.
 fail to read data
 Error opening grid
 Using Uniform Grid!          40
 Using uniform alpha   1.0000000000000000     
 Grid defined OK
 Set CM energy to      13000.00
 Mapping Graph           1  to config           1
Setting grid   1    0.59172E-08   1
Setting grid   2    0.59172E-08   1
 Setting BW          -3           3   125.00000000000000     
 Setting BW          -4           4   79.824479864292599     
Setting grid   5    0.59172E-08   1
 Setting BW          -6           6   125.00000000000000     
 Setting PDF BW          21           7   3500.0000000000000     
 Transforming s_hat BW    7.2485207100591725E-002   2.0710059171597636E-008
 Masses: 0.000E+00 0.000E+00 0.000E+00 0.000E+00 0.480E+01 0.000E+00 0.000E+00 0.000E+00 0.000E+00 0.000E+00
   1   1   2   3   4   5   6   7   8   9  10  11  12  13  14
  15  16  17  18  19  20  21  22
Using random seed offsets     1 :     59
  with seed                   24
 Ranmar initialization seeds       31059        9456
 
 ********************************************
 * You are using the DiscreteSampler module *
 *      part of the MG5_aMC framework       *
 *         Author: Valentin Hirschi         *
 ********************************************
 
  Particle       3       4       5       6       7       8       9      10
      Et >     0.0     0.0     0.0     0.0     0.0     0.0     0.0     0.0
       E >     0.0     0.0     0.0     0.0     0.0     0.0     0.0     0.0
     Eta <    -1.0    -1.0    -1.0    -1.0    -1.0    -1.0    -1.0    -1.0
   xqcut:      0.0     0.0     0.0     0.0     0.0     0.0     0.0     0.0
d R # 3  >    -0.0     0.0     0.0     0.0     0.0     0.0     0.0     0.0
d R # 4  >    -0.0    -0.0     0.0     0.0     0.0     0.0     0.0     0.0
d R # 5  >    -0.0    -0.0    -0.0     0.0     0.0     0.0     0.0     0.0
d R # 6  >    -0.0    -0.0    -0.0    -0.0     0.0     0.0     0.0     0.0
d R # 7  >    -0.0    -0.0    -0.0    -0.0    -0.0     0.0     0.0     0.0
d R # 8  >    -0.0    -0.0    -0.0    -0.0    -0.0    -0.0     0.0     0.0
d R # 9  >    -0.0    -0.0    -0.0    -0.0    -0.0    -0.0    -0.0     0.0
s min # 3>     0.0     0.0     0.0     0.0     0.0     0.0     0.0     0.0
s min # 4>     0.0     0.0     0.0     0.0     0.0     0.0     0.0     0.0
s min # 5>     0.0     0.0     0.0     0.0     0.0     0.0     0.0     0.0
s min # 6>     0.0     0.0     0.0     0.0     0.0     0.0     0.0     0.0
s min # 7>     0.0     0.0     0.0     0.0     0.0     0.0     0.0     0.0
s min # 8>     0.0     0.0     0.0     0.0     0.0     0.0     0.0     0.0
s min # 9>     0.0     0.0     0.0     0.0     0.0     0.0     0.0     0.0
xqcutij # 3>     0.0     0.0     0.0     0.0     0.0     0.0     0.0     0.0
xqcutij # 4>     0.0     0.0     0.0     0.0     0.0     0.0     0.0     0.0
xqcutij # 5>     0.0     0.0     0.0     0.0     0.0     0.0     0.0     0.0
xqcutij # 6>     0.0     0.0     0.0     0.0     0.0     0.0     0.0     0.0
xqcutij # 7>     0.0     0.0     0.0     0.0     0.0     0.0     0.0     0.0
xqcutij # 8>     0.0     0.0     0.0     0.0     0.0     0.0     0.0     0.0
xqcutij # 9>     0.0     0.0     0.0     0.0     0.0     0.0     0.0     0.0
 Excluding BW           -1           1
 Excluding BW           -2           2
 Requiring BW           -3           3
 Requiring BW           -4           4
 Excluding BW           -5           5
 Requiring BW           -6           6
 No cut BW           -7           7
 alpha_s for scale    3499.9996967000197       is    7.7778524068426128E-002
 Added good helicity            1   445.81360355629715       in event            1 local:           1
 Added good helicity           33   66.186396443702819       in event            1 local:           1
 Added good helicity          769   445.81360355629715       in event            1 local:           1
 Added good helicity          801   66.186396443702819       in event            1 local:           1
 RESET CUMULATIVE VARIABLE
 RESET CUMULATIVE VARIABLE
 Iteration  1   Mean: 0.1320E-05 Abs mean: 0.1320E-05   Fluctuation:  0.687E-06   0.126E-02    13.9%
  1    0.1320E-05 0.1320E-05 +- 0.6871E-06     23.29
 Writing out events   5.9227148983888495E-010   23.287543212201733     
 Relative summed weights:
  0.1014E-01  0.0000E+00  0.4921E+00  0.0000E+00  0.5855E-04  0.0000E+00  0.4742E-02  0.0000E+00  0.1387E-05  0.0000E+00  0.4929E+00  0.0000E+00  0.0000E+00  0.0000E+00  0.4152E-06  0.0000E+00
 Relative number of events:
  0.4231E-01  0.0000E+00  0.8552E+00  0.0000E+00  0.1991E-02  0.0000E+00  0.4778E-01  0.0000E+00  0.2489E-02  0.0000E+00  0.4828E-01  0.0000E+00  0.0000E+00  0.0000E+00  0.1991E-02  0.0000E+00
 Events:
          85           0        1718           0           4           0          96           0           5           0          97           0           0           0           4           0
 Iteration  2   Mean: 0.8234E-06 Abs mean: 0.8234E-06   Fluctuation:  0.142E-06   0.358E-03    60.5%
  2    0.8234E-06 0.8234E-06 +- 0.1425E-06     10.94
 Relative summed weights:
  0.2165E-01  0.0000E+00  0.8155E+00  0.0000E+00  0.3194E-04  0.0000E+00  0.3089E-01  0.0000E+00  0.6775E-03  0.0000E+00  0.1312E+00  0.0000E+00  0.1742E-07  0.0000E+00  0.7790E-04  0.0000E+00
 Relative number of events:
  0.4575E-01  0.0000E+00  0.8580E+00  0.0000E+00  0.2000E-02  0.0000E+00  0.4450E-01  0.0000E+00  0.2750E-02  0.0000E+00  0.4325E-01  0.0000E+00  0.2500E-03  0.0000E+00  0.3500E-02  0.0000E+00
 Events:
         183           0        3432           0           8           0         178           0          11           0         173           0           1           0          14           0
 Iteration  3   Mean: 0.1273E-05 Abs mean: 0.1273E-05   Fluctuation:  0.165E-06   0.977E-03    74.6%
  3    0.1273E-05 0.1273E-05 +- 0.1647E-06     11.57
 Relative summed weights:
  0.2814E-01  0.0000E+00  0.8935E+00  0.0000E+00  0.1476E-02  0.0000E+00  0.4658E-01  0.0000E+00  0.1793E-03  0.0000E+00  0.2769E-01  0.0000E+00  0.0000E+00  0.0000E+00  0.2465E-02  0.0000E+00
 Relative number of events:
  0.5000E-01  0.0000E+00  0.8534E+00  0.0000E+00  0.2000E-02  0.0000E+00  0.4675E-01  0.0000E+00  0.2000E-02  0.0000E+00  0.4312E-01  0.0000E+00  0.0000E+00  0.0000E+00  0.2750E-02  0.0000E+00
 Events:
         400           0        6827           0          16           0         374           0          16           0         345           0           0           0          22           0
 Accuracy:    0.136   0.010   0.102   1.791
 Found          564  events.
 Wrote            5  events.
 Actual xsec    1.1199805798856435E-006
 Correct abs xsec    1.1199805798856435E-006
 Event xsec    1.1199805798856435E-006
 Events wgts > 1:            1
 % Cross section > 1:    1.1046075138222157E-015   9.8627381015392487E-008
 Iteration  4   Mean: 0.1469E-05 Abs mean: 0.1469E-05   Fluctuation:  0.113E-06   0.142E-02    68.1%
  4    0.1469E-05 0.1469E-05 +- 0.1128E-06      9.72
 Relative summed weights:
  0.5521E-01  0.0000E+00  0.8558E+00  0.0000E+00  0.1781E-02  0.0000E+00  0.4394E-01  0.0000E+00  0.3996E-02  0.0000E+00  0.3721E-01  0.0000E+00  0.0000E+00  0.0000E+00  0.2016E-02  0.0000E+00
 Relative number of events:
Thanks for using LHAPDF 6.2.1. Please make sure to cite the paper:
  Eur.Phys.J. C75 (2015) 3, 132  (http://arxiv.org/abs/1412.7420)
  0.4506E-01  0.0000E+00  0.8543E+00  0.0000E+00  0.2750E-02  0.0000E+00  0.4600E-01  0.0000E+00  0.2875E-02  0.0000E+00  0.4650E-01  0.0000E+00  0.0000E+00  0.0000E+00  0.2500E-02  0.0000E+00
 Events:
         721           0       13669           0          44           0         736           0          46           0         744           0           0           0          40           0
 Accuracy:    0.091   0.010   0.061   2.219
 Found         1434  events.
 Wrote           15  events.
 Actual xsec    1.3421909943460822E-006
 Correct abs xsec    1.3421909943460822E-006
 Event xsec    1.3421909943460822E-006
 Events wgts > 1:            0
 % Cross section > 1:    0.0000000000000000        0.0000000000000000     
 Iteration  5   Mean: 0.1456E-05 Abs mean: 0.1456E-05   Fluctuation:  0.340E-07   0.286E-03    67.9%
  5    0.1456E-05 0.1456E-05 +- 0.3400E-07      4.18
 Relative summed weights:
  0.3990E-01  0.0000E+00  0.8670E+00  0.0000E+00  0.9913E-03  0.0000E+00  0.4354E-01  0.0000E+00  0.1371E-02  0.0000E+00  0.4445E-01  0.0000E+00  0.1958E-04  0.0000E+00  0.2723E-02  0.0000E+00
 Relative number of events:
  0.4450E-01  0.0000E+00  0.8558E+00  0.0000E+00  0.2625E-02  0.0000E+00  0.4591E-01  0.0000E+00  0.2375E-02  0.0000E+00  0.4619E-01  0.0000E+00  0.6250E-04  0.0000E+00  0.2594E-02  0.0000E+00
 Events:
        1424           0       27384           0          84           0        1469           0          76           0        1478           0           2           0          83           0
 Accuracy:    0.029   0.010   0.022   1.808
 Found         3281  events.
 Wrote          330  events.
 Actual xsec    1.4520944669549490E-006
 Correct abs xsec    1.4520944669549490E-006
 Event xsec    1.4520944669549357E-006
 Events wgts > 1:            7
 % Cross section > 1:    1.2362500554962003E-008  0.85135649479378261     
 Iteration  6   Mean: 0.1473E-05 Abs mean: 0.1473E-05   Fluctuation:  0.174E-07   0.335E-03    65.9%
  6    0.1473E-05 0.1473E-05 +- 0.1736E-07      2.98
 Relative summed weights:
  0.4453E-01  0.0000E+00  0.8529E+00  0.0000E+00  0.4131E-02  0.0000E+00  0.4500E-01  0.0000E+00  0.2283E-02  0.0000E+00  0.4827E-01  0.0000E+00  0.6548E-04  0.0000E+00  0.2793E-02  0.0000E+00
 Relative number of events:
  0.4683E-01  0.0000E+00  0.8541E+00  0.0000E+00  0.2359E-02  0.0000E+00  0.4584E-01  0.0000E+00  0.2000E-02  0.0000E+00  0.4631E-01  0.0000E+00  0.1094E-03  0.0000E+00  0.2469E-02  0.0000E+00
 Events:
        2997           0       54661           0         151           0        2934           0         128           0        2964           0           7           0         158           0
 Accuracy:    0.013   0.010   0.010   1.546
 Found         7925  events.
 Wrote         1343  events.
 Actual xsec    1.4696252439784982E-006
 Correct abs xsec    1.4696252439784982E-006
 Event xsec    1.4696252439785628E-006
 Events wgts > 1:           24
 % Cross section > 1:    1.4358647876985617E-008  0.97702784678044519     
 Iteration  7   Mean: 0.1472E-05 Abs mean: 0.1472E-05   Fluctuation:  0.920E-08   0.977E-04    61.7%
  7    0.1472E-05 0.1472E-05 +- 0.9196E-08      2.23
 Relative summed weights:
  0.4365E-01  0.0000E+00  0.8576E+00  0.0000E+00  0.1975E-02  0.0000E+00  0.4518E-01  0.0000E+00  0.2187E-02  0.0000E+00  0.4656E-01  0.0000E+00  0.8886E-04  0.0000E+00  0.2722E-02  0.0000E+00
 Relative number of events:
  0.4596E-01  0.0000E+00  0.8555E+00  0.0000E+00  0.2406E-02  0.0000E+00  0.4469E-01  0.0000E+00  0.2437E-02  0.0000E+00  0.4647E-01  0.0000E+00  0.1406E-03  0.0000E+00  0.2398E-02  0.0000E+00
 Events:
        5883           0      109504           0         308           0        5720           0         312           0        5948           0          18           0         307           0
 Accuracy:    0.006   0.010   0.005   1.302
 Finished due to accuracy    6.1043679452650618E-003   1.0000000000000000E-002

 -------------------------------------------------------------------------------
 Accumulated results:   Integral =  0.1471E-05
                        Std dev  =  0.7868E-08
                       Cross sec =  0.1471E-05
             Chi**2 per DoF.     =      1.3020
 -------------------------------------------------------------------------------
 Found        18492  events.
 Wrote         6087  events.
 Actual xsec    1.4717272351853834E-006
 Correct abs xsec    1.4717272351853834E-006
 Event xsec    1.4717272351851907E-006
 Events wgts > 1:          157
 % Cross section > 1:    1.4764336651345732E-008   1.0031978955317697     
-------------------------------------------------
---------------------------
 Results Last   3 iters: Integral =   0.1472E-05
                     Abs integral =   0.1472E-05
                          Std dev =   0.7903E-08
                  Chi**2 per DoF. =      0.1078
-------------------------------------------------
---------------------------
 Status   1.0000000000000000E-002           8           8

ls status:
events.lhe
ftn25
ftn26
input_app.txt
results.dat
run1_app.log
