==== LHAPDF6 USING DEFAULT-TYPE LHAGLUE INTERFACE ====
LHAPDF 6.2.1 loading /cvmfs/cms.cern.ch/slc6_amd64_gcc481/external/lhapdf/6.2.1/share/LHAPDF/NNPDF30_lo_as_0130_nf_4/NNPDF30_lo_as_0130_nf_4_0000.dat
NNPDF30_lo_as_0130_nf_4 PDF set, member #0, version 2; LHAPDF ID = 263400
 Process in group number            1
 A PDF is used, so alpha_s(MZ) is going to be modified
 Old value of alpha_s from param_card:   0.11799999999999999     
 New value of alpha_s from PDF lhapdf :  0.12470044313224841     
 using LHAPDF
 Warning: pt or E min of a jet should in general be >0
 Warning: pt or E min of a jet should in general be >0
 Warning: pt or E min of a jet should in general be >0
 Warning: pt or E min of a jet should in general be >0
 Warning: pt or E min of a jet should in general be >0
 Warning: pt or E min of a jet should in general be >0
 Warning: pt or E min of a jet should in general be >0
 *****************************************************
 *               MadGraph/MadEvent                   *
 *        --------------------------------           *
 *          http://madgraph.hep.uiuc.edu             *
 *          http://madgraph.phys.ucl.ac.be           *
 *          http://madgraph.roma2.infn.it            *
 *        --------------------------------           *
 *                                                   *
 *          PARAMETER AND COUPLING VALUES            *
 *                                                   *
 *****************************************************

  External Params
  ---------------------------------
  
 mdl_LR =    1000.0000000000000     
 mdl_xi =    1.0000000000000000E-008
 mdl_ReFmeio =   -1.8123300000000000     
 mdl_FmeioH =   -1.5442800000000001     
 mdl_ImFmeio =    1.4062200000000000     
 mdl_K =    35.000000000000000     
 aEWM1 =    127.90000000000001     
 mdl_Gf =    1.1663780000000000E-005
 aS =   0.11799999999999999     
 mdl_lamWS =   0.22530000000000000     
 mdl_AWS =   0.80800000000000005     
 mdl_rhoWS =   0.13200000000000001     
 mdl_etaWS =   0.34100000000000003     
 mdl_ymc =    0.0000000000000000     
 mdl_ymb =    4.7999999999999998     
 mdl_ymt =    172.50000000000000     
 mdl_yme =    5.1099999999999995E-004
 mdl_ymm =   0.10566000000000000     
 mdl_ymtau =    1.7769999999999999     
 mdl_MC =    0.0000000000000000     
 mdl_MT =    172.50000000000000     
 mdl_MB =    4.7999999999999998     
 mdl_MZ =    91.187600000000003     
 mdl_MH =    125.00000000000000     
 mdl_MH02 =    3500.0000000000000     
 mdl_Me =    5.1099999999999995E-004
 mdl_MM =   0.10566000000000000     
 mdl_MTA =    1.7769999999999999     
 mdl_MP =    120.00000000000000     
 mdl_WT =    1.4915000000000000     
 mdl_WZ =    2.4952000000000001     
 mdl_WW =    2.0850000000000000     
 mdl_WH =    6.3823389999999999E-003
 mdl_WH02 =    1.0000000000000000E-003
 mdl_WTau =    2.2699999999999998E-012
 mdl_WH1 =    6.3823389999999999E-003
  Internal Params
  ---------------------------------
  
 mdl_lamWS__exp__2 =    5.0760090000000001E-002
 mdl_CKM11 =  ( 0.97461995499999998     ,  0.0000000000000000     )
 mdl_CKM12 =  ( 0.22530000000000000     ,  0.0000000000000000     )
 mdl_complexi =  (  0.0000000000000000     ,  1.0000000000000000     )
 mdl_lamWS__exp__3 =    1.1436248277000001E-002
 mdl_CKM13 =  (  1.2197444962317122E-003, -3.1510066152652563E-003)
 mdl_CKM21 =  (-0.22530000000000000     ,  0.0000000000000000     )
 mdl_CKM22 =  ( 0.97461995499999998     ,  0.0000000000000000     )
 mdl_CKM23 =  (  4.1014152720000002E-002,  0.0000000000000000     )
 mdl_CKM31 =  (  8.0207441115842885E-003, -3.1510066152652563E-003)
 mdl_CKM32 =  ( -4.1014152720000002E-002,  0.0000000000000000     )
 mdl_CKM33 =  (  1.0000000000000000     ,  0.0000000000000000     )
 mdl_MZ__exp__2 =    8315.1783937600012     
 mdl_MZ__exp__4 =    69142191.720053151     
 mdl_sqrt__2 =    1.4142135623730951     
 mdl_MH__exp__6 =    3814697265625.0000     
 mdl_MT__exp__6 =    26347207783447.266     
 mdl_MH__exp__4 =    244140625.00000000     
 mdl_MT__exp__4 =    885434414.06250000     
 mdl_MH__exp__2 =    15625.000000000000     
 mdl_MT__exp__2 =    29756.250000000000     
 mdl_MH02__exp__2 =    12250000.000000000     
 mdl_FmeioMH =  (  1.0470805239420240     ,  0.0000000000000000     )
 mdl_MH02__exp__6 =    1.8382656250000001E+021
 mdl_MH02__exp__4 =    150062500000000.00     
 mdl_FmeioMR =  ( -94881.833128121187     ,  0.0000000000000000     )
 mdl_MH__exp__12 =    1.4551915228366852E+025
 mdl_MH__exp__10 =    9.3132257461547853E+020
 mdl_MH__exp__8 =    59604644775390624.     
 mdl_MH02__exp__12 =    3.3792205080566410E+042
 mdl_MH02__exp__10 =    2.7585473535156252E+035
 mdl_MH02__exp__8 =    2.2518753906250002E+028
 mdl_conjg__CKM11 =  ( 0.97461995499999998     , -0.0000000000000000     )
 mdl_conjg__CKM12 =  ( 0.22530000000000000     , -0.0000000000000000     )
 mdl_conjg__CKM13 =  (  1.2197444962317122E-003,  3.1510066152652563E-003)
 mdl_conjg__CKM21 =  (-0.22530000000000000     , -0.0000000000000000     )
 mdl_conjg__CKM22 =  ( 0.97461995499999998     , -0.0000000000000000     )
 mdl_conjg__CKM23 =  (  4.1014152720000002E-002, -0.0000000000000000     )
 mdl_conjg__CKM31 =  (  8.0207441115842885E-003,  3.1510066152652563E-003)
 mdl_conjg__CKM32 =  ( -4.1014152720000002E-002, -0.0000000000000000     )
 mdl_conjg__CKM33 =  (  1.0000000000000000     , -0.0000000000000000     )
 mdl_aEW =    7.8186082877247844E-003
 mdl_MW =    79.824479864292599     
 mdl_sqrt__aEW =    8.8422894590285753E-002
 mdl_ee =   0.31345100004952897     
 mdl_MW__exp__2 =    6371.9475856048548     
 mdl_sw2 =   0.23369682719175511     
 mdl_cw =   0.87538744154131254     
 mdl_sqrt__sw2 =   0.48342199700857130     
 mdl_sw =   0.48342199700857130     
 mdl_g1 =   0.35807116389244675     
 mdl_gw =   0.64840036653104827     
 mdl_v =    246.21972467830258     
 mdl_v__exp__2 =    60624.152820659125     
 mdl_lam =   0.12886778019168796     
 mdl_yb =    2.7569785922959604E-002
 mdl_yc =    0.0000000000000000     
 mdl_ye =    2.9350334597150747E-006
 mdl_ym =    6.0687991262914842E-004
 mdl_yt =   0.99078918160636087     
 mdl_ytau =    1.0206564496895670E-002
 mdl_muH =    88.388347648318444     
 mdl_Z =    1.0000000018187245     
 mdl_theta =    7.6628352490421455E-011
 mdl_cos__theta =    1.0000000000000000     
 mdl_a =  -0.99999999818127550     
 mdl_sin__theta =    7.6628352490421455E-011
 mdl_b =    7.6628352351055597E-011
 mdl_c =    1.4849811806320228E-008
 mdl_d =    1.0000000000000000     
 mdl_ee__exp__2 =    9.8251529432049817E-002
 mdl_MW__exp__12 =    6.6931902282585363E+022
 mdl_MW__exp__10 =    1.0504151420484712E+019
 mdl_MW__exp__8 =    1648499344880849.5     
 mdl_MW__exp__6 =    258712006452.32019     
 mdl_MW__exp__4 =    40601716.033695541     
 mdl_AH =    3.2896331152571413E-005
 mdl_AR =    2659599862.1444044     
 mdl_gw__exp__2 =   0.42042303531759773     
 mdl_cw__exp__2 =   0.76630317280824489     
 mdl_sw__exp__2 =   0.23369682719175511     
  Internal Params evaluated point by point
  ----------------------------------------
  
 mdl_sqrt__aS =   0.34351128074635334     
 mdl_G__exp__2 =    1.4828317324943823     
 mdl_Gphi =   -6.3554969584608289E-006
 mdl_GR =  (  1.4133715995743603E-004, -1.3204604160005052E-005)
 mdl_GH =  (  5.8894582703556158E-005,  0.0000000000000000     )
  Couplings of heft_radion
  ---------------------------------
  
        GC_55 =  -0.13205E-04  -0.14134E-03
        GC_18 =   0.00000E+00   0.44685E+00
        GC_19 =   0.00000E+00   0.10330E+00
        GC_20 =   0.14447E-02   0.55924E-03
        GC_21 =  -0.00000E+00  -0.10330E+00
        GC_22 =   0.00000E+00   0.44685E+00
        GC_23 =   0.00000E+00   0.18805E-01
        GC_37 =   0.00000E+00   0.51758E+02
        GC_45 =   0.00000E+00   0.44685E+00
        GC_46 =   0.00000E+00   0.10330E+00
        GC_47 =  -0.14447E-02   0.55924E-03
        GC_48 =   0.00000E+00  -0.10330E+00
        GC_49 =   0.00000E+00   0.44685E+00
        GC_50 =   0.00000E+00   0.18805E-01
        GC_58 =   0.31250E+02   0.00000E+00
        GC_59 =   0.10000E-02   0.00000E+00

 Collider parameters:
 --------------------

 Running at P P   machine @    13000.000000000000       GeV
 PDF set = lhapdf 
 alpha_s(Mz)= 0.1247 running at 1 loops.
 alpha_s(Mz)= 0.1247 running at 1 loops.
 Renormalization scale set on event-by-event basis
 Factorization   scale set on event-by-event basis


 getting user params
Enter number of events and max and min iterations: 
 Number of events and iterations         2000           8           3
Enter desired fractional accuracy: 
 Desired fractional accuracy:    1.0000000000000000E-002
Enter 0 for fixed, 2 for adjustable grid: 
Suppress amplitude (0 no, 1 yes)? 
 Using suppressed amplitude.
Exact helicity sum (0 yes, n = number/event)? 
 Explicitly summing over helicities
Enter Configuration Number: 
Running Configuration Number:    1
 Using dconfig=         395
 BW Setting            2           2           1           2           1           1           0           0
 Attempting mappinvarients           1          10
 Completed mapping          10
 about to integrate           22        2000           8           3          22           1
 Using non-zero grid deformation.
 22 dimensions   2000 events 22 invarients  8 iterations  1 config(s),  (0.99)
 Using h-tuple random number sequence.
 fail to read data
 Error opening grid
 Using Uniform Grid!          40
 Using uniform alpha   1.0000000000000000     
 Grid defined OK
 Set CM energy to      13000.00
 Mapping Graph           1  to config           1
Setting grid   1    0.13633E-06   1
Setting grid   2    0.59172E-08   1
 Setting BW          -3           3   125.00000000000000     
Setting grid   4    0.59172E-08   1
 Setting BW          -5           5   79.824479864292599     
 Setting BW          -6           6   125.00000000000000     
 Setting PDF BW          21           7   3500.0000000000000     
 Transforming s_hat BW    7.2485207100591725E-002   2.0710059171597636E-008
 Masses: 0.000E+00 0.000E+00 0.000E+00 0.000E+00 0.000E+00 0.000E+00 0.000E+00 0.000E+00 0.480E+01 0.000E+00
   1   1   2   3   4   5   6   7   8   9  10  11  12  13  14
  15  16  17  18  19  20  21  22
Using random seed offsets     1 :     35
  with seed                   24
 Ranmar initialization seeds       31059        9432
 
 ********************************************
 * You are using the DiscreteSampler module *
 *      part of the MG5_aMC framework       *
 *         Author: Valentin Hirschi         *
 ********************************************
 
  Particle       3       4       5       6       7       8       9      10
      Et >     0.0     0.0     0.0     0.0     0.0     0.0     0.0     0.0
       E >     0.0     0.0     0.0     0.0     0.0     0.0     0.0     0.0
     Eta <    -1.0    -1.0    -1.0    -1.0    -1.0    -1.0    -1.0    -1.0
   xqcut:      0.0     0.0     0.0     0.0     0.0     0.0     0.0     0.0
d R # 3  >    -0.0     0.0     0.0     0.0     0.0     0.0     0.0     0.0
d R # 4  >    -0.0    -0.0     0.0     0.0     0.0     0.0     0.0     0.0
d R # 5  >    -0.0    -0.0    -0.0     0.0     0.0     0.0     0.0     0.0
d R # 6  >    -0.0    -0.0    -0.0    -0.0     0.0     0.0     0.0     0.0
d R # 7  >    -0.0    -0.0    -0.0    -0.0    -0.0     0.0     0.0     0.0
d R # 8  >    -0.0    -0.0    -0.0    -0.0    -0.0    -0.0     0.0     0.0
d R # 9  >    -0.0    -0.0    -0.0    -0.0    -0.0    -0.0    -0.0     0.0
s min # 3>     0.0     0.0     0.0     0.0     0.0     0.0     0.0     0.0
s min # 4>     0.0     0.0     0.0     0.0     0.0     0.0     0.0     0.0
s min # 5>     0.0     0.0     0.0     0.0     0.0     0.0     0.0     0.0
s min # 6>     0.0     0.0     0.0     0.0     0.0     0.0     0.0     0.0
s min # 7>     0.0     0.0     0.0     0.0     0.0     0.0     0.0     0.0
s min # 8>     0.0     0.0     0.0     0.0     0.0     0.0     0.0     0.0
s min # 9>     0.0     0.0     0.0     0.0     0.0     0.0     0.0     0.0
xqcutij # 3>     0.0     0.0     0.0     0.0     0.0     0.0     0.0     0.0
xqcutij # 4>     0.0     0.0     0.0     0.0     0.0     0.0     0.0     0.0
xqcutij # 5>     0.0     0.0     0.0     0.0     0.0     0.0     0.0     0.0
xqcutij # 6>     0.0     0.0     0.0     0.0     0.0     0.0     0.0     0.0
xqcutij # 7>     0.0     0.0     0.0     0.0     0.0     0.0     0.0     0.0
xqcutij # 8>     0.0     0.0     0.0     0.0     0.0     0.0     0.0     0.0
xqcutij # 9>     0.0     0.0     0.0     0.0     0.0     0.0     0.0     0.0
 Excluding BW           -1           1
 Excluding BW           -2           2
 Requiring BW           -3           3
 Excluding BW           -4           4
 Requiring BW           -5           5
 Requiring BW           -6           6
 No cut BW           -7           7
 alpha_s for scale    3500.0030200940610       is    7.7778516453492388E-002
 Added good helicity            1   160.98185540315913       in event            1 local:           1
 Added good helicity            3   351.01814459684090       in event            1 local:           1
 Added good helicity          769   160.98185540315913       in event            1 local:           1
 Added good helicity          771   351.01814459684090       in event            1 local:           1
 RESET CUMULATIVE VARIABLE
 RESET CUMULATIVE VARIABLE
 Iteration  1   Mean: 0.2548E-05 Abs mean: 0.2548E-05   Fluctuation:  0.189E-05   0.378E-02    10.6%
  1    0.2548E-05 0.2548E-05 +- 0.1893E-05     33.22
 Writing out events   1.4974920412908221E-009   33.224650577134874     
 Relative summed weights:
  0.1571E-06  0.0000E+00  0.1321E-02  0.0000E+00  0.0000E+00  0.0000E+00  0.2920E-04  0.0000E+00  0.1189E-01  0.0000E+00  0.9202E+00  0.0000E+00  0.2594E-02  0.0000E+00  0.8522E-02  0.0000E+00  0.0000E+00  0.0000E+00  0.0000E+00  0.0000E+00  0.0000E+00  0.0000E+00  0.0000E+00  0.0000E+00  0.0000E+00  0.0000E+00  0.0000E+00  0.0000E+00  0.0000E+00  0.0000E+00  0.0000E+00  0.0000E+00
  0.0000E+00  0.0000E+00  0.0000E+00  0.0000E+00  0.0000E+00  0.0000E+00  0.0000E+00  0.0000E+00  0.0000E+00  0.0000E+00  0.0000E+00  0.0000E+00  0.0000E+00  0.0000E+00  0.0000E+00  0.0000E+00  0.4529E-08  0.0000E+00  0.1128E-03  0.0000E+00  0.6343E-04  0.0000E+00  0.5226E-01  0.0000E+00  0.0000E+00  0.0000E+00  0.2387E-04  0.0000E+00  0.1865E-03  0.0000E+00  0.2782E-02  0.0000E+00
 Relative number of events:
  0.2489E-02  0.0000E+00  0.4380E-01  0.0000E+00  0.0000E+00  0.0000E+00  0.2489E-02  0.0000E+00  0.3683E-01  0.0000E+00  0.7865E+00  0.0000E+00  0.3484E-02  0.0000E+00  0.4231E-01  0.0000E+00  0.0000E+00  0.0000E+00  0.0000E+00  0.0000E+00  0.0000E+00  0.0000E+00  0.0000E+00  0.0000E+00  0.0000E+00  0.0000E+00  0.0000E+00  0.0000E+00  0.0000E+00  0.0000E+00  0.0000E+00  0.0000E+00
  0.0000E+00  0.0000E+00  0.0000E+00  0.0000E+00  0.0000E+00  0.0000E+00  0.0000E+00  0.0000E+00  0.0000E+00  0.0000E+00  0.0000E+00  0.0000E+00  0.0000E+00  0.0000E+00  0.0000E+00  0.0000E+00  0.4978E-03  0.0000E+00  0.1991E-02  0.0000E+00  0.6969E-02  0.0000E+00  0.6720E-01  0.0000E+00  0.0000E+00  0.0000E+00  0.4978E-03  0.0000E+00  0.4978E-03  0.0000E+00  0.4480E-02  0.0000E+00
 Events:
           5           0          88           0           0           0           5           0          74           0        1580           0           7           0          85           0           0           0           0           0           0           0           0           0           0           0           0           0           0           0           0           0
           0           0           0           0           0           0           0           0           0           0           0           0           0           0           0           0           1           0           4           0          14           0         135           0           0           0           1           0           1           0           9           0
 Iteration  2   Mean: 0.1359E-05 Abs mean: 0.1359E-05   Fluctuation:  0.226E-06   0.442E-03    57.1%
  2    0.1359E-05 0.1359E-05 +- 0.2262E-06     10.52
 Relative summed weights:
  0.1466E-04  0.0000E+00  0.5962E-01  0.0000E+00  0.9368E-09  0.0000E+00  0.1517E-02  0.0000E+00  0.1365E-01  0.0000E+00  0.5599E+00  0.0000E+00  0.7143E-03  0.0000E+00  0.1665E-01  0.0000E+00  0.0000E+00  0.0000E+00  0.0000E+00  0.0000E+00  0.0000E+00  0.0000E+00  0.0000E+00  0.0000E+00  0.0000E+00  0.0000E+00  0.0000E+00  0.0000E+00  0.0000E+00  0.0000E+00  0.0000E+00  0.0000E+00
  0.0000E+00  0.0000E+00  0.0000E+00  0.0000E+00  0.0000E+00  0.0000E+00  0.0000E+00  0.0000E+00  0.0000E+00  0.0000E+00  0.0000E+00  0.0000E+00  0.0000E+00  0.0000E+00  0.0000E+00  0.0000E+00  0.2025E-04  0.0000E+00  0.6126E-02  0.0000E+00  0.8232E-01  0.0000E+00  0.1640E+00  0.0000E+00  0.0000E+00  0.0000E+00  0.0000E+00  0.0000E+00  0.4750E-05  0.0000E+00  0.9543E-01  0.0000E+00
 Relative number of events:
  0.1500E-02  0.0000E+00  0.5000E-01  0.0000E+00  0.2500E-03  0.0000E+00  0.1500E-02  0.0000E+00  0.4475E-01  0.0000E+00  0.7798E+00  0.0000E+00  0.2750E-02  0.0000E+00  0.4075E-01  0.0000E+00  0.0000E+00  0.0000E+00  0.0000E+00  0.0000E+00  0.0000E+00  0.0000E+00  0.0000E+00  0.0000E+00  0.0000E+00  0.0000E+00  0.0000E+00  0.0000E+00  0.0000E+00  0.0000E+00  0.0000E+00  0.0000E+00
  0.0000E+00  0.0000E+00  0.0000E+00  0.0000E+00  0.0000E+00  0.0000E+00  0.0000E+00  0.0000E+00  0.0000E+00  0.0000E+00  0.0000E+00  0.0000E+00  0.0000E+00  0.0000E+00  0.0000E+00  0.0000E+00  0.2500E-03  0.0000E+00  0.5250E-02  0.0000E+00  0.3500E-02  0.0000E+00  0.6550E-01  0.0000E+00  0.0000E+00  0.0000E+00  0.0000E+00  0.0000E+00  0.2500E-03  0.0000E+00  0.4000E-02  0.0000E+00
 Events:
           6           0         200           0           1           0           6           0         179           0        3119           0          11           0         163           0           0           0           0           0           0           0           0           0           0           0           0           0           0           0           0           0
           0           0           0           0           0           0           0           0           0           0           0           0           0           0           0           0           1           0          21           0          14           0         262           0           0           0           0           0           1           0          16           0
 Iteration  3   Mean: 0.2670E-05 Abs mean: 0.2670E-05   Fluctuation:  0.389E-06   0.201E-02    69.4%
  3    0.2670E-05 0.2670E-05 +- 0.3894E-06     13.05
 Relative summed weights:
  0.1445E-02  0.0000E+00  0.2651E-01  0.0000E+00  0.9218E-07  0.0000E+00  0.6465E-04  0.0000E+00  0.3310E-01  0.0000E+00  0.3768E+00  0.0000E+00  0.8996E-04  0.0000E+00  0.5116E-01  0.0000E+00  0.0000E+00  0.0000E+00  0.0000E+00  0.0000E+00  0.0000E+00  0.0000E+00  0.0000E+00  0.0000E+00  0.0000E+00  0.0000E+00  0.0000E+00  0.0000E+00  0.0000E+00  0.0000E+00  0.0000E+00  0.0000E+00
  0.0000E+00  0.0000E+00  0.0000E+00  0.0000E+00  0.0000E+00  0.0000E+00  0.0000E+00  0.0000E+00  0.0000E+00  0.0000E+00  0.0000E+00  0.0000E+00  0.0000E+00  0.0000E+00  0.0000E+00  0.0000E+00  0.3310E-03  0.0000E+00  0.2833E-02  0.0000E+00  0.6113E-02  0.0000E+00  0.4030E+00  0.0000E+00  0.0000E+00  0.0000E+00  0.0000E+00  0.0000E+00  0.3843E-06  0.0000E+00  0.9853E-01  0.0000E+00
 Relative number of events:
  0.2500E-02  0.0000E+00  0.4288E-01  0.0000E+00  0.1250E-03  0.0000E+00  0.2875E-02  0.0000E+00  0.3938E-01  0.0000E+00  0.7891E+00  0.0000E+00  0.2000E-02  0.0000E+00  0.4100E-01  0.0000E+00  0.0000E+00  0.0000E+00  0.0000E+00  0.0000E+00  0.0000E+00  0.0000E+00  0.0000E+00  0.0000E+00  0.0000E+00  0.0000E+00  0.0000E+00  0.0000E+00  0.0000E+00  0.0000E+00  0.0000E+00  0.0000E+00
  0.0000E+00  0.0000E+00  0.0000E+00  0.0000E+00  0.0000E+00  0.0000E+00  0.0000E+00  0.0000E+00  0.0000E+00  0.0000E+00  0.0000E+00  0.0000E+00  0.0000E+00  0.0000E+00  0.0000E+00  0.0000E+00  0.5000E-03  0.0000E+00  0.4125E-02  0.0000E+00  0.3500E-02  0.0000E+00  0.6763E-01  0.0000E+00  0.0000E+00  0.0000E+00  0.0000E+00  0.0000E+00  0.1250E-03  0.0000E+00  0.4250E-02  0.0000E+00
 Events:
          20           0         343           0           1           0          23           0         315           0        6313           0          16           0         328           0           0           0           0           0           0           0           0           0           0           0           0           0           0           0           0           0
           0           0           0           0           0           0           0           0           0           0           0           0           0           0           0           0           4           0          33           0          28           0         541           0           0           0           0           0           1           0          34           0
 Accuracy:    0.216   0.010   0.109   3.981
 Found          563  events.
 Wrote           11  events.
 Actual xsec    2.1097770448426253E-006
 Correct abs xsec    2.1097770448426253E-006
 Event xsec    2.1097770448426248E-006
 Events wgts > 1:            1
 % Cross section > 1:    3.2331716826479643E-014   1.5324707843188887E-006
 Iteration  4   Mean: 0.2726E-05 Abs mean: 0.2726E-05   Fluctuation:  0.269E-06   0.327E-02    69.1%
  4    0.2726E-05 0.2726E-05 +- 0.2694E-06     12.50
 Relative summed weights:
  0.1264E-02  0.0000E+00  0.1863E-01  0.0000E+00  0.4162E-03  0.0000E+00  0.1831E-02  0.0000E+00  0.2107E-01  0.0000E+00  0.4378E+00  0.0000E+00  0.1307E-02  0.0000E+00  0.3690E-01  0.0000E+00  0.0000E+00  0.0000E+00  0.0000E+00  0.0000E+00  0.0000E+00  0.0000E+00  0.0000E+00  0.0000E+00  0.0000E+00  0.0000E+00  0.0000E+00  0.0000E+00  0.0000E+00  0.0000E+00  0.0000E+00  0.0000E+00
  0.0000E+00  0.0000E+00  0.0000E+00  0.0000E+00  0.0000E+00  0.0000E+00  0.0000E+00  0.0000E+00  0.0000E+00  0.0000E+00  0.0000E+00  0.0000E+00  0.0000E+00  0.0000E+00  0.0000E+00  0.0000E+00  0.5800E-06  0.0000E+00  0.3419E-01  0.0000E+00  0.7637E-02  0.0000E+00  0.3402E+00  0.0000E+00  0.5316E-03  0.0000E+00  0.2842E-03  0.0000E+00  0.0000E+00  0.0000E+00  0.9793E-01  0.0000E+00
 Relative number of events:
  0.2875E-02  0.0000E+00  0.4319E-01  0.0000E+00  0.1875E-03  0.0000E+00  0.2625E-02  0.0000E+00  0.4319E-01  0.0000E+00  0.7795E+00  0.0000E+00  0.1937E-02  0.0000E+00  0.4213E-01  0.0000E+00  0.0000E+00  0.0000E+00  0.0000E+00  0.0000E+00  0.0000E+00  0.0000E+00  0.0000E+00  0.0000E+00  0.0000E+00  0.0000E+00  0.0000E+00  0.0000E+00  0.0000E+00  0.0000E+00  0.0000E+00  0.0000E+00
  0.0000E+00  0.0000E+00  0.0000E+00  0.0000E+00  0.0000E+00  0.0000E+00  0.0000E+00  0.0000E+00  0.0000E+00  0.0000E+00  0.0000E+00  0.0000E+00  0.0000E+00  0.0000E+00  0.0000E+00  0.0000E+00  0.1250E-03  0.0000E+00  0.2938E-02  0.0000E+00  0.4063E-02  0.0000E+00  0.7212E-01  0.0000E+00  0.6250E-04  0.0000E+00  0.1250E-03  0.0000E+00  0.0000E+00  0.0000E+00  0.4938E-02  0.0000E+00
 Events:
          46           0         691           0           3           0          42           0         691           0       12472           0          31           0         674           0           0           0           0           0           0           0           0           0           0           0           0           0           0           0           0           0
           0           0           0           0           0           0           0           0           0           0           0           0           0           0           0           0           2           0          47           0          65           0        1154           0           1           0           2           0           0           0          79           0
 Accuracy:    0.126   0.010   0.073   2.955
 Found         1081  events.
 Wrote           11  events.
 Actual xsec    2.4456209818797328E-006
 Correct abs xsec    2.4456209818797328E-006
 Event xsec    2.4456209818797328E-006
 Events wgts > 1:            1
 % Cross section > 1:    3.2185423198590732E-015   1.3160429779209959E-007
 Iteration  5   Mean: 0.2952E-05 Abs mean: 0.2952E-05   Fluctuation:  0.118E-06   0.157E-02    70.7%
  5    0.2952E-05 0.2952E-05 +- 0.1179E-06      7.14
 Relative summed weights:
  0.9081E-03  0.0000E+00  0.1830E-01  0.0000E+00  0.1258E-04  0.0000E+00  0.6735E-02  0.0000E+00  0.2050E-01  0.0000E+00  0.4216E+00  0.0000E+00  0.1928E-02  0.0000E+00  0.2163E-01  0.0000E+00  0.0000E+00  0.0000E+00  0.0000E+00  0.0000E+00  0.0000E+00  0.0000E+00  0.0000E+00  0.0000E+00  0.0000E+00  0.0000E+00  0.0000E+00  0.0000E+00  0.0000E+00  0.0000E+00  0.0000E+00  0.0000E+00
  0.0000E+00  0.0000E+00  0.0000E+00  0.0000E+00  0.0000E+00  0.0000E+00  0.0000E+00  0.0000E+00  0.0000E+00  0.0000E+00  0.0000E+00  0.0000E+00  0.0000E+00  0.0000E+00  0.0000E+00  0.0000E+00  0.2151E-03  0.0000E+00  0.1481E-01  0.0000E+00  0.2976E-01  0.0000E+00  0.4458E+00  0.0000E+00  0.0000E+00  0.0000E+00  0.5480E-02  0.0000E+00  0.1013E-02  0.0000E+00  0.1133E-01  0.0000E+00
 Relative number of events:
  0.2500E-02  0.0000E+00  0.4000E-01  0.0000E+00  0.3125E-04  0.0000E+00  0.2250E-02  0.0000E+00  0.3928E-01  0.0000E+00  0.7871E+00  0.0000E+00  0.1969E-02  0.0000E+00  0.4213E-01  0.0000E+00  0.0000E+00  0.0000E+00  0.0000E+00  0.0000E+00  0.0000E+00  0.0000E+00  0.0000E+00  0.0000E+00  0.0000E+00  0.0000E+00  0.0000E+00  0.0000E+00  0.0000E+00  0.0000E+00  0.0000E+00  0.0000E+00
  0.0000E+00  0.0000E+00  0.0000E+00  0.0000E+00  0.0000E+00  0.0000E+00  0.0000E+00  0.0000E+00  0.0000E+00  0.0000E+00  0.0000E+00  0.0000E+00  0.0000E+00  0.0000E+00  0.0000E+00  0.0000E+00  0.1563E-03  0.0000E+00  0.3719E-02  0.0000E+00  0.3312E-02  0.0000E+00  0.7403E-01  0.0000E+00  0.0000E+00  0.0000E+00  0.2500E-03  0.0000E+00  0.2188E-03  0.0000E+00  0.3031E-02  0.0000E+00
 Events:
          80           0        1280           0           1           0          72           0        1257           0       25188           0          63           0        1348           0           0           0           0           0           0           0           0           0           0           0           0           0           0           0           0           0
           0           0           0           0           0           0           0           0           0           0           0           0           0           0           0           0           5           0         119           0         106           0        2369           0           0           0           8           0           7           0          97           0
 Accuracy:    0.059   0.010   0.035   2.795
 Found         2751  events.
 Wrote          120  events.
 Actual xsec    2.9051036636196073E-006
 Correct abs xsec    2.9051036636196073E-006
 Event xsec    2.9051036636196107E-006
 Events wgts > 1:            4
 % Cross section > 1:    2.8205135864076666E-008  0.97088225171746556     
 Iteration  6   Mean: 0.2952E-05 Abs mean: 0.2952E-05   Fluctuation:  0.646E-07   0.150E-02    66.6%
  6    0.2952E-05 0.2952E-05 +- 0.6457E-07      5.53
 Relative summed weights:
  0.9217E-03  0.0000E+00  0.2325E-01  0.0000E+00  0.1453E-04  0.0000E+00  0.1222E-02  0.0000E+00  0.2237E-01  0.0000E+00  0.4234E+00  0.0000E+00  0.9133E-03  0.0000E+00  0.2151E-01  0.0000E+00  0.0000E+00  0.0000E+00  0.0000E+00  0.0000E+00  0.0000E+00  0.0000E+00  0.0000E+00  0.0000E+00  0.0000E+00  0.0000E+00  0.0000E+00  0.0000E+00  0.0000E+00  0.0000E+00  0.0000E+00  0.0000E+00
  0.0000E+00  0.0000E+00  0.0000E+00  0.0000E+00  0.0000E+00  0.0000E+00  0.0000E+00  0.0000E+00  0.0000E+00  0.0000E+00  0.0000E+00  0.0000E+00  0.0000E+00  0.0000E+00  0.0000E+00  0.0000E+00  0.9636E-03  0.0000E+00  0.2306E-01  0.0000E+00  0.2729E-01  0.0000E+00  0.4244E+00  0.0000E+00  0.0000E+00  0.0000E+00  0.8140E-03  0.0000E+00  0.4133E-02  0.0000E+00  0.2567E-01  0.0000E+00
 Relative number of events:
  0.1953E-02  0.0000E+00  0.4186E-01  0.0000E+00  0.1250E-03  0.0000E+00  0.2453E-02  0.0000E+00  0.4213E-01  0.0000E+00  0.7850E+00  0.0000E+00  0.2391E-02  0.0000E+00  0.4238E-01  0.0000E+00  0.0000E+00  0.0000E+00  0.0000E+00  0.0000E+00  0.0000E+00  0.0000E+00  0.0000E+00  0.0000E+00  0.0000E+00  0.0000E+00  0.0000E+00  0.0000E+00  0.0000E+00  0.0000E+00  0.0000E+00  0.0000E+00
  0.0000E+00  0.0000E+00  0.0000E+00  0.0000E+00  0.0000E+00  0.0000E+00  0.0000E+00  0.0000E+00  0.0000E+00  0.0000E+00  0.0000E+00  0.0000E+00  0.0000E+00  0.0000E+00  0.0000E+00  0.0000E+00  0.1719E-03  0.0000E+00  0.3672E-02  0.0000E+00  0.3797E-02  0.0000E+00  0.7011E-01  0.0000E+00  0.0000E+00  0.0000E+00  0.1406E-03  0.0000E+00  0.2656E-03  0.0000E+00  0.3531E-02  0.0000E+00
 Events:
         125           0        2679           0           8           0         157           0        2696           0       50242           0         153           0        2712           0           0           0           0           0           0           0           0           0           0           0           0           0           0           0           0           0
           0           0           0           0           0           0           0           0           0           0           0           0           0           0           0           0          11           0         235           0         243           0        4487           0           0           0           9           0          17           0         226           0
 Accuracy:    0.028   0.010   0.019   2.295
 Found         6151  events.
 Wrote          324  events.
 Actual xsec    2.9435926670068718E-006
 Correct abs xsec    2.9435926670068718E-006
 Event xsec    2.9435926670068799E-006
 Events wgts > 1:            6
 % Cross section > 1:    2.6619545968583796E-008  0.90432165655757091     
 Iteration  7   Mean: 0.2895E-05 Abs mean: 0.2895E-05   Fluctuation:  0.341E-07   0.108E-02    63.9%
  7    0.2895E-05 0.2895E-05 +- 0.3411E-07      4.22
 Relative summed weights:
  0.1097E-02  0.0000E+00  0.2370E-01  0.0000E+00  0.8903E-04  0.0000E+00  0.1166E-02  0.0000E+00  0.2235E-01  0.0000E+00  0.4271E+00  0.0000E+00  0.1453E-02  0.0000E+00  0.2320E-01  0.0000E+00  0.0000E+00  0.0000E+00  0.0000E+00  0.0000E+00  0.0000E+00  0.0000E+00  0.0000E+00  0.0000E+00  0.0000E+00  0.0000E+00  0.0000E+00  0.0000E+00  0.0000E+00  0.0000E+00  0.0000E+00  0.0000E+00
  0.0000E+00  0.0000E+00  0.0000E+00  0.0000E+00  0.0000E+00  0.0000E+00  0.0000E+00  0.0000E+00  0.0000E+00  0.0000E+00  0.0000E+00  0.0000E+00  0.0000E+00  0.0000E+00  0.0000E+00  0.0000E+00  0.6309E-03  0.0000E+00  0.2251E-01  0.0000E+00  0.2391E-01  0.0000E+00  0.4266E+00  0.0000E+00  0.4134E-04  0.0000E+00  0.1022E-02  0.0000E+00  0.1652E-02  0.0000E+00  0.2353E-01  0.0000E+00
 Relative number of events:
  0.1867E-02  0.0000E+00  0.4227E-01  0.0000E+00  0.1250E-03  0.0000E+00  0.2156E-02  0.0000E+00  0.4083E-01  0.0000E+00  0.7869E+00  0.0000E+00  0.2305E-02  0.0000E+00  0.4163E-01  0.0000E+00  0.0000E+00  0.0000E+00  0.0000E+00  0.0000E+00  0.0000E+00  0.0000E+00  0.0000E+00  0.0000E+00  0.0000E+00  0.0000E+00  0.0000E+00  0.0000E+00  0.0000E+00  0.0000E+00  0.0000E+00  0.0000E+00
  0.0000E+00  0.0000E+00  0.0000E+00  0.0000E+00  0.0000E+00  0.0000E+00  0.0000E+00  0.0000E+00  0.0000E+00  0.0000E+00  0.0000E+00  0.0000E+00  0.0000E+00  0.0000E+00  0.0000E+00  0.0000E+00  0.1641E-03  0.0000E+00  0.3891E-02  0.0000E+00  0.4039E-02  0.0000E+00  0.6979E-01  0.0000E+00  0.2344E-04  0.0000E+00  0.1719E-03  0.0000E+00  0.2266E-03  0.0000E+00  0.3586E-02  0.0000E+00
 Events:
         239           0        5410           0          16           0         276           0        5226           0      100728           0         295           0        5328           0           0           0           0           0           0           0           0           0           0           0           0           0           0           0           0           0
           0           0           0           0           0           0           0           0           0           0           0           0           0           0           0           0          21           0         498           0         517           0        8933           0           3           0          22           0          29           0         459           0
 Accuracy:    0.014   0.010   0.010   1.960
 Found        13929  events.
 Wrote         1356  events.
Thanks for using LHAPDF 6.2.1. Please make sure to cite the paper:
  Eur.Phys.J. C75 (2015) 3, 132  (http://arxiv.org/abs/1412.7420)
 Actual xsec    2.9104387344584403E-006
 Correct abs xsec    2.9104387344584403E-006
 Event xsec    2.9104387344584932E-006
 Events wgts > 1:           32
 % Cross section > 1:    2.8328780087332235E-008  0.97335084748324030     
 Iteration  8   Mean: 0.2939E-05 Abs mean: 0.2939E-05   Fluctuation:  0.219E-07   0.648E-03    61.9%
  8    0.2939E-05 0.2939E-05 +- 0.2189E-07      3.77
 Relative summed weights:
  0.1261E-02  0.0000E+00  0.2152E-01  0.0000E+00  0.4748E-04  0.0000E+00  0.1118E-02  0.0000E+00  0.2296E-01  0.0000E+00  0.4243E+00  0.0000E+00  0.1271E-02  0.0000E+00  0.2291E-01  0.0000E+00  0.0000E+00  0.0000E+00  0.0000E+00  0.0000E+00  0.0000E+00  0.0000E+00  0.0000E+00  0.0000E+00  0.0000E+00  0.0000E+00  0.0000E+00  0.0000E+00  0.0000E+00  0.0000E+00  0.0000E+00  0.0000E+00
  0.0000E+00  0.0000E+00  0.0000E+00  0.0000E+00  0.0000E+00  0.0000E+00  0.0000E+00  0.0000E+00  0.0000E+00  0.0000E+00  0.0000E+00  0.0000E+00  0.0000E+00  0.0000E+00  0.0000E+00  0.0000E+00  0.1197E-02  0.0000E+00  0.2157E-01  0.0000E+00  0.2246E-01  0.0000E+00  0.4341E+00  0.0000E+00  0.3614E-04  0.0000E+00  0.1278E-02  0.0000E+00  0.1757E-02  0.0000E+00  0.2224E-01  0.0000E+00
 Relative number of events:
  0.2180E-02  0.0000E+00  0.4071E-01  0.0000E+00  0.1328E-03  0.0000E+00  0.2293E-02  0.0000E+00  0.4194E-01  0.0000E+00  0.7858E+00  0.0000E+00  0.2254E-02  0.0000E+00  0.4177E-01  0.0000E+00  0.0000E+00  0.0000E+00  0.0000E+00  0.0000E+00  0.0000E+00  0.0000E+00  0.0000E+00  0.0000E+00  0.0000E+00  0.0000E+00  0.0000E+00  0.0000E+00  0.0000E+00  0.0000E+00  0.0000E+00  0.0000E+00
  0.0000E+00  0.0000E+00  0.0000E+00  0.0000E+00  0.0000E+00  0.0000E+00  0.0000E+00  0.0000E+00  0.0000E+00  0.0000E+00  0.0000E+00  0.0000E+00  0.0000E+00  0.0000E+00  0.0000E+00  0.0000E+00  0.2227E-03  0.0000E+00  0.3789E-02  0.0000E+00  0.3859E-02  0.0000E+00  0.7088E-01  0.0000E+00  0.1563E-04  0.0000E+00  0.2031E-03  0.0000E+00  0.1914E-03  0.0000E+00  0.3730E-02  0.0000E+00
 Events:
         558           0       10421           0          34           0         587           0       10737           0      201174           0         577           0       10692           0           0           0           0           0           0           0           0           0           0           0           0           0           0           0           0           0
           0           0           0           0           0           0           0           0           0           0           0           0           0           0           0           0          57           0         970           0         988           0       18145           0           4           0          52           0          49           0         955           0
 Accuracy:    0.008   0.010   0.006   1.804
 Finished due to accuracy    8.0062739299917515E-003   1.0000000000000000E-002

 -------------------------------------------------------------------------------
 Accumulated results:   Integral =  0.2926E-05
                        Std dev  =  0.1744E-07
                       Cross sec =  0.2926E-05
             Chi**2 per DoF.     =      1.8040
 -------------------------------------------------------------------------------
 Found        30275  events.
 Wrote         3685  events.
 Actual xsec    2.9285243201562874E-006
 Correct abs xsec    2.9285243201562874E-006
 Event xsec    2.9285243201561553E-006
 Events wgts > 1:          106
 % Cross section > 1:    2.9111135590865053E-008  0.99405476643993806     
-------------------------------------------------
---------------------------
 Results Last   3 iters: Integral =   0.2929E-05
                     Abs integral =   0.2929E-05
                          Std dev =   0.1771E-07
                  Chi**2 per DoF. =      0.6732
-------------------------------------------------
---------------------------
 Status   1.0000000000000000E-002           9           8

ls status:
events.lhe
ftn25
ftn26
input_app.txt
results.dat
run1_app.log
