==== LHAPDF6 USING DEFAULT-TYPE LHAGLUE INTERFACE ====
LHAPDF 6.2.1 loading /cvmfs/cms.cern.ch/slc6_amd64_gcc481/external/lhapdf/6.2.1/share/LHAPDF/NNPDF30_lo_as_0130_nf_4/NNPDF30_lo_as_0130_nf_4_0000.dat
NNPDF30_lo_as_0130_nf_4 PDF set, member #0, version 2; LHAPDF ID = 263400
 Process in group number            1
 A PDF is used, so alpha_s(MZ) is going to be modified
 Old value of alpha_s from param_card:   0.11799999999999999     
 New value of alpha_s from PDF lhapdf :  0.12470044313224841     
 using LHAPDF
 Warning: pt or E min of a jet should in general be >0
 Warning: pt or E min of a jet should in general be >0
 Warning: pt or E min of a jet should in general be >0
 Warning: pt or E min of a jet should in general be >0
 Warning: pt or E min of a jet should in general be >0
 Warning: pt or E min of a jet should in general be >0
 Warning: pt or E min of a jet should in general be >0
 Warning: pt or E min of a jet should in general be >0
 *****************************************************
 *               MadGraph/MadEvent                   *
 *        --------------------------------           *
 *          http://madgraph.hep.uiuc.edu             *
 *          http://madgraph.phys.ucl.ac.be           *
 *          http://madgraph.roma2.infn.it            *
 *        --------------------------------           *
 *                                                   *
 *          PARAMETER AND COUPLING VALUES            *
 *                                                   *
 *****************************************************

  External Params
  ---------------------------------
  
 mdl_LR =    1000.0000000000000     
 mdl_xi =    1.0000000000000000E-008
 mdl_ReFmeio =   -1.8123300000000000     
 mdl_FmeioH =   -1.5442800000000001     
 mdl_ImFmeio =    1.4062200000000000     
 mdl_K =    35.000000000000000     
 aEWM1 =    127.90000000000001     
 mdl_Gf =    1.1663780000000000E-005
 aS =   0.11799999999999999     
 mdl_lamWS =   0.22530000000000000     
 mdl_AWS =   0.80800000000000005     
 mdl_rhoWS =   0.13200000000000001     
 mdl_etaWS =   0.34100000000000003     
 mdl_ymc =    0.0000000000000000     
 mdl_ymb =    4.7999999999999998     
 mdl_ymt =    172.50000000000000     
 mdl_yme =    5.1099999999999995E-004
 mdl_ymm =   0.10566000000000000     
 mdl_ymtau =    1.7769999999999999     
 mdl_MC =    0.0000000000000000     
 mdl_MT =    172.50000000000000     
 mdl_MB =    4.7999999999999998     
 mdl_MZ =    91.187600000000003     
 mdl_MH =    125.00000000000000     
 mdl_MH02 =    3500.0000000000000     
 mdl_Me =    5.1099999999999995E-004
 mdl_MM =   0.10566000000000000     
 mdl_MTA =    1.7769999999999999     
 mdl_MP =    120.00000000000000     
 mdl_WT =    1.4915000000000000     
 mdl_WZ =    2.4952000000000001     
 mdl_WW =    2.0850000000000000     
 mdl_WH =    6.3823389999999999E-003
 mdl_WH02 =    1.0000000000000000E-003
 mdl_WTau =    2.2699999999999998E-012
 mdl_WH1 =    6.3823389999999999E-003
  Internal Params
  ---------------------------------
  
 mdl_lamWS__exp__2 =    5.0760090000000001E-002
 mdl_CKM11 =  ( 0.97461995499999998     ,  0.0000000000000000     )
 mdl_CKM12 =  ( 0.22530000000000000     ,  0.0000000000000000     )
 mdl_complexi =  (  0.0000000000000000     ,  1.0000000000000000     )
 mdl_lamWS__exp__3 =    1.1436248277000001E-002
 mdl_CKM13 =  (  1.2197444962317122E-003, -3.1510066152652563E-003)
 mdl_CKM21 =  (-0.22530000000000000     ,  0.0000000000000000     )
 mdl_CKM22 =  ( 0.97461995499999998     ,  0.0000000000000000     )
 mdl_CKM23 =  (  4.1014152720000002E-002,  0.0000000000000000     )
 mdl_CKM31 =  (  8.0207441115842885E-003, -3.1510066152652563E-003)
 mdl_CKM32 =  ( -4.1014152720000002E-002,  0.0000000000000000     )
 mdl_CKM33 =  (  1.0000000000000000     ,  0.0000000000000000     )
 mdl_MZ__exp__2 =    8315.1783937600012     
 mdl_MZ__exp__4 =    69142191.720053151     
 mdl_sqrt__2 =    1.4142135623730951     
 mdl_MH__exp__6 =    3814697265625.0000     
 mdl_MT__exp__6 =    26347207783447.266     
 mdl_MH__exp__4 =    244140625.00000000     
 mdl_MT__exp__4 =    885434414.06250000     
 mdl_MH__exp__2 =    15625.000000000000     
 mdl_MT__exp__2 =    29756.250000000000     
 mdl_MH02__exp__2 =    12250000.000000000     
 mdl_FmeioMH =  (  1.0470805239420240     ,  0.0000000000000000     )
 mdl_MH02__exp__6 =    1.8382656250000001E+021
 mdl_MH02__exp__4 =    150062500000000.00     
 mdl_FmeioMR =  ( -94881.833128121187     ,  0.0000000000000000     )
 mdl_MH__exp__12 =    1.4551915228366852E+025
 mdl_MH__exp__10 =    9.3132257461547853E+020
 mdl_MH__exp__8 =    59604644775390624.     
 mdl_MH02__exp__12 =    3.3792205080566410E+042
 mdl_MH02__exp__10 =    2.7585473535156252E+035
 mdl_MH02__exp__8 =    2.2518753906250002E+028
 mdl_conjg__CKM11 =  ( 0.97461995499999998     , -0.0000000000000000     )
 mdl_conjg__CKM12 =  ( 0.22530000000000000     , -0.0000000000000000     )
 mdl_conjg__CKM13 =  (  1.2197444962317122E-003,  3.1510066152652563E-003)
 mdl_conjg__CKM21 =  (-0.22530000000000000     , -0.0000000000000000     )
 mdl_conjg__CKM22 =  ( 0.97461995499999998     , -0.0000000000000000     )
 mdl_conjg__CKM23 =  (  4.1014152720000002E-002, -0.0000000000000000     )
 mdl_conjg__CKM31 =  (  8.0207441115842885E-003,  3.1510066152652563E-003)
 mdl_conjg__CKM32 =  ( -4.1014152720000002E-002, -0.0000000000000000     )
 mdl_conjg__CKM33 =  (  1.0000000000000000     , -0.0000000000000000     )
 mdl_aEW =    7.8186082877247844E-003
 mdl_MW =    79.824479864292599     
 mdl_sqrt__aEW =    8.8422894590285753E-002
 mdl_ee =   0.31345100004952897     
 mdl_MW__exp__2 =    6371.9475856048548     
 mdl_sw2 =   0.23369682719175511     
 mdl_cw =   0.87538744154131254     
 mdl_sqrt__sw2 =   0.48342199700857130     
 mdl_sw =   0.48342199700857130     
 mdl_g1 =   0.35807116389244675     
 mdl_gw =   0.64840036653104827     
 mdl_v =    246.21972467830258     
 mdl_v__exp__2 =    60624.152820659125     
 mdl_lam =   0.12886778019168796     
 mdl_yb =    2.7569785922959604E-002
 mdl_yc =    0.0000000000000000     
 mdl_ye =    2.9350334597150747E-006
 mdl_ym =    6.0687991262914842E-004
 mdl_yt =   0.99078918160636087     
 mdl_ytau =    1.0206564496895670E-002
 mdl_muH =    88.388347648318444     
 mdl_Z =    1.0000000018187245     
 mdl_theta =    7.6628352490421455E-011
 mdl_cos__theta =    1.0000000000000000     
 mdl_a =  -0.99999999818127550     
 mdl_sin__theta =    7.6628352490421455E-011
 mdl_b =    7.6628352351055597E-011
 mdl_c =    1.4849811806320228E-008
 mdl_d =    1.0000000000000000     
 mdl_ee__exp__2 =    9.8251529432049817E-002
 mdl_MW__exp__12 =    6.6931902282585363E+022
 mdl_MW__exp__10 =    1.0504151420484712E+019
 mdl_MW__exp__8 =    1648499344880849.5     
 mdl_MW__exp__6 =    258712006452.32019     
 mdl_MW__exp__4 =    40601716.033695541     
 mdl_AH =    3.2896331152571413E-005
 mdl_AR =    2659599862.1444044     
 mdl_gw__exp__2 =   0.42042303531759773     
 mdl_cw__exp__2 =   0.76630317280824489     
 mdl_sw__exp__2 =   0.23369682719175511     
  Internal Params evaluated point by point
  ----------------------------------------
  
 mdl_sqrt__aS =   0.34351128074635334     
 mdl_G__exp__2 =    1.4828317324943823     
 mdl_Gphi =   -6.3554969584608289E-006
 mdl_GR =  (  1.4133715995743603E-004, -1.3204604160005052E-005)
 mdl_GH =  (  5.8894582703556158E-005,  0.0000000000000000     )
  Couplings of heft_radion
  ---------------------------------
  
        GC_55 =  -0.13205E-04  -0.14134E-03
        GC_18 =   0.00000E+00   0.44685E+00
        GC_19 =   0.00000E+00   0.10330E+00
        GC_20 =   0.14447E-02   0.55924E-03
        GC_21 =  -0.00000E+00  -0.10330E+00
        GC_22 =   0.00000E+00   0.44685E+00
        GC_23 =   0.00000E+00   0.18805E-01
        GC_37 =   0.00000E+00   0.51758E+02
        GC_45 =   0.00000E+00   0.44685E+00
        GC_46 =   0.00000E+00   0.10330E+00
        GC_47 =  -0.14447E-02   0.55924E-03
        GC_48 =   0.00000E+00  -0.10330E+00
        GC_49 =   0.00000E+00   0.44685E+00
        GC_50 =   0.00000E+00   0.18805E-01
        GC_58 =   0.31250E+02   0.00000E+00
        GC_59 =   0.10000E-02   0.00000E+00

 Collider parameters:
 --------------------

 Running at P P   machine @    13000.000000000000       GeV
 PDF set = lhapdf 
 alpha_s(Mz)= 0.1247 running at 1 loops.
 alpha_s(Mz)= 0.1247 running at 1 loops.
 Renormalization scale set on event-by-event basis
 Factorization   scale set on event-by-event basis


 getting user params
Enter number of events and max and min iterations: 
 Number of events and iterations         2000           8           3
Enter desired fractional accuracy: 
 Desired fractional accuracy:    1.0000000000000000E-002
Enter 0 for fixed, 2 for adjustable grid: 
Suppress amplitude (0 no, 1 yes)? 
 Using suppressed amplitude.
Exact helicity sum (0 yes, n = number/event)? 
 Explicitly summing over helicities
Enter Configuration Number: 
Running Configuration Number:    1
 Using dconfig=         476
 BW Setting            2           2           1           2           2           1           0           0
 Attempting mappinvarients           1          10
 Completed mapping          10
 about to integrate           22        2000           8           3          22           1
 Using non-zero grid deformation.
 22 dimensions   2000 events 22 invarients  8 iterations  1 config(s),  (0.99)
 Using h-tuple random number sequence.
 fail to read data
 Error opening grid
 Using Uniform Grid!          40
 Using uniform alpha   1.0000000000000000     
 Grid defined OK
 Set CM energy to      13000.00
 Mapping Graph           1  to config           1
Setting grid   1    0.59172E-08   1
Setting grid   2    0.59172E-08   1
 Setting BW          -3           3   125.00000000000000     
Setting grid   4    0.59172E-08   1
Setting grid   5    0.59172E-08   1
 Setting BW          -6           6   125.00000000000000     
 Setting PDF BW          21           7   3500.0000000000000     
 Transforming s_hat BW    7.2485207100591725E-002   2.0710059171597636E-008
 Masses: 0.000E+00 0.000E+00 0.000E+00 0.000E+00 0.000E+00 0.000E+00 0.000E+00 0.000E+00 0.000E+00 0.000E+00
   1   1   2   3   4   5   6   7   8   9  10  11  12  13  14
  15  16  17  18  19  20  21  22
Using random seed offsets     1 :     78
  with seed                   24
 Ranmar initialization seeds       31059        9475
 
 ********************************************
 * You are using the DiscreteSampler module *
 *      part of the MG5_aMC framework       *
 *         Author: Valentin Hirschi         *
 ********************************************
 
  Particle       3       4       5       6       7       8       9      10
      Et >     0.0     0.0     0.0     0.0     0.0     0.0     0.0     0.0
       E >     0.0     0.0     0.0     0.0     0.0     0.0     0.0     0.0
     Eta <    -1.0    -1.0    -1.0    -1.0    -1.0    -1.0    -1.0    -1.0
   xqcut:      0.0     0.0     0.0     0.0     0.0     0.0     0.0     0.0
d R # 3  >    -0.0     0.0     0.0     0.0     0.0     0.0     0.0     0.0
d R # 4  >    -0.0    -0.0     0.0     0.0     0.0     0.0     0.0     0.0
d R # 5  >    -0.0    -0.0    -0.0     0.0     0.0     0.0     0.0     0.0
d R # 6  >    -0.0    -0.0    -0.0    -0.0     0.0     0.0     0.0     0.0
d R # 7  >    -0.0    -0.0    -0.0    -0.0    -0.0     0.0     0.0     0.0
d R # 8  >    -0.0    -0.0    -0.0    -0.0    -0.0    -0.0     0.0     0.0
d R # 9  >    -0.0    -0.0    -0.0    -0.0    -0.0    -0.0    -0.0     0.0
s min # 3>     0.0     0.0     0.0     0.0     0.0     0.0     0.0     0.0
s min # 4>     0.0     0.0     0.0     0.0     0.0     0.0     0.0     0.0
s min # 5>     0.0     0.0     0.0     0.0     0.0     0.0     0.0     0.0
s min # 6>     0.0     0.0     0.0     0.0     0.0     0.0     0.0     0.0
s min # 7>     0.0     0.0     0.0     0.0     0.0     0.0     0.0     0.0
s min # 8>     0.0     0.0     0.0     0.0     0.0     0.0     0.0     0.0
s min # 9>     0.0     0.0     0.0     0.0     0.0     0.0     0.0     0.0
xqcutij # 3>     0.0     0.0     0.0     0.0     0.0     0.0     0.0     0.0
xqcutij # 4>     0.0     0.0     0.0     0.0     0.0     0.0     0.0     0.0
xqcutij # 5>     0.0     0.0     0.0     0.0     0.0     0.0     0.0     0.0
xqcutij # 6>     0.0     0.0     0.0     0.0     0.0     0.0     0.0     0.0
xqcutij # 7>     0.0     0.0     0.0     0.0     0.0     0.0     0.0     0.0
xqcutij # 8>     0.0     0.0     0.0     0.0     0.0     0.0     0.0     0.0
xqcutij # 9>     0.0     0.0     0.0     0.0     0.0     0.0     0.0     0.0
 Excluding BW           -1           1
 Excluding BW           -2           2
 Requiring BW           -3           3
 Excluding BW           -4           4
 Excluding BW           -5           5
 Requiring BW           -6           6
 No cut BW           -7           7
 alpha_s for scale    3500.0004209127419       is    7.7778522409027870E-002
 Added good helicity            1   512.00000000000000       in event            1 local:           1
 Added good helicity          769   512.00000000000000       in event            1 local:           1
 RESET CUMULATIVE VARIABLE
 RESET CUMULATIVE VARIABLE
 Iteration  1   Mean: 0.1511E-04 Abs mean: 0.1511E-04   Fluctuation:  0.527E-05   0.718E-02     9.6%
  1    0.1511E-04 0.1511E-04 +- 0.5269E-05     15.60
 Writing out events   9.8635689217130077E-009   15.598012479576418     
 Relative summed weights:
  0.0000E+00  0.0000E+00  0.1003E-07  0.0000E+00  0.0000E+00  0.0000E+00  0.5707E-04  0.0000E+00  0.6394E-05  0.0000E+00  0.6809E-10  0.0000E+00  0.2045E-01  0.0000E+00  0.1051E-05  0.0000E+00  0.2129E-01  0.0000E+00  0.9582E+00  0.0000E+00
 Relative number of events:
  0.0000E+00  0.0000E+00  0.9955E-03  0.0000E+00  0.0000E+00  0.0000E+00  0.3982E-02  0.0000E+00  0.3484E-02  0.0000E+00  0.3484E-02  0.0000E+00  0.7964E-01  0.0000E+00  0.3484E-02  0.0000E+00  0.1065E+00  0.0000E+00  0.7984E+00  0.0000E+00
 Events:
           0           0           2           0           0           0           8           0           7           0           7           0         160           0           7           0         214           0        1604           0
 Iteration  2   Mean: 0.8710E-04 Abs mean: 0.8710E-04   Fluctuation:  0.272E-04   0.873E-01    50.6%
  2    0.8710E-04 0.8710E-04 +- 0.2722E-04     19.76
 Relative summed weights:
  0.0000E+00  0.0000E+00  0.0000E+00  0.0000E+00  0.0000E+00  0.0000E+00  0.3245E-03  0.0000E+00  0.8663E-03  0.0000E+00  0.3110E-03  0.0000E+00  0.1550E+00  0.0000E+00  0.6467E-04  0.0000E+00  0.2012E-01  0.0000E+00  0.8233E+00  0.0000E+00
 Relative number of events:
  0.0000E+00  0.0000E+00  0.0000E+00  0.0000E+00  0.0000E+00  0.0000E+00  0.5000E-02  0.0000E+00  0.2250E-02  0.0000E+00  0.4500E-02  0.0000E+00  0.9025E-01  0.0000E+00  0.2250E-02  0.0000E+00  0.7825E-01  0.0000E+00  0.8175E+00  0.0000E+00
 Events:
           0           0           0           0           0           0          20           0           9           0          18           0         361           0           9           0         313           0        3270           0
 Iteration  3   Mean: 0.8486E-04 Abs mean: 0.8486E-04   Fluctuation:  0.137E-04   0.626E-01    70.6%
  3    0.8486E-04 0.8486E-04 +- 0.1373E-04     14.48
 Relative summed weights:
  0.0000E+00  0.0000E+00  0.5297E-04  0.0000E+00  0.0000E+00  0.0000E+00  0.2191E-03  0.0000E+00  0.4684E-03  0.0000E+00  0.3338E-03  0.0000E+00  0.1414E+00  0.0000E+00  0.1798E-03  0.0000E+00  0.4378E-01  0.0000E+00  0.8136E+00  0.0000E+00
 Relative number of events:
  0.0000E+00  0.0000E+00  0.5000E-03  0.0000E+00  0.0000E+00  0.0000E+00  0.3875E-02  0.0000E+00  0.2625E-02  0.0000E+00  0.4625E-02  0.0000E+00  0.8825E-01  0.0000E+00  0.2125E-02  0.0000E+00  0.8225E-01  0.0000E+00  0.8157E+00  0.0000E+00
 Events:
           0           0           4           0           0           0          31           0          21           0          37           0         706           0          17           0         658           0        6526           0
 Accuracy:    0.233   0.010   0.133   3.073
 Found          343  events.
 Wrote           11  events.
 Actual xsec    7.5143966744241634E-005
 Correct abs xsec    7.5143966744241634E-005
 Event xsec    7.5143966744241634E-005
 Events wgts > 1:            2
 % Cross section > 1:    7.3651871130926556E-007  0.98014350748352774     
 Iteration  4   Mean: 0.7990E-04 Abs mean: 0.7990E-04   Fluctuation:  0.558E-05   0.357E-01    71.8%
  4    0.7990E-04 0.7990E-04 +- 0.5581E-05      8.84
 Relative summed weights:
Thanks for using LHAPDF 6.2.1. Please make sure to cite the paper:
  Eur.Phys.J. C75 (2015) 3, 132  (http://arxiv.org/abs/1412.7420)
  0.0000E+00  0.0000E+00  0.4665E-06  0.0000E+00  0.2168E-04  0.0000E+00  0.2203E-02  0.0000E+00  0.5170E-02  0.0000E+00  0.3183E-02  0.0000E+00  0.6315E-01  0.0000E+00  0.1844E-03  0.0000E+00  0.1175E+00  0.0000E+00  0.8086E+00  0.0000E+00
 Relative number of events:
  0.0000E+00  0.0000E+00  0.6250E-04  0.0000E+00  0.4375E-03  0.0000E+00  0.4938E-02  0.0000E+00  0.2687E-02  0.0000E+00  0.4562E-02  0.0000E+00  0.8413E-01  0.0000E+00  0.1500E-02  0.0000E+00  0.9119E-01  0.0000E+00  0.8105E+00  0.0000E+00
 Events:
           0           0           1           0           7           0          79           0          43           0          73           0        1346           0          24           0        1459           0       12968           0
 Accuracy:    0.086   0.010   0.062   1.913
 Found         1048  events.
 Wrote           46  events.
 Actual xsec    8.0939719125637584E-005
 Correct abs xsec    8.0939719125637584E-005
 Event xsec    8.0939719125637557E-005
 Events wgts > 1:            4
 % Cross section > 1:    5.9359139845938774E-007  0.73337467052238436     
 Iteration  5   Mean: 0.8945E-04 Abs mean: 0.8945E-04   Fluctuation:  0.343E-05   0.639E-01    67.8%
  5    0.8945E-04 0.8945E-04 +- 0.3432E-05      6.86
 Relative summed weights:
  0.0000E+00  0.0000E+00  0.1489E-03  0.0000E+00  0.9542E-04  0.0000E+00  0.2759E-02  0.0000E+00  0.1822E-02  0.0000E+00  0.2804E-02  0.0000E+00  0.8463E-01  0.0000E+00  0.1941E-02  0.0000E+00  0.7020E-01  0.0000E+00  0.8356E+00  0.0000E+00
 Relative number of events:
  0.0000E+00  0.0000E+00  0.1250E-03  0.0000E+00  0.2812E-03  0.0000E+00  0.4687E-02  0.0000E+00  0.2594E-02  0.0000E+00  0.4750E-02  0.0000E+00  0.8887E-01  0.0000E+00  0.2531E-02  0.0000E+00  0.8475E-01  0.0000E+00  0.8114E+00  0.0000E+00
 Events:
           0           0           4           0           9           0         150           0          83           0         152           0        2844           0          81           0        2712           0       25965           0
 Accuracy:    0.045   0.010   0.033   1.899
 Found         3109  events.
 Wrote           54  events.
 Actual xsec    8.7135994685361528E-005
 Correct abs xsec    8.7135994685361528E-005
 Event xsec    8.7135994685361582E-005
 Events wgts > 1:            1
 % Cross section > 1:    4.6416487325820835E-013   5.3269016430495378E-007
 Iteration  6   Mean: 0.8995E-04 Abs mean: 0.8995E-04   Fluctuation:  0.148E-05   0.324E-01    54.9%
  6    0.8995E-04 0.8995E-04 +- 0.1479E-05      4.16
 Relative summed weights:
  0.0000E+00  0.0000E+00  0.4770E-03  0.0000E+00  0.5179E-04  0.0000E+00  0.5156E-02  0.0000E+00  0.3420E-02  0.0000E+00  0.3993E-02  0.0000E+00  0.8281E-01  0.0000E+00  0.1830E-02  0.0000E+00  0.8148E-01  0.0000E+00  0.8208E+00  0.0000E+00
 Relative number of events:
  0.0000E+00  0.0000E+00  0.2500E-03  0.0000E+00  0.1719E-03  0.0000E+00  0.4453E-02  0.0000E+00  0.2563E-02  0.0000E+00  0.4594E-02  0.0000E+00  0.8561E-01  0.0000E+00  0.2578E-02  0.0000E+00  0.8648E-01  0.0000E+00  0.8133E+00  0.0000E+00
 Events:
           0           0          16           0          11           0         285           0         164           0         294           0        5479           0         165           0        5535           0       52051           0
 Accuracy:    0.019   0.010   0.015   1.650
 Found         8287  events.
 Wrote          500  events.
 Actual xsec    8.9424611288080785E-005
 Correct abs xsec    8.9424611288080785E-005
 Event xsec    8.9424611288079579E-005
 Events wgts > 1:            5
 % Cross section > 1:    8.8181377856065976E-007  0.98609741307112242     
 Iteration  7   Mean: 0.8943E-04 Abs mean: 0.8943E-04   Fluctuation:  0.697E-06   0.177E-01    53.2%
  7    0.8943E-04 0.8943E-04 +- 0.6973E-06      2.79
 Relative summed weights:
  0.1246E-06  0.0000E+00  0.2819E-03  0.0000E+00  0.3017E-03  0.0000E+00  0.5200E-02  0.0000E+00  0.1759E-02  0.0000E+00  0.4121E-02  0.0000E+00  0.8499E-01  0.0000E+00  0.1868E-02  0.0000E+00  0.8678E-01  0.0000E+00  0.8147E+00  0.0000E+00
 Relative number of events:
  0.7813E-05  0.0000E+00  0.2422E-03  0.0000E+00  0.2578E-03  0.0000E+00  0.4781E-02  0.0000E+00  0.2172E-02  0.0000E+00  0.4656E-02  0.0000E+00  0.8720E-01  0.0000E+00  0.2016E-02  0.0000E+00  0.8604E-01  0.0000E+00  0.8126E+00  0.0000E+00
 Events:
           1           0          31           0          33           0         612           0         278           0         596           0       11162           0         258           0       11013           0      104016           0
 Accuracy:    0.008   0.010   0.007   1.373
 Finished due to accuracy    8.0698356363603351E-003   1.0000000000000000E-002

 -------------------------------------------------------------------------------
 Accumulated results:   Integral =  0.8939E-04
                        Std dev  =  0.6156E-06
                       Cross sec =  0.8939E-04
             Chi**2 per DoF.     =      1.3731
 -------------------------------------------------------------------------------
 Found        19448  events.
 Wrote         3109  events.
 Actual xsec    8.9518855247258504E-005
 Correct abs xsec    8.9518855247258504E-005
 Event xsec    8.9518855247259114E-005
 Events wgts > 1:           55
 % Cross section > 1:    8.8713020145002058E-007  0.99099815228835009     
-------------------------------------------------
---------------------------
 Results Last   3 iters: Integral =   0.8952E-04
                     Abs integral =   0.8952E-04
                          Std dev =   0.6203E-06
                  Chi**2 per DoF. =      0.0514
-------------------------------------------------
---------------------------
 Status   1.0000000000000000E-002           8           8

ls status:
events.lhe
ftn25
ftn26
input_app.txt
results.dat
run1_app.log
