==== LHAPDF6 USING DEFAULT-TYPE LHAGLUE INTERFACE ====
LHAPDF 6.2.1 loading /cvmfs/cms.cern.ch/slc6_amd64_gcc481/external/lhapdf/6.2.1/share/LHAPDF/NNPDF30_lo_as_0130_nf_4/NNPDF30_lo_as_0130_nf_4_0000.dat
NNPDF30_lo_as_0130_nf_4 PDF set, member #0, version 2; LHAPDF ID = 263400
 Process in group number            1
 A PDF is used, so alpha_s(MZ) is going to be modified
 Old value of alpha_s from param_card:   0.11799999999999999     
 New value of alpha_s from PDF lhapdf :  0.12470044313224841     
 using LHAPDF
 Warning: pt or E min of a jet should in general be >0
 Warning: pt or E min of a jet should in general be >0
 Warning: pt or E min of a jet should in general be >0
 Warning: pt or E min of a jet should in general be >0
 Warning: pt or E min of a jet should in general be >0
 Warning: pt or E min of a jet should in general be >0
 Warning: pt or E min of a jet should in general be >0
 *****************************************************
 *               MadGraph/MadEvent                   *
 *        --------------------------------           *
 *          http://madgraph.hep.uiuc.edu             *
 *          http://madgraph.phys.ucl.ac.be           *
 *          http://madgraph.roma2.infn.it            *
 *        --------------------------------           *
 *                                                   *
 *          PARAMETER AND COUPLING VALUES            *
 *                                                   *
 *****************************************************

  External Params
  ---------------------------------
  
 mdl_LR =    1000.0000000000000     
 mdl_xi =    1.0000000000000000E-008
 mdl_ReFmeio =   -1.8123300000000000     
 mdl_FmeioH =   -1.5442800000000001     
 mdl_ImFmeio =    1.4062200000000000     
 mdl_K =    35.000000000000000     
 aEWM1 =    127.90000000000001     
 mdl_Gf =    1.1663780000000000E-005
 aS =   0.11799999999999999     
 mdl_lamWS =   0.22530000000000000     
 mdl_AWS =   0.80800000000000005     
 mdl_rhoWS =   0.13200000000000001     
 mdl_etaWS =   0.34100000000000003     
 mdl_ymc =    0.0000000000000000     
 mdl_ymb =    4.7999999999999998     
 mdl_ymt =    172.50000000000000     
 mdl_yme =    5.1099999999999995E-004
 mdl_ymm =   0.10566000000000000     
 mdl_ymtau =    1.7769999999999999     
 mdl_MC =    0.0000000000000000     
 mdl_MT =    172.50000000000000     
 mdl_MB =    4.7999999999999998     
 mdl_MZ =    91.187600000000003     
 mdl_MH =    125.00000000000000     
 mdl_MH02 =    3500.0000000000000     
 mdl_Me =    5.1099999999999995E-004
 mdl_MM =   0.10566000000000000     
 mdl_MTA =    1.7769999999999999     
 mdl_MP =    120.00000000000000     
 mdl_WT =    1.4915000000000000     
 mdl_WZ =    2.4952000000000001     
 mdl_WW =    2.0850000000000000     
 mdl_WH =    6.3823389999999999E-003
 mdl_WH02 =    1.0000000000000000E-003
 mdl_WTau =    2.2699999999999998E-012
 mdl_WH1 =    6.3823389999999999E-003
  Internal Params
  ---------------------------------
  
 mdl_lamWS__exp__2 =    5.0760090000000001E-002
 mdl_CKM11 =  ( 0.97461995499999998     ,  0.0000000000000000     )
 mdl_CKM12 =  ( 0.22530000000000000     ,  0.0000000000000000     )
 mdl_complexi =  (  0.0000000000000000     ,  1.0000000000000000     )
 mdl_lamWS__exp__3 =    1.1436248277000001E-002
 mdl_CKM13 =  (  1.2197444962317122E-003, -3.1510066152652563E-003)
 mdl_CKM21 =  (-0.22530000000000000     ,  0.0000000000000000     )
 mdl_CKM22 =  ( 0.97461995499999998     ,  0.0000000000000000     )
 mdl_CKM23 =  (  4.1014152720000002E-002,  0.0000000000000000     )
 mdl_CKM31 =  (  8.0207441115842885E-003, -3.1510066152652563E-003)
 mdl_CKM32 =  ( -4.1014152720000002E-002,  0.0000000000000000     )
 mdl_CKM33 =  (  1.0000000000000000     ,  0.0000000000000000     )
 mdl_MZ__exp__2 =    8315.1783937600012     
 mdl_MZ__exp__4 =    69142191.720053151     
 mdl_sqrt__2 =    1.4142135623730951     
 mdl_MH__exp__6 =    3814697265625.0000     
 mdl_MT__exp__6 =    26347207783447.266     
 mdl_MH__exp__4 =    244140625.00000000     
 mdl_MT__exp__4 =    885434414.06250000     
 mdl_MH__exp__2 =    15625.000000000000     
 mdl_MT__exp__2 =    29756.250000000000     
 mdl_MH02__exp__2 =    12250000.000000000     
 mdl_FmeioMH =  (  1.0470805239420240     ,  0.0000000000000000     )
 mdl_MH02__exp__6 =    1.8382656250000001E+021
 mdl_MH02__exp__4 =    150062500000000.00     
 mdl_FmeioMR =  ( -94881.833128121187     ,  0.0000000000000000     )
 mdl_MH__exp__12 =    1.4551915228366852E+025
 mdl_MH__exp__10 =    9.3132257461547853E+020
 mdl_MH__exp__8 =    59604644775390624.     
 mdl_MH02__exp__12 =    3.3792205080566410E+042
 mdl_MH02__exp__10 =    2.7585473535156252E+035
 mdl_MH02__exp__8 =    2.2518753906250002E+028
 mdl_conjg__CKM11 =  ( 0.97461995499999998     , -0.0000000000000000     )
 mdl_conjg__CKM12 =  ( 0.22530000000000000     , -0.0000000000000000     )
 mdl_conjg__CKM13 =  (  1.2197444962317122E-003,  3.1510066152652563E-003)
 mdl_conjg__CKM21 =  (-0.22530000000000000     , -0.0000000000000000     )
 mdl_conjg__CKM22 =  ( 0.97461995499999998     , -0.0000000000000000     )
 mdl_conjg__CKM23 =  (  4.1014152720000002E-002, -0.0000000000000000     )
 mdl_conjg__CKM31 =  (  8.0207441115842885E-003,  3.1510066152652563E-003)
 mdl_conjg__CKM32 =  ( -4.1014152720000002E-002, -0.0000000000000000     )
 mdl_conjg__CKM33 =  (  1.0000000000000000     , -0.0000000000000000     )
 mdl_aEW =    7.8186082877247844E-003
 mdl_MW =    79.824479864292599     
 mdl_sqrt__aEW =    8.8422894590285753E-002
 mdl_ee =   0.31345100004952897     
 mdl_MW__exp__2 =    6371.9475856048548     
 mdl_sw2 =   0.23369682719175511     
 mdl_cw =   0.87538744154131254     
 mdl_sqrt__sw2 =   0.48342199700857130     
 mdl_sw =   0.48342199700857130     
 mdl_g1 =   0.35807116389244675     
 mdl_gw =   0.64840036653104827     
 mdl_v =    246.21972467830258     
 mdl_v__exp__2 =    60624.152820659125     
 mdl_lam =   0.12886778019168796     
 mdl_yb =    2.7569785922959604E-002
 mdl_yc =    0.0000000000000000     
 mdl_ye =    2.9350334597150747E-006
 mdl_ym =    6.0687991262914842E-004
 mdl_yt =   0.99078918160636087     
 mdl_ytau =    1.0206564496895670E-002
 mdl_muH =    88.388347648318444     
 mdl_Z =    1.0000000018187245     
 mdl_theta =    7.6628352490421455E-011
 mdl_cos__theta =    1.0000000000000000     
 mdl_a =  -0.99999999818127550     
 mdl_sin__theta =    7.6628352490421455E-011
 mdl_b =    7.6628352351055597E-011
 mdl_c =    1.4849811806320228E-008
 mdl_d =    1.0000000000000000     
 mdl_ee__exp__2 =    9.8251529432049817E-002
 mdl_MW__exp__12 =    6.6931902282585363E+022
 mdl_MW__exp__10 =    1.0504151420484712E+019
 mdl_MW__exp__8 =    1648499344880849.5     
 mdl_MW__exp__6 =    258712006452.32019     
 mdl_MW__exp__4 =    40601716.033695541     
 mdl_AH =    3.2896331152571413E-005
 mdl_AR =    2659599862.1444044     
 mdl_gw__exp__2 =   0.42042303531759773     
 mdl_cw__exp__2 =   0.76630317280824489     
 mdl_sw__exp__2 =   0.23369682719175511     
  Internal Params evaluated point by point
  ----------------------------------------
  
 mdl_sqrt__aS =   0.34351128074635334     
 mdl_G__exp__2 =    1.4828317324943823     
 mdl_Gphi =   -6.3554969584608289E-006
 mdl_GR =  (  1.4133715995743603E-004, -1.3204604160005052E-005)
 mdl_GH =  (  5.8894582703556158E-005,  0.0000000000000000     )
  Couplings of heft_radion
  ---------------------------------
  
        GC_55 =  -0.13205E-04  -0.14134E-03
        GC_18 =   0.00000E+00   0.44685E+00
        GC_19 =   0.00000E+00   0.10330E+00
        GC_20 =   0.14447E-02   0.55924E-03
        GC_21 =  -0.00000E+00  -0.10330E+00
        GC_22 =   0.00000E+00   0.44685E+00
        GC_23 =   0.00000E+00   0.18805E-01
        GC_37 =   0.00000E+00   0.51758E+02
        GC_45 =   0.00000E+00   0.44685E+00
        GC_46 =   0.00000E+00   0.10330E+00
        GC_47 =  -0.14447E-02   0.55924E-03
        GC_48 =   0.00000E+00  -0.10330E+00
        GC_49 =   0.00000E+00   0.44685E+00
        GC_50 =   0.00000E+00   0.18805E-01
        GC_58 =   0.31250E+02   0.00000E+00
        GC_59 =   0.10000E-02   0.00000E+00

 Collider parameters:
 --------------------

 Running at P P   machine @    13000.000000000000       GeV
 PDF set = lhapdf 
 alpha_s(Mz)= 0.1247 running at 1 loops.
 alpha_s(Mz)= 0.1247 running at 1 loops.
 Renormalization scale set on event-by-event basis
 Factorization   scale set on event-by-event basis


 getting user params
Enter number of events and max and min iterations: 
 Number of events and iterations         2000           8           3
Enter desired fractional accuracy: 
 Desired fractional accuracy:    1.0000000000000000E-002
Enter 0 for fixed, 2 for adjustable grid: 
Suppress amplitude (0 no, 1 yes)? 
 Using suppressed amplitude.
Exact helicity sum (0 yes, n = number/event)? 
 Explicitly summing over helicities
Enter Configuration Number: 
Running Configuration Number:    1
 Using dconfig=         395
 BW Setting            2           2           1           2           1           1           0           0
 Attempting mappinvarients           1          10
 Completed mapping          10
 about to integrate           22        2000           8           3          22           1
 Using non-zero grid deformation.
 22 dimensions   2000 events 22 invarients  8 iterations  1 config(s),  (0.99)
 Using h-tuple random number sequence.
 fail to read data
 Error opening grid
 Using Uniform Grid!          40
 Using uniform alpha   1.0000000000000000     
 Grid defined OK
 Set CM energy to      13000.00
 Mapping Graph           1  to config           1
Setting grid   1    0.13633E-06   1
Setting grid   2    0.59172E-08   1
 Setting BW          -3           3   125.00000000000000     
Setting grid   4    0.59172E-08   1
 Setting BW          -5           5   79.824479864292599     
 Setting BW          -6           6   125.00000000000000     
 Setting PDF BW          21           7   3500.0000000000000     
 Transforming s_hat BW    7.2485207100591725E-002   2.0710059171597636E-008
 Masses: 0.000E+00 0.000E+00 0.000E+00 0.000E+00 0.000E+00 0.000E+00 0.000E+00 0.000E+00 0.480E+01 0.000E+00
   1   1   2   3   4   5   6   7   8   9  10  11  12  13  14
  15  16  17  18  19  20  21  22
Using random seed offsets     1 :     30
  with seed                   24
 Ranmar initialization seeds       31059        9427
 
 ********************************************
 * You are using the DiscreteSampler module *
 *      part of the MG5_aMC framework       *
 *         Author: Valentin Hirschi         *
 ********************************************
 
  Particle       3       4       5       6       7       8       9      10
      Et >     0.0     0.0     0.0     0.0     0.0     0.0     0.0     0.0
       E >     0.0     0.0     0.0     0.0     0.0     0.0     0.0     0.0
     Eta <    -1.0    -1.0    -1.0    -1.0    -1.0    -1.0    -1.0    -1.0
   xqcut:      0.0     0.0     0.0     0.0     0.0     0.0     0.0     0.0
d R # 3  >    -0.0     0.0     0.0     0.0     0.0     0.0     0.0     0.0
d R # 4  >    -0.0    -0.0     0.0     0.0     0.0     0.0     0.0     0.0
d R # 5  >    -0.0    -0.0    -0.0     0.0     0.0     0.0     0.0     0.0
d R # 6  >    -0.0    -0.0    -0.0    -0.0     0.0     0.0     0.0     0.0
d R # 7  >    -0.0    -0.0    -0.0    -0.0    -0.0     0.0     0.0     0.0
d R # 8  >    -0.0    -0.0    -0.0    -0.0    -0.0    -0.0     0.0     0.0
d R # 9  >    -0.0    -0.0    -0.0    -0.0    -0.0    -0.0    -0.0     0.0
s min # 3>     0.0     0.0     0.0     0.0     0.0     0.0     0.0     0.0
s min # 4>     0.0     0.0     0.0     0.0     0.0     0.0     0.0     0.0
s min # 5>     0.0     0.0     0.0     0.0     0.0     0.0     0.0     0.0
s min # 6>     0.0     0.0     0.0     0.0     0.0     0.0     0.0     0.0
s min # 7>     0.0     0.0     0.0     0.0     0.0     0.0     0.0     0.0
s min # 8>     0.0     0.0     0.0     0.0     0.0     0.0     0.0     0.0
s min # 9>     0.0     0.0     0.0     0.0     0.0     0.0     0.0     0.0
xqcutij # 3>     0.0     0.0     0.0     0.0     0.0     0.0     0.0     0.0
xqcutij # 4>     0.0     0.0     0.0     0.0     0.0     0.0     0.0     0.0
xqcutij # 5>     0.0     0.0     0.0     0.0     0.0     0.0     0.0     0.0
xqcutij # 6>     0.0     0.0     0.0     0.0     0.0     0.0     0.0     0.0
xqcutij # 7>     0.0     0.0     0.0     0.0     0.0     0.0     0.0     0.0
xqcutij # 8>     0.0     0.0     0.0     0.0     0.0     0.0     0.0     0.0
xqcutij # 9>     0.0     0.0     0.0     0.0     0.0     0.0     0.0     0.0
 Excluding BW           -1           1
 Excluding BW           -2           2
 Requiring BW           -3           3
 Excluding BW           -4           4
 Requiring BW           -5           5
 Requiring BW           -6           6
 No cut BW           -7           7
 alpha_s for scale    3499.9989777657534       is    7.7778525715730254E-002
 Added good helicity            1   511.78589470407996       in event            1 local:           1
 Added good helicity            3  0.21410529592011004       in event            1 local:           1
 Added good helicity          769   511.78589470407996       in event            1 local:           1
 Added good helicity          771  0.21410529592011004       in event            1 local:           1
 RESET CUMULATIVE VARIABLE
 RESET CUMULATIVE VARIABLE
 Iteration  1   Mean: 0.4539E-06 Abs mean: 0.4539E-06   Fluctuation:  0.155E-06   0.271E-03    10.2%
  1    0.4539E-06 0.4539E-06 +- 0.1547E-06     15.24
 Writing out events   2.7705350360552909E-010   15.242881722577122     
 Relative summed weights:
  0.9687E-02  0.0000E+00  0.1359E-04  0.0000E+00  0.2841E-08  0.0000E+00  0.0000E+00  0.0000E+00  0.8454E+00  0.0000E+00  0.2033E-01  0.0000E+00  0.1245E+00  0.0000E+00  0.6269E-04  0.0000E+00
 Relative number of events:
  0.5426E-01  0.0000E+00  0.3982E-02  0.0000E+00  0.9955E-03  0.0000E+00  0.0000E+00  0.0000E+00  0.8641E+00  0.0000E+00  0.3484E-01  0.0000E+00  0.3982E-01  0.0000E+00  0.1991E-02  0.0000E+00
 Events:
         109           0           8           0           2           0           0           0        1736           0          70           0          80           0           4           0
 Iteration  2   Mean: 0.1986E-05 Abs mean: 0.1986E-05   Fluctuation:  0.375E-06   0.931E-03    49.8%
  2    0.1986E-05 0.1986E-05 +- 0.3749E-06     11.94
 Relative summed weights:
  0.2322E-01  0.0000E+00  0.3127E-04  0.0000E+00  0.9522E-04  0.0000E+00  0.3713E-07  0.0000E+00  0.9186E+00  0.0000E+00  0.4056E-01  0.0000E+00  0.1746E-01  0.0000E+00  0.3307E-05  0.0000E+00
 Relative number of events:
  0.4225E-01  0.0000E+00  0.2250E-02  0.0000E+00  0.1750E-02  0.0000E+00  0.2500E-03  0.0000E+00  0.8640E+00  0.0000E+00  0.4325E-01  0.0000E+00  0.4525E-01  0.0000E+00  0.1000E-02  0.0000E+00
 Events:
         169           0           9           0           7           0           1           0        3456           0         173           0         181           0           4           0
 Iteration  3   Mean: 0.1613E-05 Abs mean: 0.1613E-05   Fluctuation:  0.184E-06   0.587E-03    67.7%
  3    0.1613E-05 0.1613E-05 +- 0.1840E-06     10.21
 Relative summed weights:
  0.2539E-01  0.0000E+00  0.5834E-03  0.0000E+00  0.2264E-02  0.0000E+00  0.0000E+00  0.0000E+00  0.9104E+00  0.0000E+00  0.3508E-01  0.0000E+00  0.2518E-01  0.0000E+00  0.1083E-02  0.0000E+00
 Relative number of events:
  0.4525E-01  0.0000E+00  0.2125E-02  0.0000E+00  0.2500E-02  0.0000E+00  0.0000E+00  0.0000E+00  0.8598E+00  0.0000E+00  0.4362E-01  0.0000E+00  0.4550E-01  0.0000E+00  0.1250E-02  0.0000E+00
 Events:
         362           0          17           0          20           0           0           0        6878           0         349           0         364           0          10           0
 Accuracy:    0.161   0.010   0.094   2.959
 Found          457  events.
 Wrote           21  events.
 Actual xsec    1.6172497550920281E-006
 Correct abs xsec    1.6172497550920281E-006
 Event xsec    1.6172497550920277E-006
 Events wgts > 1:            2
 % Cross section > 1:    1.6773977404219592E-009  0.10371915253908996     
 Iteration  4   Mean: 0.1507E-05 Abs mean: 0.1507E-05   Fluctuation:  0.828E-07   0.639E-03    68.8%
  4    0.1507E-05 0.1507E-05 +- 0.8284E-07      6.95
 Relative summed weights:
  0.4815E-01  0.0000E+00  0.8755E-03  0.0000E+00  0.5470E-02  0.0000E+00  0.1459E-03  0.0000E+00  0.8534E+00  0.0000E+00  0.4934E-01  0.0000E+00  0.4097E-01  0.0000E+00  0.1669E-02  0.0000E+00
 Relative number of events:
Thanks for using LHAPDF 6.2.1. Please make sure to cite the paper:
  Eur.Phys.J. C75 (2015) 3, 132  (http://arxiv.org/abs/1412.7420)
  0.4412E-01  0.0000E+00  0.2812E-02  0.0000E+00  0.2812E-02  0.0000E+00  0.2500E-03  0.0000E+00  0.8549E+00  0.0000E+00  0.4662E-01  0.0000E+00  0.4575E-01  0.0000E+00  0.2750E-02  0.0000E+00
 Events:
         706           0          45           0          45           0           4           0       13678           0         746           0         732           0          44           0
 Accuracy:    0.072   0.010   0.047   2.333
 Found         1411  events.
 Wrote           44  events.
 Actual xsec    1.5566698023506725E-006
 Correct abs xsec    1.5566698023506725E-006
 Event xsec    1.5566698023506731E-006
 Events wgts > 1:            3
 % Cross section > 1:    1.0655559659173541E-008  0.68450994829365552     
 Iteration  5   Mean: 0.1463E-05 Abs mean: 0.1463E-05   Fluctuation:  0.303E-07   0.483E-03    67.1%
  5    0.1463E-05 0.1463E-05 +- 0.3029E-07      3.70
 Relative summed weights:
  0.4096E-01  0.0000E+00  0.2891E-02  0.0000E+00  0.1753E-02  0.0000E+00  0.2213E-03  0.0000E+00  0.8621E+00  0.0000E+00  0.4137E-01  0.0000E+00  0.4844E-01  0.0000E+00  0.2251E-02  0.0000E+00
 Relative number of events:
  0.4409E-01  0.0000E+00  0.2563E-02  0.0000E+00  0.2563E-02  0.0000E+00  0.6250E-04  0.0000E+00  0.8580E+00  0.0000E+00  0.4478E-01  0.0000E+00  0.4516E-01  0.0000E+00  0.2750E-02  0.0000E+00
 Events:
        1411           0          82           0          82           0           2           0       27457           0        1433           0        1445           0          88           0
 Accuracy:    0.028   0.010   0.019   2.118
 Found         3730  events.
 Wrote          304  events.
 Actual xsec    1.4728981356347295E-006
 Correct abs xsec    1.4728981356347295E-006
 Event xsec    1.4728981356347284E-006
 Events wgts > 1:            3
 % Cross section > 1:    1.3335016600037395E-008  0.90535905215813339     
 Iteration  6   Mean: 0.1458E-05 Abs mean: 0.1458E-05   Fluctuation:  0.133E-07   0.736E-04    62.2%
  6    0.1458E-05 0.1458E-05 +- 0.1333E-07      2.31
 Relative summed weights:
  0.4239E-01  0.0000E+00  0.1883E-02  0.0000E+00  0.1745E-02  0.0000E+00  0.7319E-04  0.0000E+00  0.8576E+00  0.0000E+00  0.4611E-01  0.0000E+00  0.4826E-01  0.0000E+00  0.1979E-02  0.0000E+00
 Relative number of events:
  0.4491E-01  0.0000E+00  0.2453E-02  0.0000E+00  0.2344E-02  0.0000E+00  0.9375E-04  0.0000E+00  0.8561E+00  0.0000E+00  0.4558E-01  0.0000E+00  0.4633E-01  0.0000E+00  0.2234E-02  0.0000E+00
 Events:
        2874           0         157           0         150           0           6           0       54788           0        2917           0        2965           0         143           0
 Accuracy:    0.011   0.010   0.008   1.785
 Found         8956  events.
 Wrote         3006  events.
 Actual xsec    1.4601247264196048E-006
 Correct abs xsec    1.4601247264196048E-006
 Event xsec    1.4601247264195499E-006
 Events wgts > 1:           98
 % Cross section > 1:    1.4328883152231984E-008  0.98134651738749779     
 Iteration  7   Mean: 0.1471E-05 Abs mean: 0.1471E-05   Fluctuation:  0.833E-08   0.795E-04    61.5%
  7    0.1471E-05 0.1471E-05 +- 0.8333E-08      2.03
 Relative summed weights:
  0.4687E-01  0.0000E+00  0.2423E-02  0.0000E+00  0.3195E-02  0.0000E+00  0.1167E-03  0.0000E+00  0.8531E+00  0.0000E+00  0.4649E-01  0.0000E+00  0.4507E-01  0.0000E+00  0.2686E-02  0.0000E+00
 Relative number of events:
  0.4672E-01  0.0000E+00  0.2406E-02  0.0000E+00  0.2672E-02  0.0000E+00  0.1094E-03  0.0000E+00  0.8539E+00  0.0000E+00  0.4547E-01  0.0000E+00  0.4634E-01  0.0000E+00  0.2352E-02  0.0000E+00
 Events:
        5980           0         308           0         342           0          14           0      109303           0        5820           0        5932           0         301           0
 Accuracy:    0.006   0.010   0.005   1.543
 Finished due to accuracy    5.7972994463430672E-003   1.0000000000000000E-002

 -------------------------------------------------------------------------------
 Accumulated results:   Integral =  0.1468E-05
                        Std dev  =  0.6851E-08
                       Cross sec =  0.1468E-05
             Chi**2 per DoF.     =      1.5426
 -------------------------------------------------------------------------------
 Found        19246  events.
 Wrote         8332  events.
 Actual xsec    1.4670124892424625E-006
 Correct abs xsec    1.4670124892424625E-006
 Event xsec    1.4670124892423865E-006
 Events wgts > 1:          218
 % Cross section > 1:    1.4646950199522207E-008  0.99842027978141978     
-------------------------------------------------
---------------------------
 Results Last   3 iters: Integral =   0.1467E-05
                     Abs integral =   0.1467E-05
                          Std dev =   0.6881E-08
                  Chi**2 per DoF. =      0.3233
-------------------------------------------------
---------------------------
 Status   1.0000000000000000E-002           8           8

ls status:
events.lhe
ftn25
ftn26
input_app.txt
results.dat
run1_app.log
