==== LHAPDF6 USING DEFAULT-TYPE LHAGLUE INTERFACE ====
LHAPDF 6.2.1 loading /cvmfs/cms.cern.ch/slc6_amd64_gcc481/external/lhapdf/6.2.1/share/LHAPDF/NNPDF30_lo_as_0130_nf_4/NNPDF30_lo_as_0130_nf_4_0000.dat
NNPDF30_lo_as_0130_nf_4 PDF set, member #0, version 2; LHAPDF ID = 263400
 Process in group number            1
 A PDF is used, so alpha_s(MZ) is going to be modified
 Old value of alpha_s from param_card:   0.11799999999999999     
 New value of alpha_s from PDF lhapdf :  0.12470044313224841     
 using LHAPDF
 Warning: pt or E min of a jet should in general be >0
 Warning: pt or E min of a jet should in general be >0
 Warning: pt or E min of a jet should in general be >0
 Warning: pt or E min of a jet should in general be >0
 Warning: pt or E min of a jet should in general be >0
 Warning: pt or E min of a jet should in general be >0
 Warning: pt or E min of a jet should in general be >0
 Warning: pt or E min of a jet should in general be >0
 *****************************************************
 *               MadGraph/MadEvent                   *
 *        --------------------------------           *
 *          http://madgraph.hep.uiuc.edu             *
 *          http://madgraph.phys.ucl.ac.be           *
 *          http://madgraph.roma2.infn.it            *
 *        --------------------------------           *
 *                                                   *
 *          PARAMETER AND COUPLING VALUES            *
 *                                                   *
 *****************************************************

  External Params
  ---------------------------------
  
 mdl_LR =    1000.0000000000000     
 mdl_xi =    1.0000000000000000E-008
 mdl_ReFmeio =   -1.8123300000000000     
 mdl_FmeioH =   -1.5442800000000001     
 mdl_ImFmeio =    1.4062200000000000     
 mdl_K =    35.000000000000000     
 aEWM1 =    127.90000000000001     
 mdl_Gf =    1.1663780000000000E-005
 aS =   0.11799999999999999     
 mdl_lamWS =   0.22530000000000000     
 mdl_AWS =   0.80800000000000005     
 mdl_rhoWS =   0.13200000000000001     
 mdl_etaWS =   0.34100000000000003     
 mdl_ymc =    0.0000000000000000     
 mdl_ymb =    4.7999999999999998     
 mdl_ymt =    172.50000000000000     
 mdl_yme =    5.1099999999999995E-004
 mdl_ymm =   0.10566000000000000     
 mdl_ymtau =    1.7769999999999999     
 mdl_MC =    0.0000000000000000     
 mdl_MT =    172.50000000000000     
 mdl_MB =    4.7999999999999998     
 mdl_MZ =    91.187600000000003     
 mdl_MH =    125.00000000000000     
 mdl_MH02 =    3500.0000000000000     
 mdl_Me =    5.1099999999999995E-004
 mdl_MM =   0.10566000000000000     
 mdl_MTA =    1.7769999999999999     
 mdl_MP =    120.00000000000000     
 mdl_WT =    1.4915000000000000     
 mdl_WZ =    2.4952000000000001     
 mdl_WW =    2.0850000000000000     
 mdl_WH =    6.3823389999999999E-003
 mdl_WH02 =    1.0000000000000000E-003
 mdl_WTau =    2.2699999999999998E-012
 mdl_WH1 =    6.3823389999999999E-003
  Internal Params
  ---------------------------------
  
 mdl_lamWS__exp__2 =    5.0760090000000001E-002
 mdl_CKM11 =  ( 0.97461995499999998     ,  0.0000000000000000     )
 mdl_CKM12 =  ( 0.22530000000000000     ,  0.0000000000000000     )
 mdl_complexi =  (  0.0000000000000000     ,  1.0000000000000000     )
 mdl_lamWS__exp__3 =    1.1436248277000001E-002
 mdl_CKM13 =  (  1.2197444962317122E-003, -3.1510066152652563E-003)
 mdl_CKM21 =  (-0.22530000000000000     ,  0.0000000000000000     )
 mdl_CKM22 =  ( 0.97461995499999998     ,  0.0000000000000000     )
 mdl_CKM23 =  (  4.1014152720000002E-002,  0.0000000000000000     )
 mdl_CKM31 =  (  8.0207441115842885E-003, -3.1510066152652563E-003)
 mdl_CKM32 =  ( -4.1014152720000002E-002,  0.0000000000000000     )
 mdl_CKM33 =  (  1.0000000000000000     ,  0.0000000000000000     )
 mdl_MZ__exp__2 =    8315.1783937600012     
 mdl_MZ__exp__4 =    69142191.720053151     
 mdl_sqrt__2 =    1.4142135623730951     
 mdl_MH__exp__6 =    3814697265625.0000     
 mdl_MT__exp__6 =    26347207783447.266     
 mdl_MH__exp__4 =    244140625.00000000     
 mdl_MT__exp__4 =    885434414.06250000     
 mdl_MH__exp__2 =    15625.000000000000     
 mdl_MT__exp__2 =    29756.250000000000     
 mdl_MH02__exp__2 =    12250000.000000000     
 mdl_FmeioMH =  (  1.0470805239420240     ,  0.0000000000000000     )
 mdl_MH02__exp__6 =    1.8382656250000001E+021
 mdl_MH02__exp__4 =    150062500000000.00     
 mdl_FmeioMR =  ( -94881.833128121187     ,  0.0000000000000000     )
 mdl_MH__exp__12 =    1.4551915228366852E+025
 mdl_MH__exp__10 =    9.3132257461547853E+020
 mdl_MH__exp__8 =    59604644775390624.     
 mdl_MH02__exp__12 =    3.3792205080566410E+042
 mdl_MH02__exp__10 =    2.7585473535156252E+035
 mdl_MH02__exp__8 =    2.2518753906250002E+028
 mdl_conjg__CKM11 =  ( 0.97461995499999998     , -0.0000000000000000     )
 mdl_conjg__CKM12 =  ( 0.22530000000000000     , -0.0000000000000000     )
 mdl_conjg__CKM13 =  (  1.2197444962317122E-003,  3.1510066152652563E-003)
 mdl_conjg__CKM21 =  (-0.22530000000000000     , -0.0000000000000000     )
 mdl_conjg__CKM22 =  ( 0.97461995499999998     , -0.0000000000000000     )
 mdl_conjg__CKM23 =  (  4.1014152720000002E-002, -0.0000000000000000     )
 mdl_conjg__CKM31 =  (  8.0207441115842885E-003,  3.1510066152652563E-003)
 mdl_conjg__CKM32 =  ( -4.1014152720000002E-002, -0.0000000000000000     )
 mdl_conjg__CKM33 =  (  1.0000000000000000     , -0.0000000000000000     )
 mdl_aEW =    7.8186082877247844E-003
 mdl_MW =    79.824479864292599     
 mdl_sqrt__aEW =    8.8422894590285753E-002
 mdl_ee =   0.31345100004952897     
 mdl_MW__exp__2 =    6371.9475856048548     
 mdl_sw2 =   0.23369682719175511     
 mdl_cw =   0.87538744154131254     
 mdl_sqrt__sw2 =   0.48342199700857130     
 mdl_sw =   0.48342199700857130     
 mdl_g1 =   0.35807116389244675     
 mdl_gw =   0.64840036653104827     
 mdl_v =    246.21972467830258     
 mdl_v__exp__2 =    60624.152820659125     
 mdl_lam =   0.12886778019168796     
 mdl_yb =    2.7569785922959604E-002
 mdl_yc =    0.0000000000000000     
 mdl_ye =    2.9350334597150747E-006
 mdl_ym =    6.0687991262914842E-004
 mdl_yt =   0.99078918160636087     
 mdl_ytau =    1.0206564496895670E-002
 mdl_muH =    88.388347648318444     
 mdl_Z =    1.0000000018187245     
 mdl_theta =    7.6628352490421455E-011
 mdl_cos__theta =    1.0000000000000000     
 mdl_a =  -0.99999999818127550     
 mdl_sin__theta =    7.6628352490421455E-011
 mdl_b =    7.6628352351055597E-011
 mdl_c =    1.4849811806320228E-008
 mdl_d =    1.0000000000000000     
 mdl_ee__exp__2 =    9.8251529432049817E-002
 mdl_MW__exp__12 =    6.6931902282585363E+022
 mdl_MW__exp__10 =    1.0504151420484712E+019
 mdl_MW__exp__8 =    1648499344880849.5     
 mdl_MW__exp__6 =    258712006452.32019     
 mdl_MW__exp__4 =    40601716.033695541     
 mdl_AH =    3.2896331152571413E-005
 mdl_AR =    2659599862.1444044     
 mdl_gw__exp__2 =   0.42042303531759773     
 mdl_cw__exp__2 =   0.76630317280824489     
 mdl_sw__exp__2 =   0.23369682719175511     
  Internal Params evaluated point by point
  ----------------------------------------
  
 mdl_sqrt__aS =   0.34351128074635334     
 mdl_G__exp__2 =    1.4828317324943823     
 mdl_Gphi =   -6.3554969584608289E-006
 mdl_GR =  (  1.4133715995743603E-004, -1.3204604160005052E-005)
 mdl_GH =  (  5.8894582703556158E-005,  0.0000000000000000     )
  Couplings of heft_radion
  ---------------------------------
  
        GC_55 =  -0.13205E-04  -0.14134E-03
        GC_18 =   0.00000E+00   0.44685E+00
        GC_19 =   0.00000E+00   0.10330E+00
        GC_20 =   0.14447E-02   0.55924E-03
        GC_21 =  -0.00000E+00  -0.10330E+00
        GC_22 =   0.00000E+00   0.44685E+00
        GC_23 =   0.00000E+00   0.18805E-01
        GC_37 =   0.00000E+00   0.51758E+02
        GC_45 =   0.00000E+00   0.44685E+00
        GC_46 =   0.00000E+00   0.10330E+00
        GC_47 =  -0.14447E-02   0.55924E-03
        GC_48 =   0.00000E+00  -0.10330E+00
        GC_49 =   0.00000E+00   0.44685E+00
        GC_50 =   0.00000E+00   0.18805E-01
        GC_58 =   0.31250E+02   0.00000E+00
        GC_59 =   0.10000E-02   0.00000E+00

 Collider parameters:
 --------------------

 Running at P P   machine @    13000.000000000000       GeV
 PDF set = lhapdf 
 alpha_s(Mz)= 0.1247 running at 1 loops.
 alpha_s(Mz)= 0.1247 running at 1 loops.
 Renormalization scale set on event-by-event basis
 Factorization   scale set on event-by-event basis


 getting user params
Enter number of events and max and min iterations: 
 Number of events and iterations         2000           8           3
Enter desired fractional accuracy: 
 Desired fractional accuracy:    1.0000000000000000E-002
Enter 0 for fixed, 2 for adjustable grid: 
Suppress amplitude (0 no, 1 yes)? 
 Using suppressed amplitude.
Exact helicity sum (0 yes, n = number/event)? 
 Explicitly summing over helicities
Enter Configuration Number: 
Running Configuration Number:    1
 Using dconfig=         473
 BW Setting            2           1           1           2           2           1           0           0
 Attempting mappinvarients           1          10
 Completed mapping          10
 about to integrate           22        2000           8           3          22           1
 Using non-zero grid deformation.
 22 dimensions   2000 events 22 invarients  8 iterations  1 config(s),  (0.99)
 Using h-tuple random number sequence.
 fail to read data
 Error opening grid
 Using Uniform Grid!          40
 Using uniform alpha   1.0000000000000000     
 Grid defined OK
 Set CM energy to      13000.00
 Mapping Graph           1  to config           1
Setting grid   1    0.59172E-08   1
 Setting BW          -2           2   79.824479864292599     
 Setting BW          -3           3   125.00000000000000     
Setting grid   4    0.59172E-08   1
Setting grid   5    0.59172E-08   1
 Setting BW          -6           6   125.00000000000000     
 Setting PDF BW          21           7   3500.0000000000000     
 Transforming s_hat BW    7.2485207100591725E-002   2.0710059171597636E-008
 Masses: 0.000E+00 0.000E+00 0.000E+00 0.000E+00 0.000E+00 0.000E+00 0.000E+00 0.000E+00 0.000E+00 0.000E+00
   1   1   2   3   4   5   6   7   8   9  10  11  12  13  14
  15  16  17  18  19  20  21  22
Using random seed offsets     1 :     32
  with seed                   24
 Ranmar initialization seeds       31059        9429
 
 ********************************************
 * You are using the DiscreteSampler module *
 *      part of the MG5_aMC framework       *
 *         Author: Valentin Hirschi         *
 ********************************************
 
  Particle       3       4       5       6       7       8       9      10
      Et >     0.0     0.0     0.0     0.0     0.0     0.0     0.0     0.0
       E >     0.0     0.0     0.0     0.0     0.0     0.0     0.0     0.0
     Eta <    -1.0    -1.0    -1.0    -1.0    -1.0    -1.0    -1.0    -1.0
   xqcut:      0.0     0.0     0.0     0.0     0.0     0.0     0.0     0.0
d R # 3  >    -0.0     0.0     0.0     0.0     0.0     0.0     0.0     0.0
d R # 4  >    -0.0    -0.0     0.0     0.0     0.0     0.0     0.0     0.0
d R # 5  >    -0.0    -0.0    -0.0     0.0     0.0     0.0     0.0     0.0
d R # 6  >    -0.0    -0.0    -0.0    -0.0     0.0     0.0     0.0     0.0
d R # 7  >    -0.0    -0.0    -0.0    -0.0    -0.0     0.0     0.0     0.0
d R # 8  >    -0.0    -0.0    -0.0    -0.0    -0.0    -0.0     0.0     0.0
d R # 9  >    -0.0    -0.0    -0.0    -0.0    -0.0    -0.0    -0.0     0.0
s min # 3>     0.0     0.0     0.0     0.0     0.0     0.0     0.0     0.0
s min # 4>     0.0     0.0     0.0     0.0     0.0     0.0     0.0     0.0
s min # 5>     0.0     0.0     0.0     0.0     0.0     0.0     0.0     0.0
s min # 6>     0.0     0.0     0.0     0.0     0.0     0.0     0.0     0.0
s min # 7>     0.0     0.0     0.0     0.0     0.0     0.0     0.0     0.0
s min # 8>     0.0     0.0     0.0     0.0     0.0     0.0     0.0     0.0
s min # 9>     0.0     0.0     0.0     0.0     0.0     0.0     0.0     0.0
xqcutij # 3>     0.0     0.0     0.0     0.0     0.0     0.0     0.0     0.0
xqcutij # 4>     0.0     0.0     0.0     0.0     0.0     0.0     0.0     0.0
xqcutij # 5>     0.0     0.0     0.0     0.0     0.0     0.0     0.0     0.0
xqcutij # 6>     0.0     0.0     0.0     0.0     0.0     0.0     0.0     0.0
xqcutij # 7>     0.0     0.0     0.0     0.0     0.0     0.0     0.0     0.0
xqcutij # 8>     0.0     0.0     0.0     0.0     0.0     0.0     0.0     0.0
xqcutij # 9>     0.0     0.0     0.0     0.0     0.0     0.0     0.0     0.0
 Excluding BW           -1           1
 Requiring BW           -2           2
 Requiring BW           -3           3
 Excluding BW           -4           4
 Excluding BW           -5           5
 Requiring BW           -6           6
 No cut BW           -7           7
 alpha_s for scale    3499.9994748705813       is    7.7778524576706976E-002
 Added good helicity            1   512.00000000000000       in event            1 local:           1
 Added good helicity          769   512.00000000000000       in event            1 local:           1
 RESET CUMULATIVE VARIABLE
 RESET CUMULATIVE VARIABLE
 Iteration  1   Mean: 0.2950E-02 Abs mean: 0.2950E-02   Fluctuation:  0.132E-02   0.187E+01    13.6%
  1    0.2950E-02 0.2950E-02 +- 0.1319E-02     19.99
 Writing out events   1.3572064586942905E-006   19.991686430824426     
 Relative summed weights:
  0.0000E+00  0.0000E+00  0.5528E-09  0.0000E+00  0.1090E-11  0.0000E+00  0.5712E-02  0.0000E+00  0.0000E+00  0.0000E+00  0.2045E-08  0.0000E+00  0.0000E+00  0.0000E+00  0.3162E-04  0.0000E+00  0.8684E-09  0.0000E+00  0.4188E-04  0.0000E+00  0.1813E-02  0.0000E+00  0.2351E+00  0.0000E+00  0.0000E+00  0.0000E+00  0.1104E-06  0.0000E+00  0.1800E-09  0.0000E+00  0.2483E+00  0.0000E+00  0.0000E+00  0.0000E+00  0.0000E+00  0.0000E+00  0.0000E+00  0.0000E+00  0.0000E+00  0.0000E+00  0.0000E+00  0.0000E+00  0.0000E+00  0.0000E+00  0.0000E+00  0.0000E+00  0.0000E+00  0.0000E+00  0.0000E+00  0.0000E+00  0.0000E+00  0.0000E+00  0.0000E+00  0.0000E+00  0.0000E+00  0.0000E+00
  0.0000E+00  0.0000E+00  0.0000E+00  0.0000E+00  0.0000E+00  0.0000E+00  0.0000E+00  0.0000E+00  0.0000E+00  0.0000E+00  0.0000E+00  0.0000E+00  0.0000E+00  0.0000E+00  0.0000E+00  0.0000E+00  0.0000E+00  0.0000E+00  0.0000E+00  0.0000E+00  0.0000E+00  0.0000E+00  0.0000E+00  0.0000E+00  0.0000E+00  0.0000E+00  0.0000E+00  0.0000E+00  0.0000E+00  0.0000E+00  0.0000E+00  0.0000E+00  0.0000E+00  0.0000E+00  0.2873E-07  0.0000E+00  0.0000E+00  0.0000E+00  0.6520E-03  0.0000E+00  0.3786E-07  0.0000E+00  0.6461E-04  0.0000E+00  0.2213E-02  0.0000E+00  0.5028E+00  0.0000E+00  0.0000E+00  0.0000E+00  0.9340E-06  0.0000E+00  0.3373E-05  0.0000E+00  0.3263E-02  0.0000E+00
 Relative number of events:
  0.0000E+00  0.0000E+00  0.4978E-03  0.0000E+00  0.4978E-03  0.0000E+00  0.1792E-01  0.0000E+00  0.0000E+00  0.0000E+00  0.4978E-03  0.0000E+00  0.0000E+00  0.0000E+00  0.9955E-03  0.0000E+00  0.4978E-03  0.0000E+00  0.1344E-01  0.0000E+00  0.1991E-01  0.0000E+00  0.3405E+00  0.0000E+00  0.0000E+00  0.0000E+00  0.1991E-02  0.0000E+00  0.4978E-03  0.0000E+00  0.1842E-01  0.0000E+00  0.0000E+00  0.0000E+00  0.0000E+00  0.0000E+00  0.0000E+00  0.0000E+00  0.0000E+00  0.0000E+00  0.0000E+00  0.0000E+00  0.0000E+00  0.0000E+00  0.0000E+00  0.0000E+00  0.0000E+00  0.0000E+00  0.0000E+00  0.0000E+00  0.0000E+00  0.0000E+00  0.0000E+00  0.0000E+00  0.0000E+00  0.0000E+00
  0.0000E+00  0.0000E+00  0.0000E+00  0.0000E+00  0.0000E+00  0.0000E+00  0.0000E+00  0.0000E+00  0.0000E+00  0.0000E+00  0.0000E+00  0.0000E+00  0.0000E+00  0.0000E+00  0.0000E+00  0.0000E+00  0.0000E+00  0.0000E+00  0.0000E+00  0.0000E+00  0.0000E+00  0.0000E+00  0.0000E+00  0.0000E+00  0.0000E+00  0.0000E+00  0.0000E+00  0.0000E+00  0.0000E+00  0.0000E+00  0.0000E+00  0.0000E+00  0.0000E+00  0.0000E+00  0.1991E-02  0.0000E+00  0.0000E+00  0.0000E+00  0.2539E-01  0.0000E+00  0.9955E-03  0.0000E+00  0.2738E-01  0.0000E+00  0.2787E-01  0.0000E+00  0.4749E+00  0.0000E+00  0.0000E+00  0.0000E+00  0.4978E-03  0.0000E+00  0.2489E-02  0.0000E+00  0.2290E-01  0.0000E+00
 Events:
           0           0           1           0           1           0          36           0           0           0           1           0           0           0           2           0           1           0          27           0          40           0         684           0           0           0           4           0           1           0          37           0           0           0           0           0           0           0           0           0           0           0           0           0           0           0           0           0           0           0           0           0           0           0           0           0
           0           0           0           0           0           0           0           0           0           0           0           0           0           0           0           0           0           0           0           0           0           0           0           0           0           0           0           0           0           0           0           0           0           0           4           0           0           0          51           0           2           0          55           0          56           0         954           0           0           0           1           0           5           0          46           0
 Iteration  2   Mean: 0.9476E-03 Abs mean: 0.9476E-03   Fluctuation:  0.179E-03   0.434E+00    54.3%
  2    0.9476E-03 0.9476E-03 +- 0.1785E-03     11.92
 Relative summed weights:
  0.0000E+00  0.0000E+00  0.2183E-03  0.0000E+00  0.5918E-06  0.0000E+00  0.5954E-02  0.0000E+00  0.0000E+00  0.0000E+00  0.0000E+00  0.0000E+00  0.0000E+00  0.0000E+00  0.9412E-04  0.0000E+00  0.4793E-03  0.0000E+00  0.3755E-02  0.0000E+00  0.1794E-01  0.0000E+00  0.4251E+00  0.0000E+00  0.0000E+00  0.0000E+00  0.4087E-05  0.0000E+00  0.6467E-04  0.0000E+00  0.1809E-01  0.0000E+00  0.0000E+00  0.0000E+00  0.0000E+00  0.0000E+00  0.0000E+00  0.0000E+00  0.0000E+00  0.0000E+00  0.0000E+00  0.0000E+00  0.0000E+00  0.0000E+00  0.0000E+00  0.0000E+00  0.0000E+00  0.0000E+00  0.0000E+00  0.0000E+00  0.0000E+00  0.0000E+00  0.0000E+00  0.0000E+00  0.0000E+00  0.0000E+00
  0.0000E+00  0.0000E+00  0.0000E+00  0.0000E+00  0.0000E+00  0.0000E+00  0.0000E+00  0.0000E+00  0.0000E+00  0.0000E+00  0.0000E+00  0.0000E+00  0.0000E+00  0.0000E+00  0.0000E+00  0.0000E+00  0.0000E+00  0.0000E+00  0.0000E+00  0.0000E+00  0.0000E+00  0.0000E+00  0.0000E+00  0.0000E+00  0.0000E+00  0.0000E+00  0.0000E+00  0.0000E+00  0.0000E+00  0.0000E+00  0.0000E+00  0.0000E+00  0.1327E-07  0.0000E+00  0.8039E-06  0.0000E+00  0.8772E-02  0.0000E+00  0.1019E-01  0.0000E+00  0.9023E-04  0.0000E+00  0.3056E-01  0.0000E+00  0.3337E-01  0.0000E+00  0.4397E+00  0.0000E+00  0.9552E-05  0.0000E+00  0.2315E-04  0.0000E+00  0.9487E-05  0.0000E+00  0.5560E-02  0.0000E+00
 Relative number of events:
  0.0000E+00  0.0000E+00  0.1250E-02  0.0000E+00  0.5000E-03  0.0000E+00  0.1825E-01  0.0000E+00  0.0000E+00  0.0000E+00  0.0000E+00  0.0000E+00  0.0000E+00  0.0000E+00  0.1250E-02  0.0000E+00  0.1000E-02  0.0000E+00  0.1625E-01  0.0000E+00  0.1800E-01  0.0000E+00  0.3458E+00  0.0000E+00  0.0000E+00  0.0000E+00  0.1000E-02  0.0000E+00  0.1500E-02  0.0000E+00  0.1525E-01  0.0000E+00  0.0000E+00  0.0000E+00  0.0000E+00  0.0000E+00  0.0000E+00  0.0000E+00  0.0000E+00  0.0000E+00  0.0000E+00  0.0000E+00  0.0000E+00  0.0000E+00  0.0000E+00  0.0000E+00  0.0000E+00  0.0000E+00  0.0000E+00  0.0000E+00  0.0000E+00  0.0000E+00  0.0000E+00  0.0000E+00  0.0000E+00  0.0000E+00
  0.0000E+00  0.0000E+00  0.0000E+00  0.0000E+00  0.0000E+00  0.0000E+00  0.0000E+00  0.0000E+00  0.0000E+00  0.0000E+00  0.0000E+00  0.0000E+00  0.0000E+00  0.0000E+00  0.0000E+00  0.0000E+00  0.0000E+00  0.0000E+00  0.0000E+00  0.0000E+00  0.0000E+00  0.0000E+00  0.0000E+00  0.0000E+00  0.0000E+00  0.0000E+00  0.0000E+00  0.0000E+00  0.0000E+00  0.0000E+00  0.0000E+00  0.0000E+00  0.2500E-03  0.0000E+00  0.1000E-02  0.0000E+00  0.3250E-02  0.0000E+00  0.2400E-01  0.0000E+00  0.1750E-02  0.0000E+00  0.2825E-01  0.0000E+00  0.2550E-01  0.0000E+00  0.4700E+00  0.0000E+00  0.2500E-03  0.0000E+00  0.1250E-02  0.0000E+00  0.1000E-02  0.0000E+00  0.2350E-01  0.0000E+00
 Events:
           0           0           5           0           2           0          73           0           0           0           0           0           0           0           5           0           4           0          65           0          72           0        1383           0           0           0           4           0           6           0          61           0           0           0           0           0           0           0           0           0           0           0           0           0           0           0           0           0           0           0           0           0           0           0           0           0
           0           0           0           0           0           0           0           0           0           0           0           0           0           0           0           0           0           0           0           0           0           0           0           0           0           0           0           0           0           0           0           0           1           0           4           0          13           0          96           0           7           0         113           0         102           0        1880           0           1           0           5           0           4           0          94           0
 Iteration  3   Mean: 0.1839E-02 Abs mean: 0.1839E-02   Fluctuation:  0.355E-03   0.235E+01    74.5%
  3    0.1839E-02 0.1839E-02 +- 0.3549E-03     17.26
 Relative summed weights:
  0.0000E+00  0.0000E+00  0.1039E-02  0.0000E+00  0.1250E-03  0.0000E+00  0.7158E-01  0.0000E+00  0.0000E+00  0.0000E+00  0.0000E+00  0.0000E+00  0.0000E+00  0.0000E+00  0.1577E-02  0.0000E+00  0.1915E-03  0.0000E+00  0.5809E-01  0.0000E+00  0.1423E-01  0.0000E+00  0.4452E+00  0.0000E+00  0.5763E-06  0.0000E+00  0.6767E-03  0.0000E+00  0.5578E-04  0.0000E+00  0.9358E-02  0.0000E+00  0.0000E+00  0.0000E+00  0.0000E+00  0.0000E+00  0.0000E+00  0.0000E+00  0.0000E+00  0.0000E+00  0.0000E+00  0.0000E+00  0.0000E+00  0.0000E+00  0.0000E+00  0.0000E+00  0.0000E+00  0.0000E+00  0.0000E+00  0.0000E+00  0.0000E+00  0.0000E+00  0.0000E+00  0.0000E+00  0.0000E+00  0.0000E+00
  0.0000E+00  0.0000E+00  0.0000E+00  0.0000E+00  0.0000E+00  0.0000E+00  0.0000E+00  0.0000E+00  0.0000E+00  0.0000E+00  0.0000E+00  0.0000E+00  0.0000E+00  0.0000E+00  0.0000E+00  0.0000E+00  0.0000E+00  0.0000E+00  0.0000E+00  0.0000E+00  0.0000E+00  0.0000E+00  0.0000E+00  0.0000E+00  0.0000E+00  0.0000E+00  0.0000E+00  0.0000E+00  0.0000E+00  0.0000E+00  0.0000E+00  0.0000E+00  0.0000E+00  0.0000E+00  0.4101E-03  0.0000E+00  0.1984E-03  0.0000E+00  0.1093E-01  0.0000E+00  0.3068E-03  0.0000E+00  0.2313E-01  0.0000E+00  0.7029E-02  0.0000E+00  0.3387E+00  0.0000E+00  0.2149E-05  0.0000E+00  0.5546E-03  0.0000E+00  0.9333E-03  0.0000E+00  0.1567E-01  0.0000E+00
 Relative number of events:
  0.0000E+00  0.0000E+00  0.1125E-02  0.0000E+00  0.7500E-03  0.0000E+00  0.1663E-01  0.0000E+00  0.0000E+00  0.0000E+00  0.0000E+00  0.0000E+00  0.0000E+00  0.0000E+00  0.1875E-02  0.0000E+00  0.8750E-03  0.0000E+00  0.1625E-01  0.0000E+00  0.1762E-01  0.0000E+00  0.3361E+00  0.0000E+00  0.1250E-03  0.0000E+00  0.1375E-02  0.0000E+00  0.8750E-03  0.0000E+00  0.2063E-01  0.0000E+00  0.0000E+00  0.0000E+00  0.0000E+00  0.0000E+00  0.0000E+00  0.0000E+00  0.0000E+00  0.0000E+00  0.0000E+00  0.0000E+00  0.0000E+00  0.0000E+00  0.0000E+00  0.0000E+00  0.0000E+00  0.0000E+00  0.0000E+00  0.0000E+00  0.0000E+00  0.0000E+00  0.0000E+00  0.0000E+00  0.0000E+00  0.0000E+00
  0.0000E+00  0.0000E+00  0.0000E+00  0.0000E+00  0.0000E+00  0.0000E+00  0.0000E+00  0.0000E+00  0.0000E+00  0.0000E+00  0.0000E+00  0.0000E+00  0.0000E+00  0.0000E+00  0.0000E+00  0.0000E+00  0.0000E+00  0.0000E+00  0.0000E+00  0.0000E+00  0.0000E+00  0.0000E+00  0.0000E+00  0.0000E+00  0.0000E+00  0.0000E+00  0.0000E+00  0.0000E+00  0.0000E+00  0.0000E+00  0.0000E+00  0.0000E+00  0.0000E+00  0.0000E+00  0.1000E-02  0.0000E+00  0.1750E-02  0.0000E+00  0.2825E-01  0.0000E+00  0.1250E-02  0.0000E+00  0.2525E-01  0.0000E+00  0.2562E-01  0.0000E+00  0.4759E+00  0.0000E+00  0.1250E-03  0.0000E+00  0.1750E-02  0.0000E+00  0.1125E-02  0.0000E+00  0.2375E-01  0.0000E+00
 Events:
           0           0           9           0           6           0         133           0           0           0           0           0           0           0          15           0           7           0         130           0         141           0        2689           0           1           0          11           0           7           0         165           0           0           0           0           0           0           0           0           0           0           0           0           0           0           0           0           0           0           0           0           0           0           0           0           0
           0           0           0           0           0           0           0           0           0           0           0           0           0           0           0           0           0           0           0           0           0           0           0           0           0           0           0           0           0           0           0           0           0           0           8           0          14           0         226           0          10           0         202           0         205           0        3807           0           1           0          14           0           9           0         190           0
 Accuracy:    0.284   0.010   0.129   4.847
 Found          548  events.
 Wrote            3  events.
 Actual xsec    1.5133493773074698E-003
 Correct abs xsec    1.5133493773074698E-003
 Event xsec    1.5133493773074698E-003
 Events wgts > 1:            1
 % Cross section > 1:    3.2258503702455033E-011   2.1315965887433684E-006
 Iteration  4   Mean: 0.1880E-02 Abs mean: 0.1880E-02   Fluctuation:  0.358E-03   0.553E+01    74.1%
  4    0.1880E-02 0.1880E-02 +- 0.3577E-03     24.07
 Relative summed weights:
  0.5610E-06  0.0000E+00  0.2335E-02  0.0000E+00  0.8150E-03  0.0000E+00  0.1746E-01  0.0000E+00  0.0000E+00  0.0000E+00  0.0000E+00  0.0000E+00  0.3156E-07  0.0000E+00  0.9368E-04  0.0000E+00  0.1816E-02  0.0000E+00  0.1318E-01  0.0000E+00  0.1326E-01  0.0000E+00  0.5343E+00  0.0000E+00  0.0000E+00  0.0000E+00  0.1494E-03  0.0000E+00  0.2226E-03  0.0000E+00  0.1664E-01  0.0000E+00  0.0000E+00  0.0000E+00  0.0000E+00  0.0000E+00  0.0000E+00  0.0000E+00  0.0000E+00  0.0000E+00  0.0000E+00  0.0000E+00  0.0000E+00  0.0000E+00  0.0000E+00  0.0000E+00  0.0000E+00  0.0000E+00  0.0000E+00  0.0000E+00  0.0000E+00  0.0000E+00  0.0000E+00  0.0000E+00  0.0000E+00  0.0000E+00
  0.0000E+00  0.0000E+00  0.0000E+00  0.0000E+00  0.0000E+00  0.0000E+00  0.0000E+00  0.0000E+00  0.0000E+00  0.0000E+00  0.0000E+00  0.0000E+00  0.0000E+00  0.0000E+00  0.0000E+00  0.0000E+00  0.0000E+00  0.0000E+00  0.0000E+00  0.0000E+00  0.0000E+00  0.0000E+00  0.0000E+00  0.0000E+00  0.0000E+00  0.0000E+00  0.0000E+00  0.0000E+00  0.0000E+00  0.0000E+00  0.0000E+00  0.0000E+00  0.0000E+00  0.0000E+00  0.1184E-02  0.0000E+00  0.7619E-03  0.0000E+00  0.1611E-01  0.0000E+00  0.1029E-02  0.0000E+00  0.3903E-01  0.0000E+00  0.1172E-01  0.0000E+00  0.3141E+00  0.0000E+00  0.2740E-06  0.0000E+00  0.1882E-02  0.0000E+00  0.2332E-03  0.0000E+00  0.1366E-01  0.0000E+00
 Relative number of events:
  0.6250E-04  0.0000E+00  0.1563E-02  0.0000E+00  0.1000E-02  0.0000E+00  0.1644E-01  0.0000E+00  0.0000E+00  0.0000E+00  0.0000E+00  0.0000E+00  0.6250E-04  0.0000E+00  0.6875E-03  0.0000E+00  0.9375E-03  0.0000E+00  0.1781E-01  0.0000E+00  0.1900E-01  0.0000E+00  0.3377E+00  0.0000E+00  0.0000E+00  0.0000E+00  0.1125E-02  0.0000E+00  0.1250E-02  0.0000E+00  0.1919E-01  0.0000E+00  0.0000E+00  0.0000E+00  0.0000E+00  0.0000E+00  0.0000E+00  0.0000E+00  0.0000E+00  0.0000E+00  0.0000E+00  0.0000E+00  0.0000E+00  0.0000E+00  0.0000E+00  0.0000E+00  0.0000E+00  0.0000E+00  0.0000E+00  0.0000E+00  0.0000E+00  0.0000E+00  0.0000E+00  0.0000E+00  0.0000E+00  0.0000E+00
  0.0000E+00  0.0000E+00  0.0000E+00  0.0000E+00  0.0000E+00  0.0000E+00  0.0000E+00  0.0000E+00  0.0000E+00  0.0000E+00  0.0000E+00  0.0000E+00  0.0000E+00  0.0000E+00  0.0000E+00  0.0000E+00  0.0000E+00  0.0000E+00  0.0000E+00  0.0000E+00  0.0000E+00  0.0000E+00  0.0000E+00  0.0000E+00  0.0000E+00  0.0000E+00  0.0000E+00  0.0000E+00  0.0000E+00  0.0000E+00  0.0000E+00  0.0000E+00  0.0000E+00  0.0000E+00  0.1687E-02  0.0000E+00  0.1313E-02  0.0000E+00  0.2550E-01  0.0000E+00  0.1375E-02  0.0000E+00  0.2531E-01  0.0000E+00  0.2531E-01  0.0000E+00  0.4777E+00  0.0000E+00  0.6250E-04  0.0000E+00  0.1250E-02  0.0000E+00  0.1063E-02  0.0000E+00  0.2256E-01  0.0000E+00
 Events:
           1           0          25           0          16           0         263           0           0           0           0           0           1           0          11           0          15           0         285           0         304           0        5404           0           0           0          18           0          20           0         307           0           0           0           0           0           0           0           0           0           0           0           0           0           0           0           0           0           0           0           0           0           0           0           0           0
           0           0           0           0           0           0           0           0           0           0           0           0           0           0           0           0           0           0           0           0           0           0           0           0           0           0           0           0           0           0           0           0           0           0          27           0          21           0         408           0          22           0         405           0         405           0        7643           0           1           0          20           0          17           0         361           0
 Accuracy:    0.188   0.010   0.107   3.108
 Found         1072  events.
 Wrote            3  events.
 Actual xsec    1.5487782021271646E-003
 Correct abs xsec    1.5487782021271646E-003
 Event xsec    1.5487782021271646E-003
 Events wgts > 1:            0
 % Cross section > 1:    0.0000000000000000        0.0000000000000000     
 Iteration  5   Mean: 0.1750E-02 Abs mean: 0.1750E-02   Fluctuation:  0.604E-04   0.114E+01    66.4%
  5    0.1750E-02 0.1750E-02 +- 0.6042E-04      6.18
 Relative summed weights:
  0.5995E-06  0.0000E+00  0.2108E-02  0.0000E+00  0.8737E-03  0.0000E+00  0.2329E-01  0.0000E+00  0.0000E+00  0.0000E+00  0.7863E-06  0.0000E+00  0.0000E+00  0.0000E+00  0.2330E-02  0.0000E+00  0.5666E-03  0.0000E+00  0.2014E-01  0.0000E+00  0.2123E-01  0.0000E+00  0.4173E+00  0.0000E+00  0.1770E-03  0.0000E+00  0.2240E-02  0.0000E+00  0.8553E-03  0.0000E+00  0.2068E-01  0.0000E+00  0.0000E+00  0.0000E+00  0.0000E+00  0.0000E+00  0.0000E+00  0.0000E+00  0.0000E+00  0.0000E+00  0.0000E+00  0.0000E+00  0.0000E+00  0.0000E+00  0.0000E+00  0.0000E+00  0.0000E+00  0.0000E+00  0.0000E+00  0.0000E+00  0.0000E+00  0.0000E+00  0.0000E+00  0.0000E+00  0.0000E+00  0.0000E+00
  0.0000E+00  0.0000E+00  0.0000E+00  0.0000E+00  0.0000E+00  0.0000E+00  0.0000E+00  0.0000E+00  0.0000E+00  0.0000E+00  0.0000E+00  0.0000E+00  0.0000E+00  0.0000E+00  0.0000E+00  0.0000E+00  0.0000E+00  0.0000E+00  0.0000E+00  0.0000E+00  0.0000E+00  0.0000E+00  0.0000E+00  0.0000E+00  0.0000E+00  0.0000E+00  0.0000E+00  0.0000E+00  0.0000E+00  0.0000E+00  0.0000E+00  0.0000E+00  0.3664E-04  0.0000E+00  0.1070E-02  0.0000E+00  0.7808E-03  0.0000E+00  0.2273E-01  0.0000E+00  0.6607E-03  0.0000E+00  0.1487E-01  0.0000E+00  0.2500E-01  0.0000E+00  0.4015E+00  0.0000E+00  0.7391E-05  0.0000E+00  0.3148E-03  0.0000E+00  0.7586E-03  0.0000E+00  0.2051E-01  0.0000E+00
 Relative number of events:
  0.3125E-04  0.0000E+00  0.8437E-03  0.0000E+00  0.1156E-02  0.0000E+00  0.1772E-01  0.0000E+00  0.0000E+00  0.0000E+00  0.6250E-04  0.0000E+00  0.0000E+00  0.0000E+00  0.1031E-02  0.0000E+00  0.7813E-03  0.0000E+00  0.1834E-01  0.0000E+00  0.1825E-01  0.0000E+00  0.3372E+00  0.0000E+00  0.9375E-04  0.0000E+00  0.1094E-02  0.0000E+00  0.9687E-03  0.0000E+00  0.1884E-01  0.0000E+00  0.0000E+00  0.0000E+00  0.0000E+00  0.0000E+00  0.0000E+00  0.0000E+00  0.0000E+00  0.0000E+00  0.0000E+00  0.0000E+00  0.0000E+00  0.0000E+00  0.0000E+00  0.0000E+00  0.0000E+00  0.0000E+00  0.0000E+00  0.0000E+00  0.0000E+00  0.0000E+00  0.0000E+00  0.0000E+00  0.0000E+00  0.0000E+00
  0.0000E+00  0.0000E+00  0.0000E+00  0.0000E+00  0.0000E+00  0.0000E+00  0.0000E+00  0.0000E+00  0.0000E+00  0.0000E+00  0.0000E+00  0.0000E+00  0.0000E+00  0.0000E+00  0.0000E+00  0.0000E+00  0.0000E+00  0.0000E+00  0.0000E+00  0.0000E+00  0.0000E+00  0.0000E+00  0.0000E+00  0.0000E+00  0.0000E+00  0.0000E+00  0.0000E+00  0.0000E+00  0.0000E+00  0.0000E+00  0.0000E+00  0.0000E+00  0.3125E-04  0.0000E+00  0.1219E-02  0.0000E+00  0.1594E-02  0.0000E+00  0.2606E-01  0.0000E+00  0.1187E-02  0.0000E+00  0.2622E-01  0.0000E+00  0.2572E-01  0.0000E+00  0.4737E+00  0.0000E+00  0.6250E-04  0.0000E+00  0.9375E-03  0.0000E+00  0.1469E-02  0.0000E+00  0.2538E-01  0.0000E+00
 Events:
           1           0          27           0          37           0         567           0           0           0           2           0           0           0          33           0          25           0         587           0         584           0       10791           0           3           0          35           0          31           0         603           0           0           0           0           0           0           0           0           0           0           0           0           0           0           0           0           0           0           0           0           0           0           0           0           0
           0           0           0           0           0           0           0           0           0           0           0           0           0           0           0           0           0           0           0           0           0           0           0           0           0           0           0           0           0           0           0           0           1           0          39           0          51           0         834           0          38           0         839           0         823           0       15158           0           2           0          30           0          47           0         812           0
 Accuracy:    0.048   0.010   0.033   2.143
 Found         2935  events.
 Wrote           52  events.
 Actual xsec    1.7568507650396732E-003
 Correct abs xsec    1.7568507650396732E-003
 Event xsec    1.7568507650396747E-003
 Events wgts > 1:            1
 % Cross section > 1:    9.3960387701711584E-013   5.3482281803024790E-008
 Iteration  6   Mean: 0.1789E-02 Abs mean: 0.1789E-02   Fluctuation:  0.232E-04   0.459E+00    68.0%
  6    0.1789E-02 0.1789E-02 +- 0.2320E-04      3.28
 Relative summed weights:
  0.2391E-06  0.0000E+00  0.7774E-03  0.0000E+00  0.7590E-03  0.0000E+00  0.2295E-01  0.0000E+00  0.0000E+00  0.0000E+00  0.1457E-04  0.0000E+00  0.8191E-04  0.0000E+00  0.1126E-02  0.0000E+00  0.9006E-03  0.0000E+00  0.2194E-01  0.0000E+00  0.2045E-01  0.0000E+00  0.4081E+00  0.0000E+00  0.2912E-03  0.0000E+00  0.7842E-03  0.0000E+00  0.6308E-03  0.0000E+00  0.2538E-01  0.0000E+00  0.0000E+00  0.0000E+00  0.0000E+00  0.0000E+00  0.0000E+00  0.0000E+00  0.0000E+00  0.0000E+00  0.0000E+00  0.0000E+00  0.0000E+00  0.0000E+00  0.0000E+00  0.0000E+00  0.0000E+00  0.0000E+00  0.0000E+00  0.0000E+00  0.0000E+00  0.0000E+00  0.0000E+00  0.0000E+00  0.0000E+00  0.0000E+00
  0.0000E+00  0.0000E+00  0.0000E+00  0.0000E+00  0.0000E+00  0.0000E+00  0.0000E+00  0.0000E+00  0.0000E+00  0.0000E+00  0.0000E+00  0.0000E+00  0.0000E+00  0.0000E+00  0.0000E+00  0.0000E+00  0.0000E+00  0.0000E+00  0.0000E+00  0.0000E+00  0.0000E+00  0.0000E+00  0.0000E+00  0.0000E+00  0.0000E+00  0.0000E+00  0.0000E+00  0.0000E+00  0.0000E+00  0.0000E+00  0.0000E+00  0.0000E+00  0.4277E-04  0.0000E+00  0.1613E-02  0.0000E+00  0.8832E-03  0.0000E+00  0.2279E-01  0.0000E+00  0.1134E-02  0.0000E+00  0.2014E-01  0.0000E+00  0.1932E-01  0.0000E+00  0.4078E+00  0.0000E+00  0.1527E-05  0.0000E+00  0.1036E-02  0.0000E+00  0.1115E-02  0.0000E+00  0.1986E-01  0.0000E+00
 Relative number of events:
  0.3125E-04  0.0000E+00  0.9687E-03  0.0000E+00  0.8906E-03  0.0000E+00  0.1806E-01  0.0000E+00  0.0000E+00  0.0000E+00  0.4688E-04  0.0000E+00  0.3125E-04  0.0000E+00  0.1109E-02  0.0000E+00  0.1047E-02  0.0000E+00  0.1895E-01  0.0000E+00  0.1691E-01  0.0000E+00  0.3396E+00  0.0000E+00  0.6250E-04  0.0000E+00  0.8281E-03  0.0000E+00  0.1016E-02  0.0000E+00  0.1814E-01  0.0000E+00  0.0000E+00  0.0000E+00  0.0000E+00  0.0000E+00  0.0000E+00  0.0000E+00  0.0000E+00  0.0000E+00  0.0000E+00  0.0000E+00  0.0000E+00  0.0000E+00  0.0000E+00  0.0000E+00  0.0000E+00  0.0000E+00  0.0000E+00  0.0000E+00  0.0000E+00  0.0000E+00  0.0000E+00  0.0000E+00  0.0000E+00  0.0000E+00
  0.0000E+00  0.0000E+00  0.0000E+00  0.0000E+00  0.0000E+00  0.0000E+00  0.0000E+00  0.0000E+00  0.0000E+00  0.0000E+00  0.0000E+00  0.0000E+00  0.0000E+00  0.0000E+00  0.0000E+00  0.0000E+00  0.0000E+00  0.0000E+00  0.0000E+00  0.0000E+00  0.0000E+00  0.0000E+00  0.0000E+00  0.0000E+00  0.0000E+00  0.0000E+00  0.0000E+00  0.0000E+00  0.0000E+00  0.0000E+00  0.0000E+00  0.0000E+00  0.7813E-04  0.0000E+00  0.1563E-02  0.0000E+00  0.1156E-02  0.0000E+00  0.2456E-01  0.0000E+00  0.1391E-02  0.0000E+00  0.2534E-01  0.0000E+00  0.2511E-01  0.0000E+00  0.4760E+00  0.0000E+00  0.4688E-04  0.0000E+00  0.1266E-02  0.0000E+00  0.1266E-02  0.0000E+00  0.2452E-01  0.0000E+00
 Events:
           2           0          62           0          57           0        1156           0           0           0           3           0           2           0          71           0          67           0        1213           0        1082           0       21735           0           4           0          53           0          65           0        1161           0           0           0           0           0           0           0           0           0           0           0           0           0           0           0           0           0           0           0           0           0           0           0           0           0
           0           0           0           0           0           0           0           0           0           0           0           0           0           0           0           0           0           0           0           0           0           0           0           0           0           0           0           0           0           0           0           0           5           0         100           0          74           0        1572           0          89           0        1622           0        1607           0       30464           0           3           0          81           0          81           0        1569           0
 Accuracy:    0.016   0.010   0.012   1.760
 Found         7678  events.
 Wrote         1112  events.
 Actual xsec    1.7847935993969999E-003
 Correct abs xsec    1.7847935993969999E-003
Thanks for using LHAPDF 6.2.1. Please make sure to cite the paper:
  Eur.Phys.J. C75 (2015) 3, 132  (http://arxiv.org/abs/1412.7420)
 Event xsec    1.7847935993970381E-003
 Events wgts > 1:           21
 % Cross section > 1:    1.7514399637346414E-005  0.98131232895856157     
 Iteration  7   Mean: 0.1755E-02 Abs mean: 0.1755E-02   Fluctuation:  0.116E-04   0.215E+00    65.7%
  7    0.1755E-02 0.1755E-02 +- 0.1155E-04      2.36
 Relative summed weights:
  0.1759E-04  0.0000E+00  0.1079E-02  0.0000E+00  0.1471E-02  0.0000E+00  0.2150E-01  0.0000E+00  0.0000E+00  0.0000E+00  0.1959E-03  0.0000E+00  0.3449E-04  0.0000E+00  0.9162E-03  0.0000E+00  0.1305E-02  0.0000E+00  0.2163E-01  0.0000E+00  0.2251E-01  0.0000E+00  0.4110E+00  0.0000E+00  0.1289E-03  0.0000E+00  0.1280E-02  0.0000E+00  0.9419E-03  0.0000E+00  0.2008E-01  0.0000E+00  0.0000E+00  0.0000E+00  0.0000E+00  0.0000E+00  0.0000E+00  0.0000E+00  0.0000E+00  0.0000E+00  0.0000E+00  0.0000E+00  0.0000E+00  0.0000E+00  0.0000E+00  0.0000E+00  0.0000E+00  0.0000E+00  0.0000E+00  0.0000E+00  0.0000E+00  0.0000E+00  0.0000E+00  0.0000E+00  0.0000E+00  0.0000E+00
  0.0000E+00  0.0000E+00  0.0000E+00  0.0000E+00  0.0000E+00  0.0000E+00  0.0000E+00  0.0000E+00  0.0000E+00  0.0000E+00  0.0000E+00  0.0000E+00  0.0000E+00  0.0000E+00  0.0000E+00  0.0000E+00  0.0000E+00  0.0000E+00  0.0000E+00  0.0000E+00  0.0000E+00  0.0000E+00  0.0000E+00  0.0000E+00  0.0000E+00  0.0000E+00  0.0000E+00  0.0000E+00  0.0000E+00  0.0000E+00  0.0000E+00  0.0000E+00  0.9328E-04  0.0000E+00  0.9514E-03  0.0000E+00  0.1024E-02  0.0000E+00  0.2138E-01  0.0000E+00  0.9044E-03  0.0000E+00  0.2110E-01  0.0000E+00  0.2199E-01  0.0000E+00  0.4058E+00  0.0000E+00  0.9431E-04  0.0000E+00  0.1088E-02  0.0000E+00  0.8658E-03  0.0000E+00  0.2055E-01  0.0000E+00
 Relative number of events:
  0.3125E-04  0.0000E+00  0.1039E-02  0.0000E+00  0.1000E-02  0.0000E+00  0.1843E-01  0.0000E+00  0.0000E+00  0.0000E+00  0.1016E-03  0.0000E+00  0.6250E-04  0.0000E+00  0.9531E-03  0.0000E+00  0.9063E-03  0.0000E+00  0.1781E-01  0.0000E+00  0.1828E-01  0.0000E+00  0.3399E+00  0.0000E+00  0.5469E-04  0.0000E+00  0.1016E-02  0.0000E+00  0.8750E-03  0.0000E+00  0.1824E-01  0.0000E+00  0.0000E+00  0.0000E+00  0.0000E+00  0.0000E+00  0.0000E+00  0.0000E+00  0.0000E+00  0.0000E+00  0.0000E+00  0.0000E+00  0.0000E+00  0.0000E+00  0.0000E+00  0.0000E+00  0.0000E+00  0.0000E+00  0.0000E+00  0.0000E+00  0.0000E+00  0.0000E+00  0.0000E+00  0.0000E+00  0.0000E+00  0.0000E+00
  0.0000E+00  0.0000E+00  0.0000E+00  0.0000E+00  0.0000E+00  0.0000E+00  0.0000E+00  0.0000E+00  0.0000E+00  0.0000E+00  0.0000E+00  0.0000E+00  0.0000E+00  0.0000E+00  0.0000E+00  0.0000E+00  0.0000E+00  0.0000E+00  0.0000E+00  0.0000E+00  0.0000E+00  0.0000E+00  0.0000E+00  0.0000E+00  0.0000E+00  0.0000E+00  0.0000E+00  0.0000E+00  0.0000E+00  0.0000E+00  0.0000E+00  0.0000E+00  0.7813E-04  0.0000E+00  0.1273E-02  0.0000E+00  0.1242E-02  0.0000E+00  0.2502E-01  0.0000E+00  0.1172E-02  0.0000E+00  0.2520E-01  0.0000E+00  0.2514E-01  0.0000E+00  0.4744E+00  0.0000E+00  0.1250E-03  0.0000E+00  0.1359E-02  0.0000E+00  0.1187E-02  0.0000E+00  0.2514E-01  0.0000E+00
 Events:
           4           0         133           0         128           0        2359           0           0           0          13           0           8           0         122           0         116           0        2280           0        2340           0       43505           0           7           0         130           0         112           0        2335           0           0           0           0           0           0           0           0           0           0           0           0           0           0           0           0           0           0           0           0           0           0           0           0           0
           0           0           0           0           0           0           0           0           0           0           0           0           0           0           0           0           0           0           0           0           0           0           0           0           0           0           0           0           0           0           0           0          10           0         163           0         159           0        3203           0         150           0        3225           0        3218           0       60720           0          16           0         174           0         152           0        3218           0
 Accuracy:    0.008   0.010   0.006   1.724
 Finished due to accuracy    7.5901777639184945E-003   1.0000000000000000E-002

 -------------------------------------------------------------------------------
 Accumulated results:   Integral =  0.1761E-02
                        Std dev  =  0.1018E-04
                       Cross sec =  0.1761E-02
             Chi**2 per DoF.     =      1.7244
 -------------------------------------------------------------------------------
 Found        17050  events.
 Wrote         5223  events.
 Actual xsec    1.7613050748306646E-003
 Correct abs xsec    1.7613050748306646E-003
 Event xsec    1.7613050748308426E-003
 Events wgts > 1:          118
 % Cross section > 1:    1.7448365389197543E-005  0.99064981067367341     
-------------------------------------------------
---------------------------
 Results Last   3 iters: Integral =   0.1761E-02
                     Abs integral =   0.1761E-02
                          Std dev =   0.1020E-04
                  Chi**2 per DoF. =      0.9147
-------------------------------------------------
---------------------------
 Status   1.0000000000000000E-002           8           8

ls status:
events.lhe
ftn25
ftn26
input_app.txt
results.dat
run1_app.log
