==== LHAPDF6 USING DEFAULT-TYPE LHAGLUE INTERFACE ====
LHAPDF 6.2.1 loading /cvmfs/cms.cern.ch/slc6_amd64_gcc481/external/lhapdf/6.2.1/share/LHAPDF/NNPDF30_lo_as_0130_nf_4/NNPDF30_lo_as_0130_nf_4_0000.dat
NNPDF30_lo_as_0130_nf_4 PDF set, member #0, version 2; LHAPDF ID = 263400
 Process in group number            1
 A PDF is used, so alpha_s(MZ) is going to be modified
 Old value of alpha_s from param_card:   0.11799999999999999     
 New value of alpha_s from PDF lhapdf :  0.12470044313224841     
 using LHAPDF
 Warning: pt or E min of a jet should in general be >0
 Warning: pt or E min of a jet should in general be >0
 Warning: pt or E min of a jet should in general be >0
 Warning: pt or E min of a jet should in general be >0
 Warning: pt or E min of a jet should in general be >0
 Warning: pt or E min of a jet should in general be >0
 Warning: pt or E min of a jet should in general be >0
 *****************************************************
 *               MadGraph/MadEvent                   *
 *        --------------------------------           *
 *          http://madgraph.hep.uiuc.edu             *
 *          http://madgraph.phys.ucl.ac.be           *
 *          http://madgraph.roma2.infn.it            *
 *        --------------------------------           *
 *                                                   *
 *          PARAMETER AND COUPLING VALUES            *
 *                                                   *
 *****************************************************

  External Params
  ---------------------------------
  
 mdl_LR =    1000.0000000000000     
 mdl_xi =    1.0000000000000000E-008
 mdl_ReFmeio =   -1.8123300000000000     
 mdl_FmeioH =   -1.5442800000000001     
 mdl_ImFmeio =    1.4062200000000000     
 mdl_K =    35.000000000000000     
 aEWM1 =    127.90000000000001     
 mdl_Gf =    1.1663780000000000E-005
 aS =   0.11799999999999999     
 mdl_lamWS =   0.22530000000000000     
 mdl_AWS =   0.80800000000000005     
 mdl_rhoWS =   0.13200000000000001     
 mdl_etaWS =   0.34100000000000003     
 mdl_ymc =    0.0000000000000000     
 mdl_ymb =    4.7999999999999998     
 mdl_ymt =    172.50000000000000     
 mdl_yme =    5.1099999999999995E-004
 mdl_ymm =   0.10566000000000000     
 mdl_ymtau =    1.7769999999999999     
 mdl_MC =    0.0000000000000000     
 mdl_MT =    172.50000000000000     
 mdl_MB =    4.7999999999999998     
 mdl_MZ =    91.187600000000003     
 mdl_MH =    125.00000000000000     
 mdl_MH02 =    3500.0000000000000     
 mdl_Me =    5.1099999999999995E-004
 mdl_MM =   0.10566000000000000     
 mdl_MTA =    1.7769999999999999     
 mdl_MP =    120.00000000000000     
 mdl_WT =    1.4915000000000000     
 mdl_WZ =    2.4952000000000001     
 mdl_WW =    2.0850000000000000     
 mdl_WH =    6.3823389999999999E-003
 mdl_WH02 =    1.0000000000000000E-003
 mdl_WTau =    2.2699999999999998E-012
 mdl_WH1 =    6.3823389999999999E-003
  Internal Params
  ---------------------------------
  
 mdl_lamWS__exp__2 =    5.0760090000000001E-002
 mdl_CKM11 =  ( 0.97461995499999998     ,  0.0000000000000000     )
 mdl_CKM12 =  ( 0.22530000000000000     ,  0.0000000000000000     )
 mdl_complexi =  (  0.0000000000000000     ,  1.0000000000000000     )
 mdl_lamWS__exp__3 =    1.1436248277000001E-002
 mdl_CKM13 =  (  1.2197444962317122E-003, -3.1510066152652563E-003)
 mdl_CKM21 =  (-0.22530000000000000     ,  0.0000000000000000     )
 mdl_CKM22 =  ( 0.97461995499999998     ,  0.0000000000000000     )
 mdl_CKM23 =  (  4.1014152720000002E-002,  0.0000000000000000     )
 mdl_CKM31 =  (  8.0207441115842885E-003, -3.1510066152652563E-003)
 mdl_CKM32 =  ( -4.1014152720000002E-002,  0.0000000000000000     )
 mdl_CKM33 =  (  1.0000000000000000     ,  0.0000000000000000     )
 mdl_MZ__exp__2 =    8315.1783937600012     
 mdl_MZ__exp__4 =    69142191.720053151     
 mdl_sqrt__2 =    1.4142135623730951     
 mdl_MH__exp__6 =    3814697265625.0000     
 mdl_MT__exp__6 =    26347207783447.266     
 mdl_MH__exp__4 =    244140625.00000000     
 mdl_MT__exp__4 =    885434414.06250000     
 mdl_MH__exp__2 =    15625.000000000000     
 mdl_MT__exp__2 =    29756.250000000000     
 mdl_MH02__exp__2 =    12250000.000000000     
 mdl_FmeioMH =  (  1.0470805239420240     ,  0.0000000000000000     )
 mdl_MH02__exp__6 =    1.8382656250000001E+021
 mdl_MH02__exp__4 =    150062500000000.00     
 mdl_FmeioMR =  ( -94881.833128121187     ,  0.0000000000000000     )
 mdl_MH__exp__12 =    1.4551915228366852E+025
 mdl_MH__exp__10 =    9.3132257461547853E+020
 mdl_MH__exp__8 =    59604644775390624.     
 mdl_MH02__exp__12 =    3.3792205080566410E+042
 mdl_MH02__exp__10 =    2.7585473535156252E+035
 mdl_MH02__exp__8 =    2.2518753906250002E+028
 mdl_conjg__CKM11 =  ( 0.97461995499999998     , -0.0000000000000000     )
 mdl_conjg__CKM12 =  ( 0.22530000000000000     , -0.0000000000000000     )
 mdl_conjg__CKM13 =  (  1.2197444962317122E-003,  3.1510066152652563E-003)
 mdl_conjg__CKM21 =  (-0.22530000000000000     , -0.0000000000000000     )
 mdl_conjg__CKM22 =  ( 0.97461995499999998     , -0.0000000000000000     )
 mdl_conjg__CKM23 =  (  4.1014152720000002E-002, -0.0000000000000000     )
 mdl_conjg__CKM31 =  (  8.0207441115842885E-003,  3.1510066152652563E-003)
 mdl_conjg__CKM32 =  ( -4.1014152720000002E-002, -0.0000000000000000     )
 mdl_conjg__CKM33 =  (  1.0000000000000000     , -0.0000000000000000     )
 mdl_aEW =    7.8186082877247844E-003
 mdl_MW =    79.824479864292599     
 mdl_sqrt__aEW =    8.8422894590285753E-002
 mdl_ee =   0.31345100004952897     
 mdl_MW__exp__2 =    6371.9475856048548     
 mdl_sw2 =   0.23369682719175511     
 mdl_cw =   0.87538744154131254     
 mdl_sqrt__sw2 =   0.48342199700857130     
 mdl_sw =   0.48342199700857130     
 mdl_g1 =   0.35807116389244675     
 mdl_gw =   0.64840036653104827     
 mdl_v =    246.21972467830258     
 mdl_v__exp__2 =    60624.152820659125     
 mdl_lam =   0.12886778019168796     
 mdl_yb =    2.7569785922959604E-002
 mdl_yc =    0.0000000000000000     
 mdl_ye =    2.9350334597150747E-006
 mdl_ym =    6.0687991262914842E-004
 mdl_yt =   0.99078918160636087     
 mdl_ytau =    1.0206564496895670E-002
 mdl_muH =    88.388347648318444     
 mdl_Z =    1.0000000018187245     
 mdl_theta =    7.6628352490421455E-011
 mdl_cos__theta =    1.0000000000000000     
 mdl_a =  -0.99999999818127550     
 mdl_sin__theta =    7.6628352490421455E-011
 mdl_b =    7.6628352351055597E-011
 mdl_c =    1.4849811806320228E-008
 mdl_d =    1.0000000000000000     
 mdl_ee__exp__2 =    9.8251529432049817E-002
 mdl_MW__exp__12 =    6.6931902282585363E+022
 mdl_MW__exp__10 =    1.0504151420484712E+019
 mdl_MW__exp__8 =    1648499344880849.5     
 mdl_MW__exp__6 =    258712006452.32019     
 mdl_MW__exp__4 =    40601716.033695541     
 mdl_AH =    3.2896331152571413E-005
 mdl_AR =    2659599862.1444044     
 mdl_gw__exp__2 =   0.42042303531759773     
 mdl_cw__exp__2 =   0.76630317280824489     
 mdl_sw__exp__2 =   0.23369682719175511     
  Internal Params evaluated point by point
  ----------------------------------------
  
 mdl_sqrt__aS =   0.34351128074635334     
 mdl_G__exp__2 =    1.4828317324943823     
 mdl_Gphi =   -6.3554969584608289E-006
 mdl_GR =  (  1.4133715995743603E-004, -1.3204604160005052E-005)
 mdl_GH =  (  5.8894582703556158E-005,  0.0000000000000000     )
  Couplings of heft_radion
  ---------------------------------
  
        GC_55 =  -0.13205E-04  -0.14134E-03
        GC_18 =   0.00000E+00   0.44685E+00
        GC_19 =   0.00000E+00   0.10330E+00
        GC_20 =   0.14447E-02   0.55924E-03
        GC_21 =  -0.00000E+00  -0.10330E+00
        GC_22 =   0.00000E+00   0.44685E+00
        GC_23 =   0.00000E+00   0.18805E-01
        GC_37 =   0.00000E+00   0.51758E+02
        GC_45 =   0.00000E+00   0.44685E+00
        GC_46 =   0.00000E+00   0.10330E+00
        GC_47 =  -0.14447E-02   0.55924E-03
        GC_48 =   0.00000E+00  -0.10330E+00
        GC_49 =   0.00000E+00   0.44685E+00
        GC_50 =   0.00000E+00   0.18805E-01
        GC_58 =   0.31250E+02   0.00000E+00
        GC_59 =   0.10000E-02   0.00000E+00

 Collider parameters:
 --------------------

 Running at P P   machine @    13000.000000000000       GeV
 PDF set = lhapdf 
 alpha_s(Mz)= 0.1247 running at 1 loops.
 alpha_s(Mz)= 0.1247 running at 1 loops.
 Renormalization scale set on event-by-event basis
 Factorization   scale set on event-by-event basis


 getting user params
Enter number of events and max and min iterations: 
 Number of events and iterations         2000           8           3
Enter desired fractional accuracy: 
 Desired fractional accuracy:    1.0000000000000000E-002
Enter 0 for fixed, 2 for adjustable grid: 
Suppress amplitude (0 no, 1 yes)? 
 Using suppressed amplitude.
Exact helicity sum (0 yes, n = number/event)? 
 Explicitly summing over helicities
Enter Configuration Number: 
Running Configuration Number:    1
 Using dconfig=         395
 BW Setting            2           2           1           2           1           1           0           0
 Attempting mappinvarients           1          10
 Completed mapping          10
 about to integrate           22        2000           8           3          22           1
 Using non-zero grid deformation.
 22 dimensions   2000 events 22 invarients  8 iterations  1 config(s),  (0.99)
 Using h-tuple random number sequence.
 fail to read data
 Error opening grid
 Using Uniform Grid!          40
 Using uniform alpha   1.0000000000000000     
 Grid defined OK
 Set CM energy to      13000.00
 Mapping Graph           1  to config           1
Setting grid   1    0.59172E-08   1
Setting grid   2    0.59172E-08   1
 Setting BW          -3           3   125.00000000000000     
Setting grid   4    0.13633E-06   1
 Setting BW          -5           5   79.824479864292599     
 Setting BW          -6           6   125.00000000000000     
 Setting PDF BW          21           7   3500.0000000000000     
 Transforming s_hat BW    7.2485207100591725E-002   2.0710059171597636E-008
 Masses: 0.000E+00 0.000E+00 0.000E+00 0.000E+00 0.000E+00 0.480E+01 0.000E+00 0.000E+00 0.000E+00 0.000E+00
   1   1   2   3   4   5   6   7   8   9  10  11  12  13  14
  15  16  17  18  19  20  21  22
Using random seed offsets     1 :     20
  with seed                   24
 Ranmar initialization seeds       31059        9417
 
 ********************************************
 * You are using the DiscreteSampler module *
 *      part of the MG5_aMC framework       *
 *         Author: Valentin Hirschi         *
 ********************************************
 
  Particle       3       4       5       6       7       8       9      10
      Et >     0.0     0.0     0.0     0.0     0.0     0.0     0.0     0.0
       E >     0.0     0.0     0.0     0.0     0.0     0.0     0.0     0.0
     Eta <    -1.0    -1.0    -1.0    -1.0    -1.0    -1.0    -1.0    -1.0
   xqcut:      0.0     0.0     0.0     0.0     0.0     0.0     0.0     0.0
d R # 3  >    -0.0     0.0     0.0     0.0     0.0     0.0     0.0     0.0
d R # 4  >    -0.0    -0.0     0.0     0.0     0.0     0.0     0.0     0.0
d R # 5  >    -0.0    -0.0    -0.0     0.0     0.0     0.0     0.0     0.0
d R # 6  >    -0.0    -0.0    -0.0    -0.0     0.0     0.0     0.0     0.0
d R # 7  >    -0.0    -0.0    -0.0    -0.0    -0.0     0.0     0.0     0.0
d R # 8  >    -0.0    -0.0    -0.0    -0.0    -0.0    -0.0     0.0     0.0
d R # 9  >    -0.0    -0.0    -0.0    -0.0    -0.0    -0.0    -0.0     0.0
s min # 3>     0.0     0.0     0.0     0.0     0.0     0.0     0.0     0.0
s min # 4>     0.0     0.0     0.0     0.0     0.0     0.0     0.0     0.0
s min # 5>     0.0     0.0     0.0     0.0     0.0     0.0     0.0     0.0
s min # 6>     0.0     0.0     0.0     0.0     0.0     0.0     0.0     0.0
s min # 7>     0.0     0.0     0.0     0.0     0.0     0.0     0.0     0.0
s min # 8>     0.0     0.0     0.0     0.0     0.0     0.0     0.0     0.0
s min # 9>     0.0     0.0     0.0     0.0     0.0     0.0     0.0     0.0
xqcutij # 3>     0.0     0.0     0.0     0.0     0.0     0.0     0.0     0.0
xqcutij # 4>     0.0     0.0     0.0     0.0     0.0     0.0     0.0     0.0
xqcutij # 5>     0.0     0.0     0.0     0.0     0.0     0.0     0.0     0.0
xqcutij # 6>     0.0     0.0     0.0     0.0     0.0     0.0     0.0     0.0
xqcutij # 7>     0.0     0.0     0.0     0.0     0.0     0.0     0.0     0.0
xqcutij # 8>     0.0     0.0     0.0     0.0     0.0     0.0     0.0     0.0
xqcutij # 9>     0.0     0.0     0.0     0.0     0.0     0.0     0.0     0.0
 Excluding BW           -1           1
 Excluding BW           -2           2
 Requiring BW           -3           3
 Excluding BW           -4           4
 Requiring BW           -5           5
 Requiring BW           -6           6
 No cut BW           -7           7
 alpha_s for scale    3500.0025265657609       is    7.7778517584319320E-002
 Added good helicity            1   506.89431397614828       in event            1 local:           1
 Added good helicity           17   5.1056860238516739       in event            1 local:           1
 Added good helicity          769   506.89431397614828       in event            1 local:           1
 Added good helicity          785   5.1056860238516739       in event            1 local:           1
 RESET CUMULATIVE VARIABLE
 RESET CUMULATIVE VARIABLE
 Iteration  1   Mean: 0.1036E-07 Abs mean: 0.1036E-07   Fluctuation:  0.234E-08   0.287E-05     9.9%
  1    0.1036E-07 0.1036E-07 +- 0.2340E-08     10.10
 Writing out events   6.5624026494986117E-012   10.095059560675352     
 Relative summed weights:
  0.9268E-06  0.0000E+00  0.7753E-03  0.0000E+00  0.5058E-01  0.0000E+00  0.5238E+00  0.0000E+00  0.0000E+00  0.0000E+00  0.3770E-02  0.0000E+00  0.1136E-06  0.0000E+00  0.1583E+00  0.0000E+00  0.0000E+00  0.0000E+00  0.0000E+00  0.0000E+00  0.0000E+00  0.0000E+00  0.0000E+00  0.0000E+00  0.0000E+00  0.0000E+00  0.0000E+00  0.0000E+00  0.0000E+00  0.0000E+00  0.0000E+00  0.0000E+00
  0.0000E+00  0.0000E+00  0.0000E+00  0.0000E+00  0.0000E+00  0.0000E+00  0.0000E+00  0.0000E+00  0.0000E+00  0.0000E+00  0.0000E+00  0.0000E+00  0.0000E+00  0.0000E+00  0.0000E+00  0.0000E+00  0.2294E-03  0.0000E+00  0.7475E-03  0.0000E+00  0.1721E-02  0.0000E+00  0.2511E+00  0.0000E+00  0.0000E+00  0.0000E+00  0.1960E-11  0.0000E+00  0.2117E-04  0.0000E+00  0.8963E-02  0.0000E+00
 Relative number of events:
  0.1493E-02  0.0000E+00  0.2987E-01  0.0000E+00  0.3435E-01  0.0000E+00  0.4933E+00  0.0000E+00  0.0000E+00  0.0000E+00  0.1991E-02  0.0000E+00  0.1991E-02  0.0000E+00  0.3086E-01  0.0000E+00  0.0000E+00  0.0000E+00  0.0000E+00  0.0000E+00  0.0000E+00  0.0000E+00  0.0000E+00  0.0000E+00  0.0000E+00  0.0000E+00  0.0000E+00  0.0000E+00  0.0000E+00  0.0000E+00  0.0000E+00  0.0000E+00
  0.0000E+00  0.0000E+00  0.0000E+00  0.0000E+00  0.0000E+00  0.0000E+00  0.0000E+00  0.0000E+00  0.0000E+00  0.0000E+00  0.0000E+00  0.0000E+00  0.0000E+00  0.0000E+00  0.0000E+00  0.0000E+00  0.2987E-02  0.0000E+00  0.1643E-01  0.0000E+00  0.1493E-01  0.0000E+00  0.3519E+00  0.0000E+00  0.0000E+00  0.0000E+00  0.9955E-03  0.0000E+00  0.4978E-03  0.0000E+00  0.1842E-01  0.0000E+00
 Events:
           3           0          60           0          69           0         991           0           0           0           4           0           4           0          62           0           0           0           0           0           0           0           0           0           0           0           0           0           0           0           0           0
           0           0           0           0           0           0           0           0           0           0           0           0           0           0           0           0           6           0          33           0          30           0         707           0           0           0           2           0           1           0          37           0
 Iteration  2   Mean: 0.2113E-07 Abs mean: 0.2113E-07   Fluctuation:  0.385E-08   0.101E-04    52.9%
  2    0.2113E-07 0.2113E-07 +- 0.3850E-08     11.52
 Relative summed weights:
  0.6244E-03  0.0000E+00  0.2057E-01  0.0000E+00  0.5834E-02  0.0000E+00  0.3632E+00  0.0000E+00  0.1482E-03  0.0000E+00  0.4410E-02  0.0000E+00  0.2236E-03  0.0000E+00  0.9499E-02  0.0000E+00  0.0000E+00  0.0000E+00  0.0000E+00  0.0000E+00  0.0000E+00  0.0000E+00  0.0000E+00  0.0000E+00  0.0000E+00  0.0000E+00  0.0000E+00  0.0000E+00  0.0000E+00  0.0000E+00  0.0000E+00  0.0000E+00
  0.0000E+00  0.0000E+00  0.0000E+00  0.0000E+00  0.0000E+00  0.0000E+00  0.0000E+00  0.0000E+00  0.0000E+00  0.0000E+00  0.0000E+00  0.0000E+00  0.0000E+00  0.0000E+00  0.0000E+00  0.0000E+00  0.2430E-04  0.0000E+00  0.4428E-02  0.0000E+00  0.8262E-02  0.0000E+00  0.5486E+00  0.0000E+00  0.0000E+00  0.0000E+00  0.1143E-02  0.0000E+00  0.1204E-04  0.0000E+00  0.3304E-01  0.0000E+00
 Relative number of events:
  0.2000E-02  0.0000E+00  0.2900E-01  0.0000E+00  0.2725E-01  0.0000E+00  0.5022E+00  0.0000E+00  0.2500E-03  0.0000E+00  0.1000E-02  0.0000E+00  0.2000E-02  0.0000E+00  0.2800E-01  0.0000E+00  0.0000E+00  0.0000E+00  0.0000E+00  0.0000E+00  0.0000E+00  0.0000E+00  0.0000E+00  0.0000E+00  0.0000E+00  0.0000E+00  0.0000E+00  0.0000E+00  0.0000E+00  0.0000E+00  0.0000E+00  0.0000E+00
  0.0000E+00  0.0000E+00  0.0000E+00  0.0000E+00  0.0000E+00  0.0000E+00  0.0000E+00  0.0000E+00  0.0000E+00  0.0000E+00  0.0000E+00  0.0000E+00  0.0000E+00  0.0000E+00  0.0000E+00  0.0000E+00  0.7500E-03  0.0000E+00  0.1975E-01  0.0000E+00  0.1825E-01  0.0000E+00  0.3493E+00  0.0000E+00  0.0000E+00  0.0000E+00  0.1250E-02  0.0000E+00  0.1750E-02  0.0000E+00  0.1725E-01  0.0000E+00
 Events:
           8           0         116           0         109           0        2009           0           1           0           4           0           8           0         112           0           0           0           0           0           0           0           0           0           0           0           0           0           0           0           0           0
           0           0           0           0           0           0           0           0           0           0           0           0           0           0           0           0           3           0          79           0          73           0        1397           0           0           0           5           0           7           0          69           0
 Iteration  3   Mean: 0.1959E-07 Abs mean: 0.1959E-07   Fluctuation:  0.149E-08   0.485E-05    68.3%
  3    0.1959E-07 0.1959E-07 +- 0.1490E-08      6.80
 Relative summed weights:
  0.2470E-02  0.0000E+00  0.1208E-01  0.0000E+00  0.1968E-01  0.0000E+00  0.4609E+00  0.0000E+00  0.3378E-07  0.0000E+00  0.1181E-03  0.0000E+00  0.1090E-02  0.0000E+00  0.2480E-01  0.0000E+00  0.0000E+00  0.0000E+00  0.0000E+00  0.0000E+00  0.0000E+00  0.0000E+00  0.0000E+00  0.0000E+00  0.0000E+00  0.0000E+00  0.0000E+00  0.0000E+00  0.0000E+00  0.0000E+00  0.0000E+00  0.0000E+00
  0.0000E+00  0.0000E+00  0.0000E+00  0.0000E+00  0.0000E+00  0.0000E+00  0.0000E+00  0.0000E+00  0.0000E+00  0.0000E+00  0.0000E+00  0.0000E+00  0.0000E+00  0.0000E+00  0.0000E+00  0.0000E+00  0.4307E-04  0.0000E+00  0.2535E-01  0.0000E+00  0.1384E-01  0.0000E+00  0.3957E+00  0.0000E+00  0.0000E+00  0.0000E+00  0.5302E-04  0.0000E+00  0.1142E-02  0.0000E+00  0.4274E-01  0.0000E+00
 Relative number of events:
  0.2000E-02  0.0000E+00  0.2813E-01  0.0000E+00  0.2925E-01  0.0000E+00  0.4918E+00  0.0000E+00  0.1250E-03  0.0000E+00  0.8750E-03  0.0000E+00  0.1875E-02  0.0000E+00  0.2637E-01  0.0000E+00  0.0000E+00  0.0000E+00  0.0000E+00  0.0000E+00  0.0000E+00  0.0000E+00  0.0000E+00  0.0000E+00  0.0000E+00  0.0000E+00  0.0000E+00  0.0000E+00  0.0000E+00  0.0000E+00  0.0000E+00  0.0000E+00
  0.0000E+00  0.0000E+00  0.0000E+00  0.0000E+00  0.0000E+00  0.0000E+00  0.0000E+00  0.0000E+00  0.0000E+00  0.0000E+00  0.0000E+00  0.0000E+00  0.0000E+00  0.0000E+00  0.0000E+00  0.0000E+00  0.5000E-03  0.0000E+00  0.1900E-01  0.0000E+00  0.2013E-01  0.0000E+00  0.3545E+00  0.0000E+00  0.0000E+00  0.0000E+00  0.7500E-03  0.0000E+00  0.1375E-02  0.0000E+00  0.2337E-01  0.0000E+00
 Events:
          16           0         225           0         234           0        3934           0           1           0           7           0          15           0         211           0           0           0           0           0           0           0           0           0           0           0           0           0           0           0           0           0
           0           0           0           0           0           0           0           0           0           0           0           0           0           0           0           0           4           0         152           0         161           0        2836           0           0           0           6           0          11           0         187           0
 Accuracy:    0.102   0.010   0.067   2.303
 Found          579  events.
 Wrote           24  events.
 Actual xsec    1.8983380790783194E-008
 Correct abs xsec    1.8983380790783194E-008
 Event xsec    1.8983380790783194E-008
 Events wgts > 1:            2
 % Cross section > 1:    7.8789589756610198E-011  0.41504508930708545     
 Iteration  4   Mean: 0.1836E-07 Abs mean: 0.1836E-07   Fluctuation:  0.559E-09   0.247E-05    72.8%
  4    0.1836E-07 0.1836E-07 +- 0.5591E-09      3.85
 Relative summed weights:
  0.2516E-02  0.0000E+00  0.1872E-01  0.0000E+00  0.2724E-01  0.0000E+00  0.4178E+00  0.0000E+00  0.0000E+00  0.0000E+00  0.1505E-02  0.0000E+00  0.1860E-02  0.0000E+00  0.3173E-01  0.0000E+00  0.0000E+00  0.0000E+00  0.0000E+00  0.0000E+00  0.0000E+00  0.0000E+00  0.0000E+00  0.0000E+00  0.0000E+00  0.0000E+00  0.0000E+00  0.0000E+00  0.0000E+00  0.0000E+00  0.0000E+00  0.0000E+00
  0.0000E+00  0.0000E+00  0.0000E+00  0.0000E+00  0.0000E+00  0.0000E+00  0.0000E+00  0.0000E+00  0.0000E+00  0.0000E+00  0.0000E+00  0.0000E+00  0.0000E+00  0.0000E+00  0.0000E+00  0.0000E+00  0.3721E-03  0.0000E+00  0.2460E-01  0.0000E+00  0.2147E-01  0.0000E+00  0.4320E+00  0.0000E+00  0.1805E-03  0.0000E+00  0.1900E-03  0.0000E+00  0.3559E-03  0.0000E+00  0.1939E-01  0.0000E+00
 Relative number of events:
  0.1000E-02  0.0000E+00  0.2844E-01  0.0000E+00  0.2525E-01  0.0000E+00  0.5052E+00  0.0000E+00  0.0000E+00  0.0000E+00  0.1500E-02  0.0000E+00  0.1187E-02  0.0000E+00  0.2794E-01  0.0000E+00  0.0000E+00  0.0000E+00  0.0000E+00  0.0000E+00  0.0000E+00  0.0000E+00  0.0000E+00  0.0000E+00  0.0000E+00  0.0000E+00  0.0000E+00  0.0000E+00  0.0000E+00  0.0000E+00  0.0000E+00  0.0000E+00
  0.0000E+00  0.0000E+00  0.0000E+00  0.0000E+00  0.0000E+00  0.0000E+00  0.0000E+00  0.0000E+00  0.0000E+00  0.0000E+00  0.0000E+00  0.0000E+00  0.0000E+00  0.0000E+00  0.0000E+00  0.0000E+00  0.8125E-03  0.0000E+00  0.1681E-01  0.0000E+00  0.1956E-01  0.0000E+00  0.3528E+00  0.0000E+00  0.6250E-04  0.0000E+00  0.9375E-03  0.0000E+00  0.7500E-03  0.0000E+00  0.1781E-01  0.0000E+00
 Events:
          16           0         455           0         404           0        8083           0           0           0          24           0          19           0         447           0           0           0           0           0           0           0           0           0           0           0           0           0           0           0           0           0
           0           0           0           0           0           0           0           0           0           0           0           0           0           0           0           0          13           0         269           0         313           0        5644           0           1           0          15           0          12           0         285           0
 Accuracy:    0.036   0.010   0.028   1.694
 Found         1530  events.
 Wrote          216  events.
 Actual xsec    1.8587903190295881E-008
 Correct abs xsec    1.8587903190295881E-008
 Event xsec    1.8587903190295881E-008
 Events wgts > 1:            8
 % Cross section > 1:    1.6580132287225292E-010  0.89198507854727915     
 Iteration  5   Mean: 0.1907E-07 Abs mean: 0.1907E-07   Fluctuation:  0.303E-09   0.179E-05    69.5%
  5    0.1907E-07 0.1907E-07 +- 0.3034E-09      2.85
 Relative summed weights:
Thanks for using LHAPDF 6.2.1. Please make sure to cite the paper:
  Eur.Phys.J. C75 (2015) 3, 132  (http://arxiv.org/abs/1412.7420)
  0.8643E-03  0.0000E+00  0.2168E-01  0.0000E+00  0.2307E-01  0.0000E+00  0.4215E+00  0.0000E+00  0.1687E-04  0.0000E+00  0.1113E-02  0.0000E+00  0.1225E-02  0.0000E+00  0.2583E-01  0.0000E+00  0.0000E+00  0.0000E+00  0.0000E+00  0.0000E+00  0.0000E+00  0.0000E+00  0.0000E+00  0.0000E+00  0.0000E+00  0.0000E+00  0.0000E+00  0.0000E+00  0.0000E+00  0.0000E+00  0.0000E+00  0.0000E+00
  0.0000E+00  0.0000E+00  0.0000E+00  0.0000E+00  0.0000E+00  0.0000E+00  0.0000E+00  0.0000E+00  0.0000E+00  0.0000E+00  0.0000E+00  0.0000E+00  0.0000E+00  0.0000E+00  0.0000E+00  0.0000E+00  0.2872E-02  0.0000E+00  0.1832E-01  0.0000E+00  0.2493E-01  0.0000E+00  0.4342E+00  0.0000E+00  0.0000E+00  0.0000E+00  0.9953E-03  0.0000E+00  0.1340E-02  0.0000E+00  0.2207E-01  0.0000E+00
 Relative number of events:
  0.9063E-03  0.0000E+00  0.2672E-01  0.0000E+00  0.2769E-01  0.0000E+00  0.5058E+00  0.0000E+00  0.3125E-04  0.0000E+00  0.1344E-02  0.0000E+00  0.1344E-02  0.0000E+00  0.2703E-01  0.0000E+00  0.0000E+00  0.0000E+00  0.0000E+00  0.0000E+00  0.0000E+00  0.0000E+00  0.0000E+00  0.0000E+00  0.0000E+00  0.0000E+00  0.0000E+00  0.0000E+00  0.0000E+00  0.0000E+00  0.0000E+00  0.0000E+00
  0.0000E+00  0.0000E+00  0.0000E+00  0.0000E+00  0.0000E+00  0.0000E+00  0.0000E+00  0.0000E+00  0.0000E+00  0.0000E+00  0.0000E+00  0.0000E+00  0.0000E+00  0.0000E+00  0.0000E+00  0.0000E+00  0.8750E-03  0.0000E+00  0.1816E-01  0.0000E+00  0.1859E-01  0.0000E+00  0.3504E+00  0.0000E+00  0.0000E+00  0.0000E+00  0.1000E-02  0.0000E+00  0.1406E-02  0.0000E+00  0.1875E-01  0.0000E+00
 Events:
          29           0         855           0         886           0       16185           0           1           0          43           0          43           0         865           0           0           0           0           0           0           0           0           0           0           0           0           0           0           0           0           0
           0           0           0           0           0           0           0           0           0           0           0           0           0           0           0           0          28           0         581           0         595           0       11212           0           0           0          32           0          45           0         600           0
 Accuracy:    0.017   0.010   0.014   1.458
 Found         3968  events.
 Wrote          760  events.
 Actual xsec    1.8935619154571306E-008
 Correct abs xsec    1.8935619154571306E-008
 Event xsec    1.8935619154571349E-008
 Events wgts > 1:           16
 % Cross section > 1:    1.6584173552961044E-010  0.87581892187335053     
 Iteration  6   Mean: 0.1939E-07 Abs mean: 0.1939E-07   Fluctuation:  0.179E-09   0.150E-05    65.4%
  6    0.1939E-07 0.1939E-07 +- 0.1795E-09      2.34
 Relative summed weights:
  0.9137E-03  0.0000E+00  0.2334E-01  0.0000E+00  0.2717E-01  0.0000E+00  0.4223E+00  0.0000E+00  0.2135E-04  0.0000E+00  0.1300E-02  0.0000E+00  0.8847E-03  0.0000E+00  0.2202E-01  0.0000E+00  0.0000E+00  0.0000E+00  0.0000E+00  0.0000E+00  0.0000E+00  0.0000E+00  0.0000E+00  0.0000E+00  0.0000E+00  0.0000E+00  0.0000E+00  0.0000E+00  0.0000E+00  0.0000E+00  0.0000E+00  0.0000E+00
  0.0000E+00  0.0000E+00  0.0000E+00  0.0000E+00  0.0000E+00  0.0000E+00  0.0000E+00  0.0000E+00  0.0000E+00  0.0000E+00  0.0000E+00  0.0000E+00  0.0000E+00  0.0000E+00  0.0000E+00  0.0000E+00  0.1500E-02  0.0000E+00  0.2290E-01  0.0000E+00  0.2179E-01  0.0000E+00  0.4324E+00  0.0000E+00  0.9406E-04  0.0000E+00  0.8362E-03  0.0000E+00  0.1300E-02  0.0000E+00  0.2116E-01  0.0000E+00
 Relative number of events:
  0.1469E-02  0.0000E+00  0.2744E-01  0.0000E+00  0.2736E-01  0.0000E+00  0.5035E+00  0.0000E+00  0.6250E-04  0.0000E+00  0.1687E-02  0.0000E+00  0.1297E-02  0.0000E+00  0.2669E-01  0.0000E+00  0.0000E+00  0.0000E+00  0.0000E+00  0.0000E+00  0.0000E+00  0.0000E+00  0.0000E+00  0.0000E+00  0.0000E+00  0.0000E+00  0.0000E+00  0.0000E+00  0.0000E+00  0.0000E+00  0.0000E+00  0.0000E+00
  0.0000E+00  0.0000E+00  0.0000E+00  0.0000E+00  0.0000E+00  0.0000E+00  0.0000E+00  0.0000E+00  0.0000E+00  0.0000E+00  0.0000E+00  0.0000E+00  0.0000E+00  0.0000E+00  0.0000E+00  0.0000E+00  0.1031E-02  0.0000E+00  0.1948E-01  0.0000E+00  0.1855E-01  0.0000E+00  0.3510E+00  0.0000E+00  0.9375E-04  0.0000E+00  0.1094E-02  0.0000E+00  0.9219E-03  0.0000E+00  0.1833E-01  0.0000E+00
 Events:
          94           0        1756           0        1751           0       32225           0           4           0         108           0          83           0        1708           0           0           0           0           0           0           0           0           0           0           0           0           0           0           0           0           0
           0           0           0           0           0           0           0           0           0           0           0           0           0           0           0           0          66           0        1247           0        1187           0       22463           0           6           0          70           0          59           0        1173           0
 Accuracy:    0.010   0.010   0.008   1.565
 Finished due to accuracy    9.6160273488337927E-003   1.0000000000000000E-002

 -------------------------------------------------------------------------------
 Accumulated results:   Integral =  0.1924E-07
                        Std dev  =  0.1479E-09
                       Cross sec =  0.1924E-07
             Chi**2 per DoF.     =      1.5647
 -------------------------------------------------------------------------------
 Found         8736  events.
 Wrote         2640  events.
 Actual xsec    1.9245986083331397E-008
 Correct abs xsec    1.9245986083331397E-008
 Event xsec    1.9245986083331817E-008
 Events wgts > 1:           63
 % Cross section > 1:    1.8748574697316538E-010  0.97415505841781380     
-------------------------------------------------
---------------------------
 Results Last   3 iters: Integral =   0.1925E-07
                     Abs integral =   0.1925E-07
                          Std dev =   0.1489E-09
                  Chi**2 per DoF. =      1.7620
-------------------------------------------------
---------------------------
 Status   1.0000000000000000E-002           7           8

ls status:
events.lhe
ftn25
ftn26
input_app.txt
results.dat
run1_app.log
