==== LHAPDF6 USING DEFAULT-TYPE LHAGLUE INTERFACE ====
LHAPDF 6.2.1 loading /cvmfs/cms.cern.ch/slc6_amd64_gcc481/external/lhapdf/6.2.1/share/LHAPDF/NNPDF30_lo_as_0130_nf_4/NNPDF30_lo_as_0130_nf_4_0000.dat
NNPDF30_lo_as_0130_nf_4 PDF set, member #0, version 2; LHAPDF ID = 263400
 Process in group number            1
 A PDF is used, so alpha_s(MZ) is going to be modified
 Old value of alpha_s from param_card:   0.11799999999999999     
 New value of alpha_s from PDF lhapdf :  0.12470044313224841     
 using LHAPDF
 Warning: pt or E min of a jet should in general be >0
 Warning: pt or E min of a jet should in general be >0
 Warning: pt or E min of a jet should in general be >0
 Warning: pt or E min of a jet should in general be >0
 Warning: pt or E min of a jet should in general be >0
 Warning: pt or E min of a jet should in general be >0
 Warning: pt or E min of a jet should in general be >0
 *****************************************************
 *               MadGraph/MadEvent                   *
 *        --------------------------------           *
 *          http://madgraph.hep.uiuc.edu             *
 *          http://madgraph.phys.ucl.ac.be           *
 *          http://madgraph.roma2.infn.it            *
 *        --------------------------------           *
 *                                                   *
 *          PARAMETER AND COUPLING VALUES            *
 *                                                   *
 *****************************************************

  External Params
  ---------------------------------
  
 mdl_LR =    1000.0000000000000     
 mdl_xi =    1.0000000000000000E-008
 mdl_ReFmeio =   -1.8123300000000000     
 mdl_FmeioH =   -1.5442800000000001     
 mdl_ImFmeio =    1.4062200000000000     
 mdl_K =    35.000000000000000     
 aEWM1 =    127.90000000000001     
 mdl_Gf =    1.1663780000000000E-005
 aS =   0.11799999999999999     
 mdl_lamWS =   0.22530000000000000     
 mdl_AWS =   0.80800000000000005     
 mdl_rhoWS =   0.13200000000000001     
 mdl_etaWS =   0.34100000000000003     
 mdl_ymc =    0.0000000000000000     
 mdl_ymb =    4.7999999999999998     
 mdl_ymt =    172.50000000000000     
 mdl_yme =    5.1099999999999995E-004
 mdl_ymm =   0.10566000000000000     
 mdl_ymtau =    1.7769999999999999     
 mdl_MC =    0.0000000000000000     
 mdl_MT =    172.50000000000000     
 mdl_MB =    4.7999999999999998     
 mdl_MZ =    91.187600000000003     
 mdl_MH =    125.00000000000000     
 mdl_MH02 =    3500.0000000000000     
 mdl_Me =    5.1099999999999995E-004
 mdl_MM =   0.10566000000000000     
 mdl_MTA =    1.7769999999999999     
 mdl_MP =    120.00000000000000     
 mdl_WT =    1.4915000000000000     
 mdl_WZ =    2.4952000000000001     
 mdl_WW =    2.0850000000000000     
 mdl_WH =    6.3823389999999999E-003
 mdl_WH02 =    1.0000000000000000E-003
 mdl_WTau =    2.2699999999999998E-012
 mdl_WH1 =    6.3823389999999999E-003
  Internal Params
  ---------------------------------
  
 mdl_lamWS__exp__2 =    5.0760090000000001E-002
 mdl_CKM11 =  ( 0.97461995499999998     ,  0.0000000000000000     )
 mdl_CKM12 =  ( 0.22530000000000000     ,  0.0000000000000000     )
 mdl_complexi =  (  0.0000000000000000     ,  1.0000000000000000     )
 mdl_lamWS__exp__3 =    1.1436248277000001E-002
 mdl_CKM13 =  (  1.2197444962317122E-003, -3.1510066152652563E-003)
 mdl_CKM21 =  (-0.22530000000000000     ,  0.0000000000000000     )
 mdl_CKM22 =  ( 0.97461995499999998     ,  0.0000000000000000     )
 mdl_CKM23 =  (  4.1014152720000002E-002,  0.0000000000000000     )
 mdl_CKM31 =  (  8.0207441115842885E-003, -3.1510066152652563E-003)
 mdl_CKM32 =  ( -4.1014152720000002E-002,  0.0000000000000000     )
 mdl_CKM33 =  (  1.0000000000000000     ,  0.0000000000000000     )
 mdl_MZ__exp__2 =    8315.1783937600012     
 mdl_MZ__exp__4 =    69142191.720053151     
 mdl_sqrt__2 =    1.4142135623730951     
 mdl_MH__exp__6 =    3814697265625.0000     
 mdl_MT__exp__6 =    26347207783447.266     
 mdl_MH__exp__4 =    244140625.00000000     
 mdl_MT__exp__4 =    885434414.06250000     
 mdl_MH__exp__2 =    15625.000000000000     
 mdl_MT__exp__2 =    29756.250000000000     
 mdl_MH02__exp__2 =    12250000.000000000     
 mdl_FmeioMH =  (  1.0470805239420240     ,  0.0000000000000000     )
 mdl_MH02__exp__6 =    1.8382656250000001E+021
 mdl_MH02__exp__4 =    150062500000000.00     
 mdl_FmeioMR =  ( -94881.833128121187     ,  0.0000000000000000     )
 mdl_MH__exp__12 =    1.4551915228366852E+025
 mdl_MH__exp__10 =    9.3132257461547853E+020
 mdl_MH__exp__8 =    59604644775390624.     
 mdl_MH02__exp__12 =    3.3792205080566410E+042
 mdl_MH02__exp__10 =    2.7585473535156252E+035
 mdl_MH02__exp__8 =    2.2518753906250002E+028
 mdl_conjg__CKM11 =  ( 0.97461995499999998     , -0.0000000000000000     )
 mdl_conjg__CKM12 =  ( 0.22530000000000000     , -0.0000000000000000     )
 mdl_conjg__CKM13 =  (  1.2197444962317122E-003,  3.1510066152652563E-003)
 mdl_conjg__CKM21 =  (-0.22530000000000000     , -0.0000000000000000     )
 mdl_conjg__CKM22 =  ( 0.97461995499999998     , -0.0000000000000000     )
 mdl_conjg__CKM23 =  (  4.1014152720000002E-002, -0.0000000000000000     )
 mdl_conjg__CKM31 =  (  8.0207441115842885E-003,  3.1510066152652563E-003)
 mdl_conjg__CKM32 =  ( -4.1014152720000002E-002, -0.0000000000000000     )
 mdl_conjg__CKM33 =  (  1.0000000000000000     , -0.0000000000000000     )
 mdl_aEW =    7.8186082877247844E-003
 mdl_MW =    79.824479864292599     
 mdl_sqrt__aEW =    8.8422894590285753E-002
 mdl_ee =   0.31345100004952897     
 mdl_MW__exp__2 =    6371.9475856048548     
 mdl_sw2 =   0.23369682719175511     
 mdl_cw =   0.87538744154131254     
 mdl_sqrt__sw2 =   0.48342199700857130     
 mdl_sw =   0.48342199700857130     
 mdl_g1 =   0.35807116389244675     
 mdl_gw =   0.64840036653104827     
 mdl_v =    246.21972467830258     
 mdl_v__exp__2 =    60624.152820659125     
 mdl_lam =   0.12886778019168796     
 mdl_yb =    2.7569785922959604E-002
 mdl_yc =    0.0000000000000000     
 mdl_ye =    2.9350334597150747E-006
 mdl_ym =    6.0687991262914842E-004
 mdl_yt =   0.99078918160636087     
 mdl_ytau =    1.0206564496895670E-002
 mdl_muH =    88.388347648318444     
 mdl_Z =    1.0000000018187245     
 mdl_theta =    7.6628352490421455E-011
 mdl_cos__theta =    1.0000000000000000     
 mdl_a =  -0.99999999818127550     
 mdl_sin__theta =    7.6628352490421455E-011
 mdl_b =    7.6628352351055597E-011
 mdl_c =    1.4849811806320228E-008
 mdl_d =    1.0000000000000000     
 mdl_ee__exp__2 =    9.8251529432049817E-002
 mdl_MW__exp__12 =    6.6931902282585363E+022
 mdl_MW__exp__10 =    1.0504151420484712E+019
 mdl_MW__exp__8 =    1648499344880849.5     
 mdl_MW__exp__6 =    258712006452.32019     
 mdl_MW__exp__4 =    40601716.033695541     
 mdl_AH =    3.2896331152571413E-005
 mdl_AR =    2659599862.1444044     
 mdl_gw__exp__2 =   0.42042303531759773     
 mdl_cw__exp__2 =   0.76630317280824489     
 mdl_sw__exp__2 =   0.23369682719175511     
  Internal Params evaluated point by point
  ----------------------------------------
  
 mdl_sqrt__aS =   0.34351128074635334     
 mdl_G__exp__2 =    1.4828317324943823     
 mdl_Gphi =   -6.3554969584608289E-006
 mdl_GR =  (  1.4133715995743603E-004, -1.3204604160005052E-005)
 mdl_GH =  (  5.8894582703556158E-005,  0.0000000000000000     )
  Couplings of heft_radion
  ---------------------------------
  
        GC_55 =  -0.13205E-04  -0.14134E-03
        GC_18 =   0.00000E+00   0.44685E+00
        GC_19 =   0.00000E+00   0.10330E+00
        GC_20 =   0.14447E-02   0.55924E-03
        GC_21 =  -0.00000E+00  -0.10330E+00
        GC_22 =   0.00000E+00   0.44685E+00
        GC_23 =   0.00000E+00   0.18805E-01
        GC_37 =   0.00000E+00   0.51758E+02
        GC_45 =   0.00000E+00   0.44685E+00
        GC_46 =   0.00000E+00   0.10330E+00
        GC_47 =  -0.14447E-02   0.55924E-03
        GC_48 =   0.00000E+00  -0.10330E+00
        GC_49 =   0.00000E+00   0.44685E+00
        GC_50 =   0.00000E+00   0.18805E-01
        GC_58 =   0.31250E+02   0.00000E+00
        GC_59 =   0.10000E-02   0.00000E+00

 Collider parameters:
 --------------------

 Running at P P   machine @    13000.000000000000       GeV
 PDF set = lhapdf 
 alpha_s(Mz)= 0.1247 running at 1 loops.
 alpha_s(Mz)= 0.1247 running at 1 loops.
 Renormalization scale set on event-by-event basis
 Factorization   scale set on event-by-event basis


 getting user params
Enter number of events and max and min iterations: 
 Number of events and iterations         2000           8           3
Enter desired fractional accuracy: 
 Desired fractional accuracy:    1.0000000000000000E-002
Enter 0 for fixed, 2 for adjustable grid: 
Suppress amplitude (0 no, 1 yes)? 
 Using suppressed amplitude.
Exact helicity sum (0 yes, n = number/event)? 
 Explicitly summing over helicities
Enter Configuration Number: 
Running Configuration Number:    1
 Using dconfig=         446
 BW Setting            2           1           1           1           2           1           0           0
 Attempting mappinvarients           1          10
 Completed mapping          10
 about to integrate           22        2000           8           3          22           1
 Using non-zero grid deformation.
 22 dimensions   2000 events 22 invarients  8 iterations  1 config(s),  (0.99)
 Using h-tuple random number sequence.
 fail to read data
 Error opening grid
 Using Uniform Grid!          40
 Using uniform alpha   1.0000000000000000     
 Grid defined OK
 Set CM energy to      13000.00
 Mapping Graph           1  to config           1
Setting grid   1    0.13633E-06   1
 Setting BW          -2           2   79.824479864292599     
 Setting BW          -3           3   125.00000000000000     
 Setting BW          -4           4   79.824479864292599     
Setting grid   5    0.59172E-08   1
 Setting BW          -6           6   125.00000000000000     
 Setting PDF BW          21           7   3500.0000000000000     
 Transforming s_hat BW    7.2485207100591725E-002   2.0710059171597636E-008
 Masses: 0.000E+00 0.000E+00 0.000E+00 0.000E+00 0.000E+00 0.000E+00 0.000E+00 0.000E+00 0.480E+01 0.000E+00
   1   1   2   3   4   5   6   7   8   9  10  11  12  13  14
  15  16  17  18  19  20  21  22
Using random seed offsets     1 :     81
  with seed                   24
 Ranmar initialization seeds       31059        9478
 
 ********************************************
 * You are using the DiscreteSampler module *
 *      part of the MG5_aMC framework       *
 *         Author: Valentin Hirschi         *
 ********************************************
 
  Particle       3       4       5       6       7       8       9      10
      Et >     0.0     0.0     0.0     0.0     0.0     0.0     0.0     0.0
       E >     0.0     0.0     0.0     0.0     0.0     0.0     0.0     0.0
     Eta <    -1.0    -1.0    -1.0    -1.0    -1.0    -1.0    -1.0    -1.0
   xqcut:      0.0     0.0     0.0     0.0     0.0     0.0     0.0     0.0
d R # 3  >    -0.0     0.0     0.0     0.0     0.0     0.0     0.0     0.0
d R # 4  >    -0.0    -0.0     0.0     0.0     0.0     0.0     0.0     0.0
d R # 5  >    -0.0    -0.0    -0.0     0.0     0.0     0.0     0.0     0.0
d R # 6  >    -0.0    -0.0    -0.0    -0.0     0.0     0.0     0.0     0.0
d R # 7  >    -0.0    -0.0    -0.0    -0.0    -0.0     0.0     0.0     0.0
d R # 8  >    -0.0    -0.0    -0.0    -0.0    -0.0    -0.0     0.0     0.0
d R # 9  >    -0.0    -0.0    -0.0    -0.0    -0.0    -0.0    -0.0     0.0
s min # 3>     0.0     0.0     0.0     0.0     0.0     0.0     0.0     0.0
s min # 4>     0.0     0.0     0.0     0.0     0.0     0.0     0.0     0.0
s min # 5>     0.0     0.0     0.0     0.0     0.0     0.0     0.0     0.0
s min # 6>     0.0     0.0     0.0     0.0     0.0     0.0     0.0     0.0
s min # 7>     0.0     0.0     0.0     0.0     0.0     0.0     0.0     0.0
s min # 8>     0.0     0.0     0.0     0.0     0.0     0.0     0.0     0.0
s min # 9>     0.0     0.0     0.0     0.0     0.0     0.0     0.0     0.0
xqcutij # 3>     0.0     0.0     0.0     0.0     0.0     0.0     0.0     0.0
xqcutij # 4>     0.0     0.0     0.0     0.0     0.0     0.0     0.0     0.0
xqcutij # 5>     0.0     0.0     0.0     0.0     0.0     0.0     0.0     0.0
xqcutij # 6>     0.0     0.0     0.0     0.0     0.0     0.0     0.0     0.0
xqcutij # 7>     0.0     0.0     0.0     0.0     0.0     0.0     0.0     0.0
xqcutij # 8>     0.0     0.0     0.0     0.0     0.0     0.0     0.0     0.0
xqcutij # 9>     0.0     0.0     0.0     0.0     0.0     0.0     0.0     0.0
 Excluding BW           -1           1
 Requiring BW           -2           2
 Requiring BW           -3           3
 Requiring BW           -4           4
 Excluding BW           -5           5
 Requiring BW           -6           6
 No cut BW           -7           7
 alpha_s for scale    3499.9972245854024       is    7.7778529732818541E-002
 Added good helicity            1   510.87401120680693       in event            1 local:           1
 Added good helicity            3   1.1259887931929993       in event            1 local:           1
 Added good helicity          769   510.87401120680693       in event            1 local:           1
 Added good helicity          771   1.1259887931929993       in event            1 local:           1
 RESET CUMULATIVE VARIABLE
 RESET CUMULATIVE VARIABLE
 Iteration  1   Mean: 0.7499E-05 Abs mean: 0.7499E-05   Fluctuation:  0.174E-05   0.221E-02    13.9%
  1    0.7499E-05 0.7499E-05 +- 0.1738E-05     10.36
 Writing out events   3.3633160832090698E-009   10.362342639614480     
 Relative summed weights:
  0.0000E+00  0.0000E+00  0.8566E-04  0.0000E+00  0.3636E-05  0.0000E+00  0.3617E-01  0.0000E+00  0.2973E-04  0.0000E+00  0.4233E-01  0.0000E+00  0.2920E-01  0.0000E+00  0.8922E+00  0.0000E+00
 Relative number of events:
  0.0000E+00  0.0000E+00  0.1493E-02  0.0000E+00  0.4978E-03  0.0000E+00  0.4231E-01  0.0000E+00  0.2987E-02  0.0000E+00  0.3982E-01  0.0000E+00  0.3733E-01  0.0000E+00  0.8756E+00  0.0000E+00
 Events:
           0           0           3           0           1           0          85           0           6           0          80           0          75           0        1759           0
 Iteration  2   Mean: 0.7320E-05 Abs mean: 0.7320E-05   Fluctuation:  0.582E-06   0.749E-03    48.5%
  2    0.7320E-05 0.7320E-05 +- 0.5824E-06      5.03
 Relative summed weights:
  0.0000E+00  0.0000E+00  0.2859E-02  0.0000E+00  0.6334E-02  0.0000E+00  0.3230E-01  0.0000E+00  0.1596E-03  0.0000E+00  0.3539E-01  0.0000E+00  0.2784E-01  0.0000E+00  0.8951E+00  0.0000E+00
 Relative number of events:
  0.0000E+00  0.0000E+00  0.2500E-02  0.0000E+00  0.3500E-02  0.0000E+00  0.4350E-01  0.0000E+00  0.1250E-02  0.0000E+00  0.4425E-01  0.0000E+00  0.5125E-01  0.0000E+00  0.8538E+00  0.0000E+00
 Events:
           0           0          10           0          14           0         174           0           5           0         177           0         205           0        3415           0
 Iteration  3   Mean: 0.6562E-05 Abs mean: 0.6562E-05   Fluctuation:  0.252E-06   0.720E-03    59.4%
  3    0.6562E-05 0.6562E-05 +- 0.2516E-06      3.43
 Relative summed weights:
  0.0000E+00  0.0000E+00  0.1025E-02  0.0000E+00  0.1036E-02  0.0000E+00  0.4460E-01  0.0000E+00  0.2245E-02  0.0000E+00  0.5623E-01  0.0000E+00  0.3652E-01  0.0000E+00  0.8583E+00  0.0000E+00
 Relative number of events:
  0.0000E+00  0.0000E+00  0.2250E-02  0.0000E+00  0.2250E-02  0.0000E+00  0.4487E-01  0.0000E+00  0.3250E-02  0.0000E+00  0.4412E-01  0.0000E+00  0.4300E-01  0.0000E+00  0.8602E+00  0.0000E+00
 Events:
           0           0          18           0          18           0         359           0          26           0         353           0         344           0        6882           0
 Accuracy:    0.033   0.010   0.034   0.941
 Found          939  events.
 Wrote          125  events.
 Actual xsec    6.7225177823434413E-006
 Correct abs xsec    6.7225177823434413E-006
 Event xsec    6.7225177823434472E-006
 Events wgts > 1:            3
 % Cross section > 1:    6.7194508270365455E-008  0.99954377877363787     
 Iteration  4   Mean: 0.7032E-05 Abs mean: 0.7032E-05   Fluctuation:  0.154E-06   0.833E-03    61.1%
  4    0.7032E-05 0.7032E-05 +- 0.1540E-06      2.77
 Relative summed weights:
  0.0000E+00  0.0000E+00  0.1642E-02  0.0000E+00  0.3592E-02  0.0000E+00  0.5140E-01  0.0000E+00  0.5903E-03  0.0000E+00  0.4071E-01  0.0000E+00  0.4611E-01  0.0000E+00  0.8560E+00  0.0000E+00
 Relative number of events:
Thanks for using LHAPDF 6.2.1. Please make sure to cite the paper:
  Eur.Phys.J. C75 (2015) 3, 132  (http://arxiv.org/abs/1412.7420)
  0.0000E+00  0.0000E+00  0.2000E-02  0.0000E+00  0.2750E-02  0.0000E+00  0.4581E-01  0.0000E+00  0.1813E-02  0.0000E+00  0.4550E-01  0.0000E+00  0.4863E-01  0.0000E+00  0.8535E+00  0.0000E+00
 Events:
           0           0          32           0          44           0         733           0          29           0         728           0         778           0       13656           0
 Accuracy:    0.018   0.010   0.018   0.991
 Found         2323  events.
 Wrote          348  events.
 Actual xsec    6.9382205569586265E-006
 Correct abs xsec    6.9382205569586265E-006
 Event xsec    6.9382205569586291E-006
 Events wgts > 1:            6
 % Cross section > 1:    5.4680546837015730E-008  0.78810620660039898     
 Iteration  5   Mean: 0.7157E-05 Abs mean: 0.7157E-05   Fluctuation:  0.847E-07   0.296E-03    61.9%
  5    0.7157E-05 0.7157E-05 +- 0.8471E-07      2.12
 Relative summed weights:
  0.2030E-03  0.0000E+00  0.1786E-02  0.0000E+00  0.2420E-02  0.0000E+00  0.4762E-01  0.0000E+00  0.1961E-02  0.0000E+00  0.3938E-01  0.0000E+00  0.4458E-01  0.0000E+00  0.8621E+00  0.0000E+00
 Relative number of events:
  0.9375E-04  0.0000E+00  0.2500E-02  0.0000E+00  0.2687E-02  0.0000E+00  0.4625E-01  0.0000E+00  0.2344E-02  0.0000E+00  0.4403E-01  0.0000E+00  0.4444E-01  0.0000E+00  0.8577E+00  0.0000E+00
 Events:
           3           0          80           0          86           0        1480           0          75           0        1409           0        1422           0       27445           0
 Accuracy:    0.011   0.010   0.010   1.191
 Found         4779  events.
 Wrote         1770  events.
 Actual xsec    7.0898137900481578E-006
 Correct abs xsec    7.0898137900481578E-006
 Event xsec    7.0898137900482492E-006
 Events wgts > 1:           49
 % Cross section > 1:    6.7367466405097180E-008  0.95020078665054353     
 Iteration  6   Mean: 0.7090E-05 Abs mean: 0.7090E-05   Fluctuation:  0.523E-07   0.183E-03    62.3%
  6    0.7090E-05 0.7090E-05 +- 0.5233E-07      1.87
 Relative summed weights:
  0.9828E-04  0.0000E+00  0.3141E-02  0.0000E+00  0.2675E-02  0.0000E+00  0.4416E-01  0.0000E+00  0.2274E-02  0.0000E+00  0.4750E-01  0.0000E+00  0.4547E-01  0.0000E+00  0.8547E+00  0.0000E+00
 Relative number of events:
  0.9375E-04  0.0000E+00  0.2687E-02  0.0000E+00  0.2500E-02  0.0000E+00  0.4528E-01  0.0000E+00  0.2406E-02  0.0000E+00  0.4556E-01  0.0000E+00  0.4602E-01  0.0000E+00  0.8555E+00  0.0000E+00
 Events:
           6           0         172           0         160           0        2898           0         154           0        2916           0        2945           0       54749           0
 Accuracy:    0.006   0.010   0.006   0.954
 Finished due to accuracy    5.7906632904166505E-003   1.0000000000000000E-002

 -------------------------------------------------------------------------------
 Accumulated results:   Integral =  0.7092E-05
                        Std dev  =  0.4205E-07
                       Cross sec =  0.7092E-05
             Chi**2 per DoF.     =      0.9535
 -------------------------------------------------------------------------------
 Found         9643  events.
 Wrote         5626  events.
 Actual xsec    7.1031161651495266E-006
 Correct abs xsec    7.1031161651495266E-006
 Event xsec    7.1031161651488083E-006
 Events wgts > 1:          220
 % Cross section > 1:    7.0691510631489682E-008  0.99521828149643832     
-------------------------------------------------
---------------------------
 Results Last   3 iters: Integral =   0.7103E-05
                     Abs integral =   0.7103E-05
                          Std dev =   0.4277E-07
                  Chi**2 per DoF. =      0.3392
-------------------------------------------------
---------------------------
 Status   1.0000000000000000E-002           7           8

ls status:
events.lhe
ftn25
ftn26
input_app.txt
results.dat
run1_app.log
