==== LHAPDF6 USING DEFAULT-TYPE LHAGLUE INTERFACE ====
LHAPDF 6.2.1 loading /cvmfs/cms.cern.ch/slc6_amd64_gcc481/external/lhapdf/6.2.1/share/LHAPDF/NNPDF30_lo_as_0130_nf_4/NNPDF30_lo_as_0130_nf_4_0000.dat
NNPDF30_lo_as_0130_nf_4 PDF set, member #0, version 2; LHAPDF ID = 263400
 Process in group number            1
 A PDF is used, so alpha_s(MZ) is going to be modified
 Old value of alpha_s from param_card:   0.11799999999999999     
 New value of alpha_s from PDF lhapdf :  0.12470044313224841     
 using LHAPDF
 Warning: pt or E min of a jet should in general be >0
 Warning: pt or E min of a jet should in general be >0
 Warning: pt or E min of a jet should in general be >0
 Warning: pt or E min of a jet should in general be >0
 Warning: pt or E min of a jet should in general be >0
 Warning: pt or E min of a jet should in general be >0
 Warning: pt or E min of a jet should in general be >0
 *****************************************************
 *               MadGraph/MadEvent                   *
 *        --------------------------------           *
 *          http://madgraph.hep.uiuc.edu             *
 *          http://madgraph.phys.ucl.ac.be           *
 *          http://madgraph.roma2.infn.it            *
 *        --------------------------------           *
 *                                                   *
 *          PARAMETER AND COUPLING VALUES            *
 *                                                   *
 *****************************************************

  External Params
  ---------------------------------
  
 mdl_LR =    1000.0000000000000     
 mdl_xi =    1.0000000000000000E-008
 mdl_ReFmeio =   -1.8123300000000000     
 mdl_FmeioH =   -1.5442800000000001     
 mdl_ImFmeio =    1.4062200000000000     
 mdl_K =    35.000000000000000     
 aEWM1 =    127.90000000000001     
 mdl_Gf =    1.1663780000000000E-005
 aS =   0.11799999999999999     
 mdl_lamWS =   0.22530000000000000     
 mdl_AWS =   0.80800000000000005     
 mdl_rhoWS =   0.13200000000000001     
 mdl_etaWS =   0.34100000000000003     
 mdl_ymc =    0.0000000000000000     
 mdl_ymb =    4.7999999999999998     
 mdl_ymt =    172.50000000000000     
 mdl_yme =    5.1099999999999995E-004
 mdl_ymm =   0.10566000000000000     
 mdl_ymtau =    1.7769999999999999     
 mdl_MC =    0.0000000000000000     
 mdl_MT =    172.50000000000000     
 mdl_MB =    4.7999999999999998     
 mdl_MZ =    91.187600000000003     
 mdl_MH =    125.00000000000000     
 mdl_MH02 =    3500.0000000000000     
 mdl_Me =    5.1099999999999995E-004
 mdl_MM =   0.10566000000000000     
 mdl_MTA =    1.7769999999999999     
 mdl_MP =    120.00000000000000     
 mdl_WT =    1.4915000000000000     
 mdl_WZ =    2.4952000000000001     
 mdl_WW =    2.0850000000000000     
 mdl_WH =    6.3823389999999999E-003
 mdl_WH02 =    1.0000000000000000E-003
 mdl_WTau =    2.2699999999999998E-012
 mdl_WH1 =    6.3823389999999999E-003
  Internal Params
  ---------------------------------
  
 mdl_lamWS__exp__2 =    5.0760090000000001E-002
 mdl_CKM11 =  ( 0.97461995499999998     ,  0.0000000000000000     )
 mdl_CKM12 =  ( 0.22530000000000000     ,  0.0000000000000000     )
 mdl_complexi =  (  0.0000000000000000     ,  1.0000000000000000     )
 mdl_lamWS__exp__3 =    1.1436248277000001E-002
 mdl_CKM13 =  (  1.2197444962317122E-003, -3.1510066152652563E-003)
 mdl_CKM21 =  (-0.22530000000000000     ,  0.0000000000000000     )
 mdl_CKM22 =  ( 0.97461995499999998     ,  0.0000000000000000     )
 mdl_CKM23 =  (  4.1014152720000002E-002,  0.0000000000000000     )
 mdl_CKM31 =  (  8.0207441115842885E-003, -3.1510066152652563E-003)
 mdl_CKM32 =  ( -4.1014152720000002E-002,  0.0000000000000000     )
 mdl_CKM33 =  (  1.0000000000000000     ,  0.0000000000000000     )
 mdl_MZ__exp__2 =    8315.1783937600012     
 mdl_MZ__exp__4 =    69142191.720053151     
 mdl_sqrt__2 =    1.4142135623730951     
 mdl_MH__exp__6 =    3814697265625.0000     
 mdl_MT__exp__6 =    26347207783447.266     
 mdl_MH__exp__4 =    244140625.00000000     
 mdl_MT__exp__4 =    885434414.06250000     
 mdl_MH__exp__2 =    15625.000000000000     
 mdl_MT__exp__2 =    29756.250000000000     
 mdl_MH02__exp__2 =    12250000.000000000     
 mdl_FmeioMH =  (  1.0470805239420240     ,  0.0000000000000000     )
 mdl_MH02__exp__6 =    1.8382656250000001E+021
 mdl_MH02__exp__4 =    150062500000000.00     
 mdl_FmeioMR =  ( -94881.833128121187     ,  0.0000000000000000     )
 mdl_MH__exp__12 =    1.4551915228366852E+025
 mdl_MH__exp__10 =    9.3132257461547853E+020
 mdl_MH__exp__8 =    59604644775390624.     
 mdl_MH02__exp__12 =    3.3792205080566410E+042
 mdl_MH02__exp__10 =    2.7585473535156252E+035
 mdl_MH02__exp__8 =    2.2518753906250002E+028
 mdl_conjg__CKM11 =  ( 0.97461995499999998     , -0.0000000000000000     )
 mdl_conjg__CKM12 =  ( 0.22530000000000000     , -0.0000000000000000     )
 mdl_conjg__CKM13 =  (  1.2197444962317122E-003,  3.1510066152652563E-003)
 mdl_conjg__CKM21 =  (-0.22530000000000000     , -0.0000000000000000     )
 mdl_conjg__CKM22 =  ( 0.97461995499999998     , -0.0000000000000000     )
 mdl_conjg__CKM23 =  (  4.1014152720000002E-002, -0.0000000000000000     )
 mdl_conjg__CKM31 =  (  8.0207441115842885E-003,  3.1510066152652563E-003)
 mdl_conjg__CKM32 =  ( -4.1014152720000002E-002, -0.0000000000000000     )
 mdl_conjg__CKM33 =  (  1.0000000000000000     , -0.0000000000000000     )
 mdl_aEW =    7.8186082877247844E-003
 mdl_MW =    79.824479864292599     
 mdl_sqrt__aEW =    8.8422894590285753E-002
 mdl_ee =   0.31345100004952897     
 mdl_MW__exp__2 =    6371.9475856048548     
 mdl_sw2 =   0.23369682719175511     
 mdl_cw =   0.87538744154131254     
 mdl_sqrt__sw2 =   0.48342199700857130     
 mdl_sw =   0.48342199700857130     
 mdl_g1 =   0.35807116389244675     
 mdl_gw =   0.64840036653104827     
 mdl_v =    246.21972467830258     
 mdl_v__exp__2 =    60624.152820659125     
 mdl_lam =   0.12886778019168796     
 mdl_yb =    2.7569785922959604E-002
 mdl_yc =    0.0000000000000000     
 mdl_ye =    2.9350334597150747E-006
 mdl_ym =    6.0687991262914842E-004
 mdl_yt =   0.99078918160636087     
 mdl_ytau =    1.0206564496895670E-002
 mdl_muH =    88.388347648318444     
 mdl_Z =    1.0000000018187245     
 mdl_theta =    7.6628352490421455E-011
 mdl_cos__theta =    1.0000000000000000     
 mdl_a =  -0.99999999818127550     
 mdl_sin__theta =    7.6628352490421455E-011
 mdl_b =    7.6628352351055597E-011
 mdl_c =    1.4849811806320228E-008
 mdl_d =    1.0000000000000000     
 mdl_ee__exp__2 =    9.8251529432049817E-002
 mdl_MW__exp__12 =    6.6931902282585363E+022
 mdl_MW__exp__10 =    1.0504151420484712E+019
 mdl_MW__exp__8 =    1648499344880849.5     
 mdl_MW__exp__6 =    258712006452.32019     
 mdl_MW__exp__4 =    40601716.033695541     
 mdl_AH =    3.2896331152571413E-005
 mdl_AR =    2659599862.1444044     
 mdl_gw__exp__2 =   0.42042303531759773     
 mdl_cw__exp__2 =   0.76630317280824489     
 mdl_sw__exp__2 =   0.23369682719175511     
  Internal Params evaluated point by point
  ----------------------------------------
  
 mdl_sqrt__aS =   0.34351128074635334     
 mdl_G__exp__2 =    1.4828317324943823     
 mdl_Gphi =   -6.3554969584608289E-006
 mdl_GR =  (  1.4133715995743603E-004, -1.3204604160005052E-005)
 mdl_GH =  (  5.8894582703556158E-005,  0.0000000000000000     )
  Couplings of heft_radion
  ---------------------------------
  
        GC_55 =  -0.13205E-04  -0.14134E-03
        GC_18 =   0.00000E+00   0.44685E+00
        GC_19 =   0.00000E+00   0.10330E+00
        GC_20 =   0.14447E-02   0.55924E-03
        GC_21 =  -0.00000E+00  -0.10330E+00
        GC_22 =   0.00000E+00   0.44685E+00
        GC_23 =   0.00000E+00   0.18805E-01
        GC_37 =   0.00000E+00   0.51758E+02
        GC_45 =   0.00000E+00   0.44685E+00
        GC_46 =   0.00000E+00   0.10330E+00
        GC_47 =  -0.14447E-02   0.55924E-03
        GC_48 =   0.00000E+00  -0.10330E+00
        GC_49 =   0.00000E+00   0.44685E+00
        GC_50 =   0.00000E+00   0.18805E-01
        GC_58 =   0.31250E+02   0.00000E+00
        GC_59 =   0.10000E-02   0.00000E+00

 Collider parameters:
 --------------------

 Running at P P   machine @    13000.000000000000       GeV
 PDF set = lhapdf 
 alpha_s(Mz)= 0.1247 running at 1 loops.
 alpha_s(Mz)= 0.1247 running at 1 loops.
 Renormalization scale set on event-by-event basis
 Factorization   scale set on event-by-event basis


 getting user params
Enter number of events and max and min iterations: 
 Number of events and iterations         2000           8           3
Enter desired fractional accuracy: 
 Desired fractional accuracy:    1.0000000000000000E-002
Enter 0 for fixed, 2 for adjustable grid: 
Suppress amplitude (0 no, 1 yes)? 
 Using suppressed amplitude.
Exact helicity sum (0 yes, n = number/event)? 
 Explicitly summing over helicities
Enter Configuration Number: 
Running Configuration Number:    1
 Using dconfig=         476
 BW Setting            2           2           1           2           2           1           0           0
 Attempting mappinvarients           1          10
 Completed mapping          10
 about to integrate           22        2000           8           3          22           1
 Using non-zero grid deformation.
 22 dimensions   2000 events 22 invarients  8 iterations  1 config(s),  (0.99)
 Using h-tuple random number sequence.
 fail to read data
 Error opening grid
 Using Uniform Grid!          40
 Using uniform alpha   1.0000000000000000     
 Grid defined OK
 Set CM energy to      13000.00
 Mapping Graph           1  to config           1
Setting grid   1    0.13633E-06   1
Setting grid   2    0.59172E-08   1
 Setting BW          -3           3   125.00000000000000     
Setting grid   4    0.59172E-08   1
Setting grid   5    0.59172E-08   1
 Setting BW          -6           6   125.00000000000000     
 Setting PDF BW          21           7   3500.0000000000000     
 Transforming s_hat BW    7.2485207100591725E-002   2.0710059171597636E-008
 Masses: 0.000E+00 0.000E+00 0.000E+00 0.000E+00 0.000E+00 0.000E+00 0.000E+00 0.000E+00 0.000E+00 0.480E+01
   1   1   2   3   4   5   6   7   8   9  10  11  12  13  14
  15  16  17  18  19  20  21  22
Using random seed offsets     1 :      9
  with seed                   24
 Ranmar initialization seeds       31059        9406
 
 ********************************************
 * You are using the DiscreteSampler module *
 *      part of the MG5_aMC framework       *
 *         Author: Valentin Hirschi         *
 ********************************************
 
  Particle       3       4       5       6       7       8       9      10
      Et >     0.0     0.0     0.0     0.0     0.0     0.0     0.0     0.0
       E >     0.0     0.0     0.0     0.0     0.0     0.0     0.0     0.0
     Eta <    -1.0    -1.0    -1.0    -1.0    -1.0    -1.0    -1.0    -1.0
   xqcut:      0.0     0.0     0.0     0.0     0.0     0.0     0.0     0.0
d R # 3  >    -0.0     0.0     0.0     0.0     0.0     0.0     0.0     0.0
d R # 4  >    -0.0    -0.0     0.0     0.0     0.0     0.0     0.0     0.0
d R # 5  >    -0.0    -0.0    -0.0     0.0     0.0     0.0     0.0     0.0
d R # 6  >    -0.0    -0.0    -0.0    -0.0     0.0     0.0     0.0     0.0
d R # 7  >    -0.0    -0.0    -0.0    -0.0    -0.0     0.0     0.0     0.0
d R # 8  >    -0.0    -0.0    -0.0    -0.0    -0.0    -0.0     0.0     0.0
d R # 9  >    -0.0    -0.0    -0.0    -0.0    -0.0    -0.0    -0.0     0.0
s min # 3>     0.0     0.0     0.0     0.0     0.0     0.0     0.0     0.0
s min # 4>     0.0     0.0     0.0     0.0     0.0     0.0     0.0     0.0
s min # 5>     0.0     0.0     0.0     0.0     0.0     0.0     0.0     0.0
s min # 6>     0.0     0.0     0.0     0.0     0.0     0.0     0.0     0.0
s min # 7>     0.0     0.0     0.0     0.0     0.0     0.0     0.0     0.0
s min # 8>     0.0     0.0     0.0     0.0     0.0     0.0     0.0     0.0
s min # 9>     0.0     0.0     0.0     0.0     0.0     0.0     0.0     0.0
xqcutij # 3>     0.0     0.0     0.0     0.0     0.0     0.0     0.0     0.0
xqcutij # 4>     0.0     0.0     0.0     0.0     0.0     0.0     0.0     0.0
xqcutij # 5>     0.0     0.0     0.0     0.0     0.0     0.0     0.0     0.0
xqcutij # 6>     0.0     0.0     0.0     0.0     0.0     0.0     0.0     0.0
xqcutij # 7>     0.0     0.0     0.0     0.0     0.0     0.0     0.0     0.0
xqcutij # 8>     0.0     0.0     0.0     0.0     0.0     0.0     0.0     0.0
xqcutij # 9>     0.0     0.0     0.0     0.0     0.0     0.0     0.0     0.0
 Excluding BW           -1           1
 Excluding BW           -2           2
 Requiring BW           -3           3
 Excluding BW           -4           4
 Excluding BW           -5           5
 Requiring BW           -6           6
 No cut BW           -7           7
 alpha_s for scale    3499.9999579453906       is    7.7778523469831093E-002
 Added good helicity            1   511.33022827309355       in event            1 local:           1
 Added good helicity            2  0.66977172690647602       in event            1 local:           1
 Added good helicity          769   511.33022827309355       in event            1 local:           1
 Added good helicity          770  0.66977172690647602       in event            1 local:           1
 RESET CUMULATIVE VARIABLE
 RESET CUMULATIVE VARIABLE
 Iteration  1   Mean: 0.7154E-07 Abs mean: 0.7154E-07   Fluctuation:  0.206E-07   0.260E-04     7.3%
  1    0.7154E-07 0.7154E-07 +- 0.2061E-07     12.88
 Writing out events   6.0869106634684743E-011   12.881498842153599     
 Relative summed weights:
  0.1348E+00  0.0000E+00  0.7461E+00  0.0000E+00  0.3428E-04  0.0000E+00  0.1119E+00  0.0000E+00  0.2620E-06  0.0000E+00  0.7146E-02  0.0000E+00  0.0000E+00  0.0000E+00  0.1699E-05  0.0000E+00
 Relative number of events:
  0.4828E-01  0.0000E+00  0.8576E+00  0.0000E+00  0.1991E-02  0.0000E+00  0.4480E-01  0.0000E+00  0.9955E-03  0.0000E+00  0.4380E-01  0.0000E+00  0.0000E+00  0.0000E+00  0.2489E-02  0.0000E+00
 Events:
          97           0        1723           0           4           0          90           0           2           0          88           0           0           0           5           0
 Iteration  2   Mean: 0.2180E-06 Abs mean: 0.2180E-06   Fluctuation:  0.484E-07   0.108E-03    42.1%
  2    0.2180E-06 0.2180E-06 +- 0.4842E-07     14.05
 Relative summed weights:
  0.3557E-02  0.0000E+00  0.8357E+00  0.0000E+00  0.8331E-01  0.0000E+00  0.6951E-01  0.0000E+00  0.2133E-04  0.0000E+00  0.6834E-02  0.0000E+00  0.4576E-03  0.0000E+00  0.6212E-03  0.0000E+00
 Relative number of events:
  0.4225E-01  0.0000E+00  0.8562E+00  0.0000E+00  0.3250E-02  0.0000E+00  0.4450E-01  0.0000E+00  0.2250E-02  0.0000E+00  0.4775E-01  0.0000E+00  0.7500E-03  0.0000E+00  0.3000E-02  0.0000E+00
 Events:
         169           0        3425           0          13           0         178           0           9           0         191           0           3           0          12           0
 Iteration  3   Mean: 0.2728E-06 Abs mean: 0.2728E-06   Fluctuation:  0.413E-07   0.239E-03    63.1%
  3    0.2728E-06 0.2728E-06 +- 0.4128E-07     13.54
 Relative summed weights:
  0.3295E-01  0.0000E+00  0.8951E+00  0.0000E+00  0.5180E-03  0.0000E+00  0.3341E-01  0.0000E+00  0.3822E-03  0.0000E+00  0.3345E-01  0.0000E+00  0.0000E+00  0.0000E+00  0.4145E-02  0.0000E+00
 Relative number of events:
  0.4763E-01  0.0000E+00  0.8526E+00  0.0000E+00  0.1875E-02  0.0000E+00  0.4512E-01  0.0000E+00  0.3500E-02  0.0000E+00  0.4637E-01  0.0000E+00  0.0000E+00  0.0000E+00  0.2875E-02  0.0000E+00
 Events:
         381           0        6821           0          15           0         361           0          28           0         371           0           0           0          23           0
 Accuracy:    0.222   0.010   0.115   3.755
 Found          486  events.
 Wrote            8  events.
 Actual xsec    2.2626193632705062E-007
 Correct abs xsec    2.2626193632705062E-007
 Event xsec    2.2626193632705062E-007
 Events wgts > 1:            1
 % Cross section > 1:    2.7887197521140637E-015   1.2325182915800319E-006
 Iteration  4   Mean: 0.3583E-06 Abs mean: 0.3583E-06   Fluctuation:  0.620E-07   0.901E-03    62.4%
  4    0.3583E-06 0.3583E-06 +- 0.6204E-07     21.91
 Relative summed weights:
  0.2072E+00  0.0000E+00  0.6444E+00  0.0000E+00  0.1128E-02  0.0000E+00  0.3718E-01  0.0000E+00  0.5698E-03  0.0000E+00  0.1089E+00  0.0000E+00  0.2287E-04  0.0000E+00  0.5639E-03  0.0000E+00
 Relative number of events:
Thanks for using LHAPDF 6.2.1. Please make sure to cite the paper:
  Eur.Phys.J. C75 (2015) 3, 132  (http://arxiv.org/abs/1412.7420)
  0.4481E-01  0.0000E+00  0.8564E+00  0.0000E+00  0.2687E-02  0.0000E+00  0.4581E-01  0.0000E+00  0.2375E-02  0.0000E+00  0.4562E-01  0.0000E+00  0.1875E-03  0.0000E+00  0.2125E-02  0.0000E+00
 Events:
         717           0       13702           0          43           0         733           0          38           0         730           0           3           0          34           0
 Accuracy:    0.184   0.010   0.096   3.699
 Found         1315  events.
 Wrote            5  events.
 Actual xsec    2.9067359974617216E-007
 Correct abs xsec    2.9067359974617216E-007
 Event xsec    2.9067359974617216E-007
 Events wgts > 1:            0
 % Cross section > 1:    0.0000000000000000        0.0000000000000000     
 Iteration  5   Mean: 0.3097E-06 Abs mean: 0.3097E-06   Fluctuation:  0.999E-08   0.123E-03    62.3%
  5    0.3097E-06 0.3097E-06 +- 0.9988E-08      5.77
 Relative summed weights:
  0.4295E-01  0.0000E+00  0.8554E+00  0.0000E+00  0.1045E-02  0.0000E+00  0.5742E-01  0.0000E+00  0.1896E-02  0.0000E+00  0.3767E-01  0.0000E+00  0.1189E-03  0.0000E+00  0.3525E-02  0.0000E+00
 Relative number of events:
  0.4419E-01  0.0000E+00  0.8557E+00  0.0000E+00  0.2281E-02  0.0000E+00  0.4700E-01  0.0000E+00  0.2563E-02  0.0000E+00  0.4556E-01  0.0000E+00  0.1250E-03  0.0000E+00  0.2563E-02  0.0000E+00
 Events:
        1414           0       27383           0          73           0        1504           0          82           0        1458           0           4           0          82           0
 Accuracy:    0.049   0.010   0.031   2.606
 Found         2938  events.
 Wrote          173  events.
 Actual xsec    3.0972306319786969E-007
 Correct abs xsec    3.0972306319786969E-007
 Event xsec    3.0972306319786985E-007
 Events wgts > 1:            5
 % Cross section > 1:    2.8748681076515169E-009  0.92820601668106228     
 Iteration  6   Mean: 0.2993E-06 Abs mean: 0.2993E-06   Fluctuation:  0.388E-08   0.471E-04    57.7%
  6    0.2993E-06 0.2993E-06 +- 0.3878E-08      3.28
 Relative summed weights:
  0.4700E-01  0.0000E+00  0.8527E+00  0.0000E+00  0.2344E-02  0.0000E+00  0.4630E-01  0.0000E+00  0.2723E-02  0.0000E+00  0.4680E-01  0.0000E+00  0.1405E-03  0.0000E+00  0.2027E-02  0.0000E+00
 Relative number of events:
  0.4559E-01  0.0000E+00  0.8550E+00  0.0000E+00  0.2359E-02  0.0000E+00  0.4633E-01  0.0000E+00  0.2531E-02  0.0000E+00  0.4561E-01  0.0000E+00  0.1563E-03  0.0000E+00  0.2469E-02  0.0000E+00
 Events:
        2918           0       54717           0         151           0        2965           0         162           0        2919           0          10           0         158           0
 Accuracy:    0.018   0.010   0.012   2.228
 Found         8252  events.
 Wrote         1002  events.
 Actual xsec    3.0103876713947274E-007
 Correct abs xsec    3.0103876713947274E-007
 Event xsec    3.0103876713947464E-007
 Events wgts > 1:           20
 % Cross section > 1:    2.8910563465328073E-009  0.96036014696849614     
 Iteration  7   Mean: 0.2918E-06 Abs mean: 0.2918E-06   Fluctuation:  0.192E-08   0.270E-04    55.1%
  7    0.2918E-06 0.2918E-06 +- 0.1923E-08      2.36
 Exceeded boost           4          90   128000.000    
 Relative summed weights:
  0.4380E-01  0.0000E+00  0.8593E+00  0.0000E+00  0.2677E-02  0.0000E+00  0.4426E-01  0.0000E+00  0.2547E-02  0.0000E+00  0.4467E-01  0.0000E+00  0.7545E-04  0.0000E+00  0.2627E-02  0.0000E+00
 Relative number of events:
  0.4478E-01  0.0000E+00  0.8578E+00  0.0000E+00  0.2453E-02  0.0000E+00  0.4521E-01  0.0000E+00  0.2398E-02  0.0000E+00  0.4492E-01  0.0000E+00  0.1016E-03  0.0000E+00  0.2375E-02  0.0000E+00
 Events:
        5732           0      109793           0         314           0        5787           0         307           0        5750           0          13           0         304           0
 Accuracy:    0.009   0.010   0.006   2.674
 Finished due to accuracy    9.4316826450429481E-003   1.0000000000000000E-002

 -------------------------------------------------------------------------------
 Accumulated results:   Integral =  0.2938E-06
                        Std dev  =  0.1695E-08
                       Cross sec =  0.2938E-06
             Chi**2 per DoF.     =      2.6738
 -------------------------------------------------------------------------------
 Found        19398  events.
 Wrote         5312  events.
 Actual xsec    2.9388744779435226E-007
 Correct abs xsec    2.9388744779435226E-007
 Event xsec    2.9388744779433336E-007
 Events wgts > 1:          135
 % Cross section > 1:    2.9223346759562059E-009  0.99437206246430021     
-------------------------------------------------
---------------------------
 Results Last   3 iters: Integral =   0.2939E-06
                     Abs integral =   0.2939E-06
                          Std dev =   0.1698E-08
                  Chi**2 per DoF. =      2.8129
-------------------------------------------------
---------------------------
 Status   1.0000000000000000E-002           8           8

ls status:
events.lhe
ftn25
ftn26
input_app.txt
results.dat
run1_app.log
