==== LHAPDF6 USING DEFAULT-TYPE LHAGLUE INTERFACE ====
LHAPDF 6.2.1 loading /cvmfs/cms.cern.ch/slc6_amd64_gcc481/external/lhapdf/6.2.1/share/LHAPDF/NNPDF30_lo_as_0130_nf_4/NNPDF30_lo_as_0130_nf_4_0000.dat
NNPDF30_lo_as_0130_nf_4 PDF set, member #0, version 2; LHAPDF ID = 263400
 Process in group number            1
 A PDF is used, so alpha_s(MZ) is going to be modified
 Old value of alpha_s from param_card:   0.11799999999999999     
 New value of alpha_s from PDF lhapdf :  0.12470044313224841     
 using LHAPDF
 Warning: pt or E min of a jet should in general be >0
 Warning: pt or E min of a jet should in general be >0
 Warning: pt or E min of a jet should in general be >0
 Warning: pt or E min of a jet should in general be >0
 Warning: pt or E min of a jet should in general be >0
 Warning: pt or E min of a jet should in general be >0
 *****************************************************
 *               MadGraph/MadEvent                   *
 *        --------------------------------           *
 *          http://madgraph.hep.uiuc.edu             *
 *          http://madgraph.phys.ucl.ac.be           *
 *          http://madgraph.roma2.infn.it            *
 *        --------------------------------           *
 *                                                   *
 *          PARAMETER AND COUPLING VALUES            *
 *                                                   *
 *****************************************************

  External Params
  ---------------------------------
  
 mdl_LR =    1000.0000000000000     
 mdl_xi =    1.0000000000000000E-008
 mdl_ReFmeio =   -1.8123300000000000     
 mdl_FmeioH =   -1.5442800000000001     
 mdl_ImFmeio =    1.4062200000000000     
 mdl_K =    35.000000000000000     
 aEWM1 =    127.90000000000001     
 mdl_Gf =    1.1663780000000000E-005
 aS =   0.11799999999999999     
 mdl_lamWS =   0.22530000000000000     
 mdl_AWS =   0.80800000000000005     
 mdl_rhoWS =   0.13200000000000001     
 mdl_etaWS =   0.34100000000000003     
 mdl_ymc =    0.0000000000000000     
 mdl_ymb =    4.7999999999999998     
 mdl_ymt =    172.50000000000000     
 mdl_yme =    5.1099999999999995E-004
 mdl_ymm =   0.10566000000000000     
 mdl_ymtau =    1.7769999999999999     
 mdl_MC =    0.0000000000000000     
 mdl_MT =    172.50000000000000     
 mdl_MB =    4.7999999999999998     
 mdl_MZ =    91.187600000000003     
 mdl_MH =    125.00000000000000     
 mdl_MH02 =    3500.0000000000000     
 mdl_Me =    5.1099999999999995E-004
 mdl_MM =   0.10566000000000000     
 mdl_MTA =    1.7769999999999999     
 mdl_MP =    120.00000000000000     
 mdl_WT =    1.4915000000000000     
 mdl_WZ =    2.4952000000000001     
 mdl_WW =    2.0850000000000000     
 mdl_WH =    6.3823389999999999E-003
 mdl_WH02 =    1.0000000000000000E-003
 mdl_WTau =    2.2699999999999998E-012
 mdl_WH1 =    6.3823389999999999E-003
  Internal Params
  ---------------------------------
  
 mdl_lamWS__exp__2 =    5.0760090000000001E-002
 mdl_CKM11 =  ( 0.97461995499999998     ,  0.0000000000000000     )
 mdl_CKM12 =  ( 0.22530000000000000     ,  0.0000000000000000     )
 mdl_complexi =  (  0.0000000000000000     ,  1.0000000000000000     )
 mdl_lamWS__exp__3 =    1.1436248277000001E-002
 mdl_CKM13 =  (  1.2197444962317122E-003, -3.1510066152652563E-003)
 mdl_CKM21 =  (-0.22530000000000000     ,  0.0000000000000000     )
 mdl_CKM22 =  ( 0.97461995499999998     ,  0.0000000000000000     )
 mdl_CKM23 =  (  4.1014152720000002E-002,  0.0000000000000000     )
 mdl_CKM31 =  (  8.0207441115842885E-003, -3.1510066152652563E-003)
 mdl_CKM32 =  ( -4.1014152720000002E-002,  0.0000000000000000     )
 mdl_CKM33 =  (  1.0000000000000000     ,  0.0000000000000000     )
 mdl_MZ__exp__2 =    8315.1783937600012     
 mdl_MZ__exp__4 =    69142191.720053151     
 mdl_sqrt__2 =    1.4142135623730951     
 mdl_MH__exp__6 =    3814697265625.0000     
 mdl_MT__exp__6 =    26347207783447.266     
 mdl_MH__exp__4 =    244140625.00000000     
 mdl_MT__exp__4 =    885434414.06250000     
 mdl_MH__exp__2 =    15625.000000000000     
 mdl_MT__exp__2 =    29756.250000000000     
 mdl_MH02__exp__2 =    12250000.000000000     
 mdl_FmeioMH =  (  1.0470805239420240     ,  0.0000000000000000     )
 mdl_MH02__exp__6 =    1.8382656250000001E+021
 mdl_MH02__exp__4 =    150062500000000.00     
 mdl_FmeioMR =  ( -94881.833128121187     ,  0.0000000000000000     )
 mdl_MH__exp__12 =    1.4551915228366852E+025
 mdl_MH__exp__10 =    9.3132257461547853E+020
 mdl_MH__exp__8 =    59604644775390624.     
 mdl_MH02__exp__12 =    3.3792205080566410E+042
 mdl_MH02__exp__10 =    2.7585473535156252E+035
 mdl_MH02__exp__8 =    2.2518753906250002E+028
 mdl_conjg__CKM11 =  ( 0.97461995499999998     , -0.0000000000000000     )
 mdl_conjg__CKM12 =  ( 0.22530000000000000     , -0.0000000000000000     )
 mdl_conjg__CKM13 =  (  1.2197444962317122E-003,  3.1510066152652563E-003)
 mdl_conjg__CKM21 =  (-0.22530000000000000     , -0.0000000000000000     )
 mdl_conjg__CKM22 =  ( 0.97461995499999998     , -0.0000000000000000     )
 mdl_conjg__CKM23 =  (  4.1014152720000002E-002, -0.0000000000000000     )
 mdl_conjg__CKM31 =  (  8.0207441115842885E-003,  3.1510066152652563E-003)
 mdl_conjg__CKM32 =  ( -4.1014152720000002E-002, -0.0000000000000000     )
 mdl_conjg__CKM33 =  (  1.0000000000000000     , -0.0000000000000000     )
 mdl_aEW =    7.8186082877247844E-003
 mdl_MW =    79.824479864292599     
 mdl_sqrt__aEW =    8.8422894590285753E-002
 mdl_ee =   0.31345100004952897     
 mdl_MW__exp__2 =    6371.9475856048548     
 mdl_sw2 =   0.23369682719175511     
 mdl_cw =   0.87538744154131254     
 mdl_sqrt__sw2 =   0.48342199700857130     
 mdl_sw =   0.48342199700857130     
 mdl_g1 =   0.35807116389244675     
 mdl_gw =   0.64840036653104827     
 mdl_v =    246.21972467830258     
 mdl_v__exp__2 =    60624.152820659125     
 mdl_lam =   0.12886778019168796     
 mdl_yb =    2.7569785922959604E-002
 mdl_yc =    0.0000000000000000     
 mdl_ye =    2.9350334597150747E-006
 mdl_ym =    6.0687991262914842E-004
 mdl_yt =   0.99078918160636087     
 mdl_ytau =    1.0206564496895670E-002
 mdl_muH =    88.388347648318444     
 mdl_Z =    1.0000000018187245     
 mdl_theta =    7.6628352490421455E-011
 mdl_cos__theta =    1.0000000000000000     
 mdl_a =  -0.99999999818127550     
 mdl_sin__theta =    7.6628352490421455E-011
 mdl_b =    7.6628352351055597E-011
 mdl_c =    1.4849811806320228E-008
 mdl_d =    1.0000000000000000     
 mdl_ee__exp__2 =    9.8251529432049817E-002
 mdl_MW__exp__12 =    6.6931902282585363E+022
 mdl_MW__exp__10 =    1.0504151420484712E+019
 mdl_MW__exp__8 =    1648499344880849.5     
 mdl_MW__exp__6 =    258712006452.32019     
 mdl_MW__exp__4 =    40601716.033695541     
 mdl_AH =    3.2896331152571413E-005
 mdl_AR =    2659599862.1444044     
 mdl_gw__exp__2 =   0.42042303531759773     
 mdl_cw__exp__2 =   0.76630317280824489     
 mdl_sw__exp__2 =   0.23369682719175511     
  Internal Params evaluated point by point
  ----------------------------------------
  
 mdl_sqrt__aS =   0.34351128074635334     
 mdl_G__exp__2 =    1.4828317324943823     
 mdl_Gphi =   -6.3554969584608289E-006
 mdl_GR =  (  1.4133715995743603E-004, -1.3204604160005052E-005)
 mdl_GH =  (  5.8894582703556158E-005,  0.0000000000000000     )
  Couplings of heft_radion
  ---------------------------------
  
        GC_55 =  -0.13205E-04  -0.14134E-03
        GC_18 =   0.00000E+00   0.44685E+00
        GC_19 =   0.00000E+00   0.10330E+00
        GC_20 =   0.14447E-02   0.55924E-03
        GC_21 =  -0.00000E+00  -0.10330E+00
        GC_22 =   0.00000E+00   0.44685E+00
        GC_23 =   0.00000E+00   0.18805E-01
        GC_37 =   0.00000E+00   0.51758E+02
        GC_45 =   0.00000E+00   0.44685E+00
        GC_46 =   0.00000E+00   0.10330E+00
        GC_47 =  -0.14447E-02   0.55924E-03
        GC_48 =   0.00000E+00  -0.10330E+00
        GC_49 =   0.00000E+00   0.44685E+00
        GC_50 =   0.00000E+00   0.18805E-01
        GC_58 =   0.31250E+02   0.00000E+00
        GC_59 =   0.10000E-02   0.00000E+00

 Collider parameters:
 --------------------

 Running at P P   machine @    13000.000000000000       GeV
 PDF set = lhapdf 
 alpha_s(Mz)= 0.1247 running at 1 loops.
 alpha_s(Mz)= 0.1247 running at 1 loops.
 Renormalization scale set on event-by-event basis
 Factorization   scale set on event-by-event basis


 getting user params
Enter number of events and max and min iterations: 
 Number of events and iterations         2000           8           3
Enter desired fractional accuracy: 
 Desired fractional accuracy:    1.0000000000000000E-002
Enter 0 for fixed, 2 for adjustable grid: 
Suppress amplitude (0 no, 1 yes)? 
 Using suppressed amplitude.
Exact helicity sum (0 yes, n = number/event)? 
 Explicitly summing over helicities
Enter Configuration Number: 
Running Configuration Number:    1
 Using dconfig=         473
 BW Setting            2           1           1           2           2           1           0           0
 Attempting mappinvarients           1          10
 Completed mapping          10
 about to integrate           22        2000           8           3          22           1
 Using non-zero grid deformation.
 22 dimensions   2000 events 22 invarients  8 iterations  1 config(s),  (0.99)
 Using h-tuple random number sequence.
 fail to read data
 Error opening grid
 Using Uniform Grid!          40
 Using uniform alpha   1.0000000000000000     
 Grid defined OK
 Set CM energy to      13000.00
 Mapping Graph           1  to config           1
Setting grid   1    0.13633E-06   1
 Setting BW          -2           2   79.824479864292599     
 Setting BW          -3           3   125.00000000000000     
Setting grid   4    0.59172E-08   1
Setting grid   5    0.59172E-08   1
 Setting BW          -6           6   125.00000000000000     
 Setting PDF BW          21           7   3500.0000000000000     
 Transforming s_hat BW    7.2485207100591725E-002   2.0710059171597636E-008
 Masses: 0.000E+00 0.000E+00 0.000E+00 0.000E+00 0.000E+00 0.000E+00 0.000E+00 0.480E+01 0.000E+00 0.480E+01
   1   1   2   3   4   5   6   7   8   9  10  11  12  13  14
  15  16  17  18  19  20  21  22
Using random seed offsets     1 :     36
  with seed                   24
 Ranmar initialization seeds       31059        9433
 
 ********************************************
 * You are using the DiscreteSampler module *
 *      part of the MG5_aMC framework       *
 *         Author: Valentin Hirschi         *
 ********************************************
 
  Particle       3       4       5       6       7       8       9      10
      Et >     0.0     0.0     0.0     0.0     0.0     0.0     0.0     0.0
       E >     0.0     0.0     0.0     0.0     0.0     0.0     0.0     0.0
     Eta <    -1.0    -1.0    -1.0    -1.0    -1.0    -1.0    -1.0    -1.0
   xqcut:      0.0     0.0     0.0     0.0     0.0     0.0     0.0     0.0
d R # 3  >    -0.0     0.0     0.0     0.0     0.0     0.0     0.0     0.0
d R # 4  >    -0.0    -0.0     0.0     0.0     0.0     0.0     0.0     0.0
d R # 5  >    -0.0    -0.0    -0.0     0.0     0.0     0.0     0.0     0.0
d R # 6  >    -0.0    -0.0    -0.0    -0.0     0.0     0.0     0.0     0.0
d R # 7  >    -0.0    -0.0    -0.0    -0.0    -0.0     0.0     0.0     0.0
d R # 8  >    -0.0    -0.0    -0.0    -0.0    -0.0    -0.0     0.0     0.0
d R # 9  >    -0.0    -0.0    -0.0    -0.0    -0.0    -0.0    -0.0     0.0
s min # 3>     0.0     0.0     0.0     0.0     0.0     0.0     0.0     0.0
s min # 4>     0.0     0.0     0.0     0.0     0.0     0.0     0.0     0.0
s min # 5>     0.0     0.0     0.0     0.0     0.0     0.0     0.0     0.0
s min # 6>     0.0     0.0     0.0     0.0     0.0     0.0     0.0     0.0
s min # 7>     0.0     0.0     0.0     0.0     0.0     0.0     0.0     0.0
s min # 8>     0.0     0.0     0.0     0.0     0.0     0.0     0.0     0.0
s min # 9>     0.0     0.0     0.0     0.0     0.0     0.0     0.0     0.0
xqcutij # 3>     0.0     0.0     0.0     0.0     0.0     0.0     0.0     0.0
xqcutij # 4>     0.0     0.0     0.0     0.0     0.0     0.0     0.0     0.0
xqcutij # 5>     0.0     0.0     0.0     0.0     0.0     0.0     0.0     0.0
xqcutij # 6>     0.0     0.0     0.0     0.0     0.0     0.0     0.0     0.0
xqcutij # 7>     0.0     0.0     0.0     0.0     0.0     0.0     0.0     0.0
xqcutij # 8>     0.0     0.0     0.0     0.0     0.0     0.0     0.0     0.0
xqcutij # 9>     0.0     0.0     0.0     0.0     0.0     0.0     0.0     0.0
 Excluding BW           -1           1
 Requiring BW           -2           2
 Requiring BW           -3           3
 Excluding BW           -4           4
 Excluding BW           -5           5
 Requiring BW           -6           6
 No cut BW           -7           7
 alpha_s for scale    3500.0013064415357       is    7.7778520380004476E-002
 Added good helicity            1   494.16525212508941       in event            1 local:           1
 Added good helicity            2   11.604255028020585       in event            1 local:           1
 Added good helicity            5   6.2034705044575871       in event            1 local:           1
 Added good helicity            6   2.7022342432407934E-002  in event            1 local:           1
 Added good helicity          769   494.16525212508941       in event            1 local:           1
 Added good helicity          770   11.604255028020585       in event            1 local:           1
 Added good helicity          773   6.2034705044575871       in event            1 local:           1
 Added good helicity          774   2.7022342432407934E-002  in event            1 local:           1
 RESET CUMULATIVE VARIABLE
 RESET CUMULATIVE VARIABLE
 Iteration  1   Mean: 0.9302E-08 Abs mean: 0.9302E-08   Fluctuation:  0.300E-08   0.366E-05     9.4%
  1    0.9302E-08 0.9302E-08 +- 0.2995E-08     14.40
 Writing out events   6.2038081817793055E-012   14.400267152851292     
 Relative summed weights:
  0.1397E-03  0.0000E+00  0.9817E-04  0.0000E+00  0.3543E+00  0.0000E+00  0.1063E+00  0.0000E+00  0.0000E+00  0.0000E+00  0.0000E+00  0.0000E+00  0.0000E+00  0.0000E+00  0.0000E+00  0.0000E+00
  0.0000E+00  0.0000E+00  0.0000E+00  0.0000E+00  0.0000E+00  0.0000E+00  0.0000E+00  0.0000E+00  0.1253E-02  0.0000E+00  0.5337E+00  0.0000E+00  0.4071E-02  0.0000E+00  0.1330E-03  0.0000E+00
 Relative number of events:
  0.2837E-01  0.0000E+00  0.1493E-02  0.0000E+00  0.5605E+00  0.0000E+00  0.2787E-01  0.0000E+00  0.0000E+00  0.0000E+00  0.0000E+00  0.0000E+00  0.0000E+00  0.0000E+00  0.0000E+00  0.0000E+00
  0.0000E+00  0.0000E+00  0.0000E+00  0.0000E+00  0.0000E+00  0.0000E+00  0.0000E+00  0.0000E+00  0.1692E-01  0.0000E+00  0.3464E+00  0.0000E+00  0.1991E-02  0.0000E+00  0.1643E-01  0.0000E+00
 Events:
          57           0           3           0        1126           0          56           0           0           0           0           0           0           0           0           0
           0           0           0           0           0           0           0           0          34           0         696           0           4           0          33           0
 Iteration  2   Mean: 0.3609E-08 Abs mean: 0.3609E-08   Fluctuation:  0.485E-09   0.923E-06    46.8%
  2    0.3609E-08 0.3609E-08 +- 0.4852E-09      8.50
 Relative summed weights:
  0.2426E-01  0.0000E+00  0.2403E-03  0.0000E+00  0.4087E+00  0.0000E+00  0.4948E-01  0.0000E+00  0.0000E+00  0.0000E+00  0.0000E+00  0.0000E+00  0.0000E+00  0.0000E+00  0.0000E+00  0.0000E+00
  0.0000E+00  0.0000E+00  0.0000E+00  0.0000E+00  0.0000E+00  0.0000E+00  0.0000E+00  0.0000E+00  0.1025E-01  0.0000E+00  0.4888E+00  0.0000E+00  0.0000E+00  0.0000E+00  0.1824E-01  0.0000E+00
 Relative number of events:
  0.2975E-01  0.0000E+00  0.2250E-02  0.0000E+00  0.5627E+00  0.0000E+00  0.2700E-01  0.0000E+00  0.0000E+00  0.0000E+00  0.0000E+00  0.0000E+00  0.0000E+00  0.0000E+00  0.0000E+00  0.0000E+00
  0.0000E+00  0.0000E+00  0.0000E+00  0.0000E+00  0.0000E+00  0.0000E+00  0.0000E+00  0.0000E+00  0.1800E-01  0.0000E+00  0.3380E+00  0.0000E+00  0.0000E+00  0.0000E+00  0.2225E-01  0.0000E+00
 Events:
         119           0           9           0        2251           0         108           0           0           0           0           0           0           0           0           0
           0           0           0           0           0           0           0           0          72           0        1352           0           0           0          89           0
 Iteration  3   Mean: 0.4382E-08 Abs mean: 0.4382E-08   Fluctuation:  0.506E-09   0.215E-05    67.9%
  3    0.4382E-08 0.4382E-08 +- 0.5061E-09     10.33
 Relative summed weights:
  0.2188E-01  0.0000E+00  0.3236E-03  0.0000E+00  0.4199E+00  0.0000E+00  0.1955E-01  0.0000E+00  0.0000E+00  0.0000E+00  0.0000E+00  0.0000E+00  0.0000E+00  0.0000E+00  0.0000E+00  0.0000E+00
  0.0000E+00  0.0000E+00  0.0000E+00  0.0000E+00  0.0000E+00  0.0000E+00  0.0000E+00  0.0000E+00  0.1323E-01  0.0000E+00  0.4510E+00  0.0000E+00  0.3105E-03  0.0000E+00  0.7380E-01  0.0000E+00
 Relative number of events:
  0.3163E-01  0.0000E+00  0.1625E-02  0.0000E+00  0.5430E+00  0.0000E+00  0.3138E-01  0.0000E+00  0.0000E+00  0.0000E+00  0.0000E+00  0.0000E+00  0.0000E+00  0.0000E+00  0.0000E+00  0.0000E+00
  0.0000E+00  0.0000E+00  0.0000E+00  0.0000E+00  0.0000E+00  0.0000E+00  0.0000E+00  0.0000E+00  0.2013E-01  0.0000E+00  0.3529E+00  0.0000E+00  0.1125E-02  0.0000E+00  0.1825E-01  0.0000E+00
 Events:
         253           0          13           0        4344           0         251           0           0           0           0           0           0           0           0           0
           0           0           0           0           0           0           0           0         161           0        2823           0           9           0         146           0
 Accuracy:    0.221   0.010   0.085   6.832
 Found          646  events.
 Wrote           16  events.
 Actual xsec    4.4155872121930289E-009
 Correct abs xsec    4.4155872121930289E-009
 Event xsec    4.4155872121930273E-009
 Events wgts > 1:            2
 % Cross section > 1:    4.0894991634971180E-011  0.92615069456776600     
 Iteration  4   Mean: 0.4323E-08 Abs mean: 0.4323E-08   Fluctuation:  0.210E-09   0.198E-05    67.1%
  4    0.4323E-08 0.4323E-08 +- 0.2097E-09      6.14
 Relative summed weights:
  0.2659E-01  0.0000E+00  0.1103E-02  0.0000E+00  0.4152E+00  0.0000E+00  0.2197E-01  0.0000E+00  0.0000E+00  0.0000E+00  0.0000E+00  0.0000E+00  0.0000E+00  0.0000E+00  0.0000E+00  0.0000E+00
  0.0000E+00  0.0000E+00  0.0000E+00  0.0000E+00  0.0000E+00  0.0000E+00  0.0000E+00  0.0000E+00  0.1540E-01  0.0000E+00  0.4947E+00  0.0000E+00  0.4025E-03  0.0000E+00  0.2461E-01  0.0000E+00
 Relative number of events:
  0.3144E-01  0.0000E+00  0.1625E-02  0.0000E+00  0.5533E+00  0.0000E+00  0.2731E-01  0.0000E+00  0.0000E+00  0.0000E+00  0.0000E+00  0.0000E+00  0.0000E+00  0.0000E+00  0.0000E+00  0.0000E+00
  0.0000E+00  0.0000E+00  0.0000E+00  0.0000E+00  0.0000E+00  0.0000E+00  0.0000E+00  0.0000E+00  0.1812E-01  0.0000E+00  0.3483E+00  0.0000E+00  0.1625E-02  0.0000E+00  0.1825E-01  0.0000E+00
 Events:
         503           0          26           0        8853           0         437           0           0           0           0           0           0           0           0           0
           0           0           0           0           0           0           0           0         290           0        5573           0          26           0         292           0
 Accuracy:    0.091   0.010   0.042   4.718
 Found         1462  events.
 Wrote           34  events.
 Actual xsec    4.2597187352482622E-009
 Correct abs xsec    4.2597187352482622E-009
 Event xsec    4.2597187352482672E-009
 Events wgts > 1:            1
 % Cross section > 1:    8.1501866906447942E-018   1.9133156898843417E-007
 Iteration  5   Mean: 0.4685E-08 Abs mean: 0.4685E-08   Fluctuation:  0.903E-10   0.730E-06    66.4%
  5    0.4685E-08 0.4685E-08 +- 0.9027E-10      3.45
 Relative summed weights:
  0.2302E-01  0.0000E+00  0.1218E-02  0.0000E+00  0.4536E+00  0.0000E+00  0.2477E-01  0.0000E+00  0.0000E+00  0.0000E+00  0.0000E+00  0.0000E+00  0.0000E+00  0.0000E+00  0.0000E+00  0.0000E+00
  0.0000E+00  0.0000E+00  0.0000E+00  0.0000E+00  0.0000E+00  0.0000E+00  0.0000E+00  0.0000E+00  0.2469E-01  0.0000E+00  0.4509E+00  0.0000E+00  0.1704E-02  0.0000E+00  0.2009E-01  0.0000E+00
 Relative number of events:
  0.3016E-01  0.0000E+00  0.1563E-02  0.0000E+00  0.5537E+00  0.0000E+00  0.2838E-01  0.0000E+00  0.0000E+00  0.0000E+00  0.0000E+00  0.0000E+00  0.0000E+00  0.0000E+00  0.0000E+00  0.0000E+00
  0.0000E+00  0.0000E+00  0.0000E+00  0.0000E+00  0.0000E+00  0.0000E+00  0.0000E+00  0.0000E+00  0.1903E-01  0.0000E+00  0.3480E+00  0.0000E+00  0.1063E-02  0.0000E+00  0.1812E-01  0.0000E+00
 Events:
         965           0          50           0       17719           0         908           0           0           0           0           0           0           0           0           0
           0           0           0           0           0           0           0           0         609           0       11135           0          34           0         580           0
 Accuracy:    0.034   0.010   0.018   3.751
 Found         3868  events.
 Wrote          555  events.
 Actual xsec    4.6298800558549926E-009
 Correct abs xsec    4.6298800558549926E-009
 Event xsec    4.6298800558549438E-009
 Events wgts > 1:           14
 % Cross section > 1:    4.3974823140686106E-011  0.94980480293599767     
 Iteration  6   Mean: 0.4732E-08 Abs mean: 0.4732E-08   Fluctuation:  0.477E-10   0.511E-06    63.6%
  6    0.4732E-08 0.4732E-08 +- 0.4773E-10      2.55
 Relative summed weights:
  0.2226E-01  0.0000E+00  0.1009E-02  0.0000E+00  0.4531E+00  0.0000E+00  0.2174E-01  0.0000E+00  0.0000E+00  0.0000E+00  0.0000E+00  0.0000E+00  0.0000E+00  0.0000E+00  0.0000E+00  0.0000E+00
  0.0000E+00  0.0000E+00  0.0000E+00  0.0000E+00  0.0000E+00  0.0000E+00  0.0000E+00  0.0000E+00  0.2592E-01  0.0000E+00  0.4519E+00  0.0000E+00  0.1025E-02  0.0000E+00  0.2306E-01  0.0000E+00
 Relative number of events:
  0.2991E-01  0.0000E+00  0.1469E-02  0.0000E+00  0.5507E+00  0.0000E+00  0.2813E-01  0.0000E+00  0.0000E+00  0.0000E+00  0.0000E+00  0.0000E+00  0.0000E+00  0.0000E+00  0.0000E+00  0.0000E+00
  0.0000E+00  0.0000E+00  0.0000E+00  0.0000E+00  0.0000E+00  0.0000E+00  0.0000E+00  0.0000E+00  0.1881E-01  0.0000E+00  0.3511E+00  0.0000E+00  0.1016E-02  0.0000E+00  0.1883E-01  0.0000E+00
 Events:
        1914           0          94           0       35247           0        1800           0           0           0           0           0           0           0           0           0
           0           0           0           0           0           0           0           0        1204           0       22471           0          65           0        1205           0
 Accuracy:    0.016   0.010   0.009   3.148
 Found         8727  events.
 Wrote         2095  events.
 Actual xsec    4.7090781828937687E-009
 Correct abs xsec    4.7090781828937687E-009
 Event xsec    4.7090781828935586E-009
 Events wgts > 1:           46
 % Cross section > 1:    4.7509757271204620E-011   1.0088971859458828     
 Iteration  7   Mean: 0.4744E-08 Abs mean: 0.4744E-08   Fluctuation:  0.284E-10   0.584E-06    61.0%
  7    0.4744E-08 0.4744E-08 +- 0.2838E-10      2.14
 Relative summed weights:
  0.2433E-01  0.0000E+00  0.1237E-02  0.0000E+00  0.4541E+00  0.0000E+00  0.2502E-01  0.0000E+00  0.0000E+00  0.0000E+00  0.0000E+00  0.0000E+00  0.0000E+00  0.0000E+00  0.0000E+00  0.0000E+00
  0.0000E+00  0.0000E+00  0.0000E+00  0.0000E+00  0.0000E+00  0.0000E+00  0.0000E+00  0.0000E+00  0.2391E-01  0.0000E+00  0.4461E+00  0.0000E+00  0.1482E-02  0.0000E+00  0.2388E-01  0.0000E+00
 Relative number of events:
  0.3002E-01  0.0000E+00  0.1703E-02  0.0000E+00  0.5508E+00  0.0000E+00  0.2955E-01  0.0000E+00  0.0000E+00  0.0000E+00  0.0000E+00  0.0000E+00  0.0000E+00  0.0000E+00  0.0000E+00  0.0000E+00
  0.0000E+00  0.0000E+00  0.0000E+00  0.0000E+00  0.0000E+00  0.0000E+00  0.0000E+00  0.0000E+00  0.1893E-01  0.0000E+00  0.3488E+00  0.0000E+00  0.9687E-03  0.0000E+00  0.1923E-01  0.0000E+00
 Events:
        3842           0         218           0       70501           0        3782           0           0           0           0           0           0           0           0           0
Thanks for using LHAPDF 6.2.1. Please make sure to cite the paper:
  Eur.Phys.J. C75 (2015) 3, 132  (http://arxiv.org/abs/1412.7420)
           0           0           0           0           0           0           0           0        2423           0       44649           0         124           0        2461           0
 Accuracy:    0.008   0.010   0.005   2.692
 Finished due to accuracy    8.1000888891751451E-003   1.0000000000000000E-002

 -------------------------------------------------------------------------------
 Accumulated results:   Integral =  0.4732E-08
                        Std dev  =  0.2336E-10
                       Cross sec =  0.4732E-08
             Chi**2 per DoF.     =      2.6925
 -------------------------------------------------------------------------------
 Found        19066  events.
 Wrote         6926  events.
 Actual xsec    4.7375145605165492E-009
 Correct abs xsec    4.7375145605165492E-009
 Event xsec    4.7375145605162035E-009
 Events wgts > 1:          162
 % Cross section > 1:    4.6774297925430201E-011  0.98731723835237439     
-------------------------------------------------
---------------------------
 Results Last   3 iters: Integral =   0.4738E-08
                     Abs integral =   0.4738E-08
                          Std dev =   0.2355E-10
                  Chi**2 per DoF. =      0.2030
-------------------------------------------------
---------------------------
 Status   1.0000000000000000E-002           8           8

ls status:
events.lhe
ftn25
ftn26
input_app.txt
results.dat
run1_app.log
