==== LHAPDF6 USING DEFAULT-TYPE LHAGLUE INTERFACE ====
LHAPDF 6.2.1 loading /cvmfs/cms.cern.ch/slc6_amd64_gcc481/external/lhapdf/6.2.1/share/LHAPDF/NNPDF30_lo_as_0130_nf_4/NNPDF30_lo_as_0130_nf_4_0000.dat
NNPDF30_lo_as_0130_nf_4 PDF set, member #0, version 2; LHAPDF ID = 263400
 Process in group number            1
 A PDF is used, so alpha_s(MZ) is going to be modified
 Old value of alpha_s from param_card:   0.11799999999999999     
 New value of alpha_s from PDF lhapdf :  0.12470044313224841     
 using LHAPDF
 Warning: pt or E min of a jet should in general be >0
 Warning: pt or E min of a jet should in general be >0
 Warning: pt or E min of a jet should in general be >0
 Warning: pt or E min of a jet should in general be >0
 Warning: pt or E min of a jet should in general be >0
 Warning: pt or E min of a jet should in general be >0
 Warning: pt or E min of a jet should in general be >0
 *****************************************************
 *               MadGraph/MadEvent                   *
 *        --------------------------------           *
 *          http://madgraph.hep.uiuc.edu             *
 *          http://madgraph.phys.ucl.ac.be           *
 *          http://madgraph.roma2.infn.it            *
 *        --------------------------------           *
 *                                                   *
 *          PARAMETER AND COUPLING VALUES            *
 *                                                   *
 *****************************************************

  External Params
  ---------------------------------
  
 mdl_LR =    1000.0000000000000     
 mdl_xi =    1.0000000000000000E-008
 mdl_ReFmeio =   -1.8123300000000000     
 mdl_FmeioH =   -1.5442800000000001     
 mdl_ImFmeio =    1.4062200000000000     
 mdl_K =    35.000000000000000     
 aEWM1 =    127.90000000000001     
 mdl_Gf =    1.1663780000000000E-005
 aS =   0.11799999999999999     
 mdl_lamWS =   0.22530000000000000     
 mdl_AWS =   0.80800000000000005     
 mdl_rhoWS =   0.13200000000000001     
 mdl_etaWS =   0.34100000000000003     
 mdl_ymc =    0.0000000000000000     
 mdl_ymb =    4.7999999999999998     
 mdl_ymt =    172.50000000000000     
 mdl_yme =    5.1099999999999995E-004
 mdl_ymm =   0.10566000000000000     
 mdl_ymtau =    1.7769999999999999     
 mdl_MC =    0.0000000000000000     
 mdl_MT =    172.50000000000000     
 mdl_MB =    4.7999999999999998     
 mdl_MZ =    91.187600000000003     
 mdl_MH =    125.00000000000000     
 mdl_MH02 =    3500.0000000000000     
 mdl_Me =    5.1099999999999995E-004
 mdl_MM =   0.10566000000000000     
 mdl_MTA =    1.7769999999999999     
 mdl_MP =    120.00000000000000     
 mdl_WT =    1.4915000000000000     
 mdl_WZ =    2.4952000000000001     
 mdl_WW =    2.0850000000000000     
 mdl_WH =    6.3823389999999999E-003
 mdl_WH02 =    1.0000000000000000E-003
 mdl_WTau =    2.2699999999999998E-012
 mdl_WH1 =    6.3823389999999999E-003
  Internal Params
  ---------------------------------
  
 mdl_lamWS__exp__2 =    5.0760090000000001E-002
 mdl_CKM11 =  ( 0.97461995499999998     ,  0.0000000000000000     )
 mdl_CKM12 =  ( 0.22530000000000000     ,  0.0000000000000000     )
 mdl_complexi =  (  0.0000000000000000     ,  1.0000000000000000     )
 mdl_lamWS__exp__3 =    1.1436248277000001E-002
 mdl_CKM13 =  (  1.2197444962317122E-003, -3.1510066152652563E-003)
 mdl_CKM21 =  (-0.22530000000000000     ,  0.0000000000000000     )
 mdl_CKM22 =  ( 0.97461995499999998     ,  0.0000000000000000     )
 mdl_CKM23 =  (  4.1014152720000002E-002,  0.0000000000000000     )
 mdl_CKM31 =  (  8.0207441115842885E-003, -3.1510066152652563E-003)
 mdl_CKM32 =  ( -4.1014152720000002E-002,  0.0000000000000000     )
 mdl_CKM33 =  (  1.0000000000000000     ,  0.0000000000000000     )
 mdl_MZ__exp__2 =    8315.1783937600012     
 mdl_MZ__exp__4 =    69142191.720053151     
 mdl_sqrt__2 =    1.4142135623730951     
 mdl_MH__exp__6 =    3814697265625.0000     
 mdl_MT__exp__6 =    26347207783447.266     
 mdl_MH__exp__4 =    244140625.00000000     
 mdl_MT__exp__4 =    885434414.06250000     
 mdl_MH__exp__2 =    15625.000000000000     
 mdl_MT__exp__2 =    29756.250000000000     
 mdl_MH02__exp__2 =    12250000.000000000     
 mdl_FmeioMH =  (  1.0470805239420240     ,  0.0000000000000000     )
 mdl_MH02__exp__6 =    1.8382656250000001E+021
 mdl_MH02__exp__4 =    150062500000000.00     
 mdl_FmeioMR =  ( -94881.833128121187     ,  0.0000000000000000     )
 mdl_MH__exp__12 =    1.4551915228366852E+025
 mdl_MH__exp__10 =    9.3132257461547853E+020
 mdl_MH__exp__8 =    59604644775390624.     
 mdl_MH02__exp__12 =    3.3792205080566410E+042
 mdl_MH02__exp__10 =    2.7585473535156252E+035
 mdl_MH02__exp__8 =    2.2518753906250002E+028
 mdl_conjg__CKM11 =  ( 0.97461995499999998     , -0.0000000000000000     )
 mdl_conjg__CKM12 =  ( 0.22530000000000000     , -0.0000000000000000     )
 mdl_conjg__CKM13 =  (  1.2197444962317122E-003,  3.1510066152652563E-003)
 mdl_conjg__CKM21 =  (-0.22530000000000000     , -0.0000000000000000     )
 mdl_conjg__CKM22 =  ( 0.97461995499999998     , -0.0000000000000000     )
 mdl_conjg__CKM23 =  (  4.1014152720000002E-002, -0.0000000000000000     )
 mdl_conjg__CKM31 =  (  8.0207441115842885E-003,  3.1510066152652563E-003)
 mdl_conjg__CKM32 =  ( -4.1014152720000002E-002, -0.0000000000000000     )
 mdl_conjg__CKM33 =  (  1.0000000000000000     , -0.0000000000000000     )
 mdl_aEW =    7.8186082877247844E-003
 mdl_MW =    79.824479864292599     
 mdl_sqrt__aEW =    8.8422894590285753E-002
 mdl_ee =   0.31345100004952897     
 mdl_MW__exp__2 =    6371.9475856048548     
 mdl_sw2 =   0.23369682719175511     
 mdl_cw =   0.87538744154131254     
 mdl_sqrt__sw2 =   0.48342199700857130     
 mdl_sw =   0.48342199700857130     
 mdl_g1 =   0.35807116389244675     
 mdl_gw =   0.64840036653104827     
 mdl_v =    246.21972467830258     
 mdl_v__exp__2 =    60624.152820659125     
 mdl_lam =   0.12886778019168796     
 mdl_yb =    2.7569785922959604E-002
 mdl_yc =    0.0000000000000000     
 mdl_ye =    2.9350334597150747E-006
 mdl_ym =    6.0687991262914842E-004
 mdl_yt =   0.99078918160636087     
 mdl_ytau =    1.0206564496895670E-002
 mdl_muH =    88.388347648318444     
 mdl_Z =    1.0000000018187245     
 mdl_theta =    7.6628352490421455E-011
 mdl_cos__theta =    1.0000000000000000     
 mdl_a =  -0.99999999818127550     
 mdl_sin__theta =    7.6628352490421455E-011
 mdl_b =    7.6628352351055597E-011
 mdl_c =    1.4849811806320228E-008
 mdl_d =    1.0000000000000000     
 mdl_ee__exp__2 =    9.8251529432049817E-002
 mdl_MW__exp__12 =    6.6931902282585363E+022
 mdl_MW__exp__10 =    1.0504151420484712E+019
 mdl_MW__exp__8 =    1648499344880849.5     
 mdl_MW__exp__6 =    258712006452.32019     
 mdl_MW__exp__4 =    40601716.033695541     
 mdl_AH =    3.2896331152571413E-005
 mdl_AR =    2659599862.1444044     
 mdl_gw__exp__2 =   0.42042303531759773     
 mdl_cw__exp__2 =   0.76630317280824489     
 mdl_sw__exp__2 =   0.23369682719175511     
  Internal Params evaluated point by point
  ----------------------------------------
  
 mdl_sqrt__aS =   0.34351128074635334     
 mdl_G__exp__2 =    1.4828317324943823     
 mdl_Gphi =   -6.3554969584608289E-006
 mdl_GR =  (  1.4133715995743603E-004, -1.3204604160005052E-005)
 mdl_GH =  (  5.8894582703556158E-005,  0.0000000000000000     )
  Couplings of heft_radion
  ---------------------------------
  
        GC_55 =  -0.13205E-04  -0.14134E-03
        GC_18 =   0.00000E+00   0.44685E+00
        GC_19 =   0.00000E+00   0.10330E+00
        GC_20 =   0.14447E-02   0.55924E-03
        GC_21 =  -0.00000E+00  -0.10330E+00
        GC_22 =   0.00000E+00   0.44685E+00
        GC_23 =   0.00000E+00   0.18805E-01
        GC_37 =   0.00000E+00   0.51758E+02
        GC_45 =   0.00000E+00   0.44685E+00
        GC_46 =   0.00000E+00   0.10330E+00
        GC_47 =  -0.14447E-02   0.55924E-03
        GC_48 =   0.00000E+00  -0.10330E+00
        GC_49 =   0.00000E+00   0.44685E+00
        GC_50 =   0.00000E+00   0.18805E-01
        GC_58 =   0.31250E+02   0.00000E+00
        GC_59 =   0.10000E-02   0.00000E+00

 Collider parameters:
 --------------------

 Running at P P   machine @    13000.000000000000       GeV
 PDF set = lhapdf 
 alpha_s(Mz)= 0.1247 running at 1 loops.
 alpha_s(Mz)= 0.1247 running at 1 loops.
 Renormalization scale set on event-by-event basis
 Factorization   scale set on event-by-event basis


 getting user params
Enter number of events and max and min iterations: 
 Number of events and iterations         2000           8           3
Enter desired fractional accuracy: 
 Desired fractional accuracy:    1.0000000000000000E-002
Enter 0 for fixed, 2 for adjustable grid: 
Suppress amplitude (0 no, 1 yes)? 
 Using suppressed amplitude.
Exact helicity sum (0 yes, n = number/event)? 
 Explicitly summing over helicities
Enter Configuration Number: 
Running Configuration Number:    1
 Using dconfig=         395
 BW Setting            2           2           1           2           1           1           0           0
 Attempting mappinvarients           1          10
 Completed mapping          10
 about to integrate           22        2000           8           3          22           1
 Using non-zero grid deformation.
 22 dimensions   2000 events 22 invarients  8 iterations  1 config(s),  (0.99)
 Using h-tuple random number sequence.
 fail to read data
 Error opening grid
 Using Uniform Grid!          40
 Using uniform alpha   1.0000000000000000     
 Grid defined OK
 Set CM energy to      13000.00
 Mapping Graph           1  to config           1
Setting grid   1    0.13633E-06   1
Setting grid   2    0.59172E-08   1
 Setting BW          -3           3   125.00000000000000     
Setting grid   4    0.59172E-08   1
 Setting BW          -5           5   79.824479864292599     
 Setting BW          -6           6   125.00000000000000     
 Setting PDF BW          21           7   3500.0000000000000     
 Transforming s_hat BW    7.2485207100591725E-002   2.0710059171597636E-008
 Masses: 0.000E+00 0.000E+00 0.000E+00 0.000E+00 0.000E+00 0.000E+00 0.000E+00 0.000E+00 0.480E+01 0.000E+00
   1   1   2   3   4   5   6   7   8   9  10  11  12  13  14
  15  16  17  18  19  20  21  22
Using random seed offsets     1 :     81
  with seed                   24
 Ranmar initialization seeds       31059        9478
 
 ********************************************
 * You are using the DiscreteSampler module *
 *      part of the MG5_aMC framework       *
 *         Author: Valentin Hirschi         *
 ********************************************
 
  Particle       3       4       5       6       7       8       9      10
      Et >     0.0     0.0     0.0     0.0     0.0     0.0     0.0     0.0
       E >     0.0     0.0     0.0     0.0     0.0     0.0     0.0     0.0
     Eta <    -1.0    -1.0    -1.0    -1.0    -1.0    -1.0    -1.0    -1.0
   xqcut:      0.0     0.0     0.0     0.0     0.0     0.0     0.0     0.0
d R # 3  >    -0.0     0.0     0.0     0.0     0.0     0.0     0.0     0.0
d R # 4  >    -0.0    -0.0     0.0     0.0     0.0     0.0     0.0     0.0
d R # 5  >    -0.0    -0.0    -0.0     0.0     0.0     0.0     0.0     0.0
d R # 6  >    -0.0    -0.0    -0.0    -0.0     0.0     0.0     0.0     0.0
d R # 7  >    -0.0    -0.0    -0.0    -0.0    -0.0     0.0     0.0     0.0
d R # 8  >    -0.0    -0.0    -0.0    -0.0    -0.0    -0.0     0.0     0.0
d R # 9  >    -0.0    -0.0    -0.0    -0.0    -0.0    -0.0    -0.0     0.0
s min # 3>     0.0     0.0     0.0     0.0     0.0     0.0     0.0     0.0
s min # 4>     0.0     0.0     0.0     0.0     0.0     0.0     0.0     0.0
s min # 5>     0.0     0.0     0.0     0.0     0.0     0.0     0.0     0.0
s min # 6>     0.0     0.0     0.0     0.0     0.0     0.0     0.0     0.0
s min # 7>     0.0     0.0     0.0     0.0     0.0     0.0     0.0     0.0
s min # 8>     0.0     0.0     0.0     0.0     0.0     0.0     0.0     0.0
s min # 9>     0.0     0.0     0.0     0.0     0.0     0.0     0.0     0.0
xqcutij # 3>     0.0     0.0     0.0     0.0     0.0     0.0     0.0     0.0
xqcutij # 4>     0.0     0.0     0.0     0.0     0.0     0.0     0.0     0.0
xqcutij # 5>     0.0     0.0     0.0     0.0     0.0     0.0     0.0     0.0
xqcutij # 6>     0.0     0.0     0.0     0.0     0.0     0.0     0.0     0.0
xqcutij # 7>     0.0     0.0     0.0     0.0     0.0     0.0     0.0     0.0
xqcutij # 8>     0.0     0.0     0.0     0.0     0.0     0.0     0.0     0.0
xqcutij # 9>     0.0     0.0     0.0     0.0     0.0     0.0     0.0     0.0
 Excluding BW           -1           1
 Excluding BW           -2           2
 Requiring BW           -3           3
 Excluding BW           -4           4
 Requiring BW           -5           5
 Requiring BW           -6           6
 No cut BW           -7           7
 alpha_s for scale    3499.9972245854024       is    7.7778529732818541E-002
 Added good helicity            1   511.37717133984501       in event            1 local:           1
 Added good helicity            3  0.62282866015499183       in event            1 local:           1
 Added good helicity          769   511.37717133984501       in event            1 local:           1
 Added good helicity          771  0.62282866015499183       in event            1 local:           1
 RESET CUMULATIVE VARIABLE
 RESET CUMULATIVE VARIABLE
 Iteration  1   Mean: 0.2185E-05 Abs mean: 0.2185E-05   Fluctuation:  0.103E-05   0.177E-02    10.6%
  1    0.2185E-05 0.2185E-05 +- 0.1034E-05     21.16
 Writing out events   1.2878847495718225E-009   21.164006868361838     
 Relative summed weights:
  0.0000E+00  0.0000E+00  0.2295E-04  0.0000E+00  0.4886E-04  0.0000E+00  0.3564E-01  0.0000E+00  0.1779E-07  0.0000E+00  0.1732E-01  0.0000E+00  0.2237E-01  0.0000E+00  0.9246E+00  0.0000E+00
 Relative number of events:
  0.0000E+00  0.0000E+00  0.2489E-02  0.0000E+00  0.4480E-02  0.0000E+00  0.4679E-01  0.0000E+00  0.4978E-03  0.0000E+00  0.4530E-01  0.0000E+00  0.5077E-01  0.0000E+00  0.8497E+00  0.0000E+00
 Events:
           0           0           5           0           9           0          94           0           1           0          91           0         102           0        1707           0
 Iteration  2   Mean: 0.8503E-06 Abs mean: 0.8503E-06   Fluctuation:  0.115E-06   0.205E-03    52.0%
  2    0.8503E-06 0.8503E-06 +- 0.1150E-06      8.56
 Relative summed weights:
  0.5147E-05  0.0000E+00  0.8649E-05  0.0000E+00  0.4969E-04  0.0000E+00  0.3292E-01  0.0000E+00  0.2124E-02  0.0000E+00  0.1675E-01  0.0000E+00  0.2653E-01  0.0000E+00  0.9216E+00  0.0000E+00
 Relative number of events:
  0.2500E-03  0.0000E+00  0.1500E-02  0.0000E+00  0.2000E-02  0.0000E+00  0.4275E-01  0.0000E+00  0.1000E-02  0.0000E+00  0.4000E-01  0.0000E+00  0.4600E-01  0.0000E+00  0.8665E+00  0.0000E+00
 Events:
           1           0           6           0           8           0         171           0           4           0         160           0         184           0        3466           0
 Iteration  3   Mean: 0.1253E-05 Abs mean: 0.1253E-05   Fluctuation:  0.952E-07   0.310E-03    74.2%
  3    0.1253E-05 0.1253E-05 +- 0.9516E-07      6.79
 Relative summed weights:
  0.0000E+00  0.0000E+00  0.2039E-03  0.0000E+00  0.4059E-03  0.0000E+00  0.5208E-01  0.0000E+00  0.5665E-02  0.0000E+00  0.4323E-01  0.0000E+00  0.5335E-01  0.0000E+00  0.8451E+00  0.0000E+00
 Relative number of events:
  0.0000E+00  0.0000E+00  0.2000E-02  0.0000E+00  0.1875E-02  0.0000E+00  0.4612E-01  0.0000E+00  0.2125E-02  0.0000E+00  0.4550E-01  0.0000E+00  0.4612E-01  0.0000E+00  0.8562E+00  0.0000E+00
 Events:
           0           0          16           0          15           0         369           0          17           0         364           0         369           0        6850           0
 Accuracy:    0.133   0.010   0.066   4.108
 Found          725  events.
 Wrote           36  events.
 Actual xsec    1.1761209020251766E-006
 Correct abs xsec    1.1761209020251766E-006
 Event xsec    1.1761209020251760E-006
 Events wgts > 1:            3
 % Cross section > 1:    7.6924896773928752E-009  0.65405602979651911     
 Iteration  4   Mean: 0.1448E-05 Abs mean: 0.1448E-05   Fluctuation:  0.648E-07   0.449E-03    73.2%
  4    0.1448E-05 0.1448E-05 +- 0.6484E-07      5.67
 Relative summed weights:
  0.5384E-05  0.0000E+00  0.6800E-03  0.0000E+00  0.8882E-03  0.0000E+00  0.7232E-01  0.0000E+00  0.1554E-02  0.0000E+00  0.3349E-01  0.0000E+00  0.4082E-01  0.0000E+00  0.8502E+00  0.0000E+00
 Relative number of events:
Thanks for using LHAPDF 6.2.1. Please make sure to cite the paper:
  Eur.Phys.J. C75 (2015) 3, 132  (http://arxiv.org/abs/1412.7420)
  0.1250E-03  0.0000E+00  0.2000E-02  0.0000E+00  0.2437E-02  0.0000E+00  0.4500E-01  0.0000E+00  0.2063E-02  0.0000E+00  0.4644E-01  0.0000E+00  0.4950E-01  0.0000E+00  0.8524E+00  0.0000E+00
 Events:
           2           0          32           0          39           0         720           0          33           0         743           0         792           0       13639           0
 Accuracy:    0.075   0.010   0.037   4.149
 Found         1556  events.
 Wrote           77  events.
 Actual xsec    1.3563553004351015E-006
 Correct abs xsec    1.3563553004351015E-006
 Event xsec    1.3563553004351021E-006
 Events wgts > 1:            3
 % Cross section > 1:    8.7872196761663822E-009  0.64785529819122978     
 Iteration  5   Mean: 0.1472E-05 Abs mean: 0.1472E-05   Fluctuation:  0.357E-07   0.717E-03    69.2%
  5    0.1472E-05 0.1472E-05 +- 0.3571E-07      4.34
 Relative summed weights:
  0.1494E-03  0.0000E+00  0.1507E-02  0.0000E+00  0.1468E-02  0.0000E+00  0.4432E-01  0.0000E+00  0.1691E-02  0.0000E+00  0.4748E-01  0.0000E+00  0.4426E-01  0.0000E+00  0.8591E+00  0.0000E+00
 Relative number of events:
  0.1563E-03  0.0000E+00  0.2406E-02  0.0000E+00  0.2500E-02  0.0000E+00  0.4641E-01  0.0000E+00  0.2312E-02  0.0000E+00  0.4541E-01  0.0000E+00  0.4331E-01  0.0000E+00  0.8575E+00  0.0000E+00
 Events:
           5           0          77           0          80           0        1485           0          74           0        1453           0        1386           0       27440           0
 Accuracy:    0.038   0.010   0.020   3.542
 Found         3592  events.
 Wrote          184  events.
 Actual xsec    1.4509878672307808E-006
 Correct abs xsec    1.4509878672307808E-006
 Event xsec    1.4509878672307899E-006
 Events wgts > 1:            2
 % Cross section > 1:    1.2592160437281349E-008  0.86783361333775211     
 Iteration  6   Mean: 0.1459E-05 Abs mean: 0.1459E-05   Fluctuation:  0.139E-07   0.926E-04    63.0%
  6    0.1459E-05 0.1459E-05 +- 0.1390E-07      2.41
 Relative summed weights:
  0.8112E-04  0.0000E+00  0.2388E-02  0.0000E+00  0.2832E-02  0.0000E+00  0.4629E-01  0.0000E+00  0.1754E-02  0.0000E+00  0.4506E-01  0.0000E+00  0.4452E-01  0.0000E+00  0.8571E+00  0.0000E+00
 Relative number of events:
  0.9375E-04  0.0000E+00  0.2656E-02  0.0000E+00  0.3031E-02  0.0000E+00  0.4636E-01  0.0000E+00  0.2484E-02  0.0000E+00  0.4528E-01  0.0000E+00  0.4461E-01  0.0000E+00  0.8555E+00  0.0000E+00
 Events:
           6           0         170           0         194           0        2967           0         159           0        2898           0        2855           0       54751           0
 Accuracy:    0.015   0.010   0.009   2.848
 Found         8741  events.
 Wrote         2709  events.
 Actual xsec    1.4605807335827660E-006
 Correct abs xsec    1.4605807335827660E-006
 Event xsec    1.4605807335826703E-006
 Events wgts > 1:           87
 % Cross section > 1:    1.4537113146816508E-008  0.99529678932285415     
 Iteration  7   Mean: 0.1454E-05 Abs mean: 0.1454E-05   Fluctuation:  0.837E-08   0.918E-04    61.8%
  7    0.1454E-05 0.1454E-05 +- 0.8369E-08      2.06
 Exceeded boost           1          90   128000.000    
 Relative summed weights:
  0.1311E-03  0.0000E+00  0.2413E-02  0.0000E+00  0.2374E-02  0.0000E+00  0.4489E-01  0.0000E+00  0.2427E-02  0.0000E+00  0.4497E-01  0.0000E+00  0.4426E-01  0.0000E+00  0.8585E+00  0.0000E+00
 Relative number of events:
  0.8594E-04  0.0000E+00  0.2437E-02  0.0000E+00  0.2586E-02  0.0000E+00  0.4505E-01  0.0000E+00  0.2414E-02  0.0000E+00  0.4593E-01  0.0000E+00  0.4641E-01  0.0000E+00  0.8551E+00  0.0000E+00
 Events:
          11           0         312           0         331           0        5766           0         309           0        5879           0        5940           0      109452           0
 Accuracy:    0.007   0.010   0.005   2.381
 Finished due to accuracy    7.3872387257232133E-003   1.0000000000000000E-002

 -------------------------------------------------------------------------------
 Accumulated results:   Integral =  0.1454E-05
                        Std dev  =  0.6963E-08
                       Cross sec =  0.1454E-05
             Chi**2 per DoF.     =      2.3808
 -------------------------------------------------------------------------------
 Found        18883  events.
 Wrote         7827  events.
 Actual xsec    1.4558609601729717E-006
 Correct abs xsec    1.4558609601729717E-006
 Event xsec    1.4558609601730820E-006
 Events wgts > 1:          238
 % Cross section > 1:    1.4413584140906324E-008  0.99003850884171962     
-------------------------------------------------
---------------------------
 Results Last   3 iters: Integral =   0.1456E-05
                     Abs integral =   0.1456E-05
                          Std dev =   0.7029E-08
                  Chi**2 per DoF. =      0.1703
-------------------------------------------------
---------------------------
 Status   1.0000000000000000E-002           8           8

ls status:
events.lhe
ftn25
ftn26
input_app.txt
results.dat
run1_app.log
