==== LHAPDF6 USING DEFAULT-TYPE LHAGLUE INTERFACE ====
LHAPDF 6.2.1 loading /cvmfs/cms.cern.ch/slc6_amd64_gcc481/external/lhapdf/6.2.1/share/LHAPDF/NNPDF30_lo_as_0130_nf_4/NNPDF30_lo_as_0130_nf_4_0000.dat
NNPDF30_lo_as_0130_nf_4 PDF set, member #0, version 2; LHAPDF ID = 263400
 Process in group number            1
 A PDF is used, so alpha_s(MZ) is going to be modified
 Old value of alpha_s from param_card:   0.11799999999999999     
 New value of alpha_s from PDF lhapdf :  0.12470044313224841     
 using LHAPDF
 Warning: pt or E min of a jet should in general be >0
 Warning: pt or E min of a jet should in general be >0
 Warning: pt or E min of a jet should in general be >0
 Warning: pt or E min of a jet should in general be >0
 Warning: pt or E min of a jet should in general be >0
 Warning: pt or E min of a jet should in general be >0
 Warning: pt or E min of a jet should in general be >0
 Warning: pt or E min of a jet should in general be >0
 *****************************************************
 *               MadGraph/MadEvent                   *
 *        --------------------------------           *
 *          http://madgraph.hep.uiuc.edu             *
 *          http://madgraph.phys.ucl.ac.be           *
 *          http://madgraph.roma2.infn.it            *
 *        --------------------------------           *
 *                                                   *
 *          PARAMETER AND COUPLING VALUES            *
 *                                                   *
 *****************************************************

  External Params
  ---------------------------------
  
 mdl_LR =    1000.0000000000000     
 mdl_xi =    1.0000000000000000E-008
 mdl_ReFmeio =   -1.8123300000000000     
 mdl_FmeioH =   -1.5442800000000001     
 mdl_ImFmeio =    1.4062200000000000     
 mdl_K =    35.000000000000000     
 aEWM1 =    127.90000000000001     
 mdl_Gf =    1.1663780000000000E-005
 aS =   0.11799999999999999     
 mdl_lamWS =   0.22530000000000000     
 mdl_AWS =   0.80800000000000005     
 mdl_rhoWS =   0.13200000000000001     
 mdl_etaWS =   0.34100000000000003     
 mdl_ymc =    0.0000000000000000     
 mdl_ymb =    4.7999999999999998     
 mdl_ymt =    172.50000000000000     
 mdl_yme =    5.1099999999999995E-004
 mdl_ymm =   0.10566000000000000     
 mdl_ymtau =    1.7769999999999999     
 mdl_MC =    0.0000000000000000     
 mdl_MT =    172.50000000000000     
 mdl_MB =    4.7999999999999998     
 mdl_MZ =    91.187600000000003     
 mdl_MH =    125.00000000000000     
 mdl_MH02 =    3500.0000000000000     
 mdl_Me =    5.1099999999999995E-004
 mdl_MM =   0.10566000000000000     
 mdl_MTA =    1.7769999999999999     
 mdl_MP =    120.00000000000000     
 mdl_WT =    1.4915000000000000     
 mdl_WZ =    2.4952000000000001     
 mdl_WW =    2.0850000000000000     
 mdl_WH =    6.3823389999999999E-003
 mdl_WH02 =    1.0000000000000000E-003
 mdl_WTau =    2.2699999999999998E-012
 mdl_WH1 =    6.3823389999999999E-003
  Internal Params
  ---------------------------------
  
 mdl_lamWS__exp__2 =    5.0760090000000001E-002
 mdl_CKM11 =  ( 0.97461995499999998     ,  0.0000000000000000     )
 mdl_CKM12 =  ( 0.22530000000000000     ,  0.0000000000000000     )
 mdl_complexi =  (  0.0000000000000000     ,  1.0000000000000000     )
 mdl_lamWS__exp__3 =    1.1436248277000001E-002
 mdl_CKM13 =  (  1.2197444962317122E-003, -3.1510066152652563E-003)
 mdl_CKM21 =  (-0.22530000000000000     ,  0.0000000000000000     )
 mdl_CKM22 =  ( 0.97461995499999998     ,  0.0000000000000000     )
 mdl_CKM23 =  (  4.1014152720000002E-002,  0.0000000000000000     )
 mdl_CKM31 =  (  8.0207441115842885E-003, -3.1510066152652563E-003)
 mdl_CKM32 =  ( -4.1014152720000002E-002,  0.0000000000000000     )
 mdl_CKM33 =  (  1.0000000000000000     ,  0.0000000000000000     )
 mdl_MZ__exp__2 =    8315.1783937600012     
 mdl_MZ__exp__4 =    69142191.720053151     
 mdl_sqrt__2 =    1.4142135623730951     
 mdl_MH__exp__6 =    3814697265625.0000     
 mdl_MT__exp__6 =    26347207783447.266     
 mdl_MH__exp__4 =    244140625.00000000     
 mdl_MT__exp__4 =    885434414.06250000     
 mdl_MH__exp__2 =    15625.000000000000     
 mdl_MT__exp__2 =    29756.250000000000     
 mdl_MH02__exp__2 =    12250000.000000000     
 mdl_FmeioMH =  (  1.0470805239420240     ,  0.0000000000000000     )
 mdl_MH02__exp__6 =    1.8382656250000001E+021
 mdl_MH02__exp__4 =    150062500000000.00     
 mdl_FmeioMR =  ( -94881.833128121187     ,  0.0000000000000000     )
 mdl_MH__exp__12 =    1.4551915228366852E+025
 mdl_MH__exp__10 =    9.3132257461547853E+020
 mdl_MH__exp__8 =    59604644775390624.     
 mdl_MH02__exp__12 =    3.3792205080566410E+042
 mdl_MH02__exp__10 =    2.7585473535156252E+035
 mdl_MH02__exp__8 =    2.2518753906250002E+028
 mdl_conjg__CKM11 =  ( 0.97461995499999998     , -0.0000000000000000     )
 mdl_conjg__CKM12 =  ( 0.22530000000000000     , -0.0000000000000000     )
 mdl_conjg__CKM13 =  (  1.2197444962317122E-003,  3.1510066152652563E-003)
 mdl_conjg__CKM21 =  (-0.22530000000000000     , -0.0000000000000000     )
 mdl_conjg__CKM22 =  ( 0.97461995499999998     , -0.0000000000000000     )
 mdl_conjg__CKM23 =  (  4.1014152720000002E-002, -0.0000000000000000     )
 mdl_conjg__CKM31 =  (  8.0207441115842885E-003,  3.1510066152652563E-003)
 mdl_conjg__CKM32 =  ( -4.1014152720000002E-002, -0.0000000000000000     )
 mdl_conjg__CKM33 =  (  1.0000000000000000     , -0.0000000000000000     )
 mdl_aEW =    7.8186082877247844E-003
 mdl_MW =    79.824479864292599     
 mdl_sqrt__aEW =    8.8422894590285753E-002
 mdl_ee =   0.31345100004952897     
 mdl_MW__exp__2 =    6371.9475856048548     
 mdl_sw2 =   0.23369682719175511     
 mdl_cw =   0.87538744154131254     
 mdl_sqrt__sw2 =   0.48342199700857130     
 mdl_sw =   0.48342199700857130     
 mdl_g1 =   0.35807116389244675     
 mdl_gw =   0.64840036653104827     
 mdl_v =    246.21972467830258     
 mdl_v__exp__2 =    60624.152820659125     
 mdl_lam =   0.12886778019168796     
 mdl_yb =    2.7569785922959604E-002
 mdl_yc =    0.0000000000000000     
 mdl_ye =    2.9350334597150747E-006
 mdl_ym =    6.0687991262914842E-004
 mdl_yt =   0.99078918160636087     
 mdl_ytau =    1.0206564496895670E-002
 mdl_muH =    88.388347648318444     
 mdl_Z =    1.0000000018187245     
 mdl_theta =    7.6628352490421455E-011
 mdl_cos__theta =    1.0000000000000000     
 mdl_a =  -0.99999999818127550     
 mdl_sin__theta =    7.6628352490421455E-011
 mdl_b =    7.6628352351055597E-011
 mdl_c =    1.4849811806320228E-008
 mdl_d =    1.0000000000000000     
 mdl_ee__exp__2 =    9.8251529432049817E-002
 mdl_MW__exp__12 =    6.6931902282585363E+022
 mdl_MW__exp__10 =    1.0504151420484712E+019
 mdl_MW__exp__8 =    1648499344880849.5     
 mdl_MW__exp__6 =    258712006452.32019     
 mdl_MW__exp__4 =    40601716.033695541     
 mdl_AH =    3.2896331152571413E-005
 mdl_AR =    2659599862.1444044     
 mdl_gw__exp__2 =   0.42042303531759773     
 mdl_cw__exp__2 =   0.76630317280824489     
 mdl_sw__exp__2 =   0.23369682719175511     
  Internal Params evaluated point by point
  ----------------------------------------
  
 mdl_sqrt__aS =   0.34351128074635334     
 mdl_G__exp__2 =    1.4828317324943823     
 mdl_Gphi =   -6.3554969584608289E-006
 mdl_GR =  (  1.4133715995743603E-004, -1.3204604160005052E-005)
 mdl_GH =  (  5.8894582703556158E-005,  0.0000000000000000     )
  Couplings of heft_radion
  ---------------------------------
  
        GC_55 =  -0.13205E-04  -0.14134E-03
        GC_18 =   0.00000E+00   0.44685E+00
        GC_19 =   0.00000E+00   0.10330E+00
        GC_20 =   0.14447E-02   0.55924E-03
        GC_21 =  -0.00000E+00  -0.10330E+00
        GC_22 =   0.00000E+00   0.44685E+00
        GC_23 =   0.00000E+00   0.18805E-01
        GC_37 =   0.00000E+00   0.51758E+02
        GC_45 =   0.00000E+00   0.44685E+00
        GC_46 =   0.00000E+00   0.10330E+00
        GC_47 =  -0.14447E-02   0.55924E-03
        GC_48 =   0.00000E+00  -0.10330E+00
        GC_49 =   0.00000E+00   0.44685E+00
        GC_50 =   0.00000E+00   0.18805E-01
        GC_58 =   0.31250E+02   0.00000E+00
        GC_59 =   0.10000E-02   0.00000E+00

 Collider parameters:
 --------------------

 Running at P P   machine @    13000.000000000000       GeV
 PDF set = lhapdf 
 alpha_s(Mz)= 0.1247 running at 1 loops.
 alpha_s(Mz)= 0.1247 running at 1 loops.
 Renormalization scale set on event-by-event basis
 Factorization   scale set on event-by-event basis


 getting user params
Enter number of events and max and min iterations: 
 Number of events and iterations         2000           8           3
Enter desired fractional accuracy: 
 Desired fractional accuracy:    1.0000000000000000E-002
Enter 0 for fixed, 2 for adjustable grid: 
Suppress amplitude (0 no, 1 yes)? 
 Using suppressed amplitude.
Exact helicity sum (0 yes, n = number/event)? 
 Explicitly summing over helicities
Enter Configuration Number: 
Running Configuration Number:    1
 Using dconfig=         448
 BW Setting            1           2           1           1           2           1           0           0
 Attempting mappinvarients           1          10
 Completed mapping          10
 about to integrate           22        2000           8           3          22           1
 Using non-zero grid deformation.
 22 dimensions   2000 events 22 invarients  8 iterations  1 config(s),  (0.99)
 Using h-tuple random number sequence.
 fail to read data
 Error opening grid
 Using Uniform Grid!          40
 Using uniform alpha   1.0000000000000000     
 Grid defined OK
 Set CM energy to      13000.00
 Mapping Graph           1  to config           1
 Setting BW          -1           1   79.824479864292599     
Setting grid   2    0.59172E-08   1
 Setting BW          -3           3   125.00000000000000     
 Setting BW          -4           4   79.824479864292599     
Setting grid   5    0.59172E-08   1
 Setting BW          -6           6   125.00000000000000     
 Setting PDF BW          21           7   3500.0000000000000     
 Transforming s_hat BW    7.2485207100591725E-002   2.0710059171597636E-008
 Masses: 0.000E+00 0.000E+00 0.000E+00 0.000E+00 0.000E+00 0.000E+00 0.000E+00 0.000E+00 0.000E+00 0.000E+00
   1   1   2   3   4   5   6   7   8   9  10  11  12  13  14
  15  16  17  18  19  20  21  22
Using random seed offsets     1 :      3
  with seed                   24
 Ranmar initialization seeds       31059        9400
 
 ********************************************
 * You are using the DiscreteSampler module *
 *      part of the MG5_aMC framework       *
 *         Author: Valentin Hirschi         *
 ********************************************
 
  Particle       3       4       5       6       7       8       9      10
      Et >     0.0     0.0     0.0     0.0     0.0     0.0     0.0     0.0
       E >     0.0     0.0     0.0     0.0     0.0     0.0     0.0     0.0
     Eta <    -1.0    -1.0    -1.0    -1.0    -1.0    -1.0    -1.0    -1.0
   xqcut:      0.0     0.0     0.0     0.0     0.0     0.0     0.0     0.0
d R # 3  >    -0.0     0.0     0.0     0.0     0.0     0.0     0.0     0.0
d R # 4  >    -0.0    -0.0     0.0     0.0     0.0     0.0     0.0     0.0
d R # 5  >    -0.0    -0.0    -0.0     0.0     0.0     0.0     0.0     0.0
d R # 6  >    -0.0    -0.0    -0.0    -0.0     0.0     0.0     0.0     0.0
d R # 7  >    -0.0    -0.0    -0.0    -0.0    -0.0     0.0     0.0     0.0
d R # 8  >    -0.0    -0.0    -0.0    -0.0    -0.0    -0.0     0.0     0.0
d R # 9  >    -0.0    -0.0    -0.0    -0.0    -0.0    -0.0    -0.0     0.0
s min # 3>     0.0     0.0     0.0     0.0     0.0     0.0     0.0     0.0
s min # 4>     0.0     0.0     0.0     0.0     0.0     0.0     0.0     0.0
s min # 5>     0.0     0.0     0.0     0.0     0.0     0.0     0.0     0.0
s min # 6>     0.0     0.0     0.0     0.0     0.0     0.0     0.0     0.0
s min # 7>     0.0     0.0     0.0     0.0     0.0     0.0     0.0     0.0
s min # 8>     0.0     0.0     0.0     0.0     0.0     0.0     0.0     0.0
s min # 9>     0.0     0.0     0.0     0.0     0.0     0.0     0.0     0.0
xqcutij # 3>     0.0     0.0     0.0     0.0     0.0     0.0     0.0     0.0
xqcutij # 4>     0.0     0.0     0.0     0.0     0.0     0.0     0.0     0.0
xqcutij # 5>     0.0     0.0     0.0     0.0     0.0     0.0     0.0     0.0
xqcutij # 6>     0.0     0.0     0.0     0.0     0.0     0.0     0.0     0.0
xqcutij # 7>     0.0     0.0     0.0     0.0     0.0     0.0     0.0     0.0
xqcutij # 8>     0.0     0.0     0.0     0.0     0.0     0.0     0.0     0.0
xqcutij # 9>     0.0     0.0     0.0     0.0     0.0     0.0     0.0     0.0
 Requiring BW           -1           1
 Excluding BW           -2           2
 Requiring BW           -3           3
 Requiring BW           -4           4
 Excluding BW           -5           5
 Requiring BW           -6           6
 No cut BW           -7           7
 alpha_s for scale    3500.0036461550480       is    7.7778515018992106E-002
 Added good helicity            1   512.00000000000000       in event            1 local:           1
 Added good helicity          769   512.00000000000000       in event            1 local:           1
 RESET CUMULATIVE VARIABLE
 RESET CUMULATIVE VARIABLE
 Iteration  1   Mean: 0.6324E-02 Abs mean: 0.6324E-02   Fluctuation:  0.933E-03   0.884E+00    19.8%
  1    0.6324E-02 0.6324E-02 +- 0.9331E-03      6.60
 Writing out events   1.9965132771533435E-006   6.5981272985323782     
 Relative summed weights:
  0.1169E-01  0.0000E+00  0.4549E-02  0.0000E+00  0.4248E+00  0.0000E+00  0.8717E-02  0.0000E+00  0.0000E+00  0.0000E+00  0.0000E+00  0.0000E+00  0.0000E+00  0.0000E+00  0.0000E+00  0.0000E+00  0.5769E-05  0.0000E+00  0.0000E+00  0.0000E+00  0.7587E-02  0.0000E+00  0.0000E+00  0.0000E+00  0.0000E+00  0.0000E+00  0.0000E+00  0.0000E+00  0.0000E+00  0.0000E+00  0.0000E+00  0.0000E+00  0.3813E-01  0.0000E+00  0.0000E+00  0.0000E+00  0.0000E+00  0.0000E+00  0.0000E+00  0.0000E+00  0.0000E+00  0.0000E+00  0.0000E+00  0.0000E+00  0.5681E-04  0.0000E+00  0.0000E+00  0.0000E+00  0.0000E+00  0.0000E+00  0.0000E+00  0.0000E+00  0.0000E+00  0.0000E+00  0.0000E+00  0.0000E+00
  0.0000E+00  0.0000E+00  0.0000E+00  0.0000E+00  0.0000E+00  0.0000E+00  0.0000E+00  0.0000E+00  0.7401E-01  0.0000E+00  0.3352E+00  0.0000E+00  0.4864E-09  0.0000E+00  0.5439E-01  0.0000E+00  0.0000E+00  0.0000E+00  0.0000E+00  0.0000E+00  0.0000E+00  0.0000E+00  0.0000E+00  0.0000E+00  0.8137E-06  0.0000E+00  0.1638E-01  0.0000E+00  0.0000E+00  0.0000E+00  0.8416E-07  0.0000E+00  0.0000E+00  0.0000E+00  0.0000E+00  0.0000E+00  0.1644E-06  0.0000E+00  0.2444E-01  0.0000E+00  0.0000E+00  0.0000E+00  0.6901E-04  0.0000E+00  0.0000E+00  0.0000E+00  0.0000E+00  0.0000E+00  0.0000E+00  0.0000E+00  0.2803E-05  0.0000E+00  0.0000E+00  0.0000E+00  0.0000E+00  0.0000E+00
 Relative number of events:
  0.1891E-01  0.0000E+00  0.1991E-02  0.0000E+00  0.3693E+00  0.0000E+00  0.1742E-01  0.0000E+00  0.0000E+00  0.0000E+00  0.0000E+00  0.0000E+00  0.0000E+00  0.0000E+00  0.0000E+00  0.0000E+00  0.9955E-03  0.0000E+00  0.0000E+00  0.0000E+00  0.1344E-01  0.0000E+00  0.0000E+00  0.0000E+00  0.0000E+00  0.0000E+00  0.0000E+00  0.0000E+00  0.0000E+00  0.0000E+00  0.0000E+00  0.0000E+00  0.2240E-01  0.0000E+00  0.0000E+00  0.0000E+00  0.0000E+00  0.0000E+00  0.0000E+00  0.0000E+00  0.0000E+00  0.0000E+00  0.0000E+00  0.0000E+00  0.9955E-03  0.0000E+00  0.0000E+00  0.0000E+00  0.0000E+00  0.0000E+00  0.0000E+00  0.0000E+00  0.0000E+00  0.0000E+00  0.0000E+00  0.0000E+00
  0.0000E+00  0.0000E+00  0.0000E+00  0.0000E+00  0.0000E+00  0.0000E+00  0.0000E+00  0.0000E+00  0.3186E-01  0.0000E+00  0.4420E+00  0.0000E+00  0.9955E-03  0.0000E+00  0.2539E-01  0.0000E+00  0.0000E+00  0.0000E+00  0.0000E+00  0.0000E+00  0.0000E+00  0.0000E+00  0.0000E+00  0.0000E+00  0.1991E-02  0.0000E+00  0.2638E-01  0.0000E+00  0.0000E+00  0.0000E+00  0.4978E-03  0.0000E+00  0.0000E+00  0.0000E+00  0.0000E+00  0.0000E+00  0.1493E-02  0.0000E+00  0.2240E-01  0.0000E+00  0.0000E+00  0.0000E+00  0.9955E-03  0.0000E+00  0.0000E+00  0.0000E+00  0.0000E+00  0.0000E+00  0.0000E+00  0.0000E+00  0.4978E-03  0.0000E+00  0.0000E+00  0.0000E+00  0.0000E+00  0.0000E+00
 Events:
          38           0           4           0         742           0          35           0           0           0           0           0           0           0           0           0           2           0           0           0          27           0           0           0           0           0           0           0           0           0           0           0          45           0           0           0           0           0           0           0           0           0           0           0           2           0           0           0           0           0           0           0           0           0           0           0
           0           0           0           0           0           0           0           0          64           0         888           0           2           0          51           0           0           0           0           0           0           0           0           0           4           0          53           0           0           0           1           0           0           0           0           0           3           0          45           0           0           0           2           0           0           0           0           0           0           0           1           0           0           0           0           0
 Iteration  2   Mean: 0.9093E-02 Abs mean: 0.9093E-02   Fluctuation:  0.825E-03   0.130E+01    52.7%
  2    0.9093E-02 0.9093E-02 +- 0.8246E-03      5.74
 Relative summed weights:
  0.1941E-01  0.0000E+00  0.3625E-03  0.0000E+00  0.3229E+00  0.0000E+00  0.3333E-01  0.0000E+00  0.0000E+00  0.0000E+00  0.0000E+00  0.0000E+00  0.0000E+00  0.0000E+00  0.0000E+00  0.0000E+00  0.1975E-04  0.0000E+00  0.0000E+00  0.0000E+00  0.2628E-01  0.0000E+00  0.7387E-03  0.0000E+00  0.0000E+00  0.0000E+00  0.0000E+00  0.0000E+00  0.0000E+00  0.0000E+00  0.0000E+00  0.0000E+00  0.2837E-01  0.0000E+00  0.2917E-03  0.0000E+00  0.0000E+00  0.0000E+00  0.0000E+00  0.0000E+00  0.0000E+00  0.0000E+00  0.0000E+00  0.0000E+00  0.7591E-04  0.0000E+00  0.0000E+00  0.0000E+00  0.0000E+00  0.0000E+00  0.0000E+00  0.0000E+00  0.0000E+00  0.0000E+00  0.0000E+00  0.0000E+00
  0.0000E+00  0.0000E+00  0.0000E+00  0.0000E+00  0.0000E+00  0.0000E+00  0.0000E+00  0.0000E+00  0.1334E-01  0.0000E+00  0.4341E+00  0.0000E+00  0.8393E-03  0.0000E+00  0.5078E-01  0.0000E+00  0.0000E+00  0.0000E+00  0.0000E+00  0.0000E+00  0.0000E+00  0.0000E+00  0.0000E+00  0.0000E+00  0.1487E-02  0.0000E+00  0.2053E-01  0.0000E+00  0.3607E-05  0.0000E+00  0.6563E-02  0.0000E+00  0.0000E+00  0.0000E+00  0.0000E+00  0.0000E+00  0.3878E-03  0.0000E+00  0.1240E-01  0.0000E+00  0.0000E+00  0.0000E+00  0.1939E-03  0.0000E+00  0.0000E+00  0.0000E+00  0.0000E+00  0.0000E+00  0.0000E+00  0.0000E+00  0.2756E-01  0.0000E+00  0.0000E+00  0.0000E+00  0.0000E+00  0.0000E+00
 Relative number of events:
  0.2075E-01  0.0000E+00  0.1000E-02  0.0000E+00  0.3407E+00  0.0000E+00  0.1900E-01  0.0000E+00  0.0000E+00  0.0000E+00  0.0000E+00  0.0000E+00  0.0000E+00  0.0000E+00  0.0000E+00  0.0000E+00  0.1750E-02  0.0000E+00  0.0000E+00  0.0000E+00  0.2000E-01  0.0000E+00  0.1250E-02  0.0000E+00  0.0000E+00  0.0000E+00  0.0000E+00  0.0000E+00  0.0000E+00  0.0000E+00  0.0000E+00  0.0000E+00  0.1975E-01  0.0000E+00  0.5000E-03  0.0000E+00  0.0000E+00  0.0000E+00  0.0000E+00  0.0000E+00  0.0000E+00  0.0000E+00  0.0000E+00  0.0000E+00  0.7500E-03  0.0000E+00  0.0000E+00  0.0000E+00  0.0000E+00  0.0000E+00  0.0000E+00  0.0000E+00  0.0000E+00  0.0000E+00  0.0000E+00  0.0000E+00
  0.0000E+00  0.0000E+00  0.0000E+00  0.0000E+00  0.0000E+00  0.0000E+00  0.0000E+00  0.0000E+00  0.2150E-01  0.0000E+00  0.4682E+00  0.0000E+00  0.1000E-02  0.0000E+00  0.2425E-01  0.0000E+00  0.0000E+00  0.0000E+00  0.0000E+00  0.0000E+00  0.0000E+00  0.0000E+00  0.0000E+00  0.0000E+00  0.2750E-02  0.0000E+00  0.2600E-01  0.0000E+00  0.2500E-03  0.0000E+00  0.1500E-02  0.0000E+00  0.0000E+00  0.0000E+00  0.0000E+00  0.0000E+00  0.2000E-02  0.0000E+00  0.2425E-01  0.0000E+00  0.0000E+00  0.0000E+00  0.1500E-02  0.0000E+00  0.0000E+00  0.0000E+00  0.0000E+00  0.0000E+00  0.0000E+00  0.0000E+00  0.1250E-02  0.0000E+00  0.0000E+00  0.0000E+00  0.0000E+00  0.0000E+00
 Events:
          83           0           4           0        1363           0          76           0           0           0           0           0           0           0           0           0           7           0           0           0          80           0           5           0           0           0           0           0           0           0           0           0          79           0           2           0           0           0           0           0           0           0           0           0           3           0           0           0           0           0           0           0           0           0           0           0
           0           0           0           0           0           0           0           0          86           0        1873           0           4           0          97           0           0           0           0           0           0           0           0           0          11           0         104           0           1           0           6           0           0           0           0           0           8           0          97           0           0           0           6           0           0           0           0           0           0           0           5           0           0           0           0           0
 Iteration  3   Mean: 0.9123E-02 Abs mean: 0.9123E-02   Fluctuation:  0.382E-03   0.820E+00    63.1%
  3    0.9123E-02 0.9123E-02 +- 0.3817E-03      3.74
 Relative summed weights:
  0.1306E-01  0.0000E+00  0.8765E-03  0.0000E+00  0.3979E+00  0.0000E+00  0.2771E-01  0.0000E+00  0.0000E+00  0.0000E+00  0.0000E+00  0.0000E+00  0.0000E+00  0.0000E+00  0.0000E+00  0.0000E+00  0.5783E-03  0.0000E+00  0.0000E+00  0.0000E+00  0.2013E-01  0.0000E+00  0.1925E-02  0.0000E+00  0.0000E+00  0.0000E+00  0.0000E+00  0.0000E+00  0.0000E+00  0.0000E+00  0.0000E+00  0.0000E+00  0.1687E-01  0.0000E+00  0.2072E-03  0.0000E+00  0.0000E+00  0.0000E+00  0.0000E+00  0.0000E+00  0.0000E+00  0.0000E+00  0.0000E+00  0.0000E+00  0.1357E-02  0.0000E+00  0.0000E+00  0.0000E+00  0.0000E+00  0.0000E+00  0.0000E+00  0.0000E+00  0.0000E+00  0.0000E+00  0.0000E+00  0.0000E+00
  0.0000E+00  0.0000E+00  0.0000E+00  0.0000E+00  0.0000E+00  0.0000E+00  0.0000E+00  0.0000E+00  0.2040E-01  0.0000E+00  0.3980E+00  0.0000E+00  0.3933E-02  0.0000E+00  0.2187E-01  0.0000E+00  0.0000E+00  0.0000E+00  0.0000E+00  0.0000E+00  0.0000E+00  0.0000E+00  0.0000E+00  0.0000E+00  0.1299E-02  0.0000E+00  0.2663E-01  0.0000E+00  0.0000E+00  0.0000E+00  0.3083E-03  0.0000E+00  0.0000E+00  0.0000E+00  0.0000E+00  0.0000E+00  0.1394E-02  0.0000E+00  0.3243E-01  0.0000E+00  0.2161E-04  0.0000E+00  0.1142E-01  0.0000E+00  0.0000E+00  0.0000E+00  0.0000E+00  0.0000E+00  0.0000E+00  0.0000E+00  0.1516E-02  0.0000E+00  0.0000E+00  0.0000E+00  0.1446E-03  0.0000E+00
 Relative number of events:
  0.1700E-01  0.0000E+00  0.1125E-02  0.0000E+00  0.3540E+00  0.0000E+00  0.2088E-01  0.0000E+00  0.0000E+00  0.0000E+00  0.0000E+00  0.0000E+00  0.0000E+00  0.0000E+00  0.0000E+00  0.0000E+00  0.8750E-03  0.0000E+00  0.0000E+00  0.0000E+00  0.2075E-01  0.0000E+00  0.7500E-03  0.0000E+00  0.0000E+00  0.0000E+00  0.0000E+00  0.0000E+00  0.0000E+00  0.0000E+00  0.0000E+00  0.0000E+00  0.1850E-01  0.0000E+00  0.1000E-02  0.0000E+00  0.0000E+00  0.0000E+00  0.0000E+00  0.0000E+00  0.0000E+00  0.0000E+00  0.0000E+00  0.0000E+00  0.1500E-02  0.0000E+00  0.0000E+00  0.0000E+00  0.0000E+00  0.0000E+00  0.0000E+00  0.0000E+00  0.0000E+00  0.0000E+00  0.0000E+00  0.0000E+00
  0.0000E+00  0.0000E+00  0.0000E+00  0.0000E+00  0.0000E+00  0.0000E+00  0.0000E+00  0.0000E+00  0.2337E-01  0.0000E+00  0.4550E+00  0.0000E+00  0.2000E-02  0.0000E+00  0.2500E-01  0.0000E+00  0.0000E+00  0.0000E+00  0.0000E+00  0.0000E+00  0.0000E+00  0.0000E+00  0.0000E+00  0.0000E+00  0.1625E-02  0.0000E+00  0.2587E-01  0.0000E+00  0.0000E+00  0.0000E+00  0.1000E-02  0.0000E+00  0.0000E+00  0.0000E+00  0.0000E+00  0.0000E+00  0.1125E-02  0.0000E+00  0.2600E-01  0.0000E+00  0.1250E-03  0.0000E+00  0.1000E-02  0.0000E+00  0.0000E+00  0.0000E+00  0.0000E+00  0.0000E+00  0.0000E+00  0.0000E+00  0.1375E-02  0.0000E+00  0.0000E+00  0.0000E+00  0.1250E-03  0.0000E+00
 Events:
         136           0           9           0        2832           0         167           0           0           0           0           0           0           0           0           0           7           0           0           0         166           0           6           0           0           0           0           0           0           0           0           0         148           0           8           0           0           0           0           0           0           0           0           0          12           0           0           0           0           0           0           0           0           0           0           0
           0           0           0           0           0           0           0           0         187           0        3640           0          16           0         200           0           0           0           0           0           0           0           0           0          13           0         207           0           0           0           8           0           0           0           0           0           9           0         208           0           1           0           8           0           0           0           0           0           0           0          11           0           0           0           1           0
 Accuracy:    0.053   0.010   0.037   2.101
 Found          896  events.
 Wrote          135  events.
 Actual xsec    8.9437532697153651E-003
 Correct abs xsec    8.9437532697153651E-003
 Event xsec    8.9437532697153564E-003
 Events wgts > 1:            6
 % Cross section > 1:    8.8953811796379102E-005  0.99459152230403758     
 Iteration  4   Mean: 0.8795E-02 Abs mean: 0.8795E-02   Fluctuation:  0.185E-03   0.482E+00    63.9%
  4    0.8795E-02 0.8795E-02 +- 0.1852E-03      2.66
 Relative summed weights:
  0.1969E-01  0.0000E+00  0.7231E-03  0.0000E+00  0.4003E+00  0.0000E+00  0.2684E-01  0.0000E+00  0.0000E+00  0.0000E+00  0.0000E+00  0.0000E+00  0.0000E+00  0.0000E+00  0.0000E+00  0.0000E+00  0.5538E-03  0.0000E+00  0.0000E+00  0.0000E+00  0.2522E-01  0.0000E+00  0.2230E-02  0.0000E+00  0.0000E+00  0.0000E+00  0.0000E+00  0.0000E+00  0.0000E+00  0.0000E+00  0.0000E+00  0.0000E+00  0.2550E-01  0.0000E+00  0.2003E-03  0.0000E+00  0.0000E+00  0.0000E+00  0.0000E+00  0.0000E+00  0.0000E+00  0.0000E+00  0.0000E+00  0.0000E+00  0.2863E-03  0.0000E+00  0.9489E-03  0.0000E+00  0.0000E+00  0.0000E+00  0.0000E+00  0.0000E+00  0.0000E+00  0.0000E+00  0.0000E+00  0.0000E+00
  0.0000E+00  0.0000E+00  0.0000E+00  0.0000E+00  0.0000E+00  0.0000E+00  0.0000E+00  0.0000E+00  0.1938E-01  0.0000E+00  0.4131E+00  0.0000E+00  0.3829E-03  0.0000E+00  0.2019E-01  0.0000E+00  0.0000E+00  0.0000E+00  0.0000E+00  0.0000E+00  0.0000E+00  0.0000E+00  0.0000E+00  0.0000E+00  0.1494E-02  0.0000E+00  0.2032E-01  0.0000E+00  0.0000E+00  0.0000E+00  0.3567E-03  0.0000E+00  0.0000E+00  0.0000E+00  0.0000E+00  0.0000E+00  0.7318E-03  0.0000E+00  0.1968E-01  0.0000E+00  0.1480E-03  0.0000E+00  0.1032E-02  0.0000E+00  0.0000E+00  0.0000E+00  0.0000E+00  0.0000E+00  0.1627E-05  0.0000E+00  0.6799E-03  0.0000E+00  0.0000E+00  0.0000E+00  0.0000E+00  0.0000E+00
 Relative number of events:
  0.1981E-01  0.0000E+00  0.8125E-03  0.0000E+00  0.3580E+00  0.0000E+00  0.1944E-01  0.0000E+00  0.0000E+00  0.0000E+00  0.0000E+00  0.0000E+00  0.0000E+00  0.0000E+00  0.0000E+00  0.0000E+00  0.8125E-03  0.0000E+00  0.0000E+00  0.0000E+00  0.2081E-01  0.0000E+00  0.7500E-03  0.0000E+00  0.0000E+00  0.0000E+00  0.0000E+00  0.0000E+00  0.0000E+00  0.0000E+00  0.0000E+00  0.0000E+00  0.1969E-01  0.0000E+00  0.5625E-03  0.0000E+00  0.0000E+00  0.0000E+00  0.0000E+00  0.0000E+00  0.0000E+00  0.0000E+00  0.0000E+00  0.0000E+00  0.8125E-03  0.0000E+00  0.1250E-03  0.0000E+00  0.0000E+00  0.0000E+00  0.0000E+00  0.0000E+00  0.0000E+00  0.0000E+00  0.0000E+00  0.0000E+00
  0.0000E+00  0.0000E+00  0.0000E+00  0.0000E+00  0.0000E+00  0.0000E+00  0.0000E+00  0.0000E+00  0.2150E-01  0.0000E+00  0.4573E+00  0.0000E+00  0.1563E-02  0.0000E+00  0.2356E-01  0.0000E+00  0.0000E+00  0.0000E+00  0.0000E+00  0.0000E+00  0.0000E+00  0.0000E+00  0.0000E+00  0.0000E+00  0.1063E-02  0.0000E+00  0.2438E-01  0.0000E+00  0.0000E+00  0.0000E+00  0.1063E-02  0.0000E+00  0.0000E+00  0.0000E+00  0.0000E+00  0.0000E+00  0.1375E-02  0.0000E+00  0.2394E-01  0.0000E+00  0.1250E-03  0.0000E+00  0.1437E-02  0.0000E+00  0.0000E+00  0.0000E+00  0.0000E+00  0.0000E+00  0.6250E-04  0.0000E+00  0.1000E-02  0.0000E+00  0.0000E+00  0.0000E+00  0.0000E+00  0.0000E+00
 Events:
         317           0          13           0        5728           0         311           0           0           0           0           0           0           0           0           0          13           0           0           0         333           0          12           0           0           0           0           0           0           0           0           0         315           0           9           0           0           0           0           0           0           0           0           0          13           0           2           0           0           0           0           0           0           0           0           0
           0           0           0           0           0           0           0           0         344           0        7317           0          25           0         377           0           0           0           0           0           0           0           0           0          17           0         390           0           0           0          17           0           0           0           0           0          22           0         383           0           2           0          23           0           0           0           0           0           1           0          16           0           0           0           0           0
 Accuracy:    0.022   0.010   0.018   1.490
 Found         2058  events.
 Wrote          560  events.
 Actual xsec    8.8706145487743027E-003
 Correct abs xsec    8.8706145487743027E-003
 Event xsec    8.8706145487742853E-003
 Events wgts > 1:           21
 % Cross section > 1:    8.4639985508717792E-005  0.95416146247063671     
 Iteration  5   Mean: 0.8890E-02 Abs mean: 0.8890E-02   Fluctuation:  0.109E-03   0.512E+00    61.7%
  5    0.8890E-02 0.8890E-02 +- 0.1090E-03      2.19
 Relative summed weights:
  0.2209E-01  0.0000E+00  0.9127E-03  0.0000E+00  0.4164E+00  0.0000E+00  0.2133E-01  0.0000E+00  0.0000E+00  0.0000E+00  0.0000E+00  0.0000E+00  0.0000E+00  0.0000E+00  0.0000E+00  0.0000E+00  0.8834E-03  0.0000E+00  0.2480E-04  0.0000E+00  0.2596E-01  0.0000E+00  0.1513E-02  0.0000E+00  0.0000E+00  0.0000E+00  0.0000E+00  0.0000E+00  0.0000E+00  0.0000E+00  0.0000E+00  0.0000E+00  0.2180E-01  0.0000E+00  0.5804E-03  0.0000E+00  0.0000E+00  0.0000E+00  0.0000E+00  0.0000E+00  0.0000E+00  0.0000E+00  0.0000E+00  0.0000E+00  0.1288E-02  0.0000E+00  0.2073E-03  0.0000E+00  0.0000E+00  0.0000E+00  0.0000E+00  0.0000E+00  0.0000E+00  0.0000E+00  0.0000E+00  0.0000E+00
  0.0000E+00  0.0000E+00  0.0000E+00  0.0000E+00  0.0000E+00  0.0000E+00  0.0000E+00  0.0000E+00  0.2246E-01  0.0000E+00  0.3964E+00  0.0000E+00  0.9440E-03  0.0000E+00  0.1978E-01  0.0000E+00  0.0000E+00  0.0000E+00  0.0000E+00  0.0000E+00  0.0000E+00  0.0000E+00  0.0000E+00  0.0000E+00  0.1197E-02  0.0000E+00  0.2045E-01  0.0000E+00  0.7544E-04  0.0000E+00  0.1488E-02  0.0000E+00  0.0000E+00  0.0000E+00  0.0000E+00  0.0000E+00  0.9542E-03  0.0000E+00  0.2130E-01  0.0000E+00  0.3250E-04  0.0000E+00  0.9581E-03  0.0000E+00  0.0000E+00  0.0000E+00  0.0000E+00  0.0000E+00  0.8504E-05  0.0000E+00  0.9816E-03  0.0000E+00  0.0000E+00  0.0000E+00  0.1163E-04  0.0000E+00
 Relative number of events:
  0.1828E-01  0.0000E+00  0.1063E-02  0.0000E+00  0.3543E+00  0.0000E+00  0.1909E-01  0.0000E+00  0.0000E+00  0.0000E+00  0.0000E+00  0.0000E+00  0.0000E+00  0.0000E+00  0.0000E+00  0.0000E+00  0.1125E-02  0.0000E+00  0.9375E-04  0.0000E+00  0.1959E-01  0.0000E+00  0.1031E-02  0.0000E+00  0.0000E+00  0.0000E+00  0.0000E+00  0.0000E+00  0.0000E+00  0.0000E+00  0.0000E+00  0.0000E+00  0.1991E-01  0.0000E+00  0.9375E-03  0.0000E+00  0.0000E+00  0.0000E+00  0.0000E+00  0.0000E+00  0.0000E+00  0.0000E+00  0.0000E+00  0.0000E+00  0.8125E-03  0.0000E+00  0.9375E-04  0.0000E+00  0.0000E+00  0.0000E+00  0.0000E+00  0.0000E+00  0.0000E+00  0.0000E+00  0.0000E+00  0.0000E+00
  0.0000E+00  0.0000E+00  0.0000E+00  0.0000E+00  0.0000E+00  0.0000E+00  0.0000E+00  0.0000E+00  0.2416E-01  0.0000E+00  0.4587E+00  0.0000E+00  0.1031E-02  0.0000E+00  0.2366E-01  0.0000E+00  0.0000E+00  0.0000E+00  0.0000E+00  0.0000E+00  0.0000E+00  0.0000E+00  0.0000E+00  0.0000E+00  0.1656E-02  0.0000E+00  0.2509E-01  0.0000E+00  0.6250E-04  0.0000E+00  0.1094E-02  0.0000E+00  0.0000E+00  0.0000E+00  0.0000E+00  0.0000E+00  0.1219E-02  0.0000E+00  0.2419E-01  0.0000E+00  0.6250E-04  0.0000E+00  0.1563E-02  0.0000E+00  0.0000E+00  0.0000E+00  0.0000E+00  0.0000E+00  0.9375E-04  0.0000E+00  0.9687E-03  0.0000E+00  0.0000E+00  0.0000E+00  0.9375E-04  0.0000E+00
 Events:
         585           0          34           0       11337           0         611           0           0           0           0           0           0           0           0           0          36           0           3           0         627           0          33           0           0           0           0           0           0           0           0           0         637           0          30           0           0           0           0           0           0           0           0           0          26           0           3           0           0           0           0           0           0           0           0           0
           0           0           0           0           0           0           0           0         773           0       14680           0          33           0         757           0           0           0           0           0           0           0           0           0          53           0         803           0           2           0          35           0           0           0           0           0          39           0         774           0           2           0          50           0           0           0           0           0           3           0          31           0           0           0           3           0
 Accuracy:    0.011   0.010   0.010   1.129
 Found         4672  events.
 Wrote         1696  events.
 Actual xsec    8.8813090084322813E-003
 Correct abs xsec    8.8813090084322813E-003
 Event xsec    8.8813090084322709E-003
 Events wgts > 1:           45
 % Cross section > 1:    8.6509770416880649E-005  0.97406553847799693     
 Iteration  6   Mean: 0.8835E-02 Abs mean: 0.8835E-02   Fluctuation:  0.665E-04   0.306E+00    61.1%
  6    0.8835E-02 0.8835E-02 +- 0.6655E-04      1.91
 Relative summed weights:
  0.2233E-01  0.0000E+00  0.1082E-02  0.0000E+00  0.4081E+00  0.0000E+00  0.1868E-01  0.0000E+00  0.0000E+00  0.0000E+00  0.0000E+00  0.0000E+00  0.0000E+00  0.0000E+00  0.0000E+00  0.0000E+00  0.1020E-02  0.0000E+00  0.3620E-04  0.0000E+00  0.2058E-01  0.0000E+00  0.6424E-03  0.0000E+00  0.0000E+00  0.0000E+00  0.0000E+00  0.0000E+00  0.0000E+00  0.0000E+00  0.0000E+00  0.0000E+00  0.2190E-01  0.0000E+00  0.8534E-03  0.0000E+00  0.0000E+00  0.0000E+00  0.0000E+00  0.0000E+00  0.0000E+00  0.0000E+00  0.0000E+00  0.0000E+00  0.1381E-02  0.0000E+00  0.7987E-04  0.0000E+00  0.0000E+00  0.0000E+00  0.0000E+00  0.0000E+00  0.0000E+00  0.0000E+00  0.0000E+00  0.0000E+00
  0.0000E+00  0.0000E+00  0.0000E+00  0.0000E+00  0.0000E+00  0.0000E+00  0.0000E+00  0.0000E+00  0.2163E-01  0.0000E+00  0.4116E+00  0.0000E+00  0.8524E-03  0.0000E+00  0.2109E-01  0.0000E+00  0.0000E+00  0.0000E+00  0.0000E+00  0.0000E+00  0.0000E+00  0.0000E+00  0.0000E+00  0.0000E+00  0.1380E-02  0.0000E+00  0.2095E-01  0.0000E+00  0.2975E-04  0.0000E+00  0.1085E-02  0.0000E+00  0.0000E+00  0.0000E+00  0.0000E+00  0.0000E+00  0.1285E-02  0.0000E+00  0.2141E-01  0.0000E+00  0.1341E-04  0.0000E+00  0.8511E-03  0.0000E+00  0.0000E+00  0.0000E+00  0.0000E+00  0.0000E+00  0.1277E-04  0.0000E+00  0.1071E-02  0.0000E+00  0.0000E+00  0.0000E+00  0.3281E-04  0.0000E+00
 Relative number of events:
  0.1984E-01  0.0000E+00  0.7969E-03  0.0000E+00  0.3568E+00  0.0000E+00  0.1812E-01  0.0000E+00  0.0000E+00  0.0000E+00  0.0000E+00  0.0000E+00  0.0000E+00  0.0000E+00  0.0000E+00  0.0000E+00  0.8594E-03  0.0000E+00  0.6250E-04  0.0000E+00  0.1881E-01  0.0000E+00  0.7969E-03  0.0000E+00  0.0000E+00  0.0000E+00  0.0000E+00  0.0000E+00  0.0000E+00  0.0000E+00  0.0000E+00  0.0000E+00  0.1912E-01  0.0000E+00  0.7813E-03  0.0000E+00  0.0000E+00  0.0000E+00  0.0000E+00  0.0000E+00  0.0000E+00  0.0000E+00  0.0000E+00  0.0000E+00  0.1031E-02  0.0000E+00  0.1563E-04  0.0000E+00  0.0000E+00  0.0000E+00  0.0000E+00  0.0000E+00  0.0000E+00  0.0000E+00  0.0000E+00  0.0000E+00
  0.0000E+00  0.0000E+00  0.0000E+00  0.0000E+00  0.0000E+00  0.0000E+00  0.0000E+00  0.0000E+00  0.2528E-01  0.0000E+00  0.4554E+00  0.0000E+00  0.1250E-02  0.0000E+00  0.2494E-01  0.0000E+00  0.0000E+00  0.0000E+00  0.0000E+00  0.0000E+00  0.0000E+00  0.0000E+00  0.0000E+00  0.0000E+00  0.1297E-02  0.0000E+00  0.2527E-01  0.0000E+00  0.6250E-04  0.0000E+00  0.1031E-02  0.0000E+00  0.0000E+00  0.0000E+00  0.0000E+00  0.0000E+00  0.1422E-02  0.0000E+00  0.2433E-01  0.0000E+00  0.4688E-04  0.0000E+00  0.1187E-02  0.0000E+00  0.0000E+00  0.0000E+00  0.0000E+00  0.0000E+00  0.7813E-04  0.0000E+00  0.1359E-02  0.0000E+00  0.0000E+00  0.0000E+00  0.9375E-04  0.0000E+00
 Events:
        1270           0          51           0       22832           0        1160           0           0           0           0           0           0           0           0           0          55           0           4           0        1204           0          51           0           0           0           0           0           0           0           0           0        1224           0          50           0           0           0           0           0           0           0           0           0          66           0           1           0           0           0           0           0           0           0           0           0
           0           0           0           0           0           0           0           0        1618           0       29143           0          80           0        1596           0           0           0           0           0           0           0           0           0          83           0        1617           0           4           0          66           0           0           0           0           0          91           0        1557           0           3           0          76           0           0           0           0           0           5           0          87           0           0           0           6           0
 Accuracy:    0.006   0.010   0.006   0.930
 Finished due to accuracy    5.8381274230442978E-003   1.0000000000000000E-002

Thanks for using LHAPDF 6.2.1. Please make sure to cite the paper:
  Eur.Phys.J. C75 (2015) 3, 132  (http://arxiv.org/abs/1412.7420)
 -------------------------------------------------------------------------------
 Accumulated results:   Integral =  0.8848E-02
                        Std dev  =  0.5357E-04
                       Cross sec =  0.8848E-02
             Chi**2 per DoF.     =      0.9298
 -------------------------------------------------------------------------------
 Found         9815  events.
 Wrote         5477  events.
 Actual xsec    8.8454573113679099E-003
 Correct abs xsec    8.8454573113679099E-003
 Event xsec    8.8454573113681857E-003
 Events wgts > 1:          191
 % Cross section > 1:    8.7477022110780522E-005  0.98894855326874986     
-------------------------------------------------
---------------------------
 Results Last   3 iters: Integral =   0.8845E-02
                     Abs integral =   0.8845E-02
                          Std dev =   0.5430E-04
                  Chi**2 per DoF. =      0.1326
-------------------------------------------------
---------------------------
 Status   1.0000000000000000E-002           7           8

ls status:
events.lhe
ftn25
ftn26
input_app.txt
results.dat
run1_app.log
