==== LHAPDF6 USING DEFAULT-TYPE LHAGLUE INTERFACE ====
LHAPDF 6.2.1 loading /cvmfs/cms.cern.ch/slc6_amd64_gcc481/external/lhapdf/6.2.1/share/LHAPDF/NNPDF30_lo_as_0130_nf_4/NNPDF30_lo_as_0130_nf_4_0000.dat
NNPDF30_lo_as_0130_nf_4 PDF set, member #0, version 2; LHAPDF ID = 263400
 Process in group number            1
 A PDF is used, so alpha_s(MZ) is going to be modified
 Old value of alpha_s from param_card:   0.11799999999999999     
 New value of alpha_s from PDF lhapdf :  0.12470044313224841     
 using LHAPDF
 Warning: pt or E min of a jet should in general be >0
 Warning: pt or E min of a jet should in general be >0
 Warning: pt or E min of a jet should in general be >0
 Warning: pt or E min of a jet should in general be >0
 Warning: pt or E min of a jet should in general be >0
 Warning: pt or E min of a jet should in general be >0
 Warning: pt or E min of a jet should in general be >0
 Warning: pt or E min of a jet should in general be >0
 *****************************************************
 *               MadGraph/MadEvent                   *
 *        --------------------------------           *
 *          http://madgraph.hep.uiuc.edu             *
 *          http://madgraph.phys.ucl.ac.be           *
 *          http://madgraph.roma2.infn.it            *
 *        --------------------------------           *
 *                                                   *
 *          PARAMETER AND COUPLING VALUES            *
 *                                                   *
 *****************************************************

  External Params
  ---------------------------------
  
 mdl_LR =    1000.0000000000000     
 mdl_xi =    1.0000000000000000E-008
 mdl_ReFmeio =   -1.8123300000000000     
 mdl_FmeioH =   -1.5442800000000001     
 mdl_ImFmeio =    1.4062200000000000     
 mdl_K =    35.000000000000000     
 aEWM1 =    127.90000000000001     
 mdl_Gf =    1.1663780000000000E-005
 aS =   0.11799999999999999     
 mdl_lamWS =   0.22530000000000000     
 mdl_AWS =   0.80800000000000005     
 mdl_rhoWS =   0.13200000000000001     
 mdl_etaWS =   0.34100000000000003     
 mdl_ymc =    0.0000000000000000     
 mdl_ymb =    4.7999999999999998     
 mdl_ymt =    172.50000000000000     
 mdl_yme =    5.1099999999999995E-004
 mdl_ymm =   0.10566000000000000     
 mdl_ymtau =    1.7769999999999999     
 mdl_MC =    0.0000000000000000     
 mdl_MT =    172.50000000000000     
 mdl_MB =    4.7999999999999998     
 mdl_MZ =    91.187600000000003     
 mdl_MH =    125.00000000000000     
 mdl_MH02 =    3500.0000000000000     
 mdl_Me =    5.1099999999999995E-004
 mdl_MM =   0.10566000000000000     
 mdl_MTA =    1.7769999999999999     
 mdl_MP =    120.00000000000000     
 mdl_WT =    1.4915000000000000     
 mdl_WZ =    2.4952000000000001     
 mdl_WW =    2.0850000000000000     
 mdl_WH =    6.3823389999999999E-003
 mdl_WH02 =    1.0000000000000000E-003
 mdl_WTau =    2.2699999999999998E-012
 mdl_WH1 =    6.3823389999999999E-003
  Internal Params
  ---------------------------------
  
 mdl_lamWS__exp__2 =    5.0760090000000001E-002
 mdl_CKM11 =  ( 0.97461995499999998     ,  0.0000000000000000     )
 mdl_CKM12 =  ( 0.22530000000000000     ,  0.0000000000000000     )
 mdl_complexi =  (  0.0000000000000000     ,  1.0000000000000000     )
 mdl_lamWS__exp__3 =    1.1436248277000001E-002
 mdl_CKM13 =  (  1.2197444962317122E-003, -3.1510066152652563E-003)
 mdl_CKM21 =  (-0.22530000000000000     ,  0.0000000000000000     )
 mdl_CKM22 =  ( 0.97461995499999998     ,  0.0000000000000000     )
 mdl_CKM23 =  (  4.1014152720000002E-002,  0.0000000000000000     )
 mdl_CKM31 =  (  8.0207441115842885E-003, -3.1510066152652563E-003)
 mdl_CKM32 =  ( -4.1014152720000002E-002,  0.0000000000000000     )
 mdl_CKM33 =  (  1.0000000000000000     ,  0.0000000000000000     )
 mdl_MZ__exp__2 =    8315.1783937600012     
 mdl_MZ__exp__4 =    69142191.720053151     
 mdl_sqrt__2 =    1.4142135623730951     
 mdl_MH__exp__6 =    3814697265625.0000     
 mdl_MT__exp__6 =    26347207783447.266     
 mdl_MH__exp__4 =    244140625.00000000     
 mdl_MT__exp__4 =    885434414.06250000     
 mdl_MH__exp__2 =    15625.000000000000     
 mdl_MT__exp__2 =    29756.250000000000     
 mdl_MH02__exp__2 =    12250000.000000000     
 mdl_FmeioMH =  (  1.0470805239420240     ,  0.0000000000000000     )
 mdl_MH02__exp__6 =    1.8382656250000001E+021
 mdl_MH02__exp__4 =    150062500000000.00     
 mdl_FmeioMR =  ( -94881.833128121187     ,  0.0000000000000000     )
 mdl_MH__exp__12 =    1.4551915228366852E+025
 mdl_MH__exp__10 =    9.3132257461547853E+020
 mdl_MH__exp__8 =    59604644775390624.     
 mdl_MH02__exp__12 =    3.3792205080566410E+042
 mdl_MH02__exp__10 =    2.7585473535156252E+035
 mdl_MH02__exp__8 =    2.2518753906250002E+028
 mdl_conjg__CKM11 =  ( 0.97461995499999998     , -0.0000000000000000     )
 mdl_conjg__CKM12 =  ( 0.22530000000000000     , -0.0000000000000000     )
 mdl_conjg__CKM13 =  (  1.2197444962317122E-003,  3.1510066152652563E-003)
 mdl_conjg__CKM21 =  (-0.22530000000000000     , -0.0000000000000000     )
 mdl_conjg__CKM22 =  ( 0.97461995499999998     , -0.0000000000000000     )
 mdl_conjg__CKM23 =  (  4.1014152720000002E-002, -0.0000000000000000     )
 mdl_conjg__CKM31 =  (  8.0207441115842885E-003,  3.1510066152652563E-003)
 mdl_conjg__CKM32 =  ( -4.1014152720000002E-002, -0.0000000000000000     )
 mdl_conjg__CKM33 =  (  1.0000000000000000     , -0.0000000000000000     )
 mdl_aEW =    7.8186082877247844E-003
 mdl_MW =    79.824479864292599     
 mdl_sqrt__aEW =    8.8422894590285753E-002
 mdl_ee =   0.31345100004952897     
 mdl_MW__exp__2 =    6371.9475856048548     
 mdl_sw2 =   0.23369682719175511     
 mdl_cw =   0.87538744154131254     
 mdl_sqrt__sw2 =   0.48342199700857130     
 mdl_sw =   0.48342199700857130     
 mdl_g1 =   0.35807116389244675     
 mdl_gw =   0.64840036653104827     
 mdl_v =    246.21972467830258     
 mdl_v__exp__2 =    60624.152820659125     
 mdl_lam =   0.12886778019168796     
 mdl_yb =    2.7569785922959604E-002
 mdl_yc =    0.0000000000000000     
 mdl_ye =    2.9350334597150747E-006
 mdl_ym =    6.0687991262914842E-004
 mdl_yt =   0.99078918160636087     
 mdl_ytau =    1.0206564496895670E-002
 mdl_muH =    88.388347648318444     
 mdl_Z =    1.0000000018187245     
 mdl_theta =    7.6628352490421455E-011
 mdl_cos__theta =    1.0000000000000000     
 mdl_a =  -0.99999999818127550     
 mdl_sin__theta =    7.6628352490421455E-011
 mdl_b =    7.6628352351055597E-011
 mdl_c =    1.4849811806320228E-008
 mdl_d =    1.0000000000000000     
 mdl_ee__exp__2 =    9.8251529432049817E-002
 mdl_MW__exp__12 =    6.6931902282585363E+022
 mdl_MW__exp__10 =    1.0504151420484712E+019
 mdl_MW__exp__8 =    1648499344880849.5     
 mdl_MW__exp__6 =    258712006452.32019     
 mdl_MW__exp__4 =    40601716.033695541     
 mdl_AH =    3.2896331152571413E-005
 mdl_AR =    2659599862.1444044     
 mdl_gw__exp__2 =   0.42042303531759773     
 mdl_cw__exp__2 =   0.76630317280824489     
 mdl_sw__exp__2 =   0.23369682719175511     
  Internal Params evaluated point by point
  ----------------------------------------
  
 mdl_sqrt__aS =   0.34351128074635334     
 mdl_G__exp__2 =    1.4828317324943823     
 mdl_Gphi =   -6.3554969584608289E-006
 mdl_GR =  (  1.4133715995743603E-004, -1.3204604160005052E-005)
 mdl_GH =  (  5.8894582703556158E-005,  0.0000000000000000     )
  Couplings of heft_radion
  ---------------------------------
  
        GC_55 =  -0.13205E-04  -0.14134E-03
        GC_18 =   0.00000E+00   0.44685E+00
        GC_19 =   0.00000E+00   0.10330E+00
        GC_20 =   0.14447E-02   0.55924E-03
        GC_21 =  -0.00000E+00  -0.10330E+00
        GC_22 =   0.00000E+00   0.44685E+00
        GC_23 =   0.00000E+00   0.18805E-01
        GC_37 =   0.00000E+00   0.51758E+02
        GC_45 =   0.00000E+00   0.44685E+00
        GC_46 =   0.00000E+00   0.10330E+00
        GC_47 =  -0.14447E-02   0.55924E-03
        GC_48 =   0.00000E+00  -0.10330E+00
        GC_49 =   0.00000E+00   0.44685E+00
        GC_50 =   0.00000E+00   0.18805E-01
        GC_58 =   0.31250E+02   0.00000E+00
        GC_59 =   0.10000E-02   0.00000E+00

 Collider parameters:
 --------------------

 Running at P P   machine @    13000.000000000000       GeV
 PDF set = lhapdf 
 alpha_s(Mz)= 0.1247 running at 1 loops.
 alpha_s(Mz)= 0.1247 running at 1 loops.
 Renormalization scale set on event-by-event basis
 Factorization   scale set on event-by-event basis


 getting user params
Enter number of events and max and min iterations: 
 Number of events and iterations         2000           8           3
Enter desired fractional accuracy: 
 Desired fractional accuracy:    1.0000000000000000E-002
Enter 0 for fixed, 2 for adjustable grid: 
Suppress amplitude (0 no, 1 yes)? 
 Using suppressed amplitude.
Exact helicity sum (0 yes, n = number/event)? 
 Explicitly summing over helicities
Enter Configuration Number: 
Running Configuration Number:    1
 Using dconfig=         473
 BW Setting            2           1           1           2           2           1           0           0
 Attempting mappinvarients           1          10
 Completed mapping          10
 about to integrate           22        2000           8           3          22           1
 Using non-zero grid deformation.
 22 dimensions   2000 events 22 invarients  8 iterations  1 config(s),  (0.99)
 Using h-tuple random number sequence.
 fail to read data
 Error opening grid
 Using Uniform Grid!          40
 Using uniform alpha   1.0000000000000000     
 Grid defined OK
 Set CM energy to      13000.00
 Mapping Graph           1  to config           1
Setting grid   1    0.59172E-08   1
 Setting BW          -2           2   79.824479864292599     
 Setting BW          -3           3   125.00000000000000     
Setting grid   4    0.59172E-08   1
Setting grid   5    0.59172E-08   1
 Setting BW          -6           6   125.00000000000000     
 Setting PDF BW          21           7   3500.0000000000000     
 Transforming s_hat BW    7.2485207100591725E-002   2.0710059171597636E-008
 Masses: 0.000E+00 0.000E+00 0.000E+00 0.000E+00 0.000E+00 0.000E+00 0.000E+00 0.000E+00 0.000E+00 0.000E+00
   1   1   2   3   4   5   6   7   8   9  10  11  12  13  14
  15  16  17  18  19  20  21  22
Using random seed offsets     1 :     78
  with seed                   24
 Ranmar initialization seeds       31059        9475
 
 ********************************************
 * You are using the DiscreteSampler module *
 *      part of the MG5_aMC framework       *
 *         Author: Valentin Hirschi         *
 ********************************************
 
  Particle       3       4       5       6       7       8       9      10
      Et >     0.0     0.0     0.0     0.0     0.0     0.0     0.0     0.0
       E >     0.0     0.0     0.0     0.0     0.0     0.0     0.0     0.0
     Eta <    -1.0    -1.0    -1.0    -1.0    -1.0    -1.0    -1.0    -1.0
   xqcut:      0.0     0.0     0.0     0.0     0.0     0.0     0.0     0.0
d R # 3  >    -0.0     0.0     0.0     0.0     0.0     0.0     0.0     0.0
d R # 4  >    -0.0    -0.0     0.0     0.0     0.0     0.0     0.0     0.0
d R # 5  >    -0.0    -0.0    -0.0     0.0     0.0     0.0     0.0     0.0
d R # 6  >    -0.0    -0.0    -0.0    -0.0     0.0     0.0     0.0     0.0
d R # 7  >    -0.0    -0.0    -0.0    -0.0    -0.0     0.0     0.0     0.0
d R # 8  >    -0.0    -0.0    -0.0    -0.0    -0.0    -0.0     0.0     0.0
d R # 9  >    -0.0    -0.0    -0.0    -0.0    -0.0    -0.0    -0.0     0.0
s min # 3>     0.0     0.0     0.0     0.0     0.0     0.0     0.0     0.0
s min # 4>     0.0     0.0     0.0     0.0     0.0     0.0     0.0     0.0
s min # 5>     0.0     0.0     0.0     0.0     0.0     0.0     0.0     0.0
s min # 6>     0.0     0.0     0.0     0.0     0.0     0.0     0.0     0.0
s min # 7>     0.0     0.0     0.0     0.0     0.0     0.0     0.0     0.0
s min # 8>     0.0     0.0     0.0     0.0     0.0     0.0     0.0     0.0
s min # 9>     0.0     0.0     0.0     0.0     0.0     0.0     0.0     0.0
xqcutij # 3>     0.0     0.0     0.0     0.0     0.0     0.0     0.0     0.0
xqcutij # 4>     0.0     0.0     0.0     0.0     0.0     0.0     0.0     0.0
xqcutij # 5>     0.0     0.0     0.0     0.0     0.0     0.0     0.0     0.0
xqcutij # 6>     0.0     0.0     0.0     0.0     0.0     0.0     0.0     0.0
xqcutij # 7>     0.0     0.0     0.0     0.0     0.0     0.0     0.0     0.0
xqcutij # 8>     0.0     0.0     0.0     0.0     0.0     0.0     0.0     0.0
xqcutij # 9>     0.0     0.0     0.0     0.0     0.0     0.0     0.0     0.0
 Excluding BW           -1           1
 Requiring BW           -2           2
 Requiring BW           -3           3
 Excluding BW           -4           4
 Excluding BW           -5           5
 Requiring BW           -6           6
 No cut BW           -7           7
 alpha_s for scale    3499.9998118984240       is    7.7778523804470492E-002
 Added good helicity            1   512.00000000000000       in event            1 local:           1
 Added good helicity          769   512.00000000000000       in event            1 local:           1
 RESET CUMULATIVE VARIABLE
 RESET CUMULATIVE VARIABLE
 Iteration  1   Mean: 0.4447E-03 Abs mean: 0.4447E-03   Fluctuation:  0.291E-03   0.570E+00    14.0%
  1    0.4447E-03 0.4447E-03 +- 0.2907E-03     29.24
 Writing out events   1.9862743317022893E-007   29.237534876884276     
 Relative summed weights:
  0.0000E+00  0.0000E+00  0.1281E-10  0.0000E+00  0.4497E-04  0.0000E+00  0.2100E-04  0.0000E+00  0.2646E-02  0.0000E+00  0.2792E-02  0.0000E+00  0.1071E+00  0.0000E+00  0.7013E-09  0.0000E+00  0.2268E-01  0.0000E+00  0.8647E+00  0.0000E+00
 Relative number of events:
  0.0000E+00  0.0000E+00  0.4978E-03  0.0000E+00  0.4978E-03  0.0000E+00  0.7964E-02  0.0000E+00  0.4480E-02  0.0000E+00  0.7964E-02  0.0000E+00  0.8810E-01  0.0000E+00  0.9955E-03  0.0000E+00  0.7715E-01  0.0000E+00  0.8123E+00  0.0000E+00
 Events:
           0           0           1           0           1           0          16           0           9           0          16           0         177           0           2           0         155           0        1632           0
 Iteration  2   Mean: 0.5973E-03 Abs mean: 0.5973E-03   Fluctuation:  0.253E-03   0.766E+00    51.5%
  2    0.5973E-03 0.5973E-03 +- 0.2527E-03     26.76
 Relative summed weights:
  0.0000E+00  0.0000E+00  0.4908E-05  0.0000E+00  0.0000E+00  0.0000E+00  0.1998E-03  0.0000E+00  0.2875E-02  0.0000E+00  0.4150E-02  0.0000E+00  0.3407E+00  0.0000E+00  0.1464E-04  0.0000E+00  0.7933E-01  0.0000E+00  0.5727E+00  0.0000E+00
 Relative number of events:
  0.0000E+00  0.0000E+00  0.5000E-03  0.0000E+00  0.0000E+00  0.0000E+00  0.2500E-02  0.0000E+00  0.2250E-02  0.0000E+00  0.4000E-02  0.0000E+00  0.9025E-01  0.0000E+00  0.1750E-02  0.0000E+00  0.9475E-01  0.0000E+00  0.8040E+00  0.0000E+00
 Events:
           0           0           2           0           0           0          10           0           9           0          16           0         361           0           7           0         379           0        3216           0
 Iteration  3   Mean: 0.4565E-03 Abs mean: 0.4565E-03   Fluctuation:  0.123E-03   0.674E+00    71.5%
  3    0.4565E-03 0.4565E-03 +- 0.1231E-03     24.11
 Relative summed weights:
  0.0000E+00  0.0000E+00  0.1170E-07  0.0000E+00  0.6620E-06  0.0000E+00  0.2154E-02  0.0000E+00  0.1729E-03  0.0000E+00  0.9938E-02  0.0000E+00  0.8822E-01  0.0000E+00  0.9027E-04  0.0000E+00  0.7548E-01  0.0000E+00  0.8239E+00  0.0000E+00
 Relative number of events:
  0.0000E+00  0.0000E+00  0.2500E-03  0.0000E+00  0.1250E-03  0.0000E+00  0.5375E-02  0.0000E+00  0.2875E-02  0.0000E+00  0.6500E-02  0.0000E+00  0.9000E-01  0.0000E+00  0.1500E-02  0.0000E+00  0.8500E-01  0.0000E+00  0.8084E+00  0.0000E+00
 Events:
           0           0           2           0           1           0          43           0          23           0          52           0         720           0          12           0         680           0        6467           0
 Accuracy:    0.090   0.010   0.215   0.175
 Found          212  events.
 Wrote            3  events.
 Actual xsec    4.9149386729060182E-004
 Correct abs xsec    4.9149386729060182E-004
 Event xsec    4.9149386729060171E-004
 Events wgts > 1:            2
 % Cross section > 1:    6.6657847281790486E-006   1.3562294815446441     
 Iteration  4   Mean: 0.3673E-03 Abs mean: 0.3673E-03   Fluctuation:  0.326E-04   0.245E+00    74.3%
  4    0.3673E-03 0.3673E-03 +- 0.3259E-04     11.22
Thanks for using LHAPDF 6.2.1. Please make sure to cite the paper:
  Eur.Phys.J. C75 (2015) 3, 132  (http://arxiv.org/abs/1412.7420)
 Relative summed weights:
  0.0000E+00  0.0000E+00  0.4882E-04  0.0000E+00  0.2696E-04  0.0000E+00  0.2412E-02  0.0000E+00  0.7929E-03  0.0000E+00  0.9786E-03  0.0000E+00  0.7622E-01  0.0000E+00  0.4024E-01  0.0000E+00  0.1113E+00  0.0000E+00  0.7680E+00  0.0000E+00
 Relative number of events:
  0.0000E+00  0.0000E+00  0.3125E-03  0.0000E+00  0.1875E-03  0.0000E+00  0.4375E-02  0.0000E+00  0.2312E-02  0.0000E+00  0.4687E-02  0.0000E+00  0.9056E-01  0.0000E+00  0.3125E-02  0.0000E+00  0.9044E-01  0.0000E+00  0.8040E+00  0.0000E+00
 Events:
           0           0           5           0           3           0          70           0          37           0          75           0        1449           0          50           0        1447           0       12864           0
 Accuracy:    0.075   0.010   0.082   0.831
 Found          756  events.
 Wrote           23  events.
 Actual xsec    3.8442978527126592E-004
 Correct abs xsec    3.8442978527126592E-004
 Event xsec    3.8442978527126613E-004
 Events wgts > 1:            1
 % Cross section > 1:    3.8749803984597191E-007  0.10079813133431914     
 Iteration  5   Mean: 0.4365E-03 Abs mean: 0.4365E-03   Fluctuation:  0.169E-04   0.226E+00    68.1%
  5    0.4365E-03 0.4365E-03 +- 0.1686E-04      6.91
 Relative summed weights:
  0.0000E+00  0.0000E+00  0.3681E-03  0.0000E+00  0.4551E-03  0.0000E+00  0.2843E-02  0.0000E+00  0.6697E-03  0.0000E+00  0.2258E-02  0.0000E+00  0.8849E-01  0.0000E+00  0.6450E-02  0.0000E+00  0.8542E-01  0.0000E+00  0.8130E+00  0.0000E+00
 Relative number of events:
  0.0000E+00  0.0000E+00  0.2500E-03  0.0000E+00  0.2500E-03  0.0000E+00  0.4594E-02  0.0000E+00  0.1969E-02  0.0000E+00  0.4250E-02  0.0000E+00  0.8769E-01  0.0000E+00  0.2406E-02  0.0000E+00  0.8725E-01  0.0000E+00  0.8113E+00  0.0000E+00
 Events:
           0           0           8           0           8           0         147           0          63           0         136           0        2806           0          77           0        2792           0       25963           0
 Accuracy:    0.034   0.010   0.035   0.943
 Found         2924  events.
 Wrote          110  events.
 Actual xsec    4.2601972470846308E-004
 Correct abs xsec    4.2601972470846308E-004
 Event xsec    4.2601972470846357E-004
 Events wgts > 1:            2
 % Cross section > 1:    3.8923290996070810E-006  0.91364997296092421     
 Iteration  6   Mean: 0.4256E-03 Abs mean: 0.4256E-03   Fluctuation:  0.644E-05   0.110E+00    62.8%
  6    0.4256E-03 0.4256E-03 +- 0.6435E-05      3.83
 Relative summed weights:
  0.0000E+00  0.0000E+00  0.2333E-03  0.0000E+00  0.4405E-03  0.0000E+00  0.4012E-02  0.0000E+00  0.1706E-02  0.0000E+00  0.3144E-02  0.0000E+00  0.8864E-01  0.0000E+00  0.1719E-02  0.0000E+00  0.9142E-01  0.0000E+00  0.8087E+00  0.0000E+00
 Relative number of events:
  0.0000E+00  0.0000E+00  0.2969E-03  0.0000E+00  0.3125E-03  0.0000E+00  0.4703E-02  0.0000E+00  0.2469E-02  0.0000E+00  0.4594E-02  0.0000E+00  0.8714E-01  0.0000E+00  0.2375E-02  0.0000E+00  0.8705E-01  0.0000E+00  0.8111E+00  0.0000E+00
 Events:
           0           0          19           0          20           0         301           0         158           0         294           0        5577           0         152           0        5571           0       51908           0
 Accuracy:    0.012   0.010   0.014   0.762
 Found         7273  events.
 Wrote          708  events.
 Actual xsec    4.2558470001420210E-004
 Correct abs xsec    4.2558470001420210E-004
 Event xsec    4.2558470001420628E-004
 Events wgts > 1:           12
 % Cross section > 1:    3.3394580982273286E-006  0.78467531800740387     
 Iteration  7   Mean: 0.4398E-03 Abs mean: 0.4398E-03   Fluctuation:  0.349E-05   0.742E-01    60.3%
  7    0.4398E-03 0.4398E-03 +- 0.3486E-05      2.84
 Relative summed weights:
  0.1331E-04  0.0000E+00  0.3115E-03  0.0000E+00  0.2449E-03  0.0000E+00  0.4295E-02  0.0000E+00  0.2323E-02  0.0000E+00  0.4168E-02  0.0000E+00  0.9057E-01  0.0000E+00  0.2361E-02  0.0000E+00  0.8573E-01  0.0000E+00  0.8100E+00  0.0000E+00
 Relative number of events:
  0.1563E-04  0.0000E+00  0.2344E-03  0.0000E+00  0.2500E-03  0.0000E+00  0.4430E-02  0.0000E+00  0.2406E-02  0.0000E+00  0.4602E-02  0.0000E+00  0.8727E-01  0.0000E+00  0.2352E-02  0.0000E+00  0.8563E-01  0.0000E+00  0.8128E+00  0.0000E+00
 Events:
           2           0          30           0          32           0         567           0         308           0         589           0       11170           0         301           0       10961           0      104040           0
 Accuracy:    0.008   0.010   0.007   1.268
 Finished due to accuracy    7.7504236557778151E-003   1.0000000000000000E-002

 -------------------------------------------------------------------------------
 Accumulated results:   Integral =  0.4363E-03
                        Std dev  =  0.3003E-05
                       Cross sec =  0.4363E-03
             Chi**2 per DoF.     =      1.2679
 -------------------------------------------------------------------------------
 Found        17883  events.
 Wrote         3099  events.
 Actual xsec    4.3671094651622031E-004
 Correct abs xsec    4.3671094651622031E-004
 Event xsec    4.3671094651620866E-004
 Events wgts > 1:           64
 % Cross section > 1:    4.2712145681638841E-006  0.97804156324379121     
-------------------------------------------------
---------------------------
 Results Last   3 iters: Integral =   0.4367E-03
                     Abs integral =   0.4367E-03
                          Std dev =   0.3017E-05
                  Chi**2 per DoF. =      1.8756
-------------------------------------------------
---------------------------
 Status   1.0000000000000000E-002           8           8

ls status:
events.lhe
ftn25
ftn26
input_app.txt
results.dat
run1_app.log
