==== LHAPDF6 USING DEFAULT-TYPE LHAGLUE INTERFACE ====
LHAPDF 6.2.1 loading /cvmfs/cms.cern.ch/slc6_amd64_gcc481/external/lhapdf/6.2.1/share/LHAPDF/NNPDF30_lo_as_0130_nf_4/NNPDF30_lo_as_0130_nf_4_0000.dat
NNPDF30_lo_as_0130_nf_4 PDF set, member #0, version 2; LHAPDF ID = 263400
 Process in group number            1
 A PDF is used, so alpha_s(MZ) is going to be modified
 Old value of alpha_s from param_card:   0.11799999999999999     
 New value of alpha_s from PDF lhapdf :  0.12470044313224841     
 using LHAPDF
 Warning: pt or E min of a jet should in general be >0
 Warning: pt or E min of a jet should in general be >0
 Warning: pt or E min of a jet should in general be >0
 Warning: pt or E min of a jet should in general be >0
 Warning: pt or E min of a jet should in general be >0
 Warning: pt or E min of a jet should in general be >0
 Warning: pt or E min of a jet should in general be >0
 Warning: pt or E min of a jet should in general be >0
 *****************************************************
 *               MadGraph/MadEvent                   *
 *        --------------------------------           *
 *          http://madgraph.hep.uiuc.edu             *
 *          http://madgraph.phys.ucl.ac.be           *
 *          http://madgraph.roma2.infn.it            *
 *        --------------------------------           *
 *                                                   *
 *          PARAMETER AND COUPLING VALUES            *
 *                                                   *
 *****************************************************

  External Params
  ---------------------------------
  
 mdl_LR =    1000.0000000000000     
 mdl_xi =    1.0000000000000000E-008
 mdl_ReFmeio =   -1.8123300000000000     
 mdl_FmeioH =   -1.5442800000000001     
 mdl_ImFmeio =    1.4062200000000000     
 mdl_K =    35.000000000000000     
 aEWM1 =    127.90000000000001     
 mdl_Gf =    1.1663780000000000E-005
 aS =   0.11799999999999999     
 mdl_lamWS =   0.22530000000000000     
 mdl_AWS =   0.80800000000000005     
 mdl_rhoWS =   0.13200000000000001     
 mdl_etaWS =   0.34100000000000003     
 mdl_ymc =    0.0000000000000000     
 mdl_ymb =    4.7999999999999998     
 mdl_ymt =    172.50000000000000     
 mdl_yme =    5.1099999999999995E-004
 mdl_ymm =   0.10566000000000000     
 mdl_ymtau =    1.7769999999999999     
 mdl_MC =    0.0000000000000000     
 mdl_MT =    172.50000000000000     
 mdl_MB =    4.7999999999999998     
 mdl_MZ =    91.187600000000003     
 mdl_MH =    125.00000000000000     
 mdl_MH02 =    3500.0000000000000     
 mdl_Me =    5.1099999999999995E-004
 mdl_MM =   0.10566000000000000     
 mdl_MTA =    1.7769999999999999     
 mdl_MP =    120.00000000000000     
 mdl_WT =    1.4915000000000000     
 mdl_WZ =    2.4952000000000001     
 mdl_WW =    2.0850000000000000     
 mdl_WH =    6.3823389999999999E-003
 mdl_WH02 =    1.0000000000000000E-003
 mdl_WTau =    2.2699999999999998E-012
 mdl_WH1 =    6.3823389999999999E-003
  Internal Params
  ---------------------------------
  
 mdl_lamWS__exp__2 =    5.0760090000000001E-002
 mdl_CKM11 =  ( 0.97461995499999998     ,  0.0000000000000000     )
 mdl_CKM12 =  ( 0.22530000000000000     ,  0.0000000000000000     )
 mdl_complexi =  (  0.0000000000000000     ,  1.0000000000000000     )
 mdl_lamWS__exp__3 =    1.1436248277000001E-002
 mdl_CKM13 =  (  1.2197444962317122E-003, -3.1510066152652563E-003)
 mdl_CKM21 =  (-0.22530000000000000     ,  0.0000000000000000     )
 mdl_CKM22 =  ( 0.97461995499999998     ,  0.0000000000000000     )
 mdl_CKM23 =  (  4.1014152720000002E-002,  0.0000000000000000     )
 mdl_CKM31 =  (  8.0207441115842885E-003, -3.1510066152652563E-003)
 mdl_CKM32 =  ( -4.1014152720000002E-002,  0.0000000000000000     )
 mdl_CKM33 =  (  1.0000000000000000     ,  0.0000000000000000     )
 mdl_MZ__exp__2 =    8315.1783937600012     
 mdl_MZ__exp__4 =    69142191.720053151     
 mdl_sqrt__2 =    1.4142135623730951     
 mdl_MH__exp__6 =    3814697265625.0000     
 mdl_MT__exp__6 =    26347207783447.266     
 mdl_MH__exp__4 =    244140625.00000000     
 mdl_MT__exp__4 =    885434414.06250000     
 mdl_MH__exp__2 =    15625.000000000000     
 mdl_MT__exp__2 =    29756.250000000000     
 mdl_MH02__exp__2 =    12250000.000000000     
 mdl_FmeioMH =  (  1.0470805239420240     ,  0.0000000000000000     )
 mdl_MH02__exp__6 =    1.8382656250000001E+021
 mdl_MH02__exp__4 =    150062500000000.00     
 mdl_FmeioMR =  ( -94881.833128121187     ,  0.0000000000000000     )
 mdl_MH__exp__12 =    1.4551915228366852E+025
 mdl_MH__exp__10 =    9.3132257461547853E+020
 mdl_MH__exp__8 =    59604644775390624.     
 mdl_MH02__exp__12 =    3.3792205080566410E+042
 mdl_MH02__exp__10 =    2.7585473535156252E+035
 mdl_MH02__exp__8 =    2.2518753906250002E+028
 mdl_conjg__CKM11 =  ( 0.97461995499999998     , -0.0000000000000000     )
 mdl_conjg__CKM12 =  ( 0.22530000000000000     , -0.0000000000000000     )
 mdl_conjg__CKM13 =  (  1.2197444962317122E-003,  3.1510066152652563E-003)
 mdl_conjg__CKM21 =  (-0.22530000000000000     , -0.0000000000000000     )
 mdl_conjg__CKM22 =  ( 0.97461995499999998     , -0.0000000000000000     )
 mdl_conjg__CKM23 =  (  4.1014152720000002E-002, -0.0000000000000000     )
 mdl_conjg__CKM31 =  (  8.0207441115842885E-003,  3.1510066152652563E-003)
 mdl_conjg__CKM32 =  ( -4.1014152720000002E-002, -0.0000000000000000     )
 mdl_conjg__CKM33 =  (  1.0000000000000000     , -0.0000000000000000     )
 mdl_aEW =    7.8186082877247844E-003
 mdl_MW =    79.824479864292599     
 mdl_sqrt__aEW =    8.8422894590285753E-002
 mdl_ee =   0.31345100004952897     
 mdl_MW__exp__2 =    6371.9475856048548     
 mdl_sw2 =   0.23369682719175511     
 mdl_cw =   0.87538744154131254     
 mdl_sqrt__sw2 =   0.48342199700857130     
 mdl_sw =   0.48342199700857130     
 mdl_g1 =   0.35807116389244675     
 mdl_gw =   0.64840036653104827     
 mdl_v =    246.21972467830258     
 mdl_v__exp__2 =    60624.152820659125     
 mdl_lam =   0.12886778019168796     
 mdl_yb =    2.7569785922959604E-002
 mdl_yc =    0.0000000000000000     
 mdl_ye =    2.9350334597150747E-006
 mdl_ym =    6.0687991262914842E-004
 mdl_yt =   0.99078918160636087     
 mdl_ytau =    1.0206564496895670E-002
 mdl_muH =    88.388347648318444     
 mdl_Z =    1.0000000018187245     
 mdl_theta =    7.6628352490421455E-011
 mdl_cos__theta =    1.0000000000000000     
 mdl_a =  -0.99999999818127550     
 mdl_sin__theta =    7.6628352490421455E-011
 mdl_b =    7.6628352351055597E-011
 mdl_c =    1.4849811806320228E-008
 mdl_d =    1.0000000000000000     
 mdl_ee__exp__2 =    9.8251529432049817E-002
 mdl_MW__exp__12 =    6.6931902282585363E+022
 mdl_MW__exp__10 =    1.0504151420484712E+019
 mdl_MW__exp__8 =    1648499344880849.5     
 mdl_MW__exp__6 =    258712006452.32019     
 mdl_MW__exp__4 =    40601716.033695541     
 mdl_AH =    3.2896331152571413E-005
 mdl_AR =    2659599862.1444044     
 mdl_gw__exp__2 =   0.42042303531759773     
 mdl_cw__exp__2 =   0.76630317280824489     
 mdl_sw__exp__2 =   0.23369682719175511     
  Internal Params evaluated point by point
  ----------------------------------------
  
 mdl_sqrt__aS =   0.34351128074635334     
 mdl_G__exp__2 =    1.4828317324943823     
 mdl_Gphi =   -6.3554969584608289E-006
 mdl_GR =  (  1.4133715995743603E-004, -1.3204604160005052E-005)
 mdl_GH =  (  5.8894582703556158E-005,  0.0000000000000000     )
  Couplings of heft_radion
  ---------------------------------
  
        GC_55 =  -0.13205E-04  -0.14134E-03
        GC_18 =   0.00000E+00   0.44685E+00
        GC_19 =   0.00000E+00   0.10330E+00
        GC_20 =   0.14447E-02   0.55924E-03
        GC_21 =  -0.00000E+00  -0.10330E+00
        GC_22 =   0.00000E+00   0.44685E+00
        GC_23 =   0.00000E+00   0.18805E-01
        GC_37 =   0.00000E+00   0.51758E+02
        GC_45 =   0.00000E+00   0.44685E+00
        GC_46 =   0.00000E+00   0.10330E+00
        GC_47 =  -0.14447E-02   0.55924E-03
        GC_48 =   0.00000E+00  -0.10330E+00
        GC_49 =   0.00000E+00   0.44685E+00
        GC_50 =   0.00000E+00   0.18805E-01
        GC_58 =   0.31250E+02   0.00000E+00
        GC_59 =   0.10000E-02   0.00000E+00

 Collider parameters:
 --------------------

 Running at P P   machine @    13000.000000000000       GeV
 PDF set = lhapdf 
 alpha_s(Mz)= 0.1247 running at 1 loops.
 alpha_s(Mz)= 0.1247 running at 1 loops.
 Renormalization scale set on event-by-event basis
 Factorization   scale set on event-by-event basis


 getting user params
Enter number of events and max and min iterations: 
 Number of events and iterations         2000           8           3
Enter desired fractional accuracy: 
 Desired fractional accuracy:    1.0000000000000000E-002
Enter 0 for fixed, 2 for adjustable grid: 
Suppress amplitude (0 no, 1 yes)? 
 Using suppressed amplitude.
Exact helicity sum (0 yes, n = number/event)? 
 Explicitly summing over helicities
Enter Configuration Number: 
Running Configuration Number:    1
 Using dconfig=         449
 BW Setting            2           2           1           1           2           1           0           0
 Attempting mappinvarients           1          10
 Completed mapping          10
 about to integrate           22        2000           8           3          22           1
 Using non-zero grid deformation.
 22 dimensions   2000 events 22 invarients  8 iterations  1 config(s),  (0.99)
 Using h-tuple random number sequence.
 fail to read data
 Error opening grid
 Using Uniform Grid!          40
 Using uniform alpha   1.0000000000000000     
 Grid defined OK
 Set CM energy to      13000.00
 Mapping Graph           1  to config           1
Setting grid   1    0.59172E-08   1
Setting grid   2    0.59172E-08   1
 Setting BW          -3           3   125.00000000000000     
 Setting BW          -4           4   79.824479864292599     
Setting grid   5    0.59172E-08   1
 Setting BW          -6           6   125.00000000000000     
 Setting PDF BW          21           7   3500.0000000000000     
 Transforming s_hat BW    7.2485207100591725E-002   2.0710059171597636E-008
 Masses: 0.000E+00 0.000E+00 0.000E+00 0.000E+00 0.000E+00 0.000E+00 0.000E+00 0.000E+00 0.000E+00 0.000E+00
   1   1   2   3   4   5   6   7   8   9  10  11  12  13  14
  15  16  17  18  19  20  21  22
Using random seed offsets     1 :     32
  with seed                   24
 Ranmar initialization seeds       31059        9429
 
 ********************************************
 * You are using the DiscreteSampler module *
 *      part of the MG5_aMC framework       *
 *         Author: Valentin Hirschi         *
 ********************************************
 
  Particle       3       4       5       6       7       8       9      10
      Et >     0.0     0.0     0.0     0.0     0.0     0.0     0.0     0.0
       E >     0.0     0.0     0.0     0.0     0.0     0.0     0.0     0.0
     Eta <    -1.0    -1.0    -1.0    -1.0    -1.0    -1.0    -1.0    -1.0
   xqcut:      0.0     0.0     0.0     0.0     0.0     0.0     0.0     0.0
d R # 3  >    -0.0     0.0     0.0     0.0     0.0     0.0     0.0     0.0
d R # 4  >    -0.0    -0.0     0.0     0.0     0.0     0.0     0.0     0.0
d R # 5  >    -0.0    -0.0    -0.0     0.0     0.0     0.0     0.0     0.0
d R # 6  >    -0.0    -0.0    -0.0    -0.0     0.0     0.0     0.0     0.0
d R # 7  >    -0.0    -0.0    -0.0    -0.0    -0.0     0.0     0.0     0.0
d R # 8  >    -0.0    -0.0    -0.0    -0.0    -0.0    -0.0     0.0     0.0
d R # 9  >    -0.0    -0.0    -0.0    -0.0    -0.0    -0.0    -0.0     0.0
s min # 3>     0.0     0.0     0.0     0.0     0.0     0.0     0.0     0.0
s min # 4>     0.0     0.0     0.0     0.0     0.0     0.0     0.0     0.0
s min # 5>     0.0     0.0     0.0     0.0     0.0     0.0     0.0     0.0
s min # 6>     0.0     0.0     0.0     0.0     0.0     0.0     0.0     0.0
s min # 7>     0.0     0.0     0.0     0.0     0.0     0.0     0.0     0.0
s min # 8>     0.0     0.0     0.0     0.0     0.0     0.0     0.0     0.0
s min # 9>     0.0     0.0     0.0     0.0     0.0     0.0     0.0     0.0
xqcutij # 3>     0.0     0.0     0.0     0.0     0.0     0.0     0.0     0.0
xqcutij # 4>     0.0     0.0     0.0     0.0     0.0     0.0     0.0     0.0
xqcutij # 5>     0.0     0.0     0.0     0.0     0.0     0.0     0.0     0.0
xqcutij # 6>     0.0     0.0     0.0     0.0     0.0     0.0     0.0     0.0
xqcutij # 7>     0.0     0.0     0.0     0.0     0.0     0.0     0.0     0.0
xqcutij # 8>     0.0     0.0     0.0     0.0     0.0     0.0     0.0     0.0
xqcutij # 9>     0.0     0.0     0.0     0.0     0.0     0.0     0.0     0.0
 Excluding BW           -1           1
 Excluding BW           -2           2
 Requiring BW           -3           3
 Requiring BW           -4           4
 Excluding BW           -5           5
 Requiring BW           -6           6
 No cut BW           -7           7
 alpha_s for scale    3499.9993299781045       is    7.7778524908701144E-002
 Added good helicity            1   512.00000000000000       in event            1 local:           1
 Added good helicity          769   512.00000000000000       in event            1 local:           1
 RESET CUMULATIVE VARIABLE
 RESET CUMULATIVE VARIABLE
 Iteration  1   Mean: 0.9475E-03 Abs mean: 0.9475E-03   Fluctuation:  0.279E-03   0.437E+00    14.0%
  1    0.9475E-03 0.9475E-03 +- 0.2793E-03     13.18
 Writing out events   4.2248873924283280E-007   13.181540202589691     
 Relative summed weights:
  0.0000E+00  0.0000E+00  0.5082E-01  0.0000E+00  0.2342E-05  0.0000E+00  0.2322E+00  0.0000E+00  0.0000E+00  0.0000E+00  0.0000E+00  0.0000E+00  0.0000E+00  0.0000E+00  0.2733E-06  0.0000E+00  0.5626E-06  0.0000E+00  0.7605E-01  0.0000E+00  0.4565E-01  0.0000E+00  0.3190E+00  0.0000E+00  0.0000E+00  0.0000E+00  0.3919E-09  0.0000E+00  0.6532E-07  0.0000E+00  0.7799E-02  0.0000E+00  0.0000E+00  0.0000E+00  0.0000E+00  0.0000E+00  0.0000E+00  0.0000E+00  0.0000E+00  0.0000E+00  0.0000E+00  0.0000E+00  0.0000E+00  0.0000E+00  0.0000E+00  0.0000E+00  0.0000E+00  0.0000E+00  0.0000E+00  0.0000E+00  0.0000E+00  0.0000E+00  0.0000E+00  0.0000E+00  0.0000E+00  0.0000E+00
  0.0000E+00  0.0000E+00  0.0000E+00  0.0000E+00  0.0000E+00  0.0000E+00  0.0000E+00  0.0000E+00  0.0000E+00  0.0000E+00  0.0000E+00  0.0000E+00  0.0000E+00  0.0000E+00  0.0000E+00  0.0000E+00  0.0000E+00  0.0000E+00  0.0000E+00  0.0000E+00  0.0000E+00  0.0000E+00  0.0000E+00  0.0000E+00  0.0000E+00  0.0000E+00  0.0000E+00  0.0000E+00  0.0000E+00  0.0000E+00  0.0000E+00  0.0000E+00  0.0000E+00  0.0000E+00  0.0000E+00  0.0000E+00  0.5523E-03  0.0000E+00  0.9267E-03  0.0000E+00  0.7153E-05  0.0000E+00  0.5506E-03  0.0000E+00  0.7255E-01  0.0000E+00  0.1937E+00  0.0000E+00  0.0000E+00  0.0000E+00  0.2932E-05  0.0000E+00  0.4070E-08  0.0000E+00  0.8272E-04  0.0000E+00
 Relative number of events:
  0.0000E+00  0.0000E+00  0.1991E-02  0.0000E+00  0.9955E-03  0.0000E+00  0.2389E-01  0.0000E+00  0.0000E+00  0.0000E+00  0.0000E+00  0.0000E+00  0.0000E+00  0.0000E+00  0.9955E-03  0.0000E+00  0.9955E-03  0.0000E+00  0.2937E-01  0.0000E+00  0.2937E-01  0.0000E+00  0.4843E+00  0.0000E+00  0.0000E+00  0.0000E+00  0.4978E-03  0.0000E+00  0.4978E-03  0.0000E+00  0.2937E-01  0.0000E+00  0.0000E+00  0.0000E+00  0.0000E+00  0.0000E+00  0.0000E+00  0.0000E+00  0.0000E+00  0.0000E+00  0.0000E+00  0.0000E+00  0.0000E+00  0.0000E+00  0.0000E+00  0.0000E+00  0.0000E+00  0.0000E+00  0.0000E+00  0.0000E+00  0.0000E+00  0.0000E+00  0.0000E+00  0.0000E+00  0.0000E+00  0.0000E+00
  0.0000E+00  0.0000E+00  0.0000E+00  0.0000E+00  0.0000E+00  0.0000E+00  0.0000E+00  0.0000E+00  0.0000E+00  0.0000E+00  0.0000E+00  0.0000E+00  0.0000E+00  0.0000E+00  0.0000E+00  0.0000E+00  0.0000E+00  0.0000E+00  0.0000E+00  0.0000E+00  0.0000E+00  0.0000E+00  0.0000E+00  0.0000E+00  0.0000E+00  0.0000E+00  0.0000E+00  0.0000E+00  0.0000E+00  0.0000E+00  0.0000E+00  0.0000E+00  0.0000E+00  0.0000E+00  0.0000E+00  0.0000E+00  0.9955E-03  0.0000E+00  0.1792E-01  0.0000E+00  0.1991E-02  0.0000E+00  0.1792E-01  0.0000E+00  0.1742E-01  0.0000E+00  0.3280E+00  0.0000E+00  0.0000E+00  0.0000E+00  0.1991E-02  0.0000E+00  0.9955E-03  0.0000E+00  0.1045E-01  0.0000E+00
 Events:
           0           0           4           0           2           0          48           0           0           0           0           0           0           0           2           0           2           0          59           0          59           0         973           0           0           0           1           0           1           0          59           0           0           0           0           0           0           0           0           0           0           0           0           0           0           0           0           0           0           0           0           0           0           0           0           0
           0           0           0           0           0           0           0           0           0           0           0           0           0           0           0           0           0           0           0           0           0           0           0           0           0           0           0           0           0           0           0           0           0           0           0           0           2           0          36           0           4           0          36           0          35           0         659           0           0           0           4           0           2           0          21           0
 Iteration  2   Mean: 0.1522E-02 Abs mean: 0.1522E-02   Fluctuation:  0.309E-03   0.849E+00    62.7%
  2    0.1522E-02 0.1522E-02 +- 0.3092E-03     12.85
 Relative summed weights:
  0.0000E+00  0.0000E+00  0.3091E-03  0.0000E+00  0.3093E-03  0.0000E+00  0.9573E-02  0.0000E+00  0.0000E+00  0.0000E+00  0.0000E+00  0.0000E+00  0.0000E+00  0.0000E+00  0.1888E-03  0.0000E+00  0.1473E-04  0.0000E+00  0.1784E-01  0.0000E+00  0.9974E-02  0.0000E+00  0.4823E+00  0.0000E+00  0.0000E+00  0.0000E+00  0.3370E-04  0.0000E+00  0.4612E-05  0.0000E+00  0.2355E-01  0.0000E+00  0.0000E+00  0.0000E+00  0.0000E+00  0.0000E+00  0.0000E+00  0.0000E+00  0.0000E+00  0.0000E+00  0.0000E+00  0.0000E+00  0.0000E+00  0.0000E+00  0.0000E+00  0.0000E+00  0.0000E+00  0.0000E+00  0.0000E+00  0.0000E+00  0.0000E+00  0.0000E+00  0.0000E+00  0.0000E+00  0.0000E+00  0.0000E+00
  0.0000E+00  0.0000E+00  0.0000E+00  0.0000E+00  0.0000E+00  0.0000E+00  0.0000E+00  0.0000E+00  0.0000E+00  0.0000E+00  0.0000E+00  0.0000E+00  0.0000E+00  0.0000E+00  0.0000E+00  0.0000E+00  0.0000E+00  0.0000E+00  0.0000E+00  0.0000E+00  0.0000E+00  0.0000E+00  0.0000E+00  0.0000E+00  0.0000E+00  0.0000E+00  0.0000E+00  0.0000E+00  0.0000E+00  0.0000E+00  0.0000E+00  0.0000E+00  0.0000E+00  0.0000E+00  0.5335E-04  0.0000E+00  0.9096E-05  0.0000E+00  0.3078E-02  0.0000E+00  0.3317E-04  0.0000E+00  0.1189E-01  0.0000E+00  0.4657E-02  0.0000E+00  0.4343E+00  0.0000E+00  0.0000E+00  0.0000E+00  0.2106E-06  0.0000E+00  0.8315E-05  0.0000E+00  0.1858E-02  0.0000E+00
 Relative number of events:
  0.0000E+00  0.0000E+00  0.2000E-02  0.0000E+00  0.1250E-02  0.0000E+00  0.2350E-01  0.0000E+00  0.0000E+00  0.0000E+00  0.0000E+00  0.0000E+00  0.0000E+00  0.0000E+00  0.2250E-02  0.0000E+00  0.5000E-03  0.0000E+00  0.2775E-01  0.0000E+00  0.2575E-01  0.0000E+00  0.4770E+00  0.0000E+00  0.0000E+00  0.0000E+00  0.1000E-02  0.0000E+00  0.5000E-03  0.0000E+00  0.2550E-01  0.0000E+00  0.0000E+00  0.0000E+00  0.0000E+00  0.0000E+00  0.0000E+00  0.0000E+00  0.0000E+00  0.0000E+00  0.0000E+00  0.0000E+00  0.0000E+00  0.0000E+00  0.0000E+00  0.0000E+00  0.0000E+00  0.0000E+00  0.0000E+00  0.0000E+00  0.0000E+00  0.0000E+00  0.0000E+00  0.0000E+00  0.0000E+00  0.0000E+00
  0.0000E+00  0.0000E+00  0.0000E+00  0.0000E+00  0.0000E+00  0.0000E+00  0.0000E+00  0.0000E+00  0.0000E+00  0.0000E+00  0.0000E+00  0.0000E+00  0.0000E+00  0.0000E+00  0.0000E+00  0.0000E+00  0.0000E+00  0.0000E+00  0.0000E+00  0.0000E+00  0.0000E+00  0.0000E+00  0.0000E+00  0.0000E+00  0.0000E+00  0.0000E+00  0.0000E+00  0.0000E+00  0.0000E+00  0.0000E+00  0.0000E+00  0.0000E+00  0.0000E+00  0.0000E+00  0.7500E-03  0.0000E+00  0.1000E-02  0.0000E+00  0.1500E-01  0.0000E+00  0.5000E-03  0.0000E+00  0.2025E-01  0.0000E+00  0.1375E-01  0.0000E+00  0.3427E+00  0.0000E+00  0.0000E+00  0.0000E+00  0.5000E-03  0.0000E+00  0.1000E-02  0.0000E+00  0.1750E-01  0.0000E+00
 Events:
           0           0           8           0           5           0          94           0           0           0           0           0           0           0           9           0           2           0         111           0         103           0        1908           0           0           0           4           0           2           0         102           0           0           0           0           0           0           0           0           0           0           0           0           0           0           0           0           0           0           0           0           0           0           0           0           0
           0           0           0           0           0           0           0           0           0           0           0           0           0           0           0           0           0           0           0           0           0           0           0           0           0           0           0           0           0           0           0           0           0           0           3           0           4           0          60           0           2           0          81           0          55           0        1371           0           0           0           2           0           4           0          70           0
 Iteration  3   Mean: 0.1798E-02 Abs mean: 0.1798E-02   Fluctuation:  0.295E-03   0.222E+01    72.9%
  3    0.1798E-02 0.1798E-02 +- 0.2949E-03     14.67
 Relative summed weights:
  0.0000E+00  0.0000E+00  0.3715E-02  0.0000E+00  0.9138E-03  0.0000E+00  0.9678E-02  0.0000E+00  0.0000E+00  0.0000E+00  0.0000E+00  0.0000E+00  0.0000E+00  0.0000E+00  0.3168E-03  0.0000E+00  0.4704E-03  0.0000E+00  0.1233E-01  0.0000E+00  0.1021E-01  0.0000E+00  0.5082E+00  0.0000E+00  0.0000E+00  0.0000E+00  0.5654E-03  0.0000E+00  0.5858E-04  0.0000E+00  0.1359E-01  0.0000E+00  0.0000E+00  0.0000E+00  0.0000E+00  0.0000E+00  0.0000E+00  0.0000E+00  0.0000E+00  0.0000E+00  0.0000E+00  0.0000E+00  0.0000E+00  0.0000E+00  0.0000E+00  0.0000E+00  0.0000E+00  0.0000E+00  0.0000E+00  0.0000E+00  0.0000E+00  0.0000E+00  0.0000E+00  0.0000E+00  0.0000E+00  0.0000E+00
  0.0000E+00  0.0000E+00  0.0000E+00  0.0000E+00  0.0000E+00  0.0000E+00  0.0000E+00  0.0000E+00  0.0000E+00  0.0000E+00  0.0000E+00  0.0000E+00  0.0000E+00  0.0000E+00  0.0000E+00  0.0000E+00  0.0000E+00  0.0000E+00  0.0000E+00  0.0000E+00  0.0000E+00  0.0000E+00  0.0000E+00  0.0000E+00  0.0000E+00  0.0000E+00  0.0000E+00  0.0000E+00  0.0000E+00  0.0000E+00  0.0000E+00  0.0000E+00  0.0000E+00  0.0000E+00  0.1299E-02  0.0000E+00  0.8555E-03  0.0000E+00  0.9879E-02  0.0000E+00  0.1348E-03  0.0000E+00  0.3243E-01  0.0000E+00  0.1123E-01  0.0000E+00  0.3564E+00  0.0000E+00  0.0000E+00  0.0000E+00  0.1022E-01  0.0000E+00  0.1407E-02  0.0000E+00  0.1603E-01  0.0000E+00
 Relative number of events:
  0.0000E+00  0.0000E+00  0.7500E-03  0.0000E+00  0.1750E-02  0.0000E+00  0.2500E-01  0.0000E+00  0.0000E+00  0.0000E+00  0.0000E+00  0.0000E+00  0.0000E+00  0.0000E+00  0.1500E-02  0.0000E+00  0.1500E-02  0.0000E+00  0.2587E-01  0.0000E+00  0.2463E-01  0.0000E+00  0.4746E+00  0.0000E+00  0.0000E+00  0.0000E+00  0.1500E-02  0.0000E+00  0.1000E-02  0.0000E+00  0.2562E-01  0.0000E+00  0.0000E+00  0.0000E+00  0.0000E+00  0.0000E+00  0.0000E+00  0.0000E+00  0.0000E+00  0.0000E+00  0.0000E+00  0.0000E+00  0.0000E+00  0.0000E+00  0.0000E+00  0.0000E+00  0.0000E+00  0.0000E+00  0.0000E+00  0.0000E+00  0.0000E+00  0.0000E+00  0.0000E+00  0.0000E+00  0.0000E+00  0.0000E+00
  0.0000E+00  0.0000E+00  0.0000E+00  0.0000E+00  0.0000E+00  0.0000E+00  0.0000E+00  0.0000E+00  0.0000E+00  0.0000E+00  0.0000E+00  0.0000E+00  0.0000E+00  0.0000E+00  0.0000E+00  0.0000E+00  0.0000E+00  0.0000E+00  0.0000E+00  0.0000E+00  0.0000E+00  0.0000E+00  0.0000E+00  0.0000E+00  0.0000E+00  0.0000E+00  0.0000E+00  0.0000E+00  0.0000E+00  0.0000E+00  0.0000E+00  0.0000E+00  0.0000E+00  0.0000E+00  0.1250E-02  0.0000E+00  0.2250E-02  0.0000E+00  0.2100E-01  0.0000E+00  0.1125E-02  0.0000E+00  0.1725E-01  0.0000E+00  0.1850E-01  0.0000E+00  0.3350E+00  0.0000E+00  0.0000E+00  0.0000E+00  0.1625E-02  0.0000E+00  0.1250E-02  0.0000E+00  0.1700E-01  0.0000E+00
 Events:
           0           0           6           0          14           0         200           0           0           0           0           0           0           0          12           0          12           0         207           0         197           0        3797           0           0           0          12           0           8           0         205           0           0           0           0           0           0           0           0           0           0           0           0           0           0           0           0           0           0           0           0           0           0           0           0           0
           0           0           0           0           0           0           0           0           0           0           0           0           0           0           0           0           0           0           0           0           0           0           0           0           0           0           0           0           0           0           0           0           0           0          10           0          18           0         168           0           9           0         138           0         148           0        2680           0           0           0          13           0          10           0         136           0
 Accuracy:    0.134   0.010   0.117   1.305
 Found          618  events.
 Wrote            4  events.
 Actual xsec    1.5721196731897642E-003
 Correct abs xsec    1.5721196731897642E-003
 Event xsec    1.5721196731897642E-003
 Events wgts > 1:            1
 % Cross section > 1:    2.2645368111078035E-011   1.4404353877928099E-006
 Iteration  4   Mean: 0.1874E-02 Abs mean: 0.1874E-02   Fluctuation:  0.101E-03   0.844E+00    71.2%
  4    0.1874E-02 0.1874E-02 +- 0.1009E-03      6.81
 Relative summed weights:
  0.6258E-05  0.0000E+00  0.1278E-02  0.0000E+00  0.5320E-03  0.0000E+00  0.1881E-01  0.0000E+00  0.0000E+00  0.0000E+00  0.5420E-05  0.0000E+00  0.1060E-04  0.0000E+00  0.5253E-03  0.0000E+00  0.3968E-03  0.0000E+00  0.1771E-01  0.0000E+00  0.1945E-01  0.0000E+00  0.3931E+00  0.0000E+00  0.6936E-06  0.0000E+00  0.3561E-03  0.0000E+00  0.9119E-03  0.0000E+00  0.3479E-01  0.0000E+00  0.0000E+00  0.0000E+00  0.0000E+00  0.0000E+00  0.0000E+00  0.0000E+00  0.0000E+00  0.0000E+00  0.0000E+00  0.0000E+00  0.0000E+00  0.0000E+00  0.0000E+00  0.0000E+00  0.0000E+00  0.0000E+00  0.0000E+00  0.0000E+00  0.0000E+00  0.0000E+00  0.0000E+00  0.0000E+00  0.0000E+00  0.0000E+00
  0.0000E+00  0.0000E+00  0.0000E+00  0.0000E+00  0.0000E+00  0.0000E+00  0.0000E+00  0.0000E+00  0.0000E+00  0.0000E+00  0.0000E+00  0.0000E+00  0.0000E+00  0.0000E+00  0.0000E+00  0.0000E+00  0.0000E+00  0.0000E+00  0.0000E+00  0.0000E+00  0.0000E+00  0.0000E+00  0.0000E+00  0.0000E+00  0.0000E+00  0.0000E+00  0.0000E+00  0.0000E+00  0.0000E+00  0.0000E+00  0.0000E+00  0.0000E+00  0.2919E-07  0.0000E+00  0.8730E-03  0.0000E+00  0.9392E-03  0.0000E+00  0.1308E-01  0.0000E+00  0.7324E-02  0.0000E+00  0.1471E-01  0.0000E+00  0.1945E-01  0.0000E+00  0.4435E+00  0.0000E+00  0.0000E+00  0.0000E+00  0.1198E-03  0.0000E+00  0.3907E-03  0.0000E+00  0.1174E-01  0.0000E+00
 Relative number of events:
  0.6250E-04  0.0000E+00  0.1437E-02  0.0000E+00  0.8750E-03  0.0000E+00  0.2650E-01  0.0000E+00  0.0000E+00  0.0000E+00  0.1875E-03  0.0000E+00  0.6250E-04  0.0000E+00  0.1625E-02  0.0000E+00  0.1625E-02  0.0000E+00  0.2556E-01  0.0000E+00  0.2269E-01  0.0000E+00  0.4685E+00  0.0000E+00  0.6250E-04  0.0000E+00  0.1625E-02  0.0000E+00  0.1625E-02  0.0000E+00  0.2531E-01  0.0000E+00  0.0000E+00  0.0000E+00  0.0000E+00  0.0000E+00  0.0000E+00  0.0000E+00  0.0000E+00  0.0000E+00  0.0000E+00  0.0000E+00  0.0000E+00  0.0000E+00  0.0000E+00  0.0000E+00  0.0000E+00  0.0000E+00  0.0000E+00  0.0000E+00  0.0000E+00  0.0000E+00  0.0000E+00  0.0000E+00  0.0000E+00  0.0000E+00
  0.0000E+00  0.0000E+00  0.0000E+00  0.0000E+00  0.0000E+00  0.0000E+00  0.0000E+00  0.0000E+00  0.0000E+00  0.0000E+00  0.0000E+00  0.0000E+00  0.0000E+00  0.0000E+00  0.0000E+00  0.0000E+00  0.0000E+00  0.0000E+00  0.0000E+00  0.0000E+00  0.0000E+00  0.0000E+00  0.0000E+00  0.0000E+00  0.0000E+00  0.0000E+00  0.0000E+00  0.0000E+00  0.0000E+00  0.0000E+00  0.0000E+00  0.0000E+00  0.6250E-04  0.0000E+00  0.9375E-03  0.0000E+00  0.6875E-03  0.0000E+00  0.1837E-01  0.0000E+00  0.1187E-02  0.0000E+00  0.1875E-01  0.0000E+00  0.2019E-01  0.0000E+00  0.3434E+00  0.0000E+00  0.0000E+00  0.0000E+00  0.8750E-03  0.0000E+00  0.9375E-03  0.0000E+00  0.1681E-01  0.0000E+00
 Events:
           1           0          23           0          14           0         424           0           0           0           3           0           1           0          26           0          26           0         409           0         363           0        7496           0           1           0          26           0          26           0         405           0           0           0           0           0           0           0           0           0           0           0           0           0           0           0           0           0           0           0           0           0           0           0           0           0
           0           0           0           0           0           0           0           0           0           0           0           0           0           0           0           0           0           0           0           0           0           0           0           0           0           0           0           0           0           0           0           0           1           0          15           0          11           0         294           0          19           0         300           0         323           0        5495           0           0           0          14           0          15           0         269           0
 Accuracy:    0.054   0.010   0.049   1.199
 Found         1359  events.
 Wrote           34  events.
 Actual xsec    1.8459869777953353E-003
 Correct abs xsec    1.8459869777953353E-003
 Event xsec    1.8459869777953364E-003
 Events wgts > 1:            1
 % Cross section > 1:    2.4349989526887411E-012   1.3190769934882541E-007
 Iteration  5   Mean: 0.1711E-02 Abs mean: 0.1711E-02   Fluctuation:  0.358E-04   0.422E+00    63.0%
  5    0.1711E-02 0.1711E-02 +- 0.3577E-04      3.74
 Relative summed weights:
  0.3322E-04  0.0000E+00  0.5087E-03  0.0000E+00  0.1279E-02  0.0000E+00  0.2181E-01  0.0000E+00  0.0000E+00  0.0000E+00  0.9637E-05  0.0000E+00  0.7033E-04  0.0000E+00  0.1397E-02  0.0000E+00  0.9414E-03  0.0000E+00  0.1772E-01  0.0000E+00  0.1934E-01  0.0000E+00  0.4148E+00  0.0000E+00  0.0000E+00  0.0000E+00  0.1094E-02  0.0000E+00  0.1117E-02  0.0000E+00  0.2196E-01  0.0000E+00  0.0000E+00  0.0000E+00  0.0000E+00  0.0000E+00  0.0000E+00  0.0000E+00  0.0000E+00  0.0000E+00  0.0000E+00  0.0000E+00  0.0000E+00  0.0000E+00  0.0000E+00  0.0000E+00  0.0000E+00  0.0000E+00  0.0000E+00  0.0000E+00  0.0000E+00  0.0000E+00  0.0000E+00  0.0000E+00  0.0000E+00  0.0000E+00
  0.0000E+00  0.0000E+00  0.0000E+00  0.0000E+00  0.0000E+00  0.0000E+00  0.0000E+00  0.0000E+00  0.0000E+00  0.0000E+00  0.0000E+00  0.0000E+00  0.0000E+00  0.0000E+00  0.0000E+00  0.0000E+00  0.0000E+00  0.0000E+00  0.0000E+00  0.0000E+00  0.0000E+00  0.0000E+00  0.0000E+00  0.0000E+00  0.0000E+00  0.0000E+00  0.0000E+00  0.0000E+00  0.0000E+00  0.0000E+00  0.0000E+00  0.0000E+00  0.1711E-03  0.0000E+00  0.1149E-02  0.0000E+00  0.4575E-03  0.0000E+00  0.3269E-01  0.0000E+00  0.6797E-03  0.0000E+00  0.2290E-01  0.0000E+00  0.2291E-01  0.0000E+00  0.3882E+00  0.0000E+00  0.1918E-03  0.0000E+00  0.9749E-03  0.0000E+00  0.6322E-03  0.0000E+00  0.2700E-01  0.0000E+00
 Relative number of events:
  0.6250E-04  0.0000E+00  0.1250E-02  0.0000E+00  0.1406E-02  0.0000E+00  0.2472E-01  0.0000E+00  0.0000E+00  0.0000E+00  0.6250E-04  0.0000E+00  0.1875E-03  0.0000E+00  0.1313E-02  0.0000E+00  0.1687E-02  0.0000E+00  0.2531E-01  0.0000E+00  0.2503E-01  0.0000E+00  0.4717E+00  0.0000E+00  0.0000E+00  0.0000E+00  0.1656E-02  0.0000E+00  0.1563E-02  0.0000E+00  0.2453E-01  0.0000E+00  0.0000E+00  0.0000E+00  0.0000E+00  0.0000E+00  0.0000E+00  0.0000E+00  0.0000E+00  0.0000E+00  0.0000E+00  0.0000E+00  0.0000E+00  0.0000E+00  0.0000E+00  0.0000E+00  0.0000E+00  0.0000E+00  0.0000E+00  0.0000E+00  0.0000E+00  0.0000E+00  0.0000E+00  0.0000E+00  0.0000E+00  0.0000E+00
  0.0000E+00  0.0000E+00  0.0000E+00  0.0000E+00  0.0000E+00  0.0000E+00  0.0000E+00  0.0000E+00  0.0000E+00  0.0000E+00  0.0000E+00  0.0000E+00  0.0000E+00  0.0000E+00  0.0000E+00  0.0000E+00  0.0000E+00  0.0000E+00  0.0000E+00  0.0000E+00  0.0000E+00  0.0000E+00  0.0000E+00  0.0000E+00  0.0000E+00  0.0000E+00  0.0000E+00  0.0000E+00  0.0000E+00  0.0000E+00  0.0000E+00  0.0000E+00  0.6250E-04  0.0000E+00  0.9375E-03  0.0000E+00  0.9687E-03  0.0000E+00  0.1769E-01  0.0000E+00  0.1000E-02  0.0000E+00  0.1859E-01  0.0000E+00  0.1869E-01  0.0000E+00  0.3404E+00  0.0000E+00  0.6250E-04  0.0000E+00  0.1063E-02  0.0000E+00  0.1000E-02  0.0000E+00  0.1909E-01  0.0000E+00
 Events:
           2           0          40           0          45           0         791           0           0           0           2           0           6           0          42           0          54           0         810           0         801           0       15093           0           0           0          53           0          50           0         785           0           0           0           0           0           0           0           0           0           0           0           0           0           0           0           0           0           0           0           0           0           0           0           0           0
           0           0           0           0           0           0           0           0           0           0           0           0           0           0           0           0           0           0           0           0           0           0           0           0           0           0           0           0           0           0           0           0           2           0          30           0          31           0         566           0          32           0         595           0         598           0       10893           0           2           0          34           0          32           0         611           0
 Accuracy:    0.022   0.010   0.019   1.359
 Found         3514  events.
 Wrote          442  events.
 Actual xsec    1.7331384598905269E-003
 Correct abs xsec    1.7331384598905269E-003
 Event xsec    1.7331384598905273E-003
 Events wgts > 1:            9
 % Cross section > 1:    1.6129760215639308E-005  0.93066772153092348     
 Iteration  6   Mean: 0.1788E-02 Abs mean: 0.1788E-02   Fluctuation:  0.184E-04   0.237E+00    61.8%
  6    0.1788E-02 0.1788E-02 +- 0.1838E-04      2.60
 Relative summed weights:
  0.3693E-04  0.0000E+00  0.1078E-02  0.0000E+00  0.1153E-02  0.0000E+00  0.2248E-01  0.0000E+00  0.0000E+00  0.0000E+00  0.7656E-04  0.0000E+00  0.6316E-04  0.0000E+00  0.9218E-03  0.0000E+00  0.1059E-02  0.0000E+00  0.2251E-01  0.0000E+00  0.2170E-01  0.0000E+00  0.4075E+00  0.0000E+00  0.2432E-04  0.0000E+00  0.9955E-03  0.0000E+00  0.7543E-03  0.0000E+00  0.1921E-01  0.0000E+00  0.0000E+00  0.0000E+00  0.0000E+00  0.0000E+00  0.0000E+00  0.0000E+00  0.0000E+00  0.0000E+00  0.0000E+00  0.0000E+00  0.0000E+00  0.0000E+00  0.0000E+00  0.0000E+00  0.0000E+00  0.0000E+00  0.0000E+00  0.0000E+00  0.0000E+00  0.0000E+00  0.0000E+00  0.0000E+00  0.0000E+00  0.0000E+00
  0.0000E+00  0.0000E+00  0.0000E+00  0.0000E+00  0.0000E+00  0.0000E+00  0.0000E+00  0.0000E+00  0.0000E+00  0.0000E+00  0.0000E+00  0.0000E+00  0.0000E+00  0.0000E+00  0.0000E+00  0.0000E+00  0.0000E+00  0.0000E+00  0.0000E+00  0.0000E+00  0.0000E+00  0.0000E+00  0.0000E+00  0.0000E+00  0.0000E+00  0.0000E+00  0.0000E+00  0.0000E+00  0.0000E+00  0.0000E+00  0.0000E+00  0.0000E+00  0.6876E-04  0.0000E+00  0.1068E-02  0.0000E+00  0.9939E-03  0.0000E+00  0.2206E-01  0.0000E+00  0.1911E-02  0.0000E+00  0.2331E-01  0.0000E+00  0.2171E-01  0.0000E+00  0.4069E+00  0.0000E+00  0.2889E-04  0.0000E+00  0.8568E-03  0.0000E+00  0.1299E-02  0.0000E+00  0.2031E-01  0.0000E+00
 Relative number of events:
  0.9375E-04  0.0000E+00  0.1406E-02  0.0000E+00  0.1313E-02  0.0000E+00  0.2570E-01  0.0000E+00  0.0000E+00  0.0000E+00  0.1094E-03  0.0000E+00  0.1094E-03  0.0000E+00  0.1422E-02  0.0000E+00  0.1203E-02  0.0000E+00  0.2503E-01  0.0000E+00  0.2527E-01  0.0000E+00  0.4720E+00  0.0000E+00  0.1250E-03  0.0000E+00  0.1094E-02  0.0000E+00  0.1219E-02  0.0000E+00  0.2498E-01  0.0000E+00  0.0000E+00  0.0000E+00  0.0000E+00  0.0000E+00  0.0000E+00  0.0000E+00  0.0000E+00  0.0000E+00  0.0000E+00  0.0000E+00  0.0000E+00  0.0000E+00  0.0000E+00  0.0000E+00  0.0000E+00  0.0000E+00  0.0000E+00  0.0000E+00  0.0000E+00  0.0000E+00  0.0000E+00  0.0000E+00  0.0000E+00  0.0000E+00
  0.0000E+00  0.0000E+00  0.0000E+00  0.0000E+00  0.0000E+00  0.0000E+00  0.0000E+00  0.0000E+00  0.0000E+00  0.0000E+00  0.0000E+00  0.0000E+00  0.0000E+00  0.0000E+00  0.0000E+00  0.0000E+00  0.0000E+00  0.0000E+00  0.0000E+00  0.0000E+00  0.0000E+00  0.0000E+00  0.0000E+00  0.0000E+00  0.0000E+00  0.0000E+00  0.0000E+00  0.0000E+00  0.0000E+00  0.0000E+00  0.0000E+00  0.0000E+00  0.6250E-04  0.0000E+00  0.8281E-03  0.0000E+00  0.9375E-03  0.0000E+00  0.1853E-01  0.0000E+00  0.1094E-02  0.0000E+00  0.1889E-01  0.0000E+00  0.1823E-01  0.0000E+00  0.3408E+00  0.0000E+00  0.1563E-04  0.0000E+00  0.7031E-03  0.0000E+00  0.1000E-02  0.0000E+00  0.1784E-01  0.0000E+00
 Events:
           6           0          90           0          84           0        1645           0           0           0           7           0           7           0          91           0          77           0        1602           0        1617           0       30207           0           8           0          70           0          78           0        1599           0           0           0           0           0           0           0           0           0           0           0           0           0           0           0           0           0           0           0           0           0           0           0           0           0
           0           0           0           0           0           0           0           0           0           0           0           0           0           0           0           0           0           0           0           0           0           0           0           0           0           0           0           0           0           0           0           0           4           0          53           0          60           0        1186           0          70           0        1209           0        1167           0       21811           0           1           0          45           0          64           0        1142           0
 Accuracy:    0.011   0.010   0.009   1.521
 Found         8950  events.
 Wrote         2156  events.
 Actual xsec    1.7762401615956101E-003
 Correct abs xsec    1.7762401615956101E-003
Thanks for using LHAPDF 6.2.1. Please make sure to cite the paper:
  Eur.Phys.J. C75 (2015) 3, 132  (http://arxiv.org/abs/1412.7420)
 Event xsec    1.7762401615957098E-003
 Events wgts > 1:           44
 % Cross section > 1:    1.7272293780641924E-005  0.97240756931906769     
 Iteration  7   Mean: 0.1781E-02 Abs mean: 0.1781E-02   Fluctuation:  0.108E-04   0.160E+00    61.4%
  7    0.1781E-02 0.1781E-02 +- 0.1083E-04      2.18
 Relative summed weights:
  0.5160E-04  0.0000E+00  0.9607E-03  0.0000E+00  0.9976E-03  0.0000E+00  0.2192E-01  0.0000E+00  0.8755E-06  0.0000E+00  0.2040E-04  0.0000E+00  0.5571E-04  0.0000E+00  0.1288E-02  0.0000E+00  0.1216E-02  0.0000E+00  0.2205E-01  0.0000E+00  0.2282E-01  0.0000E+00  0.4039E+00  0.0000E+00  0.2134E-04  0.0000E+00  0.1543E-02  0.0000E+00  0.1128E-02  0.0000E+00  0.2033E-01  0.0000E+00  0.0000E+00  0.0000E+00  0.0000E+00  0.0000E+00  0.0000E+00  0.0000E+00  0.0000E+00  0.0000E+00  0.0000E+00  0.0000E+00  0.0000E+00  0.0000E+00  0.0000E+00  0.0000E+00  0.0000E+00  0.0000E+00  0.0000E+00  0.0000E+00  0.0000E+00  0.0000E+00  0.0000E+00  0.0000E+00  0.0000E+00  0.0000E+00
  0.0000E+00  0.0000E+00  0.0000E+00  0.0000E+00  0.0000E+00  0.0000E+00  0.0000E+00  0.0000E+00  0.0000E+00  0.0000E+00  0.0000E+00  0.0000E+00  0.0000E+00  0.0000E+00  0.0000E+00  0.0000E+00  0.0000E+00  0.0000E+00  0.0000E+00  0.0000E+00  0.0000E+00  0.0000E+00  0.0000E+00  0.0000E+00  0.0000E+00  0.0000E+00  0.0000E+00  0.0000E+00  0.0000E+00  0.0000E+00  0.0000E+00  0.0000E+00  0.1233E-03  0.0000E+00  0.1228E-02  0.0000E+00  0.8460E-03  0.0000E+00  0.2227E-01  0.0000E+00  0.1521E-02  0.0000E+00  0.2188E-01  0.0000E+00  0.2070E-01  0.0000E+00  0.4078E+00  0.0000E+00  0.1066E-03  0.0000E+00  0.1145E-02  0.0000E+00  0.1232E-02  0.0000E+00  0.2293E-01  0.0000E+00
 Relative number of events:
  0.5469E-04  0.0000E+00  0.1406E-02  0.0000E+00  0.1211E-02  0.0000E+00  0.2430E-01  0.0000E+00  0.1563E-04  0.0000E+00  0.4688E-04  0.0000E+00  0.9375E-04  0.0000E+00  0.1445E-02  0.0000E+00  0.1148E-02  0.0000E+00  0.2611E-01  0.0000E+00  0.2495E-01  0.0000E+00  0.4691E+00  0.0000E+00  0.3125E-04  0.0000E+00  0.1367E-02  0.0000E+00  0.1398E-02  0.0000E+00  0.2509E-01  0.0000E+00  0.0000E+00  0.0000E+00  0.0000E+00  0.0000E+00  0.0000E+00  0.0000E+00  0.0000E+00  0.0000E+00  0.0000E+00  0.0000E+00  0.0000E+00  0.0000E+00  0.0000E+00  0.0000E+00  0.0000E+00  0.0000E+00  0.0000E+00  0.0000E+00  0.0000E+00  0.0000E+00  0.0000E+00  0.0000E+00  0.0000E+00  0.0000E+00
  0.0000E+00  0.0000E+00  0.0000E+00  0.0000E+00  0.0000E+00  0.0000E+00  0.0000E+00  0.0000E+00  0.0000E+00  0.0000E+00  0.0000E+00  0.0000E+00  0.0000E+00  0.0000E+00  0.0000E+00  0.0000E+00  0.0000E+00  0.0000E+00  0.0000E+00  0.0000E+00  0.0000E+00  0.0000E+00  0.0000E+00  0.0000E+00  0.0000E+00  0.0000E+00  0.0000E+00  0.0000E+00  0.0000E+00  0.0000E+00  0.0000E+00  0.0000E+00  0.7031E-04  0.0000E+00  0.9766E-03  0.0000E+00  0.8984E-03  0.0000E+00  0.1818E-01  0.0000E+00  0.1109E-02  0.0000E+00  0.1845E-01  0.0000E+00  0.1855E-01  0.0000E+00  0.3438E+00  0.0000E+00  0.5469E-04  0.0000E+00  0.9219E-03  0.0000E+00  0.8906E-03  0.0000E+00  0.1838E-01  0.0000E+00
 Events:
           7           0         180           0         155           0        3111           0           2           0           6           0          12           0         185           0         147           0        3342           0        3193           0       60044           0           4           0         175           0         179           0        3211           0           0           0           0           0           0           0           0           0           0           0           0           0           0           0           0           0           0           0           0           0           0           0           0           0
           0           0           0           0           0           0           0           0           0           0           0           0           0           0           0           0           0           0           0           0           0           0           0           0           0           0           0           0           0           0           0           0           9           0         125           0         115           0        2327           0         142           0        2362           0        2375           0       44000           0           7           0         118           0         114           0        2353           0
 Accuracy:    0.006   0.010   0.005   1.275
 Finished due to accuracy    5.7037897376102965E-003   1.0000000000000000E-002

 -------------------------------------------------------------------------------
 Accumulated results:   Integral =  0.1779E-02
                        Std dev  =  0.8985E-05
                       Cross sec =  0.1779E-02
             Chi**2 per DoF.     =      1.2753
 -------------------------------------------------------------------------------
 Found        18689  events.
 Wrote         6548  events.
 Actual xsec    1.7783798100114423E-003
 Correct abs xsec    1.7783798100114423E-003
 Event xsec    1.7783798100113953E-003
 Events wgts > 1:          151
 % Cross section > 1:    1.7547857984871399E-005  0.98673286134298610     
-------------------------------------------------
---------------------------
 Results Last   3 iters: Integral =   0.1778E-02
                     Abs integral =   0.1778E-02
                          Std dev =   0.9031E-05
                  Chi**2 per DoF. =      1.9520
-------------------------------------------------
---------------------------
 Status   1.0000000000000000E-002           8           8

ls status:
events.lhe
ftn25
ftn26
input_app.txt
results.dat
run1_app.log
