==== LHAPDF6 USING DEFAULT-TYPE LHAGLUE INTERFACE ====
LHAPDF 6.2.1 loading /cvmfs/cms.cern.ch/slc6_amd64_gcc481/external/lhapdf/6.2.1/share/LHAPDF/NNPDF30_lo_as_0130_nf_4/NNPDF30_lo_as_0130_nf_4_0000.dat
NNPDF30_lo_as_0130_nf_4 PDF set, member #0, version 2; LHAPDF ID = 263400
 Process in group number            1
 A PDF is used, so alpha_s(MZ) is going to be modified
 Old value of alpha_s from param_card:   0.11799999999999999     
 New value of alpha_s from PDF lhapdf :  0.12470044313224841     
 using LHAPDF
 Warning: pt or E min of a jet should in general be >0
 Warning: pt or E min of a jet should in general be >0
 Warning: pt or E min of a jet should in general be >0
 Warning: pt or E min of a jet should in general be >0
 Warning: pt or E min of a jet should in general be >0
 Warning: pt or E min of a jet should in general be >0
 *****************************************************
 *               MadGraph/MadEvent                   *
 *        --------------------------------           *
 *          http://madgraph.hep.uiuc.edu             *
 *          http://madgraph.phys.ucl.ac.be           *
 *          http://madgraph.roma2.infn.it            *
 *        --------------------------------           *
 *                                                   *
 *          PARAMETER AND COUPLING VALUES            *
 *                                                   *
 *****************************************************

  External Params
  ---------------------------------
  
 mdl_LR =    1000.0000000000000     
 mdl_xi =    1.0000000000000000E-008
 mdl_ReFmeio =   -1.8123300000000000     
 mdl_FmeioH =   -1.5442800000000001     
 mdl_ImFmeio =    1.4062200000000000     
 mdl_K =    35.000000000000000     
 aEWM1 =    127.90000000000001     
 mdl_Gf =    1.1663780000000000E-005
 aS =   0.11799999999999999     
 mdl_lamWS =   0.22530000000000000     
 mdl_AWS =   0.80800000000000005     
 mdl_rhoWS =   0.13200000000000001     
 mdl_etaWS =   0.34100000000000003     
 mdl_ymc =    0.0000000000000000     
 mdl_ymb =    4.7999999999999998     
 mdl_ymt =    172.50000000000000     
 mdl_yme =    5.1099999999999995E-004
 mdl_ymm =   0.10566000000000000     
 mdl_ymtau =    1.7769999999999999     
 mdl_MC =    0.0000000000000000     
 mdl_MT =    172.50000000000000     
 mdl_MB =    4.7999999999999998     
 mdl_MZ =    91.187600000000003     
 mdl_MH =    125.00000000000000     
 mdl_MH02 =    3500.0000000000000     
 mdl_Me =    5.1099999999999995E-004
 mdl_MM =   0.10566000000000000     
 mdl_MTA =    1.7769999999999999     
 mdl_MP =    120.00000000000000     
 mdl_WT =    1.4915000000000000     
 mdl_WZ =    2.4952000000000001     
 mdl_WW =    2.0850000000000000     
 mdl_WH =    6.3823389999999999E-003
 mdl_WH02 =    1.0000000000000000E-003
 mdl_WTau =    2.2699999999999998E-012
 mdl_WH1 =    6.3823389999999999E-003
  Internal Params
  ---------------------------------
  
 mdl_lamWS__exp__2 =    5.0760090000000001E-002
 mdl_CKM11 =  ( 0.97461995499999998     ,  0.0000000000000000     )
 mdl_CKM12 =  ( 0.22530000000000000     ,  0.0000000000000000     )
 mdl_complexi =  (  0.0000000000000000     ,  1.0000000000000000     )
 mdl_lamWS__exp__3 =    1.1436248277000001E-002
 mdl_CKM13 =  (  1.2197444962317122E-003, -3.1510066152652563E-003)
 mdl_CKM21 =  (-0.22530000000000000     ,  0.0000000000000000     )
 mdl_CKM22 =  ( 0.97461995499999998     ,  0.0000000000000000     )
 mdl_CKM23 =  (  4.1014152720000002E-002,  0.0000000000000000     )
 mdl_CKM31 =  (  8.0207441115842885E-003, -3.1510066152652563E-003)
 mdl_CKM32 =  ( -4.1014152720000002E-002,  0.0000000000000000     )
 mdl_CKM33 =  (  1.0000000000000000     ,  0.0000000000000000     )
 mdl_MZ__exp__2 =    8315.1783937600012     
 mdl_MZ__exp__4 =    69142191.720053151     
 mdl_sqrt__2 =    1.4142135623730951     
 mdl_MH__exp__6 =    3814697265625.0000     
 mdl_MT__exp__6 =    26347207783447.266     
 mdl_MH__exp__4 =    244140625.00000000     
 mdl_MT__exp__4 =    885434414.06250000     
 mdl_MH__exp__2 =    15625.000000000000     
 mdl_MT__exp__2 =    29756.250000000000     
 mdl_MH02__exp__2 =    12250000.000000000     
 mdl_FmeioMH =  (  1.0470805239420240     ,  0.0000000000000000     )
 mdl_MH02__exp__6 =    1.8382656250000001E+021
 mdl_MH02__exp__4 =    150062500000000.00     
 mdl_FmeioMR =  ( -94881.833128121187     ,  0.0000000000000000     )
 mdl_MH__exp__12 =    1.4551915228366852E+025
 mdl_MH__exp__10 =    9.3132257461547853E+020
 mdl_MH__exp__8 =    59604644775390624.     
 mdl_MH02__exp__12 =    3.3792205080566410E+042
 mdl_MH02__exp__10 =    2.7585473535156252E+035
 mdl_MH02__exp__8 =    2.2518753906250002E+028
 mdl_conjg__CKM11 =  ( 0.97461995499999998     , -0.0000000000000000     )
 mdl_conjg__CKM12 =  ( 0.22530000000000000     , -0.0000000000000000     )
 mdl_conjg__CKM13 =  (  1.2197444962317122E-003,  3.1510066152652563E-003)
 mdl_conjg__CKM21 =  (-0.22530000000000000     , -0.0000000000000000     )
 mdl_conjg__CKM22 =  ( 0.97461995499999998     , -0.0000000000000000     )
 mdl_conjg__CKM23 =  (  4.1014152720000002E-002, -0.0000000000000000     )
 mdl_conjg__CKM31 =  (  8.0207441115842885E-003,  3.1510066152652563E-003)
 mdl_conjg__CKM32 =  ( -4.1014152720000002E-002, -0.0000000000000000     )
 mdl_conjg__CKM33 =  (  1.0000000000000000     , -0.0000000000000000     )
 mdl_aEW =    7.8186082877247844E-003
 mdl_MW =    79.824479864292599     
 mdl_sqrt__aEW =    8.8422894590285753E-002
 mdl_ee =   0.31345100004952897     
 mdl_MW__exp__2 =    6371.9475856048548     
 mdl_sw2 =   0.23369682719175511     
 mdl_cw =   0.87538744154131254     
 mdl_sqrt__sw2 =   0.48342199700857130     
 mdl_sw =   0.48342199700857130     
 mdl_g1 =   0.35807116389244675     
 mdl_gw =   0.64840036653104827     
 mdl_v =    246.21972467830258     
 mdl_v__exp__2 =    60624.152820659125     
 mdl_lam =   0.12886778019168796     
 mdl_yb =    2.7569785922959604E-002
 mdl_yc =    0.0000000000000000     
 mdl_ye =    2.9350334597150747E-006
 mdl_ym =    6.0687991262914842E-004
 mdl_yt =   0.99078918160636087     
 mdl_ytau =    1.0206564496895670E-002
 mdl_muH =    88.388347648318444     
 mdl_Z =    1.0000000018187245     
 mdl_theta =    7.6628352490421455E-011
 mdl_cos__theta =    1.0000000000000000     
 mdl_a =  -0.99999999818127550     
 mdl_sin__theta =    7.6628352490421455E-011
 mdl_b =    7.6628352351055597E-011
 mdl_c =    1.4849811806320228E-008
 mdl_d =    1.0000000000000000     
 mdl_ee__exp__2 =    9.8251529432049817E-002
 mdl_MW__exp__12 =    6.6931902282585363E+022
 mdl_MW__exp__10 =    1.0504151420484712E+019
 mdl_MW__exp__8 =    1648499344880849.5     
 mdl_MW__exp__6 =    258712006452.32019     
 mdl_MW__exp__4 =    40601716.033695541     
 mdl_AH =    3.2896331152571413E-005
 mdl_AR =    2659599862.1444044     
 mdl_gw__exp__2 =   0.42042303531759773     
 mdl_cw__exp__2 =   0.76630317280824489     
 mdl_sw__exp__2 =   0.23369682719175511     
  Internal Params evaluated point by point
  ----------------------------------------
  
 mdl_sqrt__aS =   0.34351128074635334     
 mdl_G__exp__2 =    1.4828317324943823     
 mdl_Gphi =   -6.3554969584608289E-006
 mdl_GR =  (  1.4133715995743603E-004, -1.3204604160005052E-005)
 mdl_GH =  (  5.8894582703556158E-005,  0.0000000000000000     )
  Couplings of heft_radion
  ---------------------------------
  
        GC_55 =  -0.13205E-04  -0.14134E-03
        GC_18 =   0.00000E+00   0.44685E+00
        GC_19 =   0.00000E+00   0.10330E+00
        GC_20 =   0.14447E-02   0.55924E-03
        GC_21 =  -0.00000E+00  -0.10330E+00
        GC_22 =   0.00000E+00   0.44685E+00
        GC_23 =   0.00000E+00   0.18805E-01
        GC_37 =   0.00000E+00   0.51758E+02
        GC_45 =   0.00000E+00   0.44685E+00
        GC_46 =   0.00000E+00   0.10330E+00
        GC_47 =  -0.14447E-02   0.55924E-03
        GC_48 =   0.00000E+00  -0.10330E+00
        GC_49 =   0.00000E+00   0.44685E+00
        GC_50 =   0.00000E+00   0.18805E-01
        GC_58 =   0.31250E+02   0.00000E+00
        GC_59 =   0.10000E-02   0.00000E+00

 Collider parameters:
 --------------------

 Running at P P   machine @    13000.000000000000       GeV
 PDF set = lhapdf 
 alpha_s(Mz)= 0.1247 running at 1 loops.
 alpha_s(Mz)= 0.1247 running at 1 loops.
 Renormalization scale set on event-by-event basis
 Factorization   scale set on event-by-event basis


 getting user params
Enter number of events and max and min iterations: 
 Number of events and iterations         2000           8           3
Enter desired fractional accuracy: 
 Desired fractional accuracy:    1.0000000000000000E-002
Enter 0 for fixed, 2 for adjustable grid: 
Suppress amplitude (0 no, 1 yes)? 
 Using suppressed amplitude.
Exact helicity sum (0 yes, n = number/event)? 
 Explicitly summing over helicities
Enter Configuration Number: 
Running Configuration Number:    1
 Using dconfig=         395
 BW Setting            2           2           1           2           1           1           0           0
 Attempting mappinvarients           1          10
 Completed mapping          10
 about to integrate           22        2000           8           3          22           1
 Using non-zero grid deformation.
 22 dimensions   2000 events 22 invarients  8 iterations  1 config(s),  (0.99)
 Using h-tuple random number sequence.
 fail to read data
 Error opening grid
 Using Uniform Grid!          40
 Using uniform alpha   1.0000000000000000     
 Grid defined OK
 Set CM energy to      13000.00
 Mapping Graph           1  to config           1
Setting grid   1    0.13633E-06   1
Setting grid   2    0.59172E-08   1
 Setting BW          -3           3   125.00000000000000     
Setting grid   4    0.13633E-06   1
 Setting BW          -5           5   79.824479864292599     
 Setting BW          -6           6   125.00000000000000     
 Setting PDF BW          21           7   3500.0000000000000     
 Transforming s_hat BW    7.2485207100591725E-002   2.0710059171597636E-008
 Masses: 0.000E+00 0.000E+00 0.000E+00 0.000E+00 0.000E+00 0.480E+01 0.000E+00 0.000E+00 0.000E+00 0.480E+01
   1   1   2   3   4   5   6   7   8   9  10  11  12  13  14
  15  16  17  18  19  20  21  22
Using random seed offsets     1 :     14
  with seed                   24
 Ranmar initialization seeds       31059        9411
 
 ********************************************
 * You are using the DiscreteSampler module *
 *      part of the MG5_aMC framework       *
 *         Author: Valentin Hirschi         *
 ********************************************
 
  Particle       3       4       5       6       7       8       9      10
      Et >     0.0     0.0     0.0     0.0     0.0     0.0     0.0     0.0
       E >     0.0     0.0     0.0     0.0     0.0     0.0     0.0     0.0
     Eta <    -1.0    -1.0    -1.0    -1.0    -1.0    -1.0    -1.0    -1.0
   xqcut:      0.0     0.0     0.0     0.0     0.0     0.0     0.0     0.0
d R # 3  >    -0.0     0.0     0.0     0.0     0.0     0.0     0.0     0.0
d R # 4  >    -0.0    -0.0     0.0     0.0     0.0     0.0     0.0     0.0
d R # 5  >    -0.0    -0.0    -0.0     0.0     0.0     0.0     0.0     0.0
d R # 6  >    -0.0    -0.0    -0.0    -0.0     0.0     0.0     0.0     0.0
d R # 7  >    -0.0    -0.0    -0.0    -0.0    -0.0     0.0     0.0     0.0
d R # 8  >    -0.0    -0.0    -0.0    -0.0    -0.0    -0.0     0.0     0.0
d R # 9  >    -0.0    -0.0    -0.0    -0.0    -0.0    -0.0    -0.0     0.0
s min # 3>     0.0     0.0     0.0     0.0     0.0     0.0     0.0     0.0
s min # 4>     0.0     0.0     0.0     0.0     0.0     0.0     0.0     0.0
s min # 5>     0.0     0.0     0.0     0.0     0.0     0.0     0.0     0.0
s min # 6>     0.0     0.0     0.0     0.0     0.0     0.0     0.0     0.0
s min # 7>     0.0     0.0     0.0     0.0     0.0     0.0     0.0     0.0
s min # 8>     0.0     0.0     0.0     0.0     0.0     0.0     0.0     0.0
s min # 9>     0.0     0.0     0.0     0.0     0.0     0.0     0.0     0.0
xqcutij # 3>     0.0     0.0     0.0     0.0     0.0     0.0     0.0     0.0
xqcutij # 4>     0.0     0.0     0.0     0.0     0.0     0.0     0.0     0.0
xqcutij # 5>     0.0     0.0     0.0     0.0     0.0     0.0     0.0     0.0
xqcutij # 6>     0.0     0.0     0.0     0.0     0.0     0.0     0.0     0.0
xqcutij # 7>     0.0     0.0     0.0     0.0     0.0     0.0     0.0     0.0
xqcutij # 8>     0.0     0.0     0.0     0.0     0.0     0.0     0.0     0.0
xqcutij # 9>     0.0     0.0     0.0     0.0     0.0     0.0     0.0     0.0
 Excluding BW           -1           1
 Excluding BW           -2           2
 Requiring BW           -3           3
 Excluding BW           -4           4
 Requiring BW           -5           5
 Requiring BW           -6           6
 No cut BW           -7           7
 alpha_s for scale    3500.0001595152607       is    7.7778523007971348E-002
 Added good helicity            1   507.64067507286882       in event            1 local:           1
 Added good helicity            2  0.72482999296049155       in event            1 local:           1
 Added good helicity           17   3.6293128537359536       in event            1 local:           1
 Added good helicity           18   5.1820804348415165E-003  in event            1 local:           1
 Added good helicity          769   507.64067507286882       in event            1 local:           1
 Added good helicity          770  0.72482999296049155       in event            1 local:           1
 Added good helicity          785   3.6293128537359536       in event            1 local:           1
 Added good helicity          786   5.1820804348415165E-003  in event            1 local:           1
 RESET CUMULATIVE VARIABLE
 RESET CUMULATIVE VARIABLE
 Iteration  1   Mean: 0.2242E-12 Abs mean: 0.2242E-12   Fluctuation:  0.715E-13   0.106E-09     7.4%
  1    0.2242E-12 0.2242E-12 +- 0.7155E-13     14.27
 Writing out events   1.9042479784301868E-016   14.271063512980092     
 Relative summed weights:
  0.2850E+00  0.0000E+00  0.1301E-02  0.0000E+00  0.0000E+00  0.0000E+00  0.0000E+00  0.0000E+00  0.3346E-06  0.0000E+00  0.0000E+00  0.0000E+00  0.0000E+00  0.0000E+00  0.0000E+00  0.0000E+00  0.0000E+00  0.0000E+00  0.0000E+00  0.0000E+00
  0.0000E+00  0.0000E+00  0.0000E+00  0.0000E+00  0.5112E+00  0.0000E+00  0.2237E-02  0.0000E+00  0.0000E+00  0.0000E+00  0.7136E-01  0.0000E+00  0.5646E-03  0.0000E+00  0.0000E+00  0.0000E+00  0.0000E+00  0.0000E+00  0.0000E+00  0.0000E+00
  0.0000E+00  0.0000E+00  0.0000E+00  0.0000E+00  0.0000E+00  0.0000E+00  0.0000E+00  0.0000E+00  0.0000E+00  0.0000E+00  0.0000E+00  0.0000E+00  0.0000E+00  0.0000E+00  0.1129E+00  0.0000E+00  0.1539E-01  0.0000E+00  0.0000E+00  0.0000E+00
 Relative number of events:
  0.2658E+00  0.0000E+00  0.2787E-01  0.0000E+00  0.0000E+00  0.0000E+00  0.0000E+00  0.0000E+00  0.9955E-03  0.0000E+00  0.0000E+00  0.0000E+00  0.0000E+00  0.0000E+00  0.0000E+00  0.0000E+00  0.0000E+00  0.0000E+00  0.0000E+00  0.0000E+00
  0.0000E+00  0.0000E+00  0.0000E+00  0.0000E+00  0.4470E+00  0.0000E+00  0.2638E-01  0.0000E+00  0.0000E+00  0.0000E+00  0.2389E-01  0.0000E+00  0.1493E-02  0.0000E+00  0.0000E+00  0.0000E+00  0.0000E+00  0.0000E+00  0.0000E+00  0.0000E+00
  0.0000E+00  0.0000E+00  0.0000E+00  0.0000E+00  0.0000E+00  0.0000E+00  0.0000E+00  0.0000E+00  0.0000E+00  0.0000E+00  0.0000E+00  0.0000E+00  0.0000E+00  0.0000E+00  0.1847E+00  0.0000E+00  0.2190E-01  0.0000E+00  0.0000E+00  0.0000E+00
 Events:
         534           0          56           0           0           0           0           0           2           0           0           0           0           0           0           0           0           0           0           0
           0           0           0           0         898           0          53           0           0           0          48           0           3           0           0           0           0           0           0           0
           0           0           0           0           0           0           0           0           0           0           0           0           0           0         371           0          44           0           0           0
 Iteration  2   Mean: 0.1530E-12 Abs mean: 0.1530E-12   Fluctuation:  0.188E-13   0.324E-10    54.5%
  2    0.1530E-12 0.1530E-12 +- 0.1881E-13      7.77
 Relative summed weights:
  0.1913E+00  0.0000E+00  0.2470E-01  0.0000E+00  0.0000E+00  0.0000E+00  0.0000E+00  0.0000E+00  0.2708E-05  0.0000E+00  0.0000E+00  0.0000E+00  0.0000E+00  0.0000E+00  0.0000E+00  0.0000E+00  0.0000E+00  0.0000E+00  0.0000E+00  0.0000E+00
  0.0000E+00  0.0000E+00  0.0000E+00  0.0000E+00  0.4943E+00  0.0000E+00  0.2036E-01  0.0000E+00  0.0000E+00  0.0000E+00  0.1029E-01  0.0000E+00  0.4784E-04  0.0000E+00  0.0000E+00  0.0000E+00  0.0000E+00  0.0000E+00  0.0000E+00  0.0000E+00
  0.0000E+00  0.0000E+00  0.0000E+00  0.0000E+00  0.0000E+00  0.0000E+00  0.0000E+00  0.0000E+00  0.0000E+00  0.0000E+00  0.0000E+00  0.0000E+00  0.0000E+00  0.0000E+00  0.2437E+00  0.0000E+00  0.1502E-01  0.0000E+00  0.2749E-03  0.0000E+00
 Relative number of events:
  0.2685E+00  0.0000E+00  0.3500E-01  0.0000E+00  0.0000E+00  0.0000E+00  0.0000E+00  0.0000E+00  0.1000E-02  0.0000E+00  0.0000E+00  0.0000E+00  0.0000E+00  0.0000E+00  0.0000E+00  0.0000E+00  0.0000E+00  0.0000E+00  0.0000E+00  0.0000E+00
  0.0000E+00  0.0000E+00  0.0000E+00  0.0000E+00  0.4425E+00  0.0000E+00  0.2500E-01  0.0000E+00  0.0000E+00  0.0000E+00  0.2525E-01  0.0000E+00  0.1750E-02  0.0000E+00  0.0000E+00  0.0000E+00  0.0000E+00  0.0000E+00  0.0000E+00  0.0000E+00
  0.0000E+00  0.0000E+00  0.0000E+00  0.0000E+00  0.0000E+00  0.0000E+00  0.0000E+00  0.0000E+00  0.0000E+00  0.0000E+00  0.0000E+00  0.0000E+00  0.0000E+00  0.0000E+00  0.1830E+00  0.0000E+00  0.1775E-01  0.0000E+00  0.2500E-03  0.0000E+00
 Events:
        1074           0         140           0           0           0           0           0           4           0           0           0           0           0           0           0           0           0           0           0
           0           0           0           0        1770           0         100           0           0           0         101           0           7           0           0           0           0           0           0           0
           0           0           0           0           0           0           0           0           0           0           0           0           0           0         732           0          71           0           1           0
 Iteration  3   Mean: 0.2192E-12 Abs mean: 0.2192E-12   Fluctuation:  0.174E-13   0.570E-10    75.0%
  3    0.2192E-12 0.2192E-12 +- 0.1736E-13      7.08
 Relative summed weights:
  0.2714E+00  0.0000E+00  0.1989E-01  0.0000E+00  0.0000E+00  0.0000E+00  0.0000E+00  0.0000E+00  0.2531E-03  0.0000E+00  0.0000E+00  0.0000E+00  0.0000E+00  0.0000E+00  0.0000E+00  0.0000E+00  0.0000E+00  0.0000E+00  0.0000E+00  0.0000E+00
  0.0000E+00  0.0000E+00  0.0000E+00  0.0000E+00  0.4260E+00  0.0000E+00  0.2908E-01  0.0000E+00  0.0000E+00  0.0000E+00  0.1516E-01  0.0000E+00  0.1069E-03  0.0000E+00  0.0000E+00  0.0000E+00  0.0000E+00  0.0000E+00  0.0000E+00  0.0000E+00
  0.0000E+00  0.0000E+00  0.0000E+00  0.0000E+00  0.0000E+00  0.0000E+00  0.0000E+00  0.0000E+00  0.0000E+00  0.0000E+00  0.0000E+00  0.0000E+00  0.0000E+00  0.0000E+00  0.2189E+00  0.0000E+00  0.1917E-01  0.0000E+00  0.6964E-04  0.0000E+00
 Relative number of events:
  0.2767E+00  0.0000E+00  0.2962E-01  0.0000E+00  0.0000E+00  0.0000E+00  0.0000E+00  0.0000E+00  0.5000E-03  0.0000E+00  0.0000E+00  0.0000E+00  0.0000E+00  0.0000E+00  0.0000E+00  0.0000E+00  0.0000E+00  0.0000E+00  0.0000E+00  0.0000E+00
  0.0000E+00  0.0000E+00  0.0000E+00  0.0000E+00  0.4501E+00  0.0000E+00  0.2162E-01  0.0000E+00  0.0000E+00  0.0000E+00  0.2413E-01  0.0000E+00  0.2000E-02  0.0000E+00  0.0000E+00  0.0000E+00  0.0000E+00  0.0000E+00  0.0000E+00  0.0000E+00
  0.0000E+00  0.0000E+00  0.0000E+00  0.0000E+00  0.0000E+00  0.0000E+00  0.0000E+00  0.0000E+00  0.0000E+00  0.0000E+00  0.0000E+00  0.0000E+00  0.0000E+00  0.0000E+00  0.1772E+00  0.0000E+00  0.1713E-01  0.0000E+00  0.8750E-03  0.0000E+00
 Events:
        2214           0         237           0           0           0           0           0           4           0           0           0           0           0           0           0           0           0           0           0
           0           0           0           0        3601           0         173           0           0           0         193           0          16           0           0           0           0           0           0           0
           0           0           0           0           0           0           0           0           0           0           0           0           0           0        1418           0         137           0           7           0
 Accuracy:    0.105   0.010   0.065   2.608
 Found          679  events.
 Wrote           31  events.
 Actual xsec    2.0080258832465718E-013
 Correct abs xsec    2.0080258832465718E-013
 Event xsec    2.0080258832465711E-013
 Events wgts > 1:            2
 % Cross section > 1:    1.0258982960622374E-015  0.51089894040786343     
 Iteration  4   Mean: 0.2121E-12 Abs mean: 0.2121E-12   Fluctuation:  0.863E-14   0.799E-10    69.9%
  4    0.2121E-12 0.2121E-12 +- 0.8631E-14      5.15
 Relative summed weights:
  0.1996E+00  0.0000E+00  0.2296E-01  0.0000E+00  0.0000E+00  0.0000E+00  0.0000E+00  0.0000E+00  0.1910E-03  0.0000E+00  0.0000E+00  0.0000E+00  0.0000E+00  0.0000E+00  0.0000E+00  0.0000E+00  0.0000E+00  0.0000E+00  0.0000E+00  0.0000E+00
  0.0000E+00  0.0000E+00  0.0000E+00  0.0000E+00  0.5142E+00  0.0000E+00  0.2475E-01  0.0000E+00  0.0000E+00  0.0000E+00  0.2879E-01  0.0000E+00  0.1162E-02  0.0000E+00  0.0000E+00  0.0000E+00  0.0000E+00  0.0000E+00  0.0000E+00  0.0000E+00
  0.0000E+00  0.0000E+00  0.0000E+00  0.0000E+00  0.0000E+00  0.0000E+00  0.0000E+00  0.0000E+00  0.0000E+00  0.0000E+00  0.0000E+00  0.0000E+00  0.0000E+00  0.0000E+00  0.1912E+00  0.0000E+00  0.1684E-01  0.0000E+00  0.2967E-03  0.0000E+00
 Relative number of events:
  0.2722E+00  0.0000E+00  0.2888E-01  0.0000E+00  0.0000E+00  0.0000E+00  0.0000E+00  0.0000E+00  0.8125E-03  0.0000E+00  0.0000E+00  0.0000E+00  0.0000E+00  0.0000E+00  0.0000E+00  0.0000E+00  0.0000E+00  0.0000E+00  0.0000E+00  0.0000E+00
  0.0000E+00  0.0000E+00  0.0000E+00  0.0000E+00  0.4502E+00  0.0000E+00  0.2594E-01  0.0000E+00  0.0000E+00  0.0000E+00  0.2269E-01  0.0000E+00  0.1313E-02  0.0000E+00  0.0000E+00  0.0000E+00  0.0000E+00  0.0000E+00  0.0000E+00  0.0000E+00
  0.0000E+00  0.0000E+00  0.0000E+00  0.0000E+00  0.0000E+00  0.0000E+00  0.0000E+00  0.0000E+00  0.0000E+00  0.0000E+00  0.0000E+00  0.0000E+00  0.0000E+00  0.0000E+00  0.1792E+00  0.0000E+00  0.1812E-01  0.0000E+00  0.5625E-03  0.0000E+00
 Events:
        4356           0         462           0           0           0           0           0          13           0           0           0           0           0           0           0           0           0           0           0
           0           0           0           0        7203           0         415           0           0           0         363           0          21           0           0           0           0           0           0           0
           0           0           0           0           0           0           0           0           0           0           0           0           0           0        2868           0         290           0           9           0
 Accuracy:    0.046   0.010   0.035   1.770
 Found         1506  events.
 Wrote           47  events.
 Actual xsec    2.0871269777158078E-013
 Correct abs xsec    2.0871269777158078E-013
 Event xsec    2.0871269777158065E-013
 Events wgts > 1:            1
 % Cross section > 1:    4.5091776069611556E-023   2.1604711429182374E-008
 Iteration  5   Mean: 0.2127E-12 Abs mean: 0.2127E-12   Fluctuation:  0.347E-14   0.280E-10    67.1%
  5    0.2127E-12 0.2127E-12 +- 0.3468E-14      2.92
 Relative summed weights:
  0.2207E+00  0.0000E+00  0.2202E-01  0.0000E+00  0.0000E+00  0.0000E+00  0.0000E+00  0.0000E+00  0.8752E-03  0.0000E+00  0.0000E+00  0.0000E+00  0.0000E+00  0.0000E+00  0.0000E+00  0.0000E+00  0.0000E+00  0.0000E+00  0.0000E+00  0.0000E+00
  0.0000E+00  0.0000E+00  0.0000E+00  0.0000E+00  0.4573E+00  0.0000E+00  0.2546E-01  0.0000E+00  0.0000E+00  0.0000E+00  0.2453E-01  0.0000E+00  0.2157E-02  0.0000E+00  0.0000E+00  0.0000E+00  0.0000E+00  0.0000E+00  0.0000E+00  0.0000E+00
Thanks for using LHAPDF 6.2.1. Please make sure to cite the paper:
  Eur.Phys.J. C75 (2015) 3, 132  (http://arxiv.org/abs/1412.7420)
  0.0000E+00  0.0000E+00  0.0000E+00  0.0000E+00  0.0000E+00  0.0000E+00  0.0000E+00  0.0000E+00  0.0000E+00  0.0000E+00  0.0000E+00  0.0000E+00  0.0000E+00  0.0000E+00  0.2241E+00  0.0000E+00  0.2231E-01  0.0000E+00  0.5041E-03  0.0000E+00
 Relative number of events:
  0.2712E+00  0.0000E+00  0.2828E-01  0.0000E+00  0.0000E+00  0.0000E+00  0.0000E+00  0.0000E+00  0.8750E-03  0.0000E+00  0.0000E+00  0.0000E+00  0.0000E+00  0.0000E+00  0.0000E+00  0.0000E+00  0.0000E+00  0.0000E+00  0.0000E+00  0.0000E+00
  0.0000E+00  0.0000E+00  0.0000E+00  0.0000E+00  0.4466E+00  0.0000E+00  0.2441E-01  0.0000E+00  0.0000E+00  0.0000E+00  0.2453E-01  0.0000E+00  0.1406E-02  0.0000E+00  0.0000E+00  0.0000E+00  0.0000E+00  0.0000E+00  0.0000E+00  0.0000E+00
  0.0000E+00  0.0000E+00  0.0000E+00  0.0000E+00  0.0000E+00  0.0000E+00  0.0000E+00  0.0000E+00  0.0000E+00  0.0000E+00  0.0000E+00  0.0000E+00  0.0000E+00  0.0000E+00  0.1838E+00  0.0000E+00  0.1837E-01  0.0000E+00  0.5625E-03  0.0000E+00
 Events:
        8677           0         905           0           0           0           0           0          28           0           0           0           0           0           0           0           0           0           0           0
           0           0           0           0       14291           0         781           0           0           0         785           0          45           0           0           0           0           0           0           0
           0           0           0           0           0           0           0           0           0           0           0           0           0           0        5882           0         588           0          18           0
 Accuracy:    0.017   0.010   0.015   1.344
 Found         3974  events.
 Wrote          805  events.
 Actual xsec    2.1285241498225669E-013
 Correct abs xsec    2.1285241498225669E-013
 Event xsec    2.1285241498225573E-013
 Events wgts > 1:           18
 % Cross section > 1:    1.9613229996963122E-015  0.92144737933079890     
 Iteration  6   Mean: 0.2142E-12 Abs mean: 0.2142E-12   Fluctuation:  0.195E-14   0.146E-10    64.5%
  6    0.2142E-12 0.2142E-12 +- 0.1946E-14      2.30
 Relative summed weights:
  0.2246E+00  0.0000E+00  0.2241E-01  0.0000E+00  0.0000E+00  0.0000E+00  0.0000E+00  0.0000E+00  0.3060E-03  0.0000E+00  0.0000E+00  0.0000E+00  0.0000E+00  0.0000E+00  0.0000E+00  0.0000E+00  0.0000E+00  0.0000E+00  0.0000E+00  0.0000E+00
  0.0000E+00  0.0000E+00  0.0000E+00  0.0000E+00  0.4520E+00  0.0000E+00  0.2437E-01  0.0000E+00  0.0000E+00  0.0000E+00  0.2252E-01  0.0000E+00  0.1383E-02  0.0000E+00  0.0000E+00  0.0000E+00  0.0000E+00  0.0000E+00  0.0000E+00  0.0000E+00
  0.0000E+00  0.0000E+00  0.0000E+00  0.0000E+00  0.0000E+00  0.0000E+00  0.0000E+00  0.0000E+00  0.0000E+00  0.0000E+00  0.0000E+00  0.0000E+00  0.0000E+00  0.0000E+00  0.2264E+00  0.0000E+00  0.2551E-01  0.0000E+00  0.4523E-03  0.0000E+00
 Relative number of events:
  0.2682E+00  0.0000E+00  0.2808E-01  0.0000E+00  0.0000E+00  0.0000E+00  0.0000E+00  0.0000E+00  0.6719E-03  0.0000E+00  0.0000E+00  0.0000E+00  0.0000E+00  0.0000E+00  0.0000E+00  0.0000E+00  0.0000E+00  0.0000E+00  0.0000E+00  0.0000E+00
  0.0000E+00  0.0000E+00  0.0000E+00  0.0000E+00  0.4493E+00  0.0000E+00  0.2367E-01  0.0000E+00  0.0000E+00  0.0000E+00  0.2442E-01  0.0000E+00  0.1125E-02  0.0000E+00  0.0000E+00  0.0000E+00  0.0000E+00  0.0000E+00  0.0000E+00  0.0000E+00
  0.0000E+00  0.0000E+00  0.0000E+00  0.0000E+00  0.0000E+00  0.0000E+00  0.0000E+00  0.0000E+00  0.0000E+00  0.0000E+00  0.0000E+00  0.0000E+00  0.0000E+00  0.0000E+00  0.1848E+00  0.0000E+00  0.1944E-01  0.0000E+00  0.3906E-03  0.0000E+00
 Events:
       17162           0        1797           0           0           0           0           0          43           0           0           0           0           0           0           0           0           0           0           0
           0           0           0           0       28753           0        1515           0           0           0        1563           0          72           0           0           0           0           0           0           0
           0           0           0           0           0           0           0           0           0           0           0           0           0           0       11826           0        1244           0          25           0
 Accuracy:    0.008   0.010   0.008   1.132
 Finished due to accuracy    8.2248305969279695E-003   1.0000000000000000E-002

 -------------------------------------------------------------------------------
 Accumulated results:   Integral =  0.2136E-12
                        Std dev  =  0.1652E-14
                       Cross sec =  0.2136E-12
             Chi**2 per DoF.     =      1.1316
 -------------------------------------------------------------------------------
 Found         8839  events.
 Wrote         2903  events.
 Actual xsec    2.1381080229475788E-013
 Correct abs xsec    2.1381080229475788E-013
 Event xsec    2.1381080229477899E-013
 Events wgts > 1:           84
 % Cross section > 1:    2.1091918444468006E-015  0.98647581030020981     
-------------------------------------------------
---------------------------
 Results Last   3 iters: Integral =   0.2138E-12
                     Abs integral =   0.2138E-12
                          Std dev =   0.1665E-14
                  Chi**2 per DoF. =      0.0952
-------------------------------------------------
---------------------------
 Status   1.0000000000000000E-002           7           8

ls status:
events.lhe
ftn25
ftn26
input_app.txt
results.dat
run1_app.log
