==== LHAPDF6 USING DEFAULT-TYPE LHAGLUE INTERFACE ====
LHAPDF 6.2.1 loading /cvmfs/cms.cern.ch/slc6_amd64_gcc481/external/lhapdf/6.2.1/share/LHAPDF/NNPDF30_lo_as_0130_nf_4/NNPDF30_lo_as_0130_nf_4_0000.dat
NNPDF30_lo_as_0130_nf_4 PDF set, member #0, version 2; LHAPDF ID = 263400
 Process in group number            1
 A PDF is used, so alpha_s(MZ) is going to be modified
 Old value of alpha_s from param_card:   0.11799999999999999     
 New value of alpha_s from PDF lhapdf :  0.12470044313224841     
 using LHAPDF
 Warning: pt or E min of a jet should in general be >0
 Warning: pt or E min of a jet should in general be >0
 Warning: pt or E min of a jet should in general be >0
 Warning: pt or E min of a jet should in general be >0
 Warning: pt or E min of a jet should in general be >0
 Warning: pt or E min of a jet should in general be >0
 *****************************************************
 *               MadGraph/MadEvent                   *
 *        --------------------------------           *
 *          http://madgraph.hep.uiuc.edu             *
 *          http://madgraph.phys.ucl.ac.be           *
 *          http://madgraph.roma2.infn.it            *
 *        --------------------------------           *
 *                                                   *
 *          PARAMETER AND COUPLING VALUES            *
 *                                                   *
 *****************************************************

  External Params
  ---------------------------------
  
 mdl_LR =    1000.0000000000000     
 mdl_xi =    1.0000000000000000E-008
 mdl_ReFmeio =   -1.8123300000000000     
 mdl_FmeioH =   -1.5442800000000001     
 mdl_ImFmeio =    1.4062200000000000     
 mdl_K =    35.000000000000000     
 aEWM1 =    127.90000000000001     
 mdl_Gf =    1.1663780000000000E-005
 aS =   0.11799999999999999     
 mdl_lamWS =   0.22530000000000000     
 mdl_AWS =   0.80800000000000005     
 mdl_rhoWS =   0.13200000000000001     
 mdl_etaWS =   0.34100000000000003     
 mdl_ymc =    0.0000000000000000     
 mdl_ymb =    4.7999999999999998     
 mdl_ymt =    172.50000000000000     
 mdl_yme =    5.1099999999999995E-004
 mdl_ymm =   0.10566000000000000     
 mdl_ymtau =    1.7769999999999999     
 mdl_MC =    0.0000000000000000     
 mdl_MT =    172.50000000000000     
 mdl_MB =    4.7999999999999998     
 mdl_MZ =    91.187600000000003     
 mdl_MH =    125.00000000000000     
 mdl_MH02 =    3500.0000000000000     
 mdl_Me =    5.1099999999999995E-004
 mdl_MM =   0.10566000000000000     
 mdl_MTA =    1.7769999999999999     
 mdl_MP =    120.00000000000000     
 mdl_WT =    1.4915000000000000     
 mdl_WZ =    2.4952000000000001     
 mdl_WW =    2.0850000000000000     
 mdl_WH =    6.3823389999999999E-003
 mdl_WH02 =    1.0000000000000000E-003
 mdl_WTau =    2.2699999999999998E-012
 mdl_WH1 =    6.3823389999999999E-003
  Internal Params
  ---------------------------------
  
 mdl_lamWS__exp__2 =    5.0760090000000001E-002
 mdl_CKM11 =  ( 0.97461995499999998     ,  0.0000000000000000     )
 mdl_CKM12 =  ( 0.22530000000000000     ,  0.0000000000000000     )
 mdl_complexi =  (  0.0000000000000000     ,  1.0000000000000000     )
 mdl_lamWS__exp__3 =    1.1436248277000001E-002
 mdl_CKM13 =  (  1.2197444962317122E-003, -3.1510066152652563E-003)
 mdl_CKM21 =  (-0.22530000000000000     ,  0.0000000000000000     )
 mdl_CKM22 =  ( 0.97461995499999998     ,  0.0000000000000000     )
 mdl_CKM23 =  (  4.1014152720000002E-002,  0.0000000000000000     )
 mdl_CKM31 =  (  8.0207441115842885E-003, -3.1510066152652563E-003)
 mdl_CKM32 =  ( -4.1014152720000002E-002,  0.0000000000000000     )
 mdl_CKM33 =  (  1.0000000000000000     ,  0.0000000000000000     )
 mdl_MZ__exp__2 =    8315.1783937600012     
 mdl_MZ__exp__4 =    69142191.720053151     
 mdl_sqrt__2 =    1.4142135623730951     
 mdl_MH__exp__6 =    3814697265625.0000     
 mdl_MT__exp__6 =    26347207783447.266     
 mdl_MH__exp__4 =    244140625.00000000     
 mdl_MT__exp__4 =    885434414.06250000     
 mdl_MH__exp__2 =    15625.000000000000     
 mdl_MT__exp__2 =    29756.250000000000     
 mdl_MH02__exp__2 =    12250000.000000000     
 mdl_FmeioMH =  (  1.0470805239420240     ,  0.0000000000000000     )
 mdl_MH02__exp__6 =    1.8382656250000001E+021
 mdl_MH02__exp__4 =    150062500000000.00     
 mdl_FmeioMR =  ( -94881.833128121187     ,  0.0000000000000000     )
 mdl_MH__exp__12 =    1.4551915228366852E+025
 mdl_MH__exp__10 =    9.3132257461547853E+020
 mdl_MH__exp__8 =    59604644775390624.     
 mdl_MH02__exp__12 =    3.3792205080566410E+042
 mdl_MH02__exp__10 =    2.7585473535156252E+035
 mdl_MH02__exp__8 =    2.2518753906250002E+028
 mdl_conjg__CKM11 =  ( 0.97461995499999998     , -0.0000000000000000     )
 mdl_conjg__CKM12 =  ( 0.22530000000000000     , -0.0000000000000000     )
 mdl_conjg__CKM13 =  (  1.2197444962317122E-003,  3.1510066152652563E-003)
 mdl_conjg__CKM21 =  (-0.22530000000000000     , -0.0000000000000000     )
 mdl_conjg__CKM22 =  ( 0.97461995499999998     , -0.0000000000000000     )
 mdl_conjg__CKM23 =  (  4.1014152720000002E-002, -0.0000000000000000     )
 mdl_conjg__CKM31 =  (  8.0207441115842885E-003,  3.1510066152652563E-003)
 mdl_conjg__CKM32 =  ( -4.1014152720000002E-002, -0.0000000000000000     )
 mdl_conjg__CKM33 =  (  1.0000000000000000     , -0.0000000000000000     )
 mdl_aEW =    7.8186082877247844E-003
 mdl_MW =    79.824479864292599     
 mdl_sqrt__aEW =    8.8422894590285753E-002
 mdl_ee =   0.31345100004952897     
 mdl_MW__exp__2 =    6371.9475856048548     
 mdl_sw2 =   0.23369682719175511     
 mdl_cw =   0.87538744154131254     
 mdl_sqrt__sw2 =   0.48342199700857130     
 mdl_sw =   0.48342199700857130     
 mdl_g1 =   0.35807116389244675     
 mdl_gw =   0.64840036653104827     
 mdl_v =    246.21972467830258     
 mdl_v__exp__2 =    60624.152820659125     
 mdl_lam =   0.12886778019168796     
 mdl_yb =    2.7569785922959604E-002
 mdl_yc =    0.0000000000000000     
 mdl_ye =    2.9350334597150747E-006
 mdl_ym =    6.0687991262914842E-004
 mdl_yt =   0.99078918160636087     
 mdl_ytau =    1.0206564496895670E-002
 mdl_muH =    88.388347648318444     
 mdl_Z =    1.0000000018187245     
 mdl_theta =    7.6628352490421455E-011
 mdl_cos__theta =    1.0000000000000000     
 mdl_a =  -0.99999999818127550     
 mdl_sin__theta =    7.6628352490421455E-011
 mdl_b =    7.6628352351055597E-011
 mdl_c =    1.4849811806320228E-008
 mdl_d =    1.0000000000000000     
 mdl_ee__exp__2 =    9.8251529432049817E-002
 mdl_MW__exp__12 =    6.6931902282585363E+022
 mdl_MW__exp__10 =    1.0504151420484712E+019
 mdl_MW__exp__8 =    1648499344880849.5     
 mdl_MW__exp__6 =    258712006452.32019     
 mdl_MW__exp__4 =    40601716.033695541     
 mdl_AH =    3.2896331152571413E-005
 mdl_AR =    2659599862.1444044     
 mdl_gw__exp__2 =   0.42042303531759773     
 mdl_cw__exp__2 =   0.76630317280824489     
 mdl_sw__exp__2 =   0.23369682719175511     
  Internal Params evaluated point by point
  ----------------------------------------
  
 mdl_sqrt__aS =   0.34351128074635334     
 mdl_G__exp__2 =    1.4828317324943823     
 mdl_Gphi =   -6.3554969584608289E-006
 mdl_GR =  (  1.4133715995743603E-004, -1.3204604160005052E-005)
 mdl_GH =  (  5.8894582703556158E-005,  0.0000000000000000     )
  Couplings of heft_radion
  ---------------------------------
  
        GC_55 =  -0.13205E-04  -0.14134E-03
        GC_18 =   0.00000E+00   0.44685E+00
        GC_19 =   0.00000E+00   0.10330E+00
        GC_20 =   0.14447E-02   0.55924E-03
        GC_21 =  -0.00000E+00  -0.10330E+00
        GC_22 =   0.00000E+00   0.44685E+00
        GC_23 =   0.00000E+00   0.18805E-01
        GC_37 =   0.00000E+00   0.51758E+02
        GC_45 =   0.00000E+00   0.44685E+00
        GC_46 =   0.00000E+00   0.10330E+00
        GC_47 =  -0.14447E-02   0.55924E-03
        GC_48 =   0.00000E+00  -0.10330E+00
        GC_49 =   0.00000E+00   0.44685E+00
        GC_50 =   0.00000E+00   0.18805E-01
        GC_58 =   0.31250E+02   0.00000E+00
        GC_59 =   0.10000E-02   0.00000E+00

 Collider parameters:
 --------------------

 Running at P P   machine @    13000.000000000000       GeV
 PDF set = lhapdf 
 alpha_s(Mz)= 0.1247 running at 1 loops.
 alpha_s(Mz)= 0.1247 running at 1 loops.
 Renormalization scale set on event-by-event basis
 Factorization   scale set on event-by-event basis


 getting user params
Enter number of events and max and min iterations: 
 Number of events and iterations         2000           8           3
Enter desired fractional accuracy: 
 Desired fractional accuracy:    1.0000000000000000E-002
Enter 0 for fixed, 2 for adjustable grid: 
Suppress amplitude (0 no, 1 yes)? 
 Using suppressed amplitude.
Exact helicity sum (0 yes, n = number/event)? 
 Explicitly summing over helicities
Enter Configuration Number: 
Running Configuration Number:    1
 Using dconfig=         475
 BW Setting            1           2           1           2           2           1           0           0
 Attempting mappinvarients           1          10
 Completed mapping          10
 about to integrate           22        2000           8           3          22           1
 Using non-zero grid deformation.
 22 dimensions   2000 events 22 invarients  8 iterations  1 config(s),  (0.99)
 Using h-tuple random number sequence.
 fail to read data
 Error opening grid
 Using Uniform Grid!          40
 Using uniform alpha   1.0000000000000000     
 Grid defined OK
 Set CM energy to      13000.00
 Mapping Graph           1  to config           1
 Setting BW          -1           1   79.824479864292599     
Setting grid   2    0.59172E-08   1
 Setting BW          -3           3   125.00000000000000     
Setting grid   4    0.13633E-06   1
Setting grid   5    0.59172E-08   1
 Setting BW          -6           6   125.00000000000000     
 Setting PDF BW          21           7   3500.0000000000000     
 Transforming s_hat BW    7.2485207100591725E-002   2.0710059171597636E-008
 Masses: 0.000E+00 0.000E+00 0.000E+00 0.000E+00 0.480E+01 0.000E+00 0.000E+00 0.000E+00 0.000E+00 0.480E+01
   1   1   2   3   4   5   6   7   8   9  10  11  12  13  14
  15  16  17  18  19  20  21  22
Using random seed offsets     1 :     64
  with seed                   24
 Ranmar initialization seeds       31059        9461
 
 ********************************************
 * You are using the DiscreteSampler module *
 *      part of the MG5_aMC framework       *
 *         Author: Valentin Hirschi         *
 ********************************************
 
  Particle       3       4       5       6       7       8       9      10
      Et >     0.0     0.0     0.0     0.0     0.0     0.0     0.0     0.0
       E >     0.0     0.0     0.0     0.0     0.0     0.0     0.0     0.0
     Eta <    -1.0    -1.0    -1.0    -1.0    -1.0    -1.0    -1.0    -1.0
   xqcut:      0.0     0.0     0.0     0.0     0.0     0.0     0.0     0.0
d R # 3  >    -0.0     0.0     0.0     0.0     0.0     0.0     0.0     0.0
d R # 4  >    -0.0    -0.0     0.0     0.0     0.0     0.0     0.0     0.0
d R # 5  >    -0.0    -0.0    -0.0     0.0     0.0     0.0     0.0     0.0
d R # 6  >    -0.0    -0.0    -0.0    -0.0     0.0     0.0     0.0     0.0
d R # 7  >    -0.0    -0.0    -0.0    -0.0    -0.0     0.0     0.0     0.0
d R # 8  >    -0.0    -0.0    -0.0    -0.0    -0.0    -0.0     0.0     0.0
d R # 9  >    -0.0    -0.0    -0.0    -0.0    -0.0    -0.0    -0.0     0.0
s min # 3>     0.0     0.0     0.0     0.0     0.0     0.0     0.0     0.0
s min # 4>     0.0     0.0     0.0     0.0     0.0     0.0     0.0     0.0
s min # 5>     0.0     0.0     0.0     0.0     0.0     0.0     0.0     0.0
s min # 6>     0.0     0.0     0.0     0.0     0.0     0.0     0.0     0.0
s min # 7>     0.0     0.0     0.0     0.0     0.0     0.0     0.0     0.0
s min # 8>     0.0     0.0     0.0     0.0     0.0     0.0     0.0     0.0
s min # 9>     0.0     0.0     0.0     0.0     0.0     0.0     0.0     0.0
xqcutij # 3>     0.0     0.0     0.0     0.0     0.0     0.0     0.0     0.0
xqcutij # 4>     0.0     0.0     0.0     0.0     0.0     0.0     0.0     0.0
xqcutij # 5>     0.0     0.0     0.0     0.0     0.0     0.0     0.0     0.0
xqcutij # 6>     0.0     0.0     0.0     0.0     0.0     0.0     0.0     0.0
xqcutij # 7>     0.0     0.0     0.0     0.0     0.0     0.0     0.0     0.0
xqcutij # 8>     0.0     0.0     0.0     0.0     0.0     0.0     0.0     0.0
xqcutij # 9>     0.0     0.0     0.0     0.0     0.0     0.0     0.0     0.0
 Requiring BW           -1           1
 Excluding BW           -2           2
 Requiring BW           -3           3
 Excluding BW           -4           4
 Excluding BW           -5           5
 Requiring BW           -6           6
 No cut BW           -7           7
 alpha_s for scale    3500.0005080744459       is    7.7778522209313111E-002
 Added good helicity            1   498.68486937346040       in event            1 local:           1
 Added good helicity            2   5.5458120456579874       in event            1 local:           1
 Added good helicity           33   7.6838672544150759       in event            1 local:           1
 Added good helicity           34   8.5451326466573441E-002  in event            1 local:           1
 Added good helicity          769   498.68486937346040       in event            1 local:           1
 Added good helicity          770   5.5458120456579874       in event            1 local:           1
 Added good helicity          801   7.6838672544150759       in event            1 local:           1
 Added good helicity          802   8.5451326466573441E-002  in event            1 local:           1
 RESET CUMULATIVE VARIABLE
 RESET CUMULATIVE VARIABLE
 Iteration  1   Mean: 0.1433E-08 Abs mean: 0.1433E-08   Fluctuation:  0.454E-09   0.596E-06    10.6%
  1    0.1433E-08 0.1433E-08 +- 0.4536E-09     14.16
 Writing out events   8.4235728485144443E-013   14.161913101050725     
 Relative summed weights:
  0.3128E-01  0.0000E+00  0.9507E+00  0.0000E+00  0.3471E-04  0.0000E+00  0.1803E-01  0.0000E+00
 Relative number of events:
  0.5575E-01  0.0000E+00  0.8920E+00  0.0000E+00  0.2987E-02  0.0000E+00  0.4928E-01  0.0000E+00
 Events:
         112           0        1792           0           6           0          99           0
 Iteration  2   Mean: 0.1961E-08 Abs mean: 0.1961E-08   Fluctuation:  0.320E-09   0.774E-06    56.7%
  2    0.1961E-08 0.1961E-08 +- 0.3201E-09     10.33
 Relative summed weights:
  0.2478E-01  0.0000E+00  0.9524E+00  0.0000E+00  0.2778E-02  0.0000E+00  0.2007E-01  0.0000E+00
 Relative number of events:
  0.4975E-01  0.0000E+00  0.8972E+00  0.0000E+00  0.2750E-02  0.0000E+00  0.5025E-01  0.0000E+00
 Events:
         199           0        3589           0          11           0         201           0
 Iteration  3   Mean: 0.2088E-08 Abs mean: 0.2088E-08   Fluctuation:  0.152E-09   0.501E-06    71.8%
  3    0.2088E-08 0.2088E-08 +- 0.1517E-09      6.50
 Relative summed weights:
  0.5873E-01  0.0000E+00  0.8814E+00  0.0000E+00  0.1394E-02  0.0000E+00  0.5846E-01  0.0000E+00
 Relative number of events:
  0.4700E-01  0.0000E+00  0.8992E+00  0.0000E+00  0.2625E-02  0.0000E+00  0.5112E-01  0.0000E+00
 Events:
         376           0        7194           0          21           0         409           0
 Accuracy:    0.047   0.010   0.065   0.522
 Found          632  events.
 Wrote           27  events.
 Actual xsec    2.0398380402825473E-009
 Correct abs xsec    2.0398380402825473E-009
 Event xsec    2.0398380402825482E-009
 Events wgts > 1:            2
 % Cross section > 1:    1.4094688001854376E-011  0.69097093609951743     
 Iteration  4   Mean: 0.2272E-08 Abs mean: 0.2272E-08   Fluctuation:  0.747E-10   0.274E-06    71.0%
  4    0.2272E-08 0.2272E-08 +- 0.7473E-10      4.16
 Relative summed weights:
  0.5646E-01  0.0000E+00  0.8937E+00  0.0000E+00  0.4050E-02  0.0000E+00  0.4581E-01  0.0000E+00
 Relative number of events:
  0.5013E-01  0.0000E+00  0.8985E+00  0.0000E+00  0.2563E-02  0.0000E+00  0.4881E-01  0.0000E+00
 Events:
         802           0       14376           0          41           0         781           0
 Accuracy:    0.029   0.010   0.029   0.979
 Found         1634  events.
 Wrote          206  events.
 Actual xsec    2.2318849980960088E-009
 Correct abs xsec    2.2318849980960088E-009
 Event xsec    2.2318849980959960E-009
 Events wgts > 1:           10
 % Cross section > 1:    1.9055467702938146E-011  0.85378358289939760     
 Iteration  5   Mean: 0.2403E-08 Abs mean: 0.2403E-08   Fluctuation:  0.416E-10   0.310E-06    67.1%
Thanks for using LHAPDF 6.2.1. Please make sure to cite the paper:
  Eur.Phys.J. C75 (2015) 3, 132  (http://arxiv.org/abs/1412.7420)
  5    0.2403E-08 0.2403E-08 +- 0.4157E-10      3.09
 Relative summed weights:
  0.4286E-01  0.0000E+00  0.9154E+00  0.0000E+00  0.2841E-02  0.0000E+00  0.3893E-01  0.0000E+00
 Relative number of events:
  0.4853E-01  0.0000E+00  0.9025E+00  0.0000E+00  0.3250E-02  0.0000E+00  0.4575E-01  0.0000E+00
 Events:
        1553           0       28879           0         104           0        1464           0
 Accuracy:    0.020   0.010   0.015   1.880
 Found         4016  events.
 Wrote          678  events.
 Actual xsec    2.3622941957860047E-009
 Correct abs xsec    2.3622941957860047E-009
 Event xsec    2.3622941957859977E-009
 Events wgts > 1:           18
 % Cross section > 1:    2.2069442675192042E-011  0.93423768786126804     
 Iteration  6   Mean: 0.2473E-08 Abs mean: 0.2473E-08   Fluctuation:  0.248E-10   0.298E-06    65.8%
  6    0.2473E-08 0.2473E-08 +- 0.2479E-10      2.54
 Relative summed weights:
  0.4830E-01  0.0000E+00  0.9034E+00  0.0000E+00  0.2237E-02  0.0000E+00  0.4606E-01  0.0000E+00
 Relative number of events:
  0.4845E-01  0.0000E+00  0.9000E+00  0.0000E+00  0.2469E-02  0.0000E+00  0.4911E-01  0.0000E+00
 Events:
        3101           0       57598           0         158           0        3143           0
 Accuracy:    0.014   0.010   0.008   2.804
 Found         8544  events.
 Wrote         2135  events.
 Actual xsec    2.4431423349836326E-009
 Correct abs xsec    2.4431423349836326E-009
 Event xsec    2.4431423349836219E-009
 Events wgts > 1:           37
 % Cross section > 1:    2.4046601191916248E-011  0.98424888503589569     
 Iteration  7   Mean: 0.2433E-08 Abs mean: 0.2433E-08   Fluctuation:  0.140E-10   0.133E-06    61.6%
  7    0.2433E-08 0.2433E-08 +- 0.1403E-10      2.06
 Relative summed weights:
  0.4710E-01  0.0000E+00  0.9019E+00  0.0000E+00  0.2398E-02  0.0000E+00  0.4856E-01  0.0000E+00
 Relative number of events:
  0.4793E-01  0.0000E+00  0.9014E+00  0.0000E+00  0.2375E-02  0.0000E+00  0.4830E-01  0.0000E+00
 Events:
        6135           0      115379           0         304           0        6182           0
 Accuracy:    0.007   0.010   0.005   2.344
 Finished due to accuracy    7.2558493773777696E-003   1.0000000000000000E-002

 -------------------------------------------------------------------------------
 Accumulated results:   Integral =  0.2434E-08
                        Std dev  =  0.1154E-10
                       Cross sec =  0.2434E-08
             Chi**2 per DoF.     =      2.3439
 -------------------------------------------------------------------------------
 Found        18674  events.
 Wrote         7736  events.
 Actual xsec    2.4400080063443127E-009
 Correct abs xsec    2.4400080063443127E-009
 Event xsec    2.4400080063436931E-009
 Events wgts > 1:          229
 % Cross section > 1:    2.4397784735392314E-011  0.99990592948717183     
-------------------------------------------------
---------------------------
 Results Last   3 iters: Integral =   0.2440E-08
                     Abs integral =   0.2440E-08
                          Std dev =   0.1172E-10
                  Chi**2 per DoF. =      1.3768
-------------------------------------------------
---------------------------
 Status   1.0000000000000000E-002           8           8

ls status:
events.lhe
ftn25
ftn26
input_app.txt
results.dat
run1_app.log
