==== LHAPDF6 USING DEFAULT-TYPE LHAGLUE INTERFACE ====
LHAPDF 6.2.1 loading /cvmfs/cms.cern.ch/slc6_amd64_gcc481/external/lhapdf/6.2.1/share/LHAPDF/NNPDF30_lo_as_0130_nf_4/NNPDF30_lo_as_0130_nf_4_0000.dat
NNPDF30_lo_as_0130_nf_4 PDF set, member #0, version 2; LHAPDF ID = 263400
 Process in group number            1
 A PDF is used, so alpha_s(MZ) is going to be modified
 Old value of alpha_s from param_card:   0.11799999999999999     
 New value of alpha_s from PDF lhapdf :  0.12470044313224841     
 using LHAPDF
 Warning: pt or E min of a jet should in general be >0
 Warning: pt or E min of a jet should in general be >0
 Warning: pt or E min of a jet should in general be >0
 Warning: pt or E min of a jet should in general be >0
 Warning: pt or E min of a jet should in general be >0
 Warning: pt or E min of a jet should in general be >0
 Warning: pt or E min of a jet should in general be >0
 *****************************************************
 *               MadGraph/MadEvent                   *
 *        --------------------------------           *
 *          http://madgraph.hep.uiuc.edu             *
 *          http://madgraph.phys.ucl.ac.be           *
 *          http://madgraph.roma2.infn.it            *
 *        --------------------------------           *
 *                                                   *
 *          PARAMETER AND COUPLING VALUES            *
 *                                                   *
 *****************************************************

  External Params
  ---------------------------------
  
 mdl_LR =    1000.0000000000000     
 mdl_xi =    1.0000000000000000E-008
 mdl_ReFmeio =   -1.8123300000000000     
 mdl_FmeioH =   -1.5442800000000001     
 mdl_ImFmeio =    1.4062200000000000     
 mdl_K =    35.000000000000000     
 aEWM1 =    127.90000000000001     
 mdl_Gf =    1.1663780000000000E-005
 aS =   0.11799999999999999     
 mdl_lamWS =   0.22530000000000000     
 mdl_AWS =   0.80800000000000005     
 mdl_rhoWS =   0.13200000000000001     
 mdl_etaWS =   0.34100000000000003     
 mdl_ymc =    0.0000000000000000     
 mdl_ymb =    4.7999999999999998     
 mdl_ymt =    172.50000000000000     
 mdl_yme =    5.1099999999999995E-004
 mdl_ymm =   0.10566000000000000     
 mdl_ymtau =    1.7769999999999999     
 mdl_MC =    0.0000000000000000     
 mdl_MT =    172.50000000000000     
 mdl_MB =    4.7999999999999998     
 mdl_MZ =    91.187600000000003     
 mdl_MH =    125.00000000000000     
 mdl_MH02 =    3500.0000000000000     
 mdl_Me =    5.1099999999999995E-004
 mdl_MM =   0.10566000000000000     
 mdl_MTA =    1.7769999999999999     
 mdl_MP =    120.00000000000000     
 mdl_WT =    1.4915000000000000     
 mdl_WZ =    2.4952000000000001     
 mdl_WW =    2.0850000000000000     
 mdl_WH =    6.3823389999999999E-003
 mdl_WH02 =    1.0000000000000000E-003
 mdl_WTau =    2.2699999999999998E-012
 mdl_WH1 =    6.3823389999999999E-003
  Internal Params
  ---------------------------------
  
 mdl_lamWS__exp__2 =    5.0760090000000001E-002
 mdl_CKM11 =  ( 0.97461995499999998     ,  0.0000000000000000     )
 mdl_CKM12 =  ( 0.22530000000000000     ,  0.0000000000000000     )
 mdl_complexi =  (  0.0000000000000000     ,  1.0000000000000000     )
 mdl_lamWS__exp__3 =    1.1436248277000001E-002
 mdl_CKM13 =  (  1.2197444962317122E-003, -3.1510066152652563E-003)
 mdl_CKM21 =  (-0.22530000000000000     ,  0.0000000000000000     )
 mdl_CKM22 =  ( 0.97461995499999998     ,  0.0000000000000000     )
 mdl_CKM23 =  (  4.1014152720000002E-002,  0.0000000000000000     )
 mdl_CKM31 =  (  8.0207441115842885E-003, -3.1510066152652563E-003)
 mdl_CKM32 =  ( -4.1014152720000002E-002,  0.0000000000000000     )
 mdl_CKM33 =  (  1.0000000000000000     ,  0.0000000000000000     )
 mdl_MZ__exp__2 =    8315.1783937600012     
 mdl_MZ__exp__4 =    69142191.720053151     
 mdl_sqrt__2 =    1.4142135623730951     
 mdl_MH__exp__6 =    3814697265625.0000     
 mdl_MT__exp__6 =    26347207783447.266     
 mdl_MH__exp__4 =    244140625.00000000     
 mdl_MT__exp__4 =    885434414.06250000     
 mdl_MH__exp__2 =    15625.000000000000     
 mdl_MT__exp__2 =    29756.250000000000     
 mdl_MH02__exp__2 =    12250000.000000000     
 mdl_FmeioMH =  (  1.0470805239420240     ,  0.0000000000000000     )
 mdl_MH02__exp__6 =    1.8382656250000001E+021
 mdl_MH02__exp__4 =    150062500000000.00     
 mdl_FmeioMR =  ( -94881.833128121187     ,  0.0000000000000000     )
 mdl_MH__exp__12 =    1.4551915228366852E+025
 mdl_MH__exp__10 =    9.3132257461547853E+020
 mdl_MH__exp__8 =    59604644775390624.     
 mdl_MH02__exp__12 =    3.3792205080566410E+042
 mdl_MH02__exp__10 =    2.7585473535156252E+035
 mdl_MH02__exp__8 =    2.2518753906250002E+028
 mdl_conjg__CKM11 =  ( 0.97461995499999998     , -0.0000000000000000     )
 mdl_conjg__CKM12 =  ( 0.22530000000000000     , -0.0000000000000000     )
 mdl_conjg__CKM13 =  (  1.2197444962317122E-003,  3.1510066152652563E-003)
 mdl_conjg__CKM21 =  (-0.22530000000000000     , -0.0000000000000000     )
 mdl_conjg__CKM22 =  ( 0.97461995499999998     , -0.0000000000000000     )
 mdl_conjg__CKM23 =  (  4.1014152720000002E-002, -0.0000000000000000     )
 mdl_conjg__CKM31 =  (  8.0207441115842885E-003,  3.1510066152652563E-003)
 mdl_conjg__CKM32 =  ( -4.1014152720000002E-002, -0.0000000000000000     )
 mdl_conjg__CKM33 =  (  1.0000000000000000     , -0.0000000000000000     )
 mdl_aEW =    7.8186082877247844E-003
 mdl_MW =    79.824479864292599     
 mdl_sqrt__aEW =    8.8422894590285753E-002
 mdl_ee =   0.31345100004952897     
 mdl_MW__exp__2 =    6371.9475856048548     
 mdl_sw2 =   0.23369682719175511     
 mdl_cw =   0.87538744154131254     
 mdl_sqrt__sw2 =   0.48342199700857130     
 mdl_sw =   0.48342199700857130     
 mdl_g1 =   0.35807116389244675     
 mdl_gw =   0.64840036653104827     
 mdl_v =    246.21972467830258     
 mdl_v__exp__2 =    60624.152820659125     
 mdl_lam =   0.12886778019168796     
 mdl_yb =    2.7569785922959604E-002
 mdl_yc =    0.0000000000000000     
 mdl_ye =    2.9350334597150747E-006
 mdl_ym =    6.0687991262914842E-004
 mdl_yt =   0.99078918160636087     
 mdl_ytau =    1.0206564496895670E-002
 mdl_muH =    88.388347648318444     
 mdl_Z =    1.0000000018187245     
 mdl_theta =    7.6628352490421455E-011
 mdl_cos__theta =    1.0000000000000000     
 mdl_a =  -0.99999999818127550     
 mdl_sin__theta =    7.6628352490421455E-011
 mdl_b =    7.6628352351055597E-011
 mdl_c =    1.4849811806320228E-008
 mdl_d =    1.0000000000000000     
 mdl_ee__exp__2 =    9.8251529432049817E-002
 mdl_MW__exp__12 =    6.6931902282585363E+022
 mdl_MW__exp__10 =    1.0504151420484712E+019
 mdl_MW__exp__8 =    1648499344880849.5     
 mdl_MW__exp__6 =    258712006452.32019     
 mdl_MW__exp__4 =    40601716.033695541     
 mdl_AH =    3.2896331152571413E-005
 mdl_AR =    2659599862.1444044     
 mdl_gw__exp__2 =   0.42042303531759773     
 mdl_cw__exp__2 =   0.76630317280824489     
 mdl_sw__exp__2 =   0.23369682719175511     
  Internal Params evaluated point by point
  ----------------------------------------
  
 mdl_sqrt__aS =   0.34351128074635334     
 mdl_G__exp__2 =    1.4828317324943823     
 mdl_Gphi =   -6.3554969584608289E-006
 mdl_GR =  (  1.4133715995743603E-004, -1.3204604160005052E-005)
 mdl_GH =  (  5.8894582703556158E-005,  0.0000000000000000     )
  Couplings of heft_radion
  ---------------------------------
  
        GC_55 =  -0.13205E-04  -0.14134E-03
        GC_18 =   0.00000E+00   0.44685E+00
        GC_19 =   0.00000E+00   0.10330E+00
        GC_20 =   0.14447E-02   0.55924E-03
        GC_21 =  -0.00000E+00  -0.10330E+00
        GC_22 =   0.00000E+00   0.44685E+00
        GC_23 =   0.00000E+00   0.18805E-01
        GC_37 =   0.00000E+00   0.51758E+02
        GC_45 =   0.00000E+00   0.44685E+00
        GC_46 =   0.00000E+00   0.10330E+00
        GC_47 =  -0.14447E-02   0.55924E-03
        GC_48 =   0.00000E+00  -0.10330E+00
        GC_49 =   0.00000E+00   0.44685E+00
        GC_50 =   0.00000E+00   0.18805E-01
        GC_58 =   0.31250E+02   0.00000E+00
        GC_59 =   0.10000E-02   0.00000E+00

 Collider parameters:
 --------------------

 Running at P P   machine @    13000.000000000000       GeV
 PDF set = lhapdf 
 alpha_s(Mz)= 0.1247 running at 1 loops.
 alpha_s(Mz)= 0.1247 running at 1 loops.
 Renormalization scale set on event-by-event basis
 Factorization   scale set on event-by-event basis


 getting user params
Enter number of events and max and min iterations: 
 Number of events and iterations         2000           8           3
Enter desired fractional accuracy: 
 Desired fractional accuracy:    1.0000000000000000E-002
Enter 0 for fixed, 2 for adjustable grid: 
Suppress amplitude (0 no, 1 yes)? 
 Using suppressed amplitude.
Exact helicity sum (0 yes, n = number/event)? 
 Explicitly summing over helicities
Enter Configuration Number: 
Running Configuration Number:    1
 Using dconfig=         392
 BW Setting            2           1           1           2           1           1           0           0
 Attempting mappinvarients           1          10
 Completed mapping          10
 about to integrate           22        2000           8           3          22           1
 Using non-zero grid deformation.
 22 dimensions   2000 events 22 invarients  8 iterations  1 config(s),  (0.99)
 Using h-tuple random number sequence.
 fail to read data
 Error opening grid
 Using Uniform Grid!          40
 Using uniform alpha   1.0000000000000000     
 Grid defined OK
 Set CM energy to      13000.00
 Mapping Graph           1  to config           1
Setting grid   1    0.13633E-06   1
 Setting BW          -2           2   79.824479864292599     
 Setting BW          -3           3   125.00000000000000     
Setting grid   4    0.59172E-08   1
 Setting BW          -5           5   79.824479864292599     
 Setting BW          -6           6   125.00000000000000     
 Setting PDF BW          21           7   3500.0000000000000     
 Transforming s_hat BW    7.2485207100591725E-002   2.0710059171597636E-008
 Masses: 0.000E+00 0.000E+00 0.000E+00 0.000E+00 0.000E+00 0.000E+00 0.000E+00 0.000E+00 0.000E+00 0.480E+01
   1   1   2   3   4   5   6   7   8   9  10  11  12  13  14
  15  16  17  18  19  20  21  22
Using random seed offsets     1 :     26
  with seed                   24
 Ranmar initialization seeds       31059        9423
 
 ********************************************
 * You are using the DiscreteSampler module *
 *      part of the MG5_aMC framework       *
 *         Author: Valentin Hirschi         *
 ********************************************
 
  Particle       3       4       5       6       7       8       9      10
      Et >     0.0     0.0     0.0     0.0     0.0     0.0     0.0     0.0
       E >     0.0     0.0     0.0     0.0     0.0     0.0     0.0     0.0
     Eta <    -1.0    -1.0    -1.0    -1.0    -1.0    -1.0    -1.0    -1.0
   xqcut:      0.0     0.0     0.0     0.0     0.0     0.0     0.0     0.0
d R # 3  >    -0.0     0.0     0.0     0.0     0.0     0.0     0.0     0.0
d R # 4  >    -0.0    -0.0     0.0     0.0     0.0     0.0     0.0     0.0
d R # 5  >    -0.0    -0.0    -0.0     0.0     0.0     0.0     0.0     0.0
d R # 6  >    -0.0    -0.0    -0.0    -0.0     0.0     0.0     0.0     0.0
d R # 7  >    -0.0    -0.0    -0.0    -0.0    -0.0     0.0     0.0     0.0
d R # 8  >    -0.0    -0.0    -0.0    -0.0    -0.0    -0.0     0.0     0.0
d R # 9  >    -0.0    -0.0    -0.0    -0.0    -0.0    -0.0    -0.0     0.0
s min # 3>     0.0     0.0     0.0     0.0     0.0     0.0     0.0     0.0
s min # 4>     0.0     0.0     0.0     0.0     0.0     0.0     0.0     0.0
s min # 5>     0.0     0.0     0.0     0.0     0.0     0.0     0.0     0.0
s min # 6>     0.0     0.0     0.0     0.0     0.0     0.0     0.0     0.0
s min # 7>     0.0     0.0     0.0     0.0     0.0     0.0     0.0     0.0
s min # 8>     0.0     0.0     0.0     0.0     0.0     0.0     0.0     0.0
s min # 9>     0.0     0.0     0.0     0.0     0.0     0.0     0.0     0.0
xqcutij # 3>     0.0     0.0     0.0     0.0     0.0     0.0     0.0     0.0
xqcutij # 4>     0.0     0.0     0.0     0.0     0.0     0.0     0.0     0.0
xqcutij # 5>     0.0     0.0     0.0     0.0     0.0     0.0     0.0     0.0
xqcutij # 6>     0.0     0.0     0.0     0.0     0.0     0.0     0.0     0.0
xqcutij # 7>     0.0     0.0     0.0     0.0     0.0     0.0     0.0     0.0
xqcutij # 8>     0.0     0.0     0.0     0.0     0.0     0.0     0.0     0.0
xqcutij # 9>     0.0     0.0     0.0     0.0     0.0     0.0     0.0     0.0
 Excluding BW           -1           1
 Requiring BW           -2           2
 Requiring BW           -3           3
 Excluding BW           -4           4
 Requiring BW           -5           5
 Requiring BW           -6           6
 No cut BW           -7           7
 alpha_s for scale    3500.0002521611505       is    7.7778522795690613E-002
 Added good helicity            1   502.66235005046383       in event            1 local:           1
 Added good helicity            2   9.3376499495361909       in event            1 local:           1
 Added good helicity          769   502.66235005046383       in event            1 local:           1
 Added good helicity          770   9.3376499495361909       in event            1 local:           1
 RESET CUMULATIVE VARIABLE
 RESET CUMULATIVE VARIABLE
 Iteration  1   Mean: 0.4631E-07 Abs mean: 0.4631E-07   Fluctuation:  0.740E-08   0.715E-05    13.9%
  1    0.4631E-07 0.4631E-07 +- 0.7396E-08      7.14
 Writing out events   2.0751328763613027E-011   7.1431748762689331     
 Relative summed weights:
  0.7886E-02  0.0000E+00  0.0000E+00  0.0000E+00  0.0000E+00  0.0000E+00  0.0000E+00  0.0000E+00  0.0000E+00  0.0000E+00  0.0000E+00  0.0000E+00  0.0000E+00  0.0000E+00  0.0000E+00  0.0000E+00  0.0000E+00  0.0000E+00  0.0000E+00  0.0000E+00
  0.0000E+00  0.0000E+00  0.3964E-01  0.0000E+00  0.2950E-02  0.0000E+00  0.0000E+00  0.0000E+00  0.5311E-05  0.0000E+00  0.0000E+00  0.0000E+00  0.7625E+00  0.0000E+00  0.1073E+00  0.0000E+00  0.7963E-01  0.0000E+00  0.2274E-04  0.0000E+00
 Relative number of events:
  0.3982E-02  0.0000E+00  0.0000E+00  0.0000E+00  0.0000E+00  0.0000E+00  0.0000E+00  0.0000E+00  0.0000E+00  0.0000E+00  0.0000E+00  0.0000E+00  0.0000E+00  0.0000E+00  0.0000E+00  0.0000E+00  0.0000E+00  0.0000E+00  0.0000E+00  0.0000E+00
  0.0000E+00  0.0000E+00  0.4082E-01  0.0000E+00  0.3982E-02  0.0000E+00  0.0000E+00  0.0000E+00  0.4978E-03  0.0000E+00  0.0000E+00  0.0000E+00  0.8661E+00  0.0000E+00  0.3683E-01  0.0000E+00  0.4530E-01  0.0000E+00  0.2489E-02  0.0000E+00
 Events:
           8           0           0           0           0           0           0           0           0           0           0           0           0           0           0           0           0           0           0           0
           0           0          82           0           8           0           0           0           1           0           0           0        1740           0          74           0          91           0           5           0
 Iteration  2   Mean: 0.6004E-07 Abs mean: 0.6004E-07   Fluctuation:  0.484E-08   0.773E-05    61.1%
  2    0.6004E-07 0.6004E-07 +- 0.4842E-08      5.10
 Relative summed weights:
  0.7959E-03  0.0000E+00  0.0000E+00  0.0000E+00  0.0000E+00  0.0000E+00  0.0000E+00  0.0000E+00  0.0000E+00  0.0000E+00  0.0000E+00  0.0000E+00  0.0000E+00  0.0000E+00  0.0000E+00  0.0000E+00  0.0000E+00  0.0000E+00  0.0000E+00  0.0000E+00
  0.0000E+00  0.0000E+00  0.2494E-01  0.0000E+00  0.3969E-03  0.0000E+00  0.0000E+00  0.0000E+00  0.7078E-03  0.0000E+00  0.0000E+00  0.0000E+00  0.8726E+00  0.0000E+00  0.4882E-01  0.0000E+00  0.4464E-01  0.0000E+00  0.7118E-02  0.0000E+00
 Relative number of events:
  0.1750E-02  0.0000E+00  0.0000E+00  0.0000E+00  0.0000E+00  0.0000E+00  0.0000E+00  0.0000E+00  0.0000E+00  0.0000E+00  0.0000E+00  0.0000E+00  0.0000E+00  0.0000E+00  0.0000E+00  0.0000E+00  0.0000E+00  0.0000E+00  0.0000E+00  0.0000E+00
  0.0000E+00  0.0000E+00  0.5150E-01  0.0000E+00  0.2250E-02  0.0000E+00  0.0000E+00  0.0000E+00  0.3250E-02  0.0000E+00  0.0000E+00  0.0000E+00  0.8440E+00  0.0000E+00  0.4675E-01  0.0000E+00  0.4750E-01  0.0000E+00  0.3000E-02  0.0000E+00
 Events:
           7           0           0           0           0           0           0           0           0           0           0           0           0           0           0           0           0           0           0           0
           0           0         206           0           9           0           0           0          13           0           0           0        3376           0         187           0         190           0          12           0
 Iteration  3   Mean: 0.4611E-07 Abs mean: 0.4611E-07   Fluctuation:  0.145E-08   0.225E-05    67.8%
  3    0.4611E-07 0.4611E-07 +- 0.1455E-08      2.82
 Relative summed weights:
  0.2348E-02  0.0000E+00  0.0000E+00  0.0000E+00  0.0000E+00  0.0000E+00  0.7909E-04  0.0000E+00  0.0000E+00  0.0000E+00  0.0000E+00  0.0000E+00  0.0000E+00  0.0000E+00  0.0000E+00  0.0000E+00  0.0000E+00  0.0000E+00  0.0000E+00  0.0000E+00
  0.0000E+00  0.0000E+00  0.4737E-01  0.0000E+00  0.1584E-02  0.0000E+00  0.0000E+00  0.0000E+00  0.6052E-02  0.0000E+00  0.0000E+00  0.0000E+00  0.8497E+00  0.0000E+00  0.4809E-01  0.0000E+00  0.4267E-01  0.0000E+00  0.2071E-02  0.0000E+00
 Relative number of events:
  0.2875E-02  0.0000E+00  0.0000E+00  0.0000E+00  0.0000E+00  0.0000E+00  0.1250E-03  0.0000E+00  0.0000E+00  0.0000E+00  0.0000E+00  0.0000E+00  0.0000E+00  0.0000E+00  0.0000E+00  0.0000E+00  0.0000E+00  0.0000E+00  0.0000E+00  0.0000E+00
  0.0000E+00  0.0000E+00  0.4337E-01  0.0000E+00  0.1375E-02  0.0000E+00  0.0000E+00  0.0000E+00  0.1625E-02  0.0000E+00  0.0000E+00  0.0000E+00  0.8531E+00  0.0000E+00  0.4600E-01  0.0000E+00  0.4813E-01  0.0000E+00  0.3375E-02  0.0000E+00
 Events:
          23           0           0           0           0           0           1           0           0           0           0           0           0           0           0           0           0           0           0           0
           0           0         347           0          11           0           0           0          13           0           0           0        6825           0         368           0         385           0          27           0
 Accuracy:    0.069   0.010   0.029   5.665
 Found          812  events.
 Wrote          263  events.
 Actual xsec    4.7901982759049420E-008
 Correct abs xsec    4.7901982759049420E-008
 Event xsec    4.7901982759049705E-008
 Events wgts > 1:            9
 % Cross section > 1:    4.0966016994048838E-010  0.85520503817369620     
 Iteration  4   Mean: 0.4793E-07 Abs mean: 0.4793E-07   Fluctuation:  0.921E-09   0.474E-05    65.5%
  4    0.4793E-07 0.4793E-07 +- 0.9207E-09      2.43
 Relative summed weights:
  0.2745E-02  0.0000E+00  0.0000E+00  0.0000E+00  0.0000E+00  0.0000E+00  0.2345E-03  0.0000E+00  0.0000E+00  0.0000E+00  0.0000E+00  0.0000E+00  0.0000E+00  0.0000E+00  0.0000E+00  0.0000E+00  0.0000E+00  0.0000E+00  0.0000E+00  0.0000E+00
  0.0000E+00  0.0000E+00  0.4840E-01  0.0000E+00  0.3734E-02  0.0000E+00  0.0000E+00  0.0000E+00  0.4466E-02  0.0000E+00  0.0000E+00  0.0000E+00  0.8407E+00  0.0000E+00  0.4444E-01  0.0000E+00  0.5296E-01  0.0000E+00  0.2359E-02  0.0000E+00
 Relative number of events:
  0.3250E-02  0.0000E+00  0.0000E+00  0.0000E+00  0.0000E+00  0.0000E+00  0.6250E-04  0.0000E+00  0.0000E+00  0.0000E+00  0.0000E+00  0.0000E+00  0.0000E+00  0.0000E+00  0.0000E+00  0.0000E+00  0.0000E+00  0.0000E+00  0.0000E+00  0.0000E+00
  0.0000E+00  0.0000E+00  0.4419E-01  0.0000E+00  0.2000E-02  0.0000E+00  0.0000E+00  0.0000E+00  0.2812E-02  0.0000E+00  0.0000E+00  0.0000E+00  0.8571E+00  0.0000E+00  0.4450E-01  0.0000E+00  0.4337E-01  0.0000E+00  0.2687E-02  0.0000E+00
 Events:
          52           0           0           0           0           0           1           0           0           0           0           0           0           0           0           0           0           0           0           0
           0           0         707           0          32           0           0           0          45           0           0           0       13714           0         712           0         694           0          43           0
 Accuracy:    0.031   0.010   0.016   3.773
 Found         2221  events.
 Wrote          524  events.
 Actual xsec    4.7939016256434323E-008
 Correct abs xsec    4.7939016256434323E-008
 Event xsec    4.7939016256434343E-008
 Events wgts > 1:            9
 % Cross section > 1:    4.7295380957918719E-010  0.98657387345888159     
 Iteration  5   Mean: 0.4956E-07 Abs mean: 0.4956E-07   Fluctuation:  0.543E-09   0.162E-05    64.0%
  5    0.4956E-07 0.4956E-07 +- 0.5429E-09      1.96
 Relative summed weights:
  0.2203E-02  0.0000E+00  0.0000E+00  0.0000E+00  0.0000E+00  0.0000E+00  0.4092E-04  0.0000E+00  0.0000E+00  0.0000E+00  0.0000E+00  0.0000E+00  0.0000E+00  0.0000E+00  0.0000E+00  0.0000E+00  0.0000E+00  0.0000E+00  0.0000E+00  0.0000E+00
  0.0000E+00  0.0000E+00  0.4596E-01  0.0000E+00  0.2576E-02  0.0000E+00  0.0000E+00  0.0000E+00  0.2623E-02  0.0000E+00  0.4024E-04  0.0000E+00  0.8534E+00  0.0000E+00  0.4298E-01  0.0000E+00  0.4771E-01  0.0000E+00  0.2481E-02  0.0000E+00
 Relative number of events:
  0.3625E-02  0.0000E+00  0.0000E+00  0.0000E+00  0.0000E+00  0.0000E+00  0.1563E-03  0.0000E+00  0.0000E+00  0.0000E+00  0.0000E+00  0.0000E+00  0.0000E+00  0.0000E+00  0.0000E+00  0.0000E+00  0.0000E+00  0.0000E+00  0.0000E+00  0.0000E+00
  0.0000E+00  0.0000E+00  0.4466E-01  0.0000E+00  0.2437E-02  0.0000E+00  0.0000E+00  0.0000E+00  0.2687E-02  0.0000E+00  0.6250E-04  0.0000E+00  0.8511E+00  0.0000E+00  0.4472E-01  0.0000E+00  0.4778E-01  0.0000E+00  0.2812E-02  0.0000E+00
 Events:
         116           0           0           0           0           0           5           0           0           0           0           0           0           0           0           0           0           0           0           0
           0           0        1429           0          78           0           0           0          86           0           2           0       27234           0        1431           0        1529           0          90           0
 Accuracy:    0.017   0.010   0.009   3.447
 Found         4725  events.
 Wrote         2393  events.
 Actual xsec    4.8907743793404516E-008
 Correct abs xsec    4.8907743793404516E-008
 Event xsec    4.8907743793403802E-008
 Events wgts > 1:           91
 % Cross section > 1:    4.8375316676295385E-010  0.98911364385653333     
 Iteration  6   Mean: 0.4751E-07 Abs mean: 0.4751E-07   Fluctuation:  0.337E-09   0.153E-05    63.2%
  6    0.4751E-07 0.4751E-07 +- 0.3373E-09      1.80
 Relative summed weights:
  0.2801E-02  0.0000E+00  0.0000E+00  0.0000E+00  0.0000E+00  0.0000E+00  0.2107E-03  0.0000E+00  0.0000E+00  0.0000E+00  0.0000E+00  0.0000E+00  0.0000E+00  0.0000E+00  0.0000E+00  0.0000E+00  0.0000E+00  0.0000E+00  0.0000E+00  0.0000E+00
  0.0000E+00  0.0000E+00  0.4529E-01  0.0000E+00  0.2713E-02  0.0000E+00  0.0000E+00  0.0000E+00  0.2393E-02  0.0000E+00  0.3782E-04  0.0000E+00  0.8525E+00  0.0000E+00  0.4747E-01  0.0000E+00  0.4462E-01  0.0000E+00  0.1926E-02  0.0000E+00
 Relative number of events:
  0.3359E-02  0.0000E+00  0.0000E+00  0.0000E+00  0.0000E+00  0.0000E+00  0.1875E-03  0.0000E+00  0.0000E+00  0.0000E+00  0.0000E+00  0.0000E+00  0.0000E+00  0.0000E+00  0.0000E+00  0.0000E+00  0.0000E+00  0.0000E+00  0.0000E+00  0.0000E+00
  0.0000E+00  0.0000E+00  0.4680E-01  0.0000E+00  0.2437E-02  0.0000E+00  0.0000E+00  0.0000E+00  0.2406E-02  0.0000E+00  0.7813E-04  0.0000E+00  0.8501E+00  0.0000E+00  0.4630E-01  0.0000E+00  0.4592E-01  0.0000E+00  0.2375E-02  0.0000E+00
 Events:
         215           0           0           0           0           0          12           0           0           0           0           0           0           0           0           0           0           0           0           0
           0           0        2995           0         156           0           0           0         154           0           5           0       54409           0        2963           0        2939           0         152           0
 Accuracy:    0.012   0.010   0.006   4.401
 Found         9198  events.
 Wrote         6254  events.
 Actual xsec    4.8100073165481254E-008
 Correct abs xsec    4.8100073165481254E-008
 Event xsec    4.8100073165477409E-008
 Events wgts > 1:          251
Thanks for using LHAPDF 6.2.1. Please make sure to cite the paper:
  Eur.Phys.J. C75 (2015) 3, 132  (http://arxiv.org/abs/1412.7420)
 % Cross section > 1:    4.7965833309669567E-010  0.99720915485209305     
 Iteration  7   Mean: 0.4804E-07 Abs mean: 0.4804E-07   Fluctuation:  0.230E-09   0.994E-06    63.3%
  7    0.4804E-07 0.4804E-07 +- 0.2304E-09      1.72
 Relative summed weights:
  0.2331E-02  0.0000E+00  0.0000E+00  0.0000E+00  0.0000E+00  0.0000E+00  0.9508E-04  0.0000E+00  0.0000E+00  0.0000E+00  0.0000E+00  0.0000E+00  0.0000E+00  0.0000E+00  0.0000E+00  0.0000E+00  0.0000E+00  0.0000E+00  0.0000E+00  0.0000E+00
  0.0000E+00  0.0000E+00  0.4537E-01  0.0000E+00  0.2131E-02  0.0000E+00  0.0000E+00  0.0000E+00  0.2426E-02  0.0000E+00  0.6032E-04  0.0000E+00  0.8510E+00  0.0000E+00  0.4776E-01  0.0000E+00  0.4626E-01  0.0000E+00  0.2583E-02  0.0000E+00
 Relative number of events:
  0.2938E-02  0.0000E+00  0.0000E+00  0.0000E+00  0.0000E+00  0.0000E+00  0.1016E-03  0.0000E+00  0.0000E+00  0.0000E+00  0.0000E+00  0.0000E+00  0.0000E+00  0.0000E+00  0.0000E+00  0.0000E+00  0.0000E+00  0.0000E+00  0.0000E+00  0.0000E+00
  0.0000E+00  0.0000E+00  0.4525E-01  0.0000E+00  0.2195E-02  0.0000E+00  0.0000E+00  0.0000E+00  0.2523E-02  0.0000E+00  0.9375E-04  0.0000E+00  0.8541E+00  0.0000E+00  0.4541E-01  0.0000E+00  0.4496E-01  0.0000E+00  0.2453E-02  0.0000E+00
 Events:
         376           0           0           0           0           0          13           0           0           0           0           0           0           0           0           0           0           0           0           0
           0           0        5792           0         281           0           0           0         323           0          12           0      109322           0        5812           0        5755           0         314           0
 Accuracy:    0.007   0.010   0.004   3.675
 Finished due to accuracy    6.9739795285942031E-003   1.0000000000000000E-002

 -------------------------------------------------------------------------------
 Accumulated results:   Integral =  0.4806E-07
                        Std dev  =  0.1748E-09
                       Cross sec =  0.4806E-07
             Chi**2 per DoF.     =      3.6753
 -------------------------------------------------------------------------------
 Found        19888  events.
 Wrote        14792  events.
 Actual xsec    4.8070700415433368E-008
 Correct abs xsec    4.8070700415433368E-008
 Event xsec    4.8070700415437829E-008
 Events wgts > 1:          668
 % Cross section > 1:    4.7918649856107982E-010  0.99683693896665138     
-------------------------------------------------
---------------------------
 Results Last   3 iters: Integral =   0.4807E-07
                     Abs integral =   0.4807E-07
                          Std dev =   0.1796E-09
                  Chi**2 per DoF. =      5.1738
-------------------------------------------------
---------------------------
 Status   1.0000000000000000E-002           8           8

ls status:
events.lhe
ftn25
ftn26
input_app.txt
results.dat
run1_app.log
